#
# A fatal error has been detected by the Java Runtime Environment:
#
#  Internal Error (0xc000000d), pid=19116, tid=0x00000000000004a0
#
# JRE version: Java(TM) SE Runtime Environment (8.0_131-b11) (build 1.8.0_131-b11)
# Java VM: Java HotSpot(TM) 64-Bit Server VM (25.131-b11 mixed mode windows-amd64 compressed oops)
# Problematic frame:
# C  [ntdll.dll+0x10b2b0]
#
# Failed to write core dump. Minidumps are not enabled by default on client versions of Windows
#
# If you would like to submit a bug report, please visit:
#   http://bugreport.java.com/bugreport/crash.jsp
#

---------------  T H R E A D  ---------------

Current thread (0x0000000019d47800):  VMThread [stack: 0x000000001ade0000,0x000000001aee0000] [id=1184]

siginfo: ExceptionCode=0xc000000d

Registers:
RAX=0x00000000050f2050, RBX=0x0000000000000001, RCX=0x0000000005146150, RDX=0x0000000000000001
RSP=0x000000001aededb0, RBP=0x000000001eb6f1f0, RSI=0x000000001eb6f428, RDI=0x000000001eb5bde0
R8 =0x00000000050f2050, R9 =0x0000000005146150, R10=0x0000000000000001, R11=0x0000000005146160
R12=0x00007ffbcd696680, R13=0x0000000000000001, R14=0x000000001eb502d0, R15=0x000000001eb502d0
RIP=0x00007ffbd9aeb2b0, EFLAGS=0x0000000000000206

Top of Stack: (sp=0x000000001aededb0)
0x000000001aededb0:   0000000000000057 0000000000000001
0x000000001aededc0:   000000001eb6f428 000000001eb5bde0
0x000000001aededd0:   00000000c000000d 0000000000000000
0x000000001aedede0:   00007ffbd9aeb2b0 0000000000000000
0x000000001aededf0:   0000000000000000 0000000000000000
0x000000001aedee00:   0000000000000000 0000000000000000
0x000000001aedee10:   0000000000000000 0000000000000000
0x000000001aedee20:   0000000000000000 0000000000000000
0x000000001aedee30:   0000000000000000 0000000000000000
0x000000001aedee40:   0000000000000000 0000000000000000
0x000000001aedee50:   0000000000000000 0000000000000000
0x000000001aedee60:   0000000000000000 0000000000000000
0x000000001aedee70:   000058605d6058e4 000000001eb5bde0
0x000000001aedee80:   000000001eb6f428 00007ffbcd694907
0x000000001aedee90:   000000001eb5bde0 000000001eb502d0
0x000000001aedeea0:   00000000f46857d4 0000000000000020 

Instructions: (pc=0x00007ffbd9aeb2b0)
0x00007ffbd9aeb290:   b7 f9 ff c7 44 24 20 0d 00 00 c0 b9 57 00 00 00
0x00007ffbd9aeb2a0:   e8 4b 63 f3 ff 90 48 8d 4c 24 20 e8 90 00 f1 ff
0x00007ffbd9aeb2b0:   eb 00 48 8b 8c 24 c0 00 00 00 48 33 cc e8 ce 57
0x00007ffbd9aeb2c0:   f8 ff 48 81 c4 d8 00 00 00 c3 40 55 48 83 ec 20 


Register to memory mapping:

RAX=0x00000000050f2050 is an unknown value
RBX=0x0000000000000001 is an unknown value
RCX=0x0000000005146150 is an unknown value
RDX=0x0000000000000001 is an unknown value
RSP=0x000000001aededb0 is an unknown value
RBP=0x000000001eb6f1f0 is an unknown value
RSI=0x000000001eb6f428 is an unknown value
RDI=0x000000001eb5bde0 is an unknown value
R8 =0x00000000050f2050 is an unknown value
R9 =0x0000000005146150 is an unknown value
R10=0x0000000000000001 is an unknown value
R11=0x0000000005146160 is an unknown value
R12=0x00007ffbcd696680 is an unknown value
R13=0x0000000000000001 is an unknown value
R14=0x000000001eb502d0 is an unknown value
R15=0x000000001eb502d0 is an unknown value


Stack: [0x000000001ade0000,0x000000001aee0000],  sp=0x000000001aededb0,  free space=1019k
Native frames: (J=compiled Java code, j=interpreted, Vv=VM code, C=native code)
C  [ntdll.dll+0x10b2b0]
C  [RTWorkQ.DLL+0x4907]
C  [RTWorkQ.DLL+0x9e46]
C  [RTWorkQ.DLL+0x7565]
C  [MFPlat.DLL+0x1d05b]
C  [MFReadWrite.dll+0x16348]
C  [MFReadWrite.dll+0xfb0d]
C  [MFReadWrite.dll+0xf863]
C  [mfksproxy.dll+0x194d0]
C  [mfksproxy.dll+0x18069]
C  [mfksproxy.dll+0x6eeb]
C  [quartz.dll+0x42e19]
C  [quartz.dll+0x553ef]
C  [quartz.dll+0x57932]
C  [quartz.dll+0x56d75]
C  [opencv_java2410.dll+0x2aaa1e]
C  [opencv_java2410.dll+0x5f43d0]
C  [opencv_java2410.dll+0x508e75]
C  [opencv_java2410.dll+0x4fc0f6]
C  [opencv_java2410.dll+0x4fc269]
C  [ntdll.dll+0x11493]
C  [ntdll.dll+0x406b5]
C  [ntdll.dll+0x40574]
C  [KERNEL32.DLL+0xf06a]
C  [msvcr100.dll+0x20ccd]
V  [jvm.dll+0x213235]
V  [jvm.dll+0x24c2a7]
V  [jvm.dll+0x24b546]
V  [jvm.dll+0x24b9e1]
V  [jvm.dll+0x24bbfe]
V  [jvm.dll+0x29cc1a]
C  [msvcr100.dll+0x21d9f]
C  [msvcr100.dll+0x21e3b]
C  [KERNEL32.DLL+0x11fe4]
C  [ntdll.dll+0x6efc1]

VM_Operation (0x000000001c4ece00): Exit, mode: safepoint, requested by thread 0x000000001bbcd800


---------------  P R O C E S S  ---------------

Java Threads: ( => current thread )
  0x000000001b9bf000 JavaThread "Thread-0" daemon [_thread_blocked, id=17152, stack(0x00000000290b0000,0x00000000291b0000)]
  0x000000001c5a7800 JavaThread "TimerQueue" daemon [_thread_blocked, id=12168, stack(0x000000001ea30000,0x000000001eb30000)]
  0x0000000005100800 JavaThread "DestroyJavaVM" [_thread_blocked, id=13900, stack(0x0000000004fa0000,0x00000000050a0000)]
  0x000000001bbcd800 JavaThread "AWT-EventQueue-0" [_thread_blocked, id=9580, stack(0x000000001c3f0000,0x000000001c4f0000)]
  0x000000001bbcb800 JavaThread "AWT-Shutdown" [_thread_blocked, id=17840, stack(0x000000001c010000,0x000000001c110000)]
  0x000000001bbc8800 JavaThread "Java2D Disposer" daemon [_thread_blocked, id=18668, stack(0x000000001bf10000,0x000000001c010000)]
  0x000000001b805000 JavaThread "Service Thread" daemon [_thread_blocked, id=19464, stack(0x000000001bbd0000,0x000000001bcd0000)]
  0x0000000019dd4800 JavaThread "C1 CompilerThread2" daemon [_thread_blocked, id=7556, stack(0x000000001b6d0000,0x000000001b7d0000)]
  0x0000000019da5800 JavaThread "C2 CompilerThread1" daemon [_thread_blocked, id=3436, stack(0x000000001b5d0000,0x000000001b6d0000)]
  0x0000000019d7f000 JavaThread "C2 CompilerThread0" daemon [_thread_blocked, id=5352, stack(0x000000001b4d0000,0x000000001b5d0000)]
  0x0000000019d7d800 JavaThread "Attach Listener" daemon [_thread_blocked, id=9936, stack(0x000000001b3d0000,0x000000001b4d0000)]
  0x00000000051fb800 JavaThread "Finalizer" daemon [_thread_blocked, id=14008, stack(0x000000001afe0000,0x000000001b0e0000)]
  0x00000000051f1000 JavaThread "Reference Handler" daemon [_thread_blocked, id=17872, stack(0x000000001aee0000,0x000000001afe0000)]

Other Threads:
=>0x0000000019d47800 VMThread [stack: 0x000000001ade0000,0x000000001aee0000] [id=1184]

VM state:at safepoint (shutting down)

VM Mutex/Monitor currently owned by a thread:  ([mutex/lock_event])
[0x00000000050fc4d0] Threads_lock - owner thread: 0x0000000019d47800

Heap:
 PSYoungGen      total 28672K, used 6197K [0x00000000d5b80000, 0x00000000d7c00000, 0x0000000100000000)
  eden space 24064K, 14% used [0x00000000d5b80000,0x00000000d5ed24b0,0x00000000d7300000)
  from space 4608K, 60% used [0x00000000d7300000,0x00000000d75bb030,0x00000000d7780000)
  to   space 4608K, 0% used [0x00000000d7780000,0x00000000d7780000,0x00000000d7c00000)
 ParOldGen       total 87552K, used 19031K [0x0000000081200000, 0x0000000086780000, 0x00000000d5b80000)
  object space 87552K, 21% used [0x0000000081200000,0x0000000082495f48,0x0000000086780000)
 Metaspace       used 12725K, capacity 12884K, committed 13184K, reserved 1060864K
  class space    used 1555K, capacity 1640K, committed 1664K, reserved 1048576K

Card table byte_map: [0x00000000145c0000,0x00000000149c0000] byte_map_base: 0x00000000141b7000

Marking Bits: (ParMarkBitMap*) 0x0000000071edc720
 Begin Bits: [0x0000000015070000, 0x0000000017028000)
 End Bits:   [0x0000000017028000, 0x0000000018fe0000)

Polling page: 0x0000000004f70000

CodeCache: size=245760Kb used=4452Kb max_used=4452Kb free=241307Kb
 bounds [0x0000000005200000, 0x0000000005660000, 0x0000000014200000]
 total_blobs=1989 nmethods=1309 adapters=592
 compilation: enabled

Compilation events (10 events):
Event: 49.913 Thread 0x0000000019dd4800 1331       3       sun.nio.cs.StreamEncoder::implFlushBuffer (15 bytes)
Event: 49.913 Thread 0x0000000019dd4800 nmethod 1331 0x0000000005301b90 code [0x0000000005301d00, 0x0000000005301f68]
Event: 49.913 Thread 0x0000000019dd4800 1332   !   3       java.nio.CharBuffer::wrap (20 bytes)
Event: 49.914 Thread 0x0000000019dd4800 nmethod 1332 0x0000000005659b90 code [0x0000000005659d20, 0x000000000565a0b8]
Event: 49.914 Thread 0x0000000019dd4800 1328       3       sun.nio.cs.StreamEncoder::implWrite (156 bytes)
Event: 49.917 Thread 0x0000000019dd4800 nmethod 1328 0x000000000565a310 code [0x000000000565a580, 0x000000000565b3c8]
Event: 49.917 Thread 0x0000000019dd4800 1329   !   3       java.nio.charset.CharsetEncoder::encode (285 bytes)
Event: 49.921 Thread 0x0000000019dd4800 nmethod 1329 0x000000000565bc10 code [0x000000000565bee0, 0x000000000565d4f8]
Event: 50.431 Thread 0x0000000019dd4800 1333  s    3       sun.awt.image.BufImgSurfaceData::getSolidLoops (85 bytes)
Event: 50.431 Thread 0x0000000019dd4800 nmethod 1333 0x000000000565ddd0 code [0x000000000565dfc0, 0x000000000565e8c8]

GC Heap History (10 events):
Event: 45.283 GC heap before
{Heap before GC invocations=21 (full 0):
 PSYoungGen      total 28672K, used 27628K [0x00000000d5b80000, 0x00000000d7d00000, 0x0000000100000000)
  eden space 25088K, 98% used [0x00000000d5b80000,0x00000000d73b81f0,0x00000000d7400000)
  from space 3584K, 78% used [0x00000000d7980000,0x00000000d7c43030,0x00000000d7d00000)
  to   space 4608K, 0% used [0x00000000d7400000,0x00000000d7400000,0x00000000d7880000)
 ParOldGen       total 87552K, used 18959K [0x0000000081200000, 0x0000000086780000, 0x00000000d5b80000)
  object space 87552K, 21% used [0x0000000081200000,0x0000000082483f48,0x0000000086780000)
 Metaspace       used 12672K, capacity 12884K, committed 13184K, reserved 1060864K
  class space    used 1555K, capacity 1640K, committed 1664K, reserved 1048576K
Event: 45.287 GC heap after
Heap after GC invocations=21 (full 0):
 PSYoungGen      total 26624K, used 1928K [0x00000000d5b80000, 0x00000000d7c80000, 0x0000000100000000)
  eden space 24576K, 0% used [0x00000000d5b80000,0x00000000d5b80000,0x00000000d7380000)
  from space 2048K, 94% used [0x00000000d7400000,0x00000000d75e2020,0x00000000d7600000)
  to   space 4608K, 0% used [0x00000000d7800000,0x00000000d7800000,0x00000000d7c80000)
 ParOldGen       total 87552K, used 18975K [0x0000000081200000, 0x0000000086780000, 0x00000000d5b80000)
  object space 87552K, 21% used [0x0000000081200000,0x0000000082487f48,0x0000000086780000)
 Metaspace       used 12672K, capacity 12884K, committed 13184K, reserved 1060864K
  class space    used 1555K, capacity 1640K, committed 1664K, reserved 1048576K
}
Event: 46.583 GC heap before
{Heap before GC invocations=22 (full 0):
 PSYoungGen      total 26624K, used 25816K [0x00000000d5b80000, 0x00000000d7c80000, 0x0000000100000000)
  eden space 24576K, 97% used [0x00000000d5b80000,0x00000000d72d4148,0x00000000d7380000)
  from space 2048K, 94% used [0x00000000d7400000,0x00000000d75e2020,0x00000000d7600000)
  to   space 4608K, 0% used [0x00000000d7800000,0x00000000d7800000,0x00000000d7c80000)
 ParOldGen       total 87552K, used 18975K [0x0000000081200000, 0x0000000086780000, 0x00000000d5b80000)
  object space 87552K, 21% used [0x0000000081200000,0x0000000082487f48,0x0000000086780000)
 Metaspace       used 12672K, capacity 12884K, committed 13184K, reserved 1060864K
  class space    used 1555K, capacity 1640K, committed 1664K, reserved 1048576K
Event: 46.588 GC heap after
Heap after GC invocations=22 (full 0):
 PSYoungGen      total 28160K, used 1928K [0x00000000d5b80000, 0x00000000d7c00000, 0x0000000100000000)
  eden space 24064K, 0% used [0x00000000d5b80000,0x00000000d5b80000,0x00000000d7300000)
  from space 4096K, 47% used [0x00000000d7800000,0x00000000d79e2020,0x00000000d7c00000)
  to   space 4608K, 0% used [0x00000000d7300000,0x00000000d7300000,0x00000000d7780000)
 ParOldGen       total 87552K, used 18983K [0x0000000081200000, 0x0000000086780000, 0x00000000d5b80000)
  object space 87552K, 21% used [0x0000000081200000,0x0000000082489f48,0x0000000086780000)
 Metaspace       used 12672K, capacity 12884K, committed 13184K, reserved 1060864K
  class space    used 1555K, capacity 1640K, committed 1664K, reserved 1048576K
}
Event: 47.872 GC heap before
{Heap before GC invocations=23 (full 0):
 PSYoungGen      total 28160K, used 25808K [0x00000000d5b80000, 0x00000000d7c00000, 0x0000000100000000)
  eden space 24064K, 99% used [0x00000000d5b80000,0x00000000d72d2130,0x00000000d7300000)
  from space 4096K, 47% used [0x00000000d7800000,0x00000000d79e2020,0x00000000d7c00000)
  to   space 4608K, 0% used [0x00000000d7300000,0x00000000d7300000,0x00000000d7780000)
 ParOldGen       total 87552K, used 18983K [0x0000000081200000, 0x0000000086780000, 0x00000000d5b80000)
  object space 87552K, 21% used [0x0000000081200000,0x0000000082489f48,0x0000000086780000)
 Metaspace       used 12687K, capacity 12884K, committed 13184K, reserved 1060864K
  class space    used 1555K, capacity 1640K, committed 1664K, reserved 1048576K
Event: 47.875 GC heap after
Heap after GC invocations=23 (full 0):
 PSYoungGen      total 28672K, used 3760K [0x00000000d5b80000, 0x00000000d7d00000, 0x0000000100000000)
  eden space 24064K, 0% used [0x00000000d5b80000,0x00000000d5b80000,0x00000000d7300000)
  from space 4608K, 81% used [0x00000000d7300000,0x00000000d76ac040,0x00000000d7780000)
  to   space 5120K, 0% used [0x00000000d7800000,0x00000000d7800000,0x00000000d7d00000)
 ParOldGen       total 87552K, used 18991K [0x0000000081200000, 0x0000000086780000, 0x00000000d5b80000)
  object space 87552K, 21% used [0x0000000081200000,0x000000008248bf48,0x0000000086780000)
 Metaspace       used 12687K, capacity 12884K, committed 13184K, reserved 1060864K
  class space    used 1555K, capacity 1640K, committed 1664K, reserved 1048576K
}
Event: 49.220 GC heap before
{Heap before GC invocations=24 (full 0):
 PSYoungGen      total 28672K, used 27795K [0x00000000d5b80000, 0x00000000d7d00000, 0x0000000100000000)
  eden space 24064K, 99% used [0x00000000d5b80000,0x00000000d72f8ec0,0x00000000d7300000)
  from space 4608K, 81% used [0x00000000d7300000,0x00000000d76ac040,0x00000000d7780000)
  to   space 5120K, 0% used [0x00000000d7800000,0x00000000d7800000,0x00000000d7d00000)
 ParOldGen       total 87552K, used 18991K [0x0000000081200000, 0x0000000086780000, 0x00000000d5b80000)
  object space 87552K, 21% used [0x0000000081200000,0x000000008248bf48,0x0000000086780000)
 Metaspace       used 12692K, capacity 12884K, committed 13184K, reserved 1060864K
  class space    used 1555K, capacity 1640K, committed 1664K, reserved 1048576K
Event: 49.225 GC heap after
Heap after GC invocations=24 (full 0):
 PSYoungGen      total 28160K, used 2828K [0x00000000d5b80000, 0x00000000d7c00000, 0x0000000100000000)
  eden space 24064K, 0% used [0x00000000d5b80000,0x00000000d5b80000,0x00000000d7300000)
  from space 4096K, 69% used [0x00000000d7800000,0x00000000d7ac3030,0x00000000d7c00000)
  to   space 4608K, 0% used [0x00000000d7300000,0x00000000d7300000,0x00000000d7780000)
 ParOldGen       total 87552K, used 19015K [0x0000000081200000, 0x0000000086780000, 0x00000000d5b80000)
  object space 87552K, 21% used [0x0000000081200000,0x0000000082491f48,0x0000000086780000)
 Metaspace       used 12692K, capacity 12884K, committed 13184K, reserved 1060864K
  class space    used 1555K, capacity 1640K, committed 1664K, reserved 1048576K
}
Event: 50.607 GC heap before
{Heap before GC invocations=25 (full 0):
 PSYoungGen      total 28160K, used 26807K [0x00000000d5b80000, 0x00000000d7c00000, 0x0000000100000000)
  eden space 24064K, 99% used [0x00000000d5b80000,0x00000000d72eadd0,0x00000000d7300000)
  from space 4096K, 69% used [0x00000000d7800000,0x00000000d7ac3030,0x00000000d7c00000)
  to   space 4608K, 0% used [0x00000000d7300000,0x00000000d7300000,0x00000000d7780000)
 ParOldGen       total 87552K, used 19015K [0x0000000081200000, 0x0000000086780000, 0x00000000d5b80000)
  object space 87552K, 21% used [0x0000000081200000,0x0000000082491f48,0x0000000086780000)
 Metaspace       used 12724K, capacity 12884K, committed 13184K, reserved 1060864K
  class space    used 1555K, capacity 1640K, committed 1664K, reserved 1048576K
Event: 50.612 GC heap after
Heap after GC invocations=25 (full 0):
 PSYoungGen      total 28672K, used 2796K [0x00000000d5b80000, 0x00000000d7c00000, 0x0000000100000000)
  eden space 24064K, 0% used [0x00000000d5b80000,0x00000000d5b80000,0x00000000d7300000)
  from space 4608K, 60% used [0x00000000d7300000,0x00000000d75bb030,0x00000000d7780000)
  to   space 4608K, 0% used [0x00000000d7780000,0x00000000d7780000,0x00000000d7c00000)
 ParOldGen       total 87552K, used 19031K [0x0000000081200000, 0x0000000086780000, 0x00000000d5b80000)
  object space 87552K, 21% used [0x0000000081200000,0x0000000082495f48,0x0000000086780000)
 Metaspace       used 12724K, capacity 12884K, committed 13184K, reserved 1060864K
  class space    used 1555K, capacity 1640K, committed 1664K, reserved 1048576K
}

Deoptimization events (2 events):
Event: 0.448 Thread 0x000000001bbcd800 Uncommon trap: reason=null_check action=make_not_entrant pc=0x000000000536d0dc method=java.lang.String.equals(Ljava/lang/Object;)Z @ 8
Event: 5.057 Thread 0x000000001bbcd800 Uncommon trap: reason=unstable_if action=reinterpret pc=0x0000000005514ee0 method=GantryClaw.ClawImagePanel.matToBufferedImage(Lorg/opencv/core/Mat;)Ljava/awt/image/BufferedImage; @ 120

Internal exceptions (10 events):
Event: 49.910 Thread 0x000000001bbcd800 Exception <a 'java/lang/NullPointerException'> (0x00000000d5c6d030) thrown at [C:\re\workspace\8-2-build-windows-amd64-cygwin\jdk8u131\8869\hotspot\src\share\vm\interpreter\linkResolver.cpp, line 1197]
Event: 49.910 Thread 0x000000001bbcd800 Exception <a 'java/lang/NullPointerException'> (0x00000000d5c6d5a8) thrown at [C:\re\workspace\8-2-build-windows-amd64-cygwin\jdk8u131\8869\hotspot\src\share\vm\interpreter\linkResolver.cpp, line 1197]
Event: 49.910 Thread 0x000000001bbcd800 Exception <a 'java/lang/NullPointerException'> (0x00000000d5c6db20) thrown at [C:\re\workspace\8-2-build-windows-amd64-cygwin\jdk8u131\8869\hotspot\src\share\vm\interpreter\linkResolver.cpp, line 1197]
Event: 49.910 Thread 0x000000001bbcd800 Exception <a 'java/lang/NullPointerException'> (0x00000000d5c6e098) thrown at [C:\re\workspace\8-2-build-windows-amd64-cygwin\jdk8u131\8869\hotspot\src\share\vm\interpreter\linkResolver.cpp, line 1197]
Event: 49.911 Thread 0x000000001bbcd800 Exception <a 'java/lang/NullPointerException'> (0x00000000d5c6e610) thrown at [C:\re\workspace\8-2-build-windows-amd64-cygwin\jdk8u131\8869\hotspot\src\share\vm\interpreter\linkResolver.cpp, line 1197]
Event: 49.911 Thread 0x000000001bbcd800 Exception <a 'java/lang/NullPointerException'> (0x00000000d5c6eb88) thrown at [C:\re\workspace\8-2-build-windows-amd64-cygwin\jdk8u131\8869\hotspot\src\share\vm\interpreter\linkResolver.cpp, line 1197]
Event: 49.911 Thread 0x000000001bbcd800 Exception <a 'java/lang/NullPointerException'> (0x00000000d5c6f100) thrown at [C:\re\workspace\8-2-build-windows-amd64-cygwin\jdk8u131\8869\hotspot\src\share\vm\interpreter\linkResolver.cpp, line 1197]
Event: 49.911 Thread 0x000000001bbcd800 Exception <a 'java/lang/NullPointerException'> (0x00000000d5c6f678) thrown at [C:\re\workspace\8-2-build-windows-amd64-cygwin\jdk8u131\8869\hotspot\src\share\vm\interpreter\linkResolver.cpp, line 1197]
Event: 49.911 Thread 0x000000001bbcd800 Exception <a 'java/lang/NullPointerException'> (0x00000000d5c6fbf0) thrown at [C:\re\workspace\8-2-build-windows-amd64-cygwin\jdk8u131\8869\hotspot\src\share\vm\interpreter\linkResolver.cpp, line 1197]
Event: 49.911 Thread 0x000000001bbcd800 Exception <a 'java/lang/NullPointerException'> (0x00000000d5c70168) thrown at [C:\re\workspace\8-2-build-windows-amd64-cygwin\jdk8u131\8869\hotspot\src\share\vm\interpreter\linkResolver.cpp, line 1197]

Events (10 events):
Event: 49.219 Executing VM operation: ParallelGCFailedAllocation
Event: 49.225 Executing VM operation: ParallelGCFailedAllocation done
Event: 50.607 Executing VM operation: ParallelGCFailedAllocation
Event: 50.612 Executing VM operation: ParallelGCFailedAllocation done
Event: 50.727 Thread 0x000000001b9be800 Thread added: 0x000000001b9be800
Event: 50.728 Thread 0x000000001b9bf000 Thread added: 0x000000001b9bf000
Event: 50.729 Thread 0x000000001b9be800 Thread exited: 0x000000001b9be800
Event: 50.765 Thread 0x000000001bbcc000 Thread exited: 0x000000001bbcc000
Event: 50.832 Thread 0x0000000019d7c800 Thread exited: 0x0000000019d7c800
Event: 50.832 Executing VM operation: Exit


Dynamic libraries:
0x00007ff779930000 - 0x00007ff779967000 	C:\Program Files\Java\jre1.8.0_131\bin\javaw.exe
0x00007ffbd99e0000 - 0x00007ffbd9bc0000 	C:\WINDOWS\SYSTEM32\ntdll.dll
0x00007ffbd71a0000 - 0x00007ffbd724e000 	C:\WINDOWS\System32\KERNEL32.DLL
0x00007ffbd5de0000 - 0x00007ffbd6046000 	C:\WINDOWS\System32\KERNELBASE.dll
0x00007ffbd9170000 - 0x00007ffbd9211000 	C:\WINDOWS\System32\ADVAPI32.dll
0x00007ffbd6eb0000 - 0x00007ffbd6f4d000 	C:\WINDOWS\System32\msvcrt.dll
0x00007ffbd8810000 - 0x00007ffbd886b000 	C:\WINDOWS\System32\sechost.dll
0x00007ffbd8f60000 - 0x00007ffbd907f000 	C:\WINDOWS\System32\RPCRT4.dll
0x00007ffbd96a0000 - 0x00007ffbd982f000 	C:\WINDOWS\System32\USER32.dll
0x00007ffbd60a0000 - 0x00007ffbd60c0000 	C:\WINDOWS\System32\win32u.dll
0x00007ffbd9830000 - 0x00007ffbd9858000 	C:\WINDOWS\System32\GDI32.dll
0x00007ffbd62e0000 - 0x00007ffbd6473000 	C:\WINDOWS\System32\gdi32full.dll
0x00007ffbd60c0000 - 0x00007ffbd615b000 	C:\WINDOWS\System32\msvcp_win.dll
0x00007ffbd6160000 - 0x00007ffbd6256000 	C:\WINDOWS\System32\ucrtbase.dll
0x00007ffbbc760000 - 0x00007ffbbc9c9000 	C:\WINDOWS\WinSxS\amd64_microsoft.windows.common-controls_6595b64144ccf1df_6.0.16299.248_none_15ced204935f55d7\COMCTL32.dll
0x00007ffbd9390000 - 0x00007ffbd9698000 	C:\WINDOWS\System32\combase.dll
0x00007ffbd6260000 - 0x00007ffbd62d2000 	C:\WINDOWS\System32\bcryptPrimitives.dll
0x00007ffbd98c0000 - 0x00007ffbd98ed000 	C:\WINDOWS\System32\IMM32.DLL
0x00000000721b0000 - 0x0000000072282000 	C:\Program Files\Java\jre1.8.0_131\bin\msvcr100.dll
0x00000000716c0000 - 0x0000000071f5c000 	C:\Program Files\Java\jre1.8.0_131\bin\server\jvm.dll
0x00007ffbd88d0000 - 0x00007ffbd88d8000 	C:\WINDOWS\System32\PSAPI.DLL
0x00007ffbbb0d0000 - 0x00007ffbbb0d9000 	C:\WINDOWS\SYSTEM32\WSOCK32.dll
0x00007ffbd2830000 - 0x00007ffbd2853000 	C:\WINDOWS\SYSTEM32\WINMM.dll
0x00007ffbd7360000 - 0x00007ffbd73cc000 	C:\WINDOWS\System32\WS2_32.dll
0x00007ffbcbe30000 - 0x00007ffbcbe3a000 	C:\WINDOWS\SYSTEM32\VERSION.dll
0x00007ffbd27d0000 - 0x00007ffbd27fa000 	C:\WINDOWS\SYSTEM32\WINMMBASE.dll
0x00007ffbd6050000 - 0x00007ffbd609a000 	C:\WINDOWS\System32\cfgmgr32.dll
0x0000000072350000 - 0x000000007235f000 	C:\Program Files\Java\jre1.8.0_131\bin\verify.dll
0x0000000072320000 - 0x0000000072349000 	C:\Program Files\Java\jre1.8.0_131\bin\java.dll
0x0000000072300000 - 0x0000000072316000 	C:\Program Files\Java\jre1.8.0_131\bin\zip.dll
0x00007ffbd73d0000 - 0x00007ffbd8806000 	C:\WINDOWS\System32\SHELL32.dll
0x00007ffbd9900000 - 0x00007ffbd99a6000 	C:\WINDOWS\System32\shcore.dll
0x00007ffbd6530000 - 0x00007ffbd6c77000 	C:\WINDOWS\System32\windows.storage.dll
0x00007ffbd8d30000 - 0x00007ffbd8d81000 	C:\WINDOWS\System32\shlwapi.dll
0x00007ffbd5d30000 - 0x00007ffbd5d41000 	C:\WINDOWS\System32\kernel.appcore.dll
0x00007ffbd5d70000 - 0x00007ffbd5dbc000 	C:\WINDOWS\System32\powrprof.dll
0x00007ffbd5dc0000 - 0x00007ffbd5ddb000 	C:\WINDOWS\System32\profapi.dll
0x0000000072010000 - 0x00000000721a8000 	C:\Program Files\Java\jre1.8.0_131\bin\awt.dll
0x00007ffbd9080000 - 0x00007ffbd9145000 	C:\WINDOWS\System32\OLEAUT32.dll
0x00007ffbd3c10000 - 0x00007ffbd3c98000 	C:\WINDOWS\SYSTEM32\apphelp.dll
0x00007ffbd3d90000 - 0x00007ffbd3e25000 	C:\WINDOWS\system32\uxtheme.dll
0x00007ffbd9220000 - 0x00007ffbd9387000 	C:\WINDOWS\System32\MSCTF.dll
0x00007ffbab640000 - 0x00007ffbab6e9000 	C:\Program Files\Common Files\microsoft shared\ink\tiptsf.dll
0x00007ffbd40e0000 - 0x00007ffbd410a000 	C:\WINDOWS\system32\dwmapi.dll
0x00007ffbd8e10000 - 0x00007ffbd8f59000 	C:\WINDOWS\System32\ole32.dll
0x00007ffbadae0000 - 0x00007ffbadbfe000 	C:\WINDOWS\system32\opengl32.dll
0x00007ffbc9420000 - 0x00007ffbc944c000 	C:\WINDOWS\SYSTEM32\GLU32.dll
0x00000000715c0000 - 0x0000000071607000 	C:\Program Files\Java\jre1.8.0_131\bin\fontmanager.dll
0x00000000722e0000 - 0x00000000722fa000 	C:\Program Files\Java\jre1.8.0_131\bin\net.dll
0x0000000180000000 - 0x000000018008c000 	C:\WINDOWS\system32\ASProxy64.dll
0x00007ffbd55c0000 - 0x00007ffbd5626000 	C:\WINDOWS\SYSTEM32\MSWSOCK.dll
0x00007ffbd5350000 - 0x00007ffbd5389000 	C:\WINDOWS\SYSTEM32\IPHLPAPI.DLL
0x00007ffbd5c60000 - 0x00007ffbd5c90000 	C:\WINDOWS\SYSTEM32\SspiCli.dll
0x00000000722c0000 - 0x00000000722d1000 	C:\Program Files\Java\jre1.8.0_131\bin\nio.dll
0x0000000071570000 - 0x00000000715b2000 	C:\Program Files\Java\jre1.8.0_131\bin\t2k.dll
0x00007ffbc36d0000 - 0x00007ffbc370e000 	C:\Users\weand\Desktop\Capstone project\CCR\GantryRobot\LeapMotion\LeapSDK\lib\x64\LeapJava.dll
0x00007ffbad620000 - 0x00007ffbad6c6000 	C:\Program Files\Java\jre1.8.0_131\bin\MSVCP120.dll
0x00007ffbad6d0000 - 0x00007ffbad7bf000 	C:\Program Files\Java\jre1.8.0_131\bin\MSVCR120.dll
0x00007ffba30d0000 - 0x00007ffba323b000 	C:\Users\weand\Desktop\Capstone project\CCR\GantryRobot\LeapMotion\LeapSDK\lib\x64\Leap.dll
0x00007ffbd4e70000 - 0x00007ffbd4ea1000 	C:\WINDOWS\SYSTEM32\ntmarta.dll
0x00007ffb8a510000 - 0x00007ffb8aee1000 	C:\Users\weand\Desktop\Capstone project\CCR\GantryRobot\OpenCV\opencv\build\java\x64\opencv_java2410.dll
0x00007ffbc2210000 - 0x00007ffbc2239000 	C:\WINDOWS\SYSTEM32\MSVFW32.dll
0x00007ffbc7850000 - 0x00007ffbc7868000 	C:\WINDOWS\SYSTEM32\AVICAP32.dll
0x00007ffbc8e00000 - 0x00007ffbc8e1f000 	C:\WINDOWS\SYSTEM32\AVIFIL32.dll
0x00007ffbcd340000 - 0x00007ffbcd35c000 	C:\WINDOWS\SYSTEM32\MSACM32.dll
0x00007ffbd6f50000 - 0x00007ffbd6fee000 	C:\WINDOWS\System32\clbcatq.dll
0x00007ffbd22d0000 - 0x00007ffbd247b000 	C:\WINDOWS\SYSTEM32\WindowsCodecs.dll
0x00007ffbb06c0000 - 0x00007ffbb070f000 	C:\WINDOWS\system32\dataexchange.dll
0x00007ffbd2d50000 - 0x00007ffbd3032000 	C:\WINDOWS\system32\d3d11.dll
0x00007ffbd36e0000 - 0x00007ffbd3822000 	C:\WINDOWS\system32\dcomp.dll
0x00007ffbd4ba0000 - 0x00007ffbd4c4f000 	C:\WINDOWS\system32\dxgi.dll
0x00007ffbd4260000 - 0x00007ffbd43db000 	C:\WINDOWS\system32\twinapi.appcore.dll
0x00007ffbd41d0000 - 0x00007ffbd41f0000 	C:\WINDOWS\system32\RMCLIENT.dll
0x00007ffbd5890000 - 0x00007ffbd58b5000 	C:\WINDOWS\system32\bcrypt.dll
0x00007ffbb5800000 - 0x00007ffbb5898000 	C:\WINDOWS\System32\TextInputFramework.dll
0x00007ffbd1ea0000 - 0x00007ffbd218e000 	C:\WINDOWS\System32\CoreUIComponents.dll
0x00007ffbd3600000 - 0x00007ffbd36dc000 	C:\WINDOWS\System32\CoreMessaging.dll
0x00007ffbd1d60000 - 0x00007ffbd1e96000 	C:\WINDOWS\SYSTEM32\wintypes.dll
0x00007ffbb3d40000 - 0x00007ffbb3f46000 	C:\Windows\System32\uiautomationcore.dll
0x00007ffbd5b90000 - 0x00007ffbd5c2a000 	C:\WINDOWS\SYSTEM32\sxs.dll
0x00007ffbb0d00000 - 0x00007ffbb0d6e000 	C:\Windows\System32\OLEACC.dll
0x00007ffbb52a0000 - 0x00007ffbb5321000 	C:\WINDOWS\SYSTEM32\twinapi.dll
0x00007ffbd26d0000 - 0x00007ffbd26e8000 	C:\Windows\System32\devenum.dll
0x00007ffbd88e0000 - 0x00007ffbd8d2e000 	C:\WINDOWS\System32\setupapi.dll
0x00007ffbd5b40000 - 0x00007ffbd5b67000 	C:\WINDOWS\SYSTEM32\DEVOBJ.dll
0x00007ffbd6c80000 - 0x00007ffbd6cd8000 	C:\WINDOWS\System32\WINTRUST.dll
0x00007ffbd5d50000 - 0x00007ffbd5d62000 	C:\WINDOWS\System32\MSASN1.dll
0x00007ffbd6ce0000 - 0x00007ffbd6eae000 	C:\WINDOWS\System32\CRYPT32.dll
0x00007ffbb0710000 - 0x00007ffbb071a000 	C:\WINDOWS\SYSTEM32\msdmo.dll
0x00007ffbc9300000 - 0x00007ffbc9333000 	C:\Windows\System32\qcap.dll
0x00007ffbad7e0000 - 0x00007ffbad99c000 	C:\Windows\System32\quartz.dll
0x00007ffbc3730000 - 0x00007ffbc377e000 	C:\Windows\System32\mfksproxy.dll
0x00007ffbcd890000 - 0x00007ffbcd8c6000 	C:\Windows\System32\MFSENSORGROUP.dll
0x00007ffbcdb20000 - 0x00007ffbcdb3d000 	C:\Windows\System32\ATL.DLL
0x00007ffbcd6d0000 - 0x00007ffbcd881000 	C:\Windows\System32\MFPlat.DLL
0x00007ffbcd690000 - 0x00007ffbcd6c2000 	C:\Windows\System32\RTWorkQ.DLL
0x00007ffbccc10000 - 0x00007ffbcd057000 	C:\Windows\System32\MFCORE.dll
0x00007ffbccc00000 - 0x00007ffbccc09000 	C:\Windows\System32\ksuser.dll
0x00007ffbd57a0000 - 0x00007ffbd57ab000 	C:\Windows\System32\CRYPTBASE.DLL
0x00007ffbb1890000 - 0x00007ffbb18e0000 	C:\Windows\System32\FSClient.dll
0x00007ffbd22c0000 - 0x00007ffbd22ca000 	C:\Windows\System32\AVRT.dll
0x00007ffbc9710000 - 0x00007ffbc971c000 	C:\Windows\System32\vidcap.ax
0x00007ffbbdd50000 - 0x00007ffbbdd76000 	C:\Windows\System32\kswdmcap.ax
0x00007ffb9c1a0000 - 0x00007ffb9c305000 	C:\Windows\System32\MFC42.dll
0x00007ffb99740000 - 0x00007ffb99cb2000 	C:\WINDOWS\system32\IntelCameraPlugin64.dll
0x00007ffbd1b90000 - 0x00007ffbd1c0a000 	C:\WINDOWS\SYSTEM32\policymanager.dll
0x00007ffbd1a30000 - 0x00007ffbd1ac0000 	C:\Windows\System32\msvcp110_win.dll
0x00007ffb9c7a0000 - 0x00007ffb9c8aa000 	C:\Windows\System32\MFReadWrite.dll
0x00007ffbb7820000 - 0x00007ffbb78c0000 	C:\Windows\System32\qedit.dll
0x00007ffbd7250000 - 0x00007ffbd735a000 	C:\WINDOWS\System32\COMDLG32.dll
0x00007ffbba4f0000 - 0x00007ffbba68c000 	C:\WINDOWS\WinSxS\amd64_microsoft.windows.gdiplus_6595b64144ccf1df_1.1.16299.248_none_46b9c4e9edf1cfa5\gdiplus.dll
0x00007ffbab790000 - 0x00007ffbab886000 	C:\Windows\System32\DDRAW.dll
0x00007ffbd28b0000 - 0x00007ffbd28b8000 	C:\Windows\System32\DCIMAN32.dll
0x00007ffbd2880000 - 0x00007ffbd288c000 	C:\WINDOWS\SYSTEM32\msyuv.dll
0x00007ffbd4720000 - 0x00007ffbd48e8000 	C:\WINDOWS\SYSTEM32\dbghelp.dll

VM Arguments:
jvm_args: -Djava.library.path=C:\Users\weand\Desktop\Capstone project\CCR\GantryRobot\mfz-rxtx-2.2-20081207-win-x64;C:\Users\weand\Desktop\Capstone project\CCR\GantryRobot\OpenCV\opencv\build\java\x64;C:\Users\weand\Desktop\Capstone project\CCR\GantryRobot\LeapMotion\LeapSDK\lib\x64 -Dfile.encoding=Cp1252 
java_command: leap.RXTXGui
java_class_path (initial): C:\Users\weand\workspace\Gantry_1\bin;C:\Users\weand\Desktop\Capstone project\CCR\GantryRobot\mfz-rxtx-2.2-20081207-win-x64\RXTXcomm.jar;C:\Users\weand\Desktop\Capstone project\CCR\GantryRobot\OpenCV\opencv\build\java\opencv-2410.jar;C:\Users\weand\Desktop\Capstone project\CCR\GantryRobot\LeapMotion\LeapSDK\lib\LeapJava.jar
Launcher Type: SUN_STANDARD

Environment Variables:
PATH=C:\Users\weand\Desktop\Capstone project\CCR\GantryRobot\LeapMotion\LeapSDK\lib\x64;n;C:/Program Files/Java/jre1.8.0_131/lib/amd64;C:\ProgramData\Oracle\Java\javapath;C:\Program Files\Microsoft MPI\Bin\;C:\WINDOWS\system32;C:\WINDOWS;C:\WINDOWS\System32\Wbem;C:\WINDOWS\System32\WindowsPowerShell\v1.0\;C:\Program Files (x86)\Skype\Phone\;C:\Program Files\Microsoft SQL Server\130\Tools\Binn\;C:\Program Files\dotnet\;C:\Program Files (x86)\GtkSharp\2.12\bin;C:\Program Files\MySQL\MySQL Utilities 1.6\;C:\Program Files\Git\cmd;C:\Users\weand\AppData\Local\Microsoft\WindowsApps;C:\Program Files (x86)\Spiceworks\Nmap;;C:\Users\weand\Downloads\eclipse-java-kepler-SR1-win32-x86_64\eclipse;C:/Program Files/Java/jre1.8.0_131/bin/server;C:/Program Files/Java/jre1.8.0_131/bin;C:/Program Files/Java/jre1.8.0_131/lib/amd64;C:\ProgramData\Oracle\Java\javapath;C:\Program Files\Microsoft MPI\Bin\;C:\WINDOWS\system32;C:\WINDOWS;C:\WINDOWS\System32\Wbem;C:\WINDOWS\System32\WindowsPowerShell\v1.0\;C:\Program Files (x86)\Skype\Phone\;C:\Program Files\Microsoft SQL Server\130\Tools\Binn\;C:\Program Files\dotnet\;C:\Program Files (x86)\GtkSharp\2.12\bin;C:\Program Files\MySQL\MySQL Utilities 1.6\;C:\Program Files\Git\cmd;C:\Users\weand\AppData\Local\Microsoft\WindowsApps;C:\Program Files (x86)\Spiceworks\Nmap;;C:\Users\weand\Downloads\eclipse-java-kepler-SR1-win32-x86_64\eclipse;
USERNAME=weand
OS=Windows_NT
PROCESSOR_IDENTIFIER=Intel64 Family 6 Model 78 Stepping 3, GenuineIntel



---------------  S Y S T E M  ---------------

OS: Windows 10.0 , 64 bit Build 16299 (10.0.16299.15)

CPU:total 4 (initial active 4) (2 cores per cpu, 2 threads per core) family 6 model 78 stepping 3, cmov, cx8, fxsr, mmx, sse, sse2, sse3, ssse3, sse4.1, sse4.2, popcnt, avx, avx2, aes, clmul, erms, rtm, 3dnowpref, lzcnt, ht, tsc, tscinvbit, bmi1, bmi2, adx

Memory: 4k page, physical 8311896k(2982920k free), swap 13372132k(2051784k free)

vm_info: Java HotSpot(TM) 64-Bit Server VM (25.131-b11) for windows-amd64 JRE (1.8.0_131-b11), built on Mar 15 2017 01:23:53 by "java_re" with MS VC++ 10.0 (VS2010)

time: Sat Mar 24 16:54:10 2018
elapsed time: 52 seconds (0d 0h 0m 52s)

