#
# A fatal error has been detected by the Java Runtime Environment:
#
#  Internal Error (0xc000000d), pid=18124, tid=0x000000000000402c
#
# JRE version: Java(TM) SE Runtime Environment (8.0_131-b11) (build 1.8.0_131-b11)
# Java VM: Java HotSpot(TM) 64-Bit Server VM (25.131-b11 mixed mode windows-amd64 compressed oops)
# Problematic frame:
# C  [ntdll.dll+0x10b2b0]
#
# Failed to write core dump. Minidumps are not enabled by default on client versions of Windows
#
# If you would like to submit a bug report, please visit:
#   http://bugreport.java.com/bugreport/crash.jsp
#

---------------  T H R E A D  ---------------

Current thread (0x0000000019077800):  VMThread [stack: 0x000000001a110000,0x000000001a210000] [id=16428]

siginfo: ExceptionCode=0xc000000d

Registers:
RAX=0x0000000004322050, RBX=0x0000000000000001, RCX=0x0000000004477230, RDX=0x0000000000000001
RSP=0x000000001a20eb40, RBP=0x000000001dd9f210, RSI=0x000000001dd9f448, RDI=0x000000001dd8b850
R8 =0x0000000004322050, R9 =0x0000000004477230, R10=0x0000000000000001, R11=0x0000000004477240
R12=0x00007ffbcd696680, R13=0x0000000000000001, R14=0x000000001dd814d0, R15=0x000000001dd814d0
RIP=0x00007ffbd9aeb2b0, EFLAGS=0x0000000000000206

Top of Stack: (sp=0x000000001a20eb40)
0x000000001a20eb40:   0000000000000057 0000000000000001
0x000000001a20eb50:   000000001dd9f448 000000001dd8b850
0x000000001a20eb60:   00000000c000000d 0000000000000000
0x000000001a20eb70:   00007ffbd9aeb2b0 0000000000000000
0x000000001a20eb80:   0000000000000000 0000000000000000
0x000000001a20eb90:   0000000000000000 0000000000000000
0x000000001a20eba0:   0000000000000000 0000000000000000
0x000000001a20ebb0:   0000000000000000 0000000000000000
0x000000001a20ebc0:   0000000000000000 0000000000000000
0x000000001a20ebd0:   0000000000000000 0000000000000000
0x000000001a20ebe0:   0000000000000000 0000000000000000
0x000000001a20ebf0:   0000000000000000 0000000000000000
0x000000001a20ec00:   0000ab564f4c2b84 000000001dd8b850
0x000000001a20ec10:   000000001dd9f448 00007ffbcd694907
0x000000001a20ec20:   000000001dd8b850 000000001dd814d0
0x000000001a20ec30:   00000000f46857d4 0000000000000020 

Instructions: (pc=0x00007ffbd9aeb2b0)
0x00007ffbd9aeb290:   b7 f9 ff c7 44 24 20 0d 00 00 c0 b9 57 00 00 00
0x00007ffbd9aeb2a0:   e8 4b 63 f3 ff 90 48 8d 4c 24 20 e8 90 00 f1 ff
0x00007ffbd9aeb2b0:   eb 00 48 8b 8c 24 c0 00 00 00 48 33 cc e8 ce 57
0x00007ffbd9aeb2c0:   f8 ff 48 81 c4 d8 00 00 00 c3 40 55 48 83 ec 20 


Register to memory mapping:

RAX=0x0000000004322050 is an unknown value
RBX=0x0000000000000001 is an unknown value
RCX=0x0000000004477230 is an unknown value
RDX=0x0000000000000001 is an unknown value
RSP=0x000000001a20eb40 is an unknown value
RBP=0x000000001dd9f210 is an unknown value
RSI=0x000000001dd9f448 is an unknown value
RDI=0x000000001dd8b850 is an unknown value
R8 =0x0000000004322050 is an unknown value
R9 =0x0000000004477230 is an unknown value
R10=0x0000000000000001 is an unknown value
R11=0x0000000004477240 is an unknown value
R12=0x00007ffbcd696680 is an unknown value
R13=0x0000000000000001 is an unknown value
R14=0x000000001dd814d0 is an unknown value
R15=0x000000001dd814d0 is an unknown value


Stack: [0x000000001a110000,0x000000001a210000],  sp=0x000000001a20eb40,  free space=1018k
Native frames: (J=compiled Java code, j=interpreted, Vv=VM code, C=native code)
C  [ntdll.dll+0x10b2b0]
C  [RTWorkQ.DLL+0x4907]
C  [RTWorkQ.DLL+0x9e46]
C  [RTWorkQ.DLL+0x7565]
C  [MFPlat.DLL+0x1d05b]
C  [MFReadWrite.dll+0x16348]
C  [MFReadWrite.dll+0xfb0d]
C  [MFReadWrite.dll+0xf863]
C  [mfksproxy.dll+0x194d0]
C  [mfksproxy.dll+0x18069]
C  [mfksproxy.dll+0x6eeb]
C  [quartz.dll+0x42e19]
C  [quartz.dll+0x553ef]
C  [quartz.dll+0x57932]
C  [quartz.dll+0x56d75]
C  [opencv_java2410.dll+0x2aaa1e]
C  [opencv_java2410.dll+0x5f43d0]
C  [opencv_java2410.dll+0x508e75]
C  [opencv_java2410.dll+0x4fc0f6]
C  [opencv_java2410.dll+0x4fc269]
C  [ntdll.dll+0x11493]
C  [ntdll.dll+0x406b5]
C  [ntdll.dll+0x40574]
C  [KERNEL32.DLL+0xf06a]
C  [msvcr100.dll+0x20ccd]
V  [jvm.dll+0x213235]
V  [jvm.dll+0x24c2a7]
V  [jvm.dll+0x24b546]
V  [jvm.dll+0x24b9e1]
V  [jvm.dll+0x24bbfe]
V  [jvm.dll+0x29cc1a]
C  [msvcr100.dll+0x21d9f]
C  [msvcr100.dll+0x21e3b]
C  [KERNEL32.DLL+0x11fe4]
C  [ntdll.dll+0x6efc1]

VM_Operation (0x000000001b75d260): Exit, mode: safepoint, requested by thread 0x000000001aee5000


---------------  P R O C E S S  ---------------

Java Threads: ( => current thread )
  0x000000001cb0d800 JavaThread "TimerQueue" daemon [_thread_blocked, id=8336, stack(0x000000001dc60000,0x000000001dd60000)]
  0x0000000004430800 JavaThread "DestroyJavaVM" [_thread_blocked, id=17296, stack(0x0000000004330000,0x0000000004430000)]
  0x000000001aee5000 JavaThread "AWT-EventQueue-0" [_thread_blocked, id=15232, stack(0x000000001b660000,0x000000001b760000)]
  0x000000001ae8a800 JavaThread "AWT-Shutdown" [_thread_blocked, id=19920, stack(0x000000001b340000,0x000000001b440000)]
  0x000000001aee2800 JavaThread "Java2D Disposer" daemon [_thread_blocked, id=2884, stack(0x000000001b240000,0x000000001b340000)]
  0x000000001ab22800 JavaThread "Service Thread" daemon [_thread_blocked, id=15424, stack(0x000000001af00000,0x000000001b000000)]
  0x00000000190ba000 JavaThread "C1 CompilerThread2" daemon [_thread_blocked, id=20776, stack(0x000000001aa00000,0x000000001ab00000)]
  0x00000000190b3800 JavaThread "C2 CompilerThread1" daemon [_thread_blocked, id=5980, stack(0x000000001a900000,0x000000001aa00000)]
  0x00000000190af000 JavaThread "C2 CompilerThread0" daemon [_thread_blocked, id=15076, stack(0x000000001a800000,0x000000001a900000)]
  0x00000000190ad800 JavaThread "Attach Listener" daemon [_thread_blocked, id=16220, stack(0x000000001a700000,0x000000001a800000)]
  0x00000000190ac800 JavaThread "Signal Dispatcher" daemon [_thread_blocked, id=9620, stack(0x000000001a600000,0x000000001a700000)]
  0x000000000452b800 JavaThread "Finalizer" daemon [_thread_blocked, id=19828, stack(0x000000001a310000,0x000000001a410000)]
  0x0000000004521000 JavaThread "Reference Handler" daemon [_thread_blocked, id=19844, stack(0x000000001a210000,0x000000001a310000)]

Other Threads:
=>0x0000000019077800 VMThread [stack: 0x000000001a110000,0x000000001a210000] [id=16428]

VM state:at safepoint (shutting down)

VM Mutex/Monitor currently owned by a thread:  ([mutex/lock_event])
[0x000000000432c550] Threads_lock - owner thread: 0x0000000019077800

Heap:
 PSYoungGen      total 30720K, used 25234K [0x00000000d5b80000, 0x00000000d7f80000, 0x0000000100000000)
  eden space 27648K, 80% used [0x00000000d5b80000,0x00000000d7159960,0x00000000d7680000)
  from space 3072K, 93% used [0x00000000d7700000,0x00000000d79cb030,0x00000000d7a00000)
  to   space 4608K, 0% used [0x00000000d7b00000,0x00000000d7b00000,0x00000000d7f80000)
 ParOldGen       total 87552K, used 18887K [0x0000000081200000, 0x0000000086780000, 0x00000000d5b80000)
  object space 87552K, 21% used [0x0000000081200000,0x0000000082471c10,0x0000000086780000)
 Metaspace       used 12705K, capacity 12884K, committed 13184K, reserved 1060864K
  class space    used 1556K, capacity 1640K, committed 1664K, reserved 1048576K

Card table byte_map: [0x00000000138f0000,0x0000000013cf0000] byte_map_base: 0x00000000134e7000

Marking Bits: (ParMarkBitMap*) 0x0000000071edc720
 Begin Bits: [0x00000000143a0000, 0x0000000016358000)
 End Bits:   [0x0000000016358000, 0x0000000018310000)

Polling page: 0x0000000002990000

CodeCache: size=245760Kb used=4373Kb max_used=4373Kb free=241386Kb
 bounds [0x0000000004530000, 0x0000000004980000, 0x0000000013530000]
 total_blobs=1983 nmethods=1303 adapters=592
 compilation: enabled

Compilation events (10 events):
Event: 29.790 Thread 0x00000000190ba000 1298       3       javax.swing.SwingUtilities::invokeLater (5 bytes)
Event: 29.793 Thread 0x00000000190ba000 nmethod 1298 0x0000000004971950 code [0x0000000004971bc0, 0x0000000004972a48]
Event: 29.900 Thread 0x00000000190ba000 1299       3       java.awt.Image$1::setSurfaceManager (6 bytes)
Event: 29.901 Thread 0x00000000190ba000 nmethod 1299 0x0000000004973310 code [0x0000000004973460, 0x00000000049735d0]
Event: 29.994 Thread 0x00000000190ba000 1300       3       java.util.concurrent.TimeUnit::x (27 bytes)
Event: 29.994 Thread 0x00000000190ba000 nmethod 1300 0x0000000004973690 code [0x00000000049737e0, 0x00000000049739d0]
Event: 30.095 Thread 0x00000000190ba000 1301       3       org.opencv.highgui.VideoCapture::read (14 bytes)
Event: 30.095 Thread 0x00000000190ba000 nmethod 1301 0x0000000004973a50 code [0x0000000004973bc0, 0x0000000004973d68]
Event: 30.120 Thread 0x00000000190ba000 1303       3       java.awt.image.ColorModel::<init> (342 bytes)
Event: 30.122 Thread 0x00000000190ba000 nmethod 1303 0x0000000004974210 code [0x0000000004974540, 0x0000000004976078]

GC Heap History (10 events):
Event: 22.738 GC heap before
{Heap before GC invocations=11 (full 0):
 PSYoungGen      total 34304K, used 32261K [0x00000000d5b80000, 0x00000000d8200000, 0x0000000100000000)
  eden space 30208K, 97% used [0x00000000d5b80000,0x00000000d783e4e8,0x00000000d7900000)
  from space 4096K, 69% used [0x00000000d7e00000,0x00000000d80c3030,0x00000000d8200000)
  to   space 4608K, 0% used [0x00000000d7900000,0x00000000d7900000,0x00000000d7d80000)
 ParOldGen       total 87552K, used 18791K [0x0000000081200000, 0x0000000086780000, 0x00000000d5b80000)
  object space 87552K, 21% used [0x0000000081200000,0x0000000082459c10,0x0000000086780000)
 Metaspace       used 12655K, capacity 12884K, committed 13184K, reserved 1060864K
  class space    used 1556K, capacity 1640K, committed 1664K, reserved 1048576K
Event: 22.739 GC heap after
Heap after GC invocations=11 (full 0):
 PSYoungGen      total 32768K, used 2860K [0x00000000d5b80000, 0x00000000d8180000, 0x0000000100000000)
  eden space 29696K, 0% used [0x00000000d5b80000,0x00000000d5b80000,0x00000000d7880000)
  from space 3072K, 93% used [0x00000000d7900000,0x00000000d7bcb030,0x00000000d7c00000)
  to   space 4608K, 0% used [0x00000000d7d00000,0x00000000d7d00000,0x00000000d8180000)
 ParOldGen       total 87552K, used 18815K [0x0000000081200000, 0x0000000086780000, 0x00000000d5b80000)
  object space 87552K, 21% used [0x0000000081200000,0x000000008245fc10,0x0000000086780000)
 Metaspace       used 12655K, capacity 12884K, committed 13184K, reserved 1060864K
  class space    used 1556K, capacity 1640K, committed 1664K, reserved 1048576K
}
Event: 24.351 GC heap before
{Heap before GC invocations=12 (full 0):
 PSYoungGen      total 32768K, used 32256K [0x00000000d5b80000, 0x00000000d8180000, 0x0000000100000000)
  eden space 29696K, 98% used [0x00000000d5b80000,0x00000000d78350b8,0x00000000d7880000)
  from space 3072K, 93% used [0x00000000d7900000,0x00000000d7bcb030,0x00000000d7c00000)
  to   space 4608K, 0% used [0x00000000d7d00000,0x00000000d7d00000,0x00000000d8180000)
 ParOldGen       total 87552K, used 18815K [0x0000000081200000, 0x0000000086780000, 0x00000000d5b80000)
  object space 87552K, 21% used [0x0000000081200000,0x000000008245fc10,0x0000000086780000)
 Metaspace       used 12679K, capacity 12884K, committed 13184K, reserved 1060864K
  class space    used 1556K, capacity 1640K, committed 1664K, reserved 1048576K
Event: 24.353 GC heap after
Heap after GC invocations=12 (full 0):
 PSYoungGen      total 33280K, used 1928K [0x00000000d5b80000, 0x00000000d8100000, 0x0000000100000000)
  eden space 29184K, 0% used [0x00000000d5b80000,0x00000000d5b80000,0x00000000d7800000)
  from space 4096K, 47% used [0x00000000d7d00000,0x00000000d7ee2020,0x00000000d8100000)
  to   space 4608K, 0% used [0x00000000d7800000,0x00000000d7800000,0x00000000d7c80000)
 ParOldGen       total 87552K, used 18839K [0x0000000081200000, 0x0000000086780000, 0x00000000d5b80000)
  object space 87552K, 21% used [0x0000000081200000,0x0000000082465c10,0x0000000086780000)
 Metaspace       used 12679K, capacity 12884K, committed 13184K, reserved 1060864K
  class space    used 1556K, capacity 1640K, committed 1664K, reserved 1048576K
}
Event: 25.866 GC heap before
{Heap before GC invocations=13 (full 0):
 PSYoungGen      total 33280K, used 30406K [0x00000000d5b80000, 0x00000000d8100000, 0x0000000100000000)
  eden space 29184K, 97% used [0x00000000d5b80000,0x00000000d774f888,0x00000000d7800000)
  from space 4096K, 47% used [0x00000000d7d00000,0x00000000d7ee2020,0x00000000d8100000)
  to   space 4608K, 0% used [0x00000000d7800000,0x00000000d7800000,0x00000000d7c80000)
 ParOldGen       total 87552K, used 18839K [0x0000000081200000, 0x0000000086780000, 0x00000000d5b80000)
  object space 87552K, 21% used [0x0000000081200000,0x0000000082465c10,0x0000000086780000)
 Metaspace       used 12689K, capacity 12884K, committed 13184K, reserved 1060864K
  class space    used 1556K, capacity 1640K, committed 1664K, reserved 1048576K
Event: 25.867 GC heap after
Heap after GC invocations=13 (full 0):
 PSYoungGen      total 32768K, used 3728K [0x00000000d5b80000, 0x00000000d8080000, 0x0000000100000000)
  eden space 28672K, 0% used [0x00000000d5b80000,0x00000000d5b80000,0x00000000d7780000)
  from space 4096K, 91% used [0x00000000d7800000,0x00000000d7ba4040,0x00000000d7c00000)
  to   space 4608K, 0% used [0x00000000d7c00000,0x00000000d7c00000,0x00000000d8080000)
 ParOldGen       total 87552K, used 18855K [0x0000000081200000, 0x0000000086780000, 0x00000000d5b80000)
  object space 87552K, 21% used [0x0000000081200000,0x0000000082469c10,0x0000000086780000)
 Metaspace       used 12689K, capacity 12884K, committed 13184K, reserved 1060864K
  class space    used 1556K, capacity 1640K, committed 1664K, reserved 1048576K
}
Event: 27.476 GC heap before
{Heap before GC invocations=14 (full 0):
 PSYoungGen      total 32768K, used 32201K [0x00000000d5b80000, 0x00000000d8080000, 0x0000000100000000)
  eden space 28672K, 99% used [0x00000000d5b80000,0x00000000d774e5c0,0x00000000d7780000)
  from space 4096K, 91% used [0x00000000d7800000,0x00000000d7ba4040,0x00000000d7c00000)
  to   space 4608K, 0% used [0x00000000d7c00000,0x00000000d7c00000,0x00000000d8080000)
 ParOldGen       total 87552K, used 18855K [0x0000000081200000, 0x0000000086780000, 0x00000000d5b80000)
  object space 87552K, 21% used [0x0000000081200000,0x0000000082469c10,0x0000000086780000)
 Metaspace       used 12691K, capacity 12884K, committed 13184K, reserved 1060864K
  class space    used 1556K, capacity 1640K, committed 1664K, reserved 1048576K
Event: 27.477 GC heap after
Heap after GC invocations=14 (full 0):
 PSYoungGen      total 32256K, used 2828K [0x00000000d5b80000, 0x00000000d8000000, 0x0000000100000000)
  eden space 28160K, 0% used [0x00000000d5b80000,0x00000000d5b80000,0x00000000d7700000)
  from space 4096K, 69% used [0x00000000d7c00000,0x00000000d7ec3030,0x00000000d8000000)
  to   space 4608K, 0% used [0x00000000d7700000,0x00000000d7700000,0x00000000d7b80000)
 ParOldGen       total 87552K, used 18871K [0x0000000081200000, 0x0000000086780000, 0x00000000d5b80000)
  object space 87552K, 21% used [0x0000000081200000,0x000000008246dc10,0x0000000086780000)
 Metaspace       used 12691K, capacity 12884K, committed 13184K, reserved 1060864K
  class space    used 1556K, capacity 1640K, committed 1664K, reserved 1048576K
}
Event: 28.987 GC heap before
{Heap before GC invocations=15 (full 0):
 PSYoungGen      total 32256K, used 30422K [0x00000000d5b80000, 0x00000000d8000000, 0x0000000100000000)
  eden space 28160K, 97% used [0x00000000d5b80000,0x00000000d7672a08,0x00000000d7700000)
  from space 4096K, 69% used [0x00000000d7c00000,0x00000000d7ec3030,0x00000000d8000000)
  to   space 4608K, 0% used [0x00000000d7700000,0x00000000d7700000,0x00000000d7b80000)
 ParOldGen       total 87552K, used 18871K [0x0000000081200000, 0x0000000086780000, 0x00000000d5b80000)
  object space 87552K, 21% used [0x0000000081200000,0x000000008246dc10,0x0000000086780000)
 Metaspace       used 12695K, capacity 12884K, committed 13184K, reserved 1060864K
  class space    used 1556K, capacity 1640K, committed 1664K, reserved 1048576K
Event: 28.988 GC heap after
Heap after GC invocations=15 (full 0):
 PSYoungGen      total 30720K, used 2860K [0x00000000d5b80000, 0x00000000d7f80000, 0x0000000100000000)
  eden space 27648K, 0% used [0x00000000d5b80000,0x00000000d5b80000,0x00000000d7680000)
  from space 3072K, 93% used [0x00000000d7700000,0x00000000d79cb030,0x00000000d7a00000)
  to   space 4608K, 0% used [0x00000000d7b00000,0x00000000d7b00000,0x00000000d7f80000)
 ParOldGen       total 87552K, used 18887K [0x0000000081200000, 0x0000000086780000, 0x00000000d5b80000)
  object space 87552K, 21% used [0x0000000081200000,0x0000000082471c10,0x0000000086780000)
 Metaspace       used 12695K, capacity 12884K, committed 13184K, reserved 1060864K
  class space    used 1556K, capacity 1640K, committed 1664K, reserved 1048576K
}

Deoptimization events (3 events):
Event: 0.314 Thread 0x000000001aee5000 Uncommon trap: reason=null_check action=make_not_entrant pc=0x00000000046ad35c method=java.lang.String.equals(Ljava/lang/Object;)Z @ 8
Event: 5.190 Thread 0x000000001aee5000 Uncommon trap: reason=unstable_if action=reinterpret pc=0x000000000488e420 method=GantryClaw.ClawImagePanel.matToBufferedImage(Lorg/opencv/core/Mat;)Ljava/awt/image/BufferedImage; @ 120
Event: 5.192 Thread 0x000000001aee5000 Uncommon trap: reason=unstable_if action=reinterpret pc=0x000000000488c1c4 method=sun.awt.image.ByteInterleavedRaster.putByteData(IIII[B)V @ 446

Internal exceptions (10 events):
Event: 12.186 Thread 0x000000001d0d0800 Exception <a 'java/lang/NullPointerException'> (0x00000000d643ca08) thrown at [C:\re\workspace\8-2-build-windows-amd64-cygwin\jdk8u131\8869\hotspot\src\share\vm\interpreter\linkResolver.cpp, line 1197]
Event: 12.186 Thread 0x000000001d0d0800 Exception <a 'java/lang/NullPointerException'> (0x00000000d643cf80) thrown at [C:\re\workspace\8-2-build-windows-amd64-cygwin\jdk8u131\8869\hotspot\src\share\vm\interpreter\linkResolver.cpp, line 1197]
Event: 12.186 Thread 0x000000001d0d0800 Exception <a 'java/lang/NullPointerException'> (0x00000000d643d4f8) thrown at [C:\re\workspace\8-2-build-windows-amd64-cygwin\jdk8u131\8869\hotspot\src\share\vm\interpreter\linkResolver.cpp, line 1197]
Event: 12.186 Thread 0x000000001d0d0800 Exception <a 'java/lang/NullPointerException'> (0x00000000d643da70) thrown at [C:\re\workspace\8-2-build-windows-amd64-cygwin\jdk8u131\8869\hotspot\src\share\vm\interpreter\linkResolver.cpp, line 1197]
Event: 12.186 Thread 0x000000001d0d0800 Exception <a 'java/lang/NullPointerException'> (0x00000000d643dfe8) thrown at [C:\re\workspace\8-2-build-windows-amd64-cygwin\jdk8u131\8869\hotspot\src\share\vm\interpreter\linkResolver.cpp, line 1197]
Event: 12.186 Thread 0x000000001d0d0800 Exception <a 'java/lang/NullPointerException'> (0x00000000d643e560) thrown at [C:\re\workspace\8-2-build-windows-amd64-cygwin\jdk8u131\8869\hotspot\src\share\vm\interpreter\linkResolver.cpp, line 1197]
Event: 12.186 Thread 0x000000001d0d0800 Exception <a 'java/lang/NullPointerException'> (0x00000000d643ead8) thrown at [C:\re\workspace\8-2-build-windows-amd64-cygwin\jdk8u131\8869\hotspot\src\share\vm\interpreter\linkResolver.cpp, line 1197]
Event: 12.186 Thread 0x000000001d0d0800 Exception <a 'java/lang/NullPointerException'> (0x00000000d643f050) thrown at [C:\re\workspace\8-2-build-windows-amd64-cygwin\jdk8u131\8869\hotspot\src\share\vm\interpreter\linkResolver.cpp, line 1197]
Event: 12.186 Thread 0x000000001d0d0800 Exception <a 'java/lang/NullPointerException'> (0x00000000d643f5c8) thrown at [C:\re\workspace\8-2-build-windows-amd64-cygwin\jdk8u131\8869\hotspot\src\share\vm\interpreter\linkResolver.cpp, line 1197]
Event: 12.186 Thread 0x000000001d0d0800 Exception <a 'java/lang/NullPointerException'> (0x00000000d643fb40) thrown at [C:\re\workspace\8-2-build-windows-amd64-cygwin\jdk8u131\8869\hotspot\src\share\vm\interpreter\linkResolver.cpp, line 1197]

Events (10 events):
Event: 27.476 Executing VM operation: ParallelGCFailedAllocation
Event: 27.477 Executing VM operation: ParallelGCFailedAllocation done
Event: 28.987 Executing VM operation: ParallelGCFailedAllocation
Event: 28.988 Executing VM operation: ParallelGCFailedAllocation done
Event: 30.123 Thread 0x000000001ab0b800 Thread added: 0x000000001ab0b800
Event: 30.123 Thread 0x000000001ab0c800 Thread added: 0x000000001ab0c800
Event: 30.123 Thread 0x000000001ab0b800 Thread exited: 0x000000001ab0b800
Event: 30.141 Thread 0x000000001ae8b800 Thread exited: 0x000000001ae8b800
Event: 30.224 Thread 0x000000001ab0c800 Thread exited: 0x000000001ab0c800
Event: 30.224 Executing VM operation: Exit


Dynamic libraries:
0x00007ff779930000 - 0x00007ff779967000 	C:\Program Files\Java\jre1.8.0_131\bin\javaw.exe
0x00007ffbd99e0000 - 0x00007ffbd9bc0000 	C:\WINDOWS\SYSTEM32\ntdll.dll
0x00007ffbd71a0000 - 0x00007ffbd724e000 	C:\WINDOWS\System32\KERNEL32.DLL
0x00007ffbd5de0000 - 0x00007ffbd6046000 	C:\WINDOWS\System32\KERNELBASE.dll
0x00007ffbd9170000 - 0x00007ffbd9211000 	C:\WINDOWS\System32\ADVAPI32.dll
0x00007ffbd6eb0000 - 0x00007ffbd6f4d000 	C:\WINDOWS\System32\msvcrt.dll
0x00007ffbd8810000 - 0x00007ffbd886b000 	C:\WINDOWS\System32\sechost.dll
0x00007ffbd8f60000 - 0x00007ffbd907f000 	C:\WINDOWS\System32\RPCRT4.dll
0x00007ffbd96a0000 - 0x00007ffbd982f000 	C:\WINDOWS\System32\USER32.dll
0x00007ffbd60a0000 - 0x00007ffbd60c0000 	C:\WINDOWS\System32\win32u.dll
0x00007ffbd9830000 - 0x00007ffbd9858000 	C:\WINDOWS\System32\GDI32.dll
0x00007ffbd62e0000 - 0x00007ffbd6473000 	C:\WINDOWS\System32\gdi32full.dll
0x00007ffbd60c0000 - 0x00007ffbd615b000 	C:\WINDOWS\System32\msvcp_win.dll
0x00007ffbd6160000 - 0x00007ffbd6256000 	C:\WINDOWS\System32\ucrtbase.dll
0x00007ffbbc760000 - 0x00007ffbbc9c9000 	C:\WINDOWS\WinSxS\amd64_microsoft.windows.common-controls_6595b64144ccf1df_6.0.16299.248_none_15ced204935f55d7\COMCTL32.dll
0x00007ffbd9390000 - 0x00007ffbd9698000 	C:\WINDOWS\System32\combase.dll
0x00007ffbd6260000 - 0x00007ffbd62d2000 	C:\WINDOWS\System32\bcryptPrimitives.dll
0x00007ffbd98c0000 - 0x00007ffbd98ed000 	C:\WINDOWS\System32\IMM32.DLL
0x00000000721b0000 - 0x0000000072282000 	C:\Program Files\Java\jre1.8.0_131\bin\msvcr100.dll
0x00000000716c0000 - 0x0000000071f5c000 	C:\Program Files\Java\jre1.8.0_131\bin\server\jvm.dll
0x00007ffbd88d0000 - 0x00007ffbd88d8000 	C:\WINDOWS\System32\PSAPI.DLL
0x00007ffbbb0d0000 - 0x00007ffbbb0d9000 	C:\WINDOWS\SYSTEM32\WSOCK32.dll
0x00007ffbd2830000 - 0x00007ffbd2853000 	C:\WINDOWS\SYSTEM32\WINMM.dll
0x00007ffbd7360000 - 0x00007ffbd73cc000 	C:\WINDOWS\System32\WS2_32.dll
0x00007ffbcbe30000 - 0x00007ffbcbe3a000 	C:\WINDOWS\SYSTEM32\VERSION.dll
0x00007ffbd27d0000 - 0x00007ffbd27fa000 	C:\WINDOWS\SYSTEM32\WINMMBASE.dll
0x00007ffbd6050000 - 0x00007ffbd609a000 	C:\WINDOWS\System32\cfgmgr32.dll
0x0000000072350000 - 0x000000007235f000 	C:\Program Files\Java\jre1.8.0_131\bin\verify.dll
0x0000000072320000 - 0x0000000072349000 	C:\Program Files\Java\jre1.8.0_131\bin\java.dll
0x0000000072300000 - 0x0000000072316000 	C:\Program Files\Java\jre1.8.0_131\bin\zip.dll
0x00007ffbd73d0000 - 0x00007ffbd8806000 	C:\WINDOWS\System32\SHELL32.dll
0x00007ffbd9900000 - 0x00007ffbd99a6000 	C:\WINDOWS\System32\shcore.dll
0x00007ffbd6530000 - 0x00007ffbd6c77000 	C:\WINDOWS\System32\windows.storage.dll
0x00007ffbd8d30000 - 0x00007ffbd8d81000 	C:\WINDOWS\System32\shlwapi.dll
0x00007ffbd5d30000 - 0x00007ffbd5d41000 	C:\WINDOWS\System32\kernel.appcore.dll
0x00007ffbd5d70000 - 0x00007ffbd5dbc000 	C:\WINDOWS\System32\powrprof.dll
0x00007ffbd5dc0000 - 0x00007ffbd5ddb000 	C:\WINDOWS\System32\profapi.dll
0x0000000072010000 - 0x00000000721a8000 	C:\Program Files\Java\jre1.8.0_131\bin\awt.dll
0x00007ffbd9080000 - 0x00007ffbd9145000 	C:\WINDOWS\System32\OLEAUT32.dll
0x00007ffbd3c10000 - 0x00007ffbd3c98000 	C:\WINDOWS\SYSTEM32\apphelp.dll
0x00007ffbd3d90000 - 0x00007ffbd3e25000 	C:\WINDOWS\system32\uxtheme.dll
0x00007ffbd9220000 - 0x00007ffbd9387000 	C:\WINDOWS\System32\MSCTF.dll
0x00007ffbab640000 - 0x00007ffbab6e9000 	C:\Program Files\Common Files\microsoft shared\ink\tiptsf.dll
0x00007ffbd40e0000 - 0x00007ffbd410a000 	C:\WINDOWS\system32\dwmapi.dll
0x00007ffbd8e10000 - 0x00007ffbd8f59000 	C:\WINDOWS\System32\ole32.dll
0x00007ffbadae0000 - 0x00007ffbadbfe000 	C:\WINDOWS\system32\opengl32.dll
0x00007ffbc9420000 - 0x00007ffbc944c000 	C:\WINDOWS\SYSTEM32\GLU32.dll
0x00000000715c0000 - 0x0000000071607000 	C:\Program Files\Java\jre1.8.0_131\bin\fontmanager.dll
0x00000000722e0000 - 0x00000000722fa000 	C:\Program Files\Java\jre1.8.0_131\bin\net.dll
0x0000000180000000 - 0x000000018008c000 	C:\WINDOWS\system32\ASProxy64.dll
0x00007ffbd5350000 - 0x00007ffbd5389000 	C:\WINDOWS\SYSTEM32\IPHLPAPI.DLL
0x00007ffbd55c0000 - 0x00007ffbd5626000 	C:\WINDOWS\SYSTEM32\MSWSOCK.dll
0x00007ffbd5c60000 - 0x00007ffbd5c90000 	C:\WINDOWS\SYSTEM32\SspiCli.dll
0x00000000722c0000 - 0x00000000722d1000 	C:\Program Files\Java\jre1.8.0_131\bin\nio.dll
0x0000000071570000 - 0x00000000715b2000 	C:\Program Files\Java\jre1.8.0_131\bin\t2k.dll
0x00007ffbcbcc0000 - 0x00007ffbcbcfe000 	C:\Users\weand\Desktop\Capstone project\CCR\GantryRobot\LeapMotion\LeapSDK\lib\x64\LeapJava.dll
0x00007ffbb8cf0000 - 0x00007ffbb8d96000 	C:\Program Files\Java\jre1.8.0_131\bin\MSVCP120.dll
0x00007ffbadc00000 - 0x00007ffbadcef000 	C:\Program Files\Java\jre1.8.0_131\bin\MSVCR120.dll
0x00007ffbad740000 - 0x00007ffbad8ab000 	C:\Users\weand\Desktop\Capstone project\CCR\GantryRobot\LeapMotion\LeapSDK\lib\x64\Leap.dll
0x00007ffbd4e70000 - 0x00007ffbd4ea1000 	C:\WINDOWS\SYSTEM32\ntmarta.dll
0x00007ffb9ef90000 - 0x00007ffb9f961000 	C:\Users\weand\Desktop\Capstone project\CCR\GantryRobot\OpenCV\opencv\build\java\x64\opencv_java2410.dll
0x00007ffbc93e0000 - 0x00007ffbc93f8000 	C:\WINDOWS\SYSTEM32\AVICAP32.dll
0x00007ffbc7fc0000 - 0x00007ffbc7fe9000 	C:\WINDOWS\SYSTEM32\MSVFW32.dll
0x00007ffbc9630000 - 0x00007ffbc964f000 	C:\WINDOWS\SYSTEM32\AVIFIL32.dll
0x00007ffbcd340000 - 0x00007ffbcd35c000 	C:\WINDOWS\SYSTEM32\MSACM32.dll
0x00007ffbd6f50000 - 0x00007ffbd6fee000 	C:\WINDOWS\System32\clbcatq.dll
0x00007ffbd22d0000 - 0x00007ffbd247b000 	C:\WINDOWS\SYSTEM32\WindowsCodecs.dll
0x00007ffbb06c0000 - 0x00007ffbb070f000 	C:\WINDOWS\system32\dataexchange.dll
0x00007ffbd2d50000 - 0x00007ffbd3032000 	C:\WINDOWS\system32\d3d11.dll
0x00007ffbd36e0000 - 0x00007ffbd3822000 	C:\WINDOWS\system32\dcomp.dll
0x00007ffbd4ba0000 - 0x00007ffbd4c4f000 	C:\WINDOWS\system32\dxgi.dll
0x00007ffbd4260000 - 0x00007ffbd43db000 	C:\WINDOWS\system32\twinapi.appcore.dll
0x00007ffbd5890000 - 0x00007ffbd58b5000 	C:\WINDOWS\system32\bcrypt.dll
0x00007ffbd41d0000 - 0x00007ffbd41f0000 	C:\WINDOWS\system32\RMCLIENT.dll
0x00007ffbb5800000 - 0x00007ffbb5898000 	C:\WINDOWS\System32\TextInputFramework.dll
0x00007ffbd1ea0000 - 0x00007ffbd218e000 	C:\WINDOWS\System32\CoreUIComponents.dll
0x00007ffbd3600000 - 0x00007ffbd36dc000 	C:\WINDOWS\System32\CoreMessaging.dll
0x00007ffbd1d60000 - 0x00007ffbd1e96000 	C:\WINDOWS\SYSTEM32\wintypes.dll
0x00007ffbb3d40000 - 0x00007ffbb3f46000 	C:\Windows\System32\uiautomationcore.dll
0x00007ffbd5b90000 - 0x00007ffbd5c2a000 	C:\WINDOWS\SYSTEM32\sxs.dll
0x00007ffbb0d00000 - 0x00007ffbb0d6e000 	C:\Windows\System32\OLEACC.dll
0x00007ffbb52a0000 - 0x00007ffbb5321000 	C:\WINDOWS\SYSTEM32\twinapi.dll
0x00007ffbcbd00000 - 0x00007ffbcbd18000 	C:\Windows\System32\devenum.dll
0x00007ffbd88e0000 - 0x00007ffbd8d2e000 	C:\WINDOWS\System32\setupapi.dll
0x00007ffbd5b40000 - 0x00007ffbd5b67000 	C:\WINDOWS\SYSTEM32\DEVOBJ.dll
0x00007ffbd6c80000 - 0x00007ffbd6cd8000 	C:\WINDOWS\System32\WINTRUST.dll
0x00007ffbd5d50000 - 0x00007ffbd5d62000 	C:\WINDOWS\System32\MSASN1.dll
0x00007ffbd6ce0000 - 0x00007ffbd6eae000 	C:\WINDOWS\System32\CRYPT32.dll
0x00007ffbb0710000 - 0x00007ffbb071a000 	C:\WINDOWS\SYSTEM32\msdmo.dll
0x00007ffbc7f10000 - 0x00007ffbc7f43000 	C:\Windows\System32\qcap.dll
0x00007ffbab9e0000 - 0x00007ffbabb9c000 	C:\Windows\System32\quartz.dll
0x00007ffbc7ff0000 - 0x00007ffbc803e000 	C:\Windows\System32\mfksproxy.dll
0x00007ffbcdb20000 - 0x00007ffbcdb3d000 	C:\Windows\System32\ATL.DLL
0x00007ffbcd890000 - 0x00007ffbcd8c6000 	C:\Windows\System32\MFSENSORGROUP.dll
0x00007ffbcd6d0000 - 0x00007ffbcd881000 	C:\Windows\System32\MFPlat.DLL
0x00007ffbcd690000 - 0x00007ffbcd6c2000 	C:\Windows\System32\RTWorkQ.DLL
0x00007ffbccc10000 - 0x00007ffbcd057000 	C:\Windows\System32\MFCORE.dll
0x00007ffbccc00000 - 0x00007ffbccc09000 	C:\Windows\System32\ksuser.dll
0x00007ffbd57a0000 - 0x00007ffbd57ab000 	C:\Windows\System32\CRYPTBASE.DLL
0x00007ffbb1890000 - 0x00007ffbb18e0000 	C:\Windows\System32\FSClient.dll
0x00007ffbd22c0000 - 0x00007ffbd22ca000 	C:\Windows\System32\AVRT.dll
0x00007ffbc9710000 - 0x00007ffbc971c000 	C:\Windows\System32\vidcap.ax
0x00007ffbbdd50000 - 0x00007ffbbdd76000 	C:\Windows\System32\kswdmcap.ax
0x00007ffb9c1a0000 - 0x00007ffb9c305000 	C:\Windows\System32\MFC42.dll
0x00007ffb99740000 - 0x00007ffb99cb2000 	C:\WINDOWS\system32\IntelCameraPlugin64.dll
0x00007ffbd1b90000 - 0x00007ffbd1c0a000 	C:\WINDOWS\SYSTEM32\policymanager.dll
0x00007ffbd1a30000 - 0x00007ffbd1ac0000 	C:\Windows\System32\msvcp110_win.dll
0x00007ffb9c7a0000 - 0x00007ffb9c8aa000 	C:\Windows\System32\MFReadWrite.dll
0x00007ffbb7d90000 - 0x00007ffbb7e30000 	C:\Windows\System32\qedit.dll
0x00007ffbd7250000 - 0x00007ffbd735a000 	C:\WINDOWS\System32\COMDLG32.dll
0x00007ffbba4f0000 - 0x00007ffbba68c000 	C:\WINDOWS\WinSxS\amd64_microsoft.windows.gdiplus_6595b64144ccf1df_1.1.16299.248_none_46b9c4e9edf1cfa5\gdiplus.dll
0x00007ffbad640000 - 0x00007ffbad736000 	C:\Windows\System32\DDRAW.dll
0x00007ffbd3e60000 - 0x00007ffbd3e68000 	C:\Windows\System32\DCIMAN32.dll
0x00007ffbd28f0000 - 0x00007ffbd28fc000 	C:\WINDOWS\SYSTEM32\msyuv.dll
0x00007ffbd4720000 - 0x00007ffbd48e8000 	C:\WINDOWS\SYSTEM32\dbghelp.dll

VM Arguments:
jvm_args: -Djava.library.path=C:\Users\weand\Desktop\Capstone project\CCR\GantryRobot\mfz-rxtx-2.2-20081207-win-x64;C:\Users\weand\Desktop\Capstone project\CCR\GantryRobot\OpenCV\opencv\build\java\x64;C:\Users\weand\Desktop\Capstone project\CCR\GantryRobot\LeapMotion\LeapSDK\lib\x64 -Dfile.encoding=Cp1252 
java_command: leap.RXTXGui
java_class_path (initial): C:\Users\weand\workspace\Gantry_1\bin;C:\Users\weand\Desktop\Capstone project\CCR\GantryRobot\mfz-rxtx-2.2-20081207-win-x64\RXTXcomm.jar;C:\Users\weand\Desktop\Capstone project\CCR\GantryRobot\OpenCV\opencv\build\java\opencv-2410.jar;C:\Users\weand\Desktop\Capstone project\CCR\GantryRobot\LeapMotion\LeapSDK\lib\LeapJava.jar
Launcher Type: SUN_STANDARD

Environment Variables:
PATH=C:\Users\weand\Desktop\Capstone project\CCR\GantryRobot\LeapMotion\LeapSDK\lib\x64;n;C:/Program Files/Java/jre1.8.0_131/lib/amd64;C:\ProgramData\Oracle\Java\javapath;C:\Program Files\Microsoft MPI\Bin\;C:\WINDOWS\system32;C:\WINDOWS;C:\WINDOWS\System32\Wbem;C:\WINDOWS\System32\WindowsPowerShell\v1.0\;C:\Program Files (x86)\Skype\Phone\;C:\Program Files\Microsoft SQL Server\130\Tools\Binn\;C:\Program Files\dotnet\;C:\Program Files (x86)\GtkSharp\2.12\bin;C:\Program Files\MySQL\MySQL Utilities 1.6\;C:\Program Files\Git\cmd;C:\Users\weand\AppData\Local\Microsoft\WindowsApps;C:\Program Files (x86)\Spiceworks\Nmap;;C:\Users\weand\Downloads\eclipse-java-kepler-SR1-win32-x86_64\eclipse;C:/Program Files/Java/jre1.8.0_131/bin/server;C:/Program Files/Java/jre1.8.0_131/bin;C:/Program Files/Java/jre1.8.0_131/lib/amd64;C:\ProgramData\Oracle\Java\javapath;C:\Program Files\Microsoft MPI\Bin\;C:\WINDOWS\system32;C:\WINDOWS;C:\WINDOWS\System32\Wbem;C:\WINDOWS\System32\WindowsPowerShell\v1.0\;C:\Program Files (x86)\Skype\Phone\;C:\Program Files\Microsoft SQL Server\130\Tools\Binn\;C:\Program Files\dotnet\;C:\Program Files (x86)\GtkSharp\2.12\bin;C:\Program Files\MySQL\MySQL Utilities 1.6\;C:\Program Files\Git\cmd;C:\Users\weand\AppData\Local\Microsoft\WindowsApps;C:\Program Files (x86)\Spiceworks\Nmap;;C:\Users\weand\Downloads\eclipse-java-kepler-SR1-win32-x86_64\eclipse;
USERNAME=weand
OS=Windows_NT
PROCESSOR_IDENTIFIER=Intel64 Family 6 Model 78 Stepping 3, GenuineIntel



---------------  S Y S T E M  ---------------

OS: Windows 10.0 , 64 bit Build 16299 (10.0.16299.15)

CPU:total 4 (initial active 4) (2 cores per cpu, 2 threads per core) family 6 model 78 stepping 3, cmov, cx8, fxsr, mmx, sse, sse2, sse3, ssse3, sse4.1, sse4.2, popcnt, avx, avx2, aes, clmul, erms, rtm, 3dnowpref, lzcnt, ht, tsc, tscinvbit, bmi1, bmi2, adx

Memory: 4k page, physical 8311896k(2155824k free), swap 13190872k(1663448k free)

vm_info: Java HotSpot(TM) 64-Bit Server VM (25.131-b11) for windows-amd64 JRE (1.8.0_131-b11), built on Mar 15 2017 01:23:53 by "java_re" with MS VC++ 10.0 (VS2010)

time: Sat Mar 24 22:18:28 2018
elapsed time: 31 seconds (0d 0h 0m 31s)

