#
# A fatal error has been detected by the Java Runtime Environment:
#
#  Internal Error (0xc000000d), pid=1316, tid=0x00000000000035e4
#
# JRE version: Java(TM) SE Runtime Environment (8.0_131-b11) (build 1.8.0_131-b11)
# Java VM: Java HotSpot(TM) 64-Bit Server VM (25.131-b11 mixed mode windows-amd64 compressed oops)
# Problematic frame:
# C  [ntdll.dll+0x10b2b0]
#
# Failed to write core dump. Minidumps are not enabled by default on client versions of Windows
#
# If you would like to submit a bug report, please visit:
#   http://bugreport.java.com/bugreport/crash.jsp
#

---------------  T H R E A D  ---------------

Current thread (0x0000000019af7800):  VMThread [stack: 0x000000001ab90000,0x000000001ac90000] [id=13796]

siginfo: ExceptionCode=0xc000000d

Registers:
RAX=0x0000000004da2050, RBX=0x0000000000000001, RCX=0x0000000019af8bd0, RDX=0x0000000000000001
RSP=0x000000001ac8ea30, RBP=0x000000001e7aeea0, RSI=0x000000001e7af0d8, RDI=0x000000001e79c1d0
R8 =0x0000000004da2050, R9 =0x0000000019af8bd0, R10=0x0000000000000001, R11=0x0000000019af8be0
R12=0x00007ffbcd696680, R13=0x0000000000000001, R14=0x000000001e7905a0, R15=0x000000001e7905a0
RIP=0x00007ffbd9aeb2b0, EFLAGS=0x0000000000000202

Top of Stack: (sp=0x000000001ac8ea30)
0x000000001ac8ea30:   0000000000000057 0000000000000001
0x000000001ac8ea40:   000000001e7af0d8 000000001e79c1d0
0x000000001ac8ea50:   00000000c000000d 0000000000000000
0x000000001ac8ea60:   00007ffbd9aeb2b0 0000000000000000
0x000000001ac8ea70:   0000000000000000 0000000000000000
0x000000001ac8ea80:   0000000000000000 0000000000000000
0x000000001ac8ea90:   0000000000000000 0000000000000000
0x000000001ac8eaa0:   0000000000000000 0000000000000000
0x000000001ac8eab0:   0000000000000000 0000000000000000
0x000000001ac8eac0:   0000000000000000 0000000000000000
0x000000001ac8ead0:   0000000000000000 0000000000000000
0x000000001ac8eae0:   0000000000000000 0000000000000000
0x000000001ac8eaf0:   00002a8bbdeaf438 000000001e79c1d0
0x000000001ac8eb00:   000000001e7af0d8 00007ffbcd694907
0x000000001ac8eb10:   000000001e79c1d0 000000001e7905a0
0x000000001ac8eb20:   00000000f46857d4 0000000000000020 

Instructions: (pc=0x00007ffbd9aeb2b0)
0x00007ffbd9aeb290:   b7 f9 ff c7 44 24 20 0d 00 00 c0 b9 57 00 00 00
0x00007ffbd9aeb2a0:   e8 4b 63 f3 ff 90 48 8d 4c 24 20 e8 90 00 f1 ff
0x00007ffbd9aeb2b0:   eb 00 48 8b 8c 24 c0 00 00 00 48 33 cc e8 ce 57
0x00007ffbd9aeb2c0:   f8 ff 48 81 c4 d8 00 00 00 c3 40 55 48 83 ec 20 


Register to memory mapping:

RAX=0x0000000004da2050 is an unknown value
RBX=0x0000000000000001 is an unknown value
RCX=0x0000000019af8bd0 is an unknown value
RDX=0x0000000000000001 is an unknown value
RSP=0x000000001ac8ea30 is an unknown value
RBP=0x000000001e7aeea0 is an unknown value
RSI=0x000000001e7af0d8 is an unknown value
RDI=0x000000001e79c1d0 is an unknown value
R8 =0x0000000004da2050 is an unknown value
R9 =0x0000000019af8bd0 is an unknown value
R10=0x0000000000000001 is an unknown value
R11=0x0000000019af8be0 is an unknown value
R12=0x00007ffbcd696680 is an unknown value
R13=0x0000000000000001 is an unknown value
R14=0x000000001e7905a0 is an unknown value
R15=0x000000001e7905a0 is an unknown value


Stack: [0x000000001ab90000,0x000000001ac90000],  sp=0x000000001ac8ea30,  free space=1018k
Native frames: (J=compiled Java code, j=interpreted, Vv=VM code, C=native code)
C  [ntdll.dll+0x10b2b0]
C  [RTWorkQ.DLL+0x4907]
C  [RTWorkQ.DLL+0x9e46]
C  [RTWorkQ.DLL+0x7565]
C  [MFPlat.DLL+0x1d05b]
C  [MFReadWrite.dll+0x16348]
C  [MFReadWrite.dll+0xfb0d]
C  [MFReadWrite.dll+0xf863]
C  [mfksproxy.dll+0x194d0]
C  [mfksproxy.dll+0x18069]
C  [mfksproxy.dll+0x6eeb]
C  [quartz.dll+0x42e19]
C  [quartz.dll+0x553ef]
C  [quartz.dll+0x57932]
C  [quartz.dll+0x56d75]
C  [opencv_java2410.dll+0x2aaa1e]
C  [opencv_java2410.dll+0x5f43d0]
C  [opencv_java2410.dll+0x508e75]
C  [opencv_java2410.dll+0x4fc0f6]
C  [opencv_java2410.dll+0x4fc269]
C  [ntdll.dll+0x11493]
C  [ntdll.dll+0x406b5]
C  [ntdll.dll+0x40574]
C  [KERNEL32.DLL+0xf06a]
C  [msvcr100.dll+0x20ccd]
V  [jvm.dll+0x213235]
V  [jvm.dll+0x24c2a7]
V  [jvm.dll+0x24b546]
V  [jvm.dll+0x24b9e1]
V  [jvm.dll+0x24bbfe]
V  [jvm.dll+0x29cc1a]
C  [msvcr100.dll+0x21d9f]
C  [msvcr100.dll+0x21e3b]
C  [KERNEL32.DLL+0x11fe4]
C  [ntdll.dll+0x6efc1]

VM_Operation (0x000000001c8bcf80): Exit, mode: safepoint, requested by thread 0x000000001b976000


---------------  P R O C E S S  ---------------

Java Threads: ( => current thread )
  0x000000001bdbb000 JavaThread "TimerQueue" daemon [_thread_blocked, id=4256, stack(0x000000001e670000,0x000000001e770000)]
  0x0000000004eb0800 JavaThread "DestroyJavaVM" [_thread_blocked, id=13436, stack(0x0000000004db0000,0x0000000004eb0000)]
  0x000000001b976000 JavaThread "AWT-EventQueue-0" [_thread_blocked, id=21420, stack(0x000000001c7c0000,0x000000001c8c0000)]
  0x000000001bd03000 JavaThread "AWT-Shutdown" [_thread_blocked, id=9048, stack(0x000000001c5c0000,0x000000001c6c0000)]
  0x000000001bd02800 JavaThread "Java2D Disposer" daemon [_thread_blocked, id=1544, stack(0x000000001c4c0000,0x000000001c5c0000)]
  0x0000000019b8e800 JavaThread "Service Thread" daemon [_thread_blocked, id=21472, stack(0x000000001b980000,0x000000001ba80000)]
  0x0000000019b3d000 JavaThread "C1 CompilerThread2" daemon [_thread_blocked, id=8932, stack(0x000000001b480000,0x000000001b580000)]
  0x0000000019b33000 JavaThread "C2 CompilerThread1" daemon [_thread_blocked, id=8688, stack(0x000000001b380000,0x000000001b480000)]
  0x0000000019b2e800 JavaThread "C2 CompilerThread0" daemon [_thread_blocked, id=19092, stack(0x000000001b280000,0x000000001b380000)]
  0x0000000019b2b000 JavaThread "Attach Listener" daemon [_thread_blocked, id=21256, stack(0x000000001b180000,0x000000001b280000)]
  0x0000000019b36800 JavaThread "Signal Dispatcher" daemon [_thread_blocked, id=18956, stack(0x000000001b080000,0x000000001b180000)]
  0x0000000019b1a800 JavaThread "Finalizer" daemon [_thread_blocked, id=11396, stack(0x000000001ad90000,0x000000001ae90000)]
  0x0000000004f9f000 JavaThread "Reference Handler" daemon [_thread_blocked, id=14640, stack(0x000000001ac90000,0x000000001ad90000)]

Other Threads:
=>0x0000000019af7800 VMThread [stack: 0x000000001ab90000,0x000000001ac90000] [id=13796]

VM state:at safepoint (shutting down)

VM Mutex/Monitor currently owned by a thread:  ([mutex/lock_event])
[0x0000000004dac5d0] Threads_lock - owner thread: 0x0000000019af7800

Heap:
 PSYoungGen      total 32768K, used 10805K [0x00000000d5b80000, 0x00000000d8100000, 0x0000000100000000)
  eden space 28160K, 25% used [0x00000000d5b80000,0x00000000d62614a8,0x00000000d7700000)
  from space 4608K, 81% used [0x00000000d7c80000,0x00000000d802c040,0x00000000d8100000)
  to   space 5120K, 0% used [0x00000000d7700000,0x00000000d7700000,0x00000000d7c00000)
 ParOldGen       total 87552K, used 18887K [0x0000000081200000, 0x0000000086780000, 0x00000000d5b80000)
  object space 87552K, 21% used [0x0000000081200000,0x0000000082471f48,0x0000000086780000)
 Metaspace       used 12691K, capacity 12884K, committed 13184K, reserved 1060864K
  class space    used 1555K, capacity 1640K, committed 1664K, reserved 1048576K

Card table byte_map: [0x0000000014370000,0x0000000014770000] byte_map_base: 0x0000000013f67000

Marking Bits: (ParMarkBitMap*) 0x0000000071edc720
 Begin Bits: [0x0000000014e20000, 0x0000000016dd8000)
 End Bits:   [0x0000000016dd8000, 0x0000000018d90000)

Polling page: 0x0000000000bf0000

CodeCache: size=245760Kb used=4401Kb max_used=4409Kb free=241358Kb
 bounds [0x0000000004fb0000, 0x0000000005410000, 0x0000000013fb0000]
 total_blobs=1956 nmethods=1276 adapters=592
 compilation: enabled

Compilation events (10 events):
Event: 36.474 Thread 0x0000000019b3d000 1273       3       sun.java2d.pipe.LoopPipe::drawRect (32 bytes)
Event: 36.475 Thread 0x0000000019b3d000 nmethod 1273 0x00000000053e4710 code [0x00000000053e4880, 0x00000000053e4b08]
Event: 36.482 Thread 0x0000000019b3d000 1274       1       sun.swing.ImageCache$Entry::getImage (5 bytes)
Event: 36.482 Thread 0x0000000019b3d000 nmethod 1274 0x00000000053e4450 code [0x00000000053e45a0, 0x00000000053e46b0]
Event: 37.100 Thread 0x0000000019b2e800 1275       4       java.util.ArrayList::iterator (10 bytes)
Event: 37.110 Thread 0x0000000019b2e800 nmethod 1275 0x00000000053fc750 code [0x00000000053fc8a0, 0x00000000053fc978]
Event: 38.256 Thread 0x0000000019b3d000 1276       3       java.util.concurrent.locks.AbstractQueuedSynchronizer::acquire (27 bytes)
Event: 38.257 Thread 0x0000000019b3d000 nmethod 1276 0x00000000053fd750 code [0x00000000053fd900, 0x00000000053fddb8]
Event: 38.637 Thread 0x0000000019b3d000 1277       3       java.lang.ref.PhantomReference::<init> (7 bytes)
Event: 38.639 Thread 0x0000000019b3d000 nmethod 1277 0x00000000053fd250 code [0x00000000053fd3c0, 0x00000000053fd670]

GC Heap History (10 events):
Event: 31.577 GC heap before
{Heap before GC invocations=10 (full 0):
 PSYoungGen      total 33792K, used 33208K [0x00000000d5b80000, 0x00000000d8280000, 0x0000000100000000)
  eden space 30720K, 98% used [0x00000000d5b80000,0x00000000d792b1a0,0x00000000d7980000)
  from space 3072K, 92% used [0x00000000d7a00000,0x00000000d7cc3030,0x00000000d7d00000)
  to   space 4608K, 0% used [0x00000000d7e00000,0x00000000d7e00000,0x00000000d8280000)
 ParOldGen       total 87552K, used 18783K [0x0000000081200000, 0x0000000086780000, 0x00000000d5b80000)
  object space 87552K, 21% used [0x0000000081200000,0x0000000082457f48,0x0000000086780000)
 Metaspace       used 12657K, capacity 12884K, committed 13184K, reserved 1060864K
  class space    used 1555K, capacity 1640K, committed 1664K, reserved 1048576K
Event: 31.580 GC heap after
Heap after GC invocations=10 (full 0):
 PSYoungGen      total 34816K, used 3760K [0x00000000d5b80000, 0x00000000d8300000, 0x0000000100000000)
  eden space 30208K, 0% used [0x00000000d5b80000,0x00000000d5b80000,0x00000000d7900000)
  from space 4608K, 81% used [0x00000000d7e00000,0x00000000d81ac040,0x00000000d8280000)
  to   space 5120K, 0% used [0x00000000d7900000,0x00000000d7900000,0x00000000d7e00000)
 ParOldGen       total 87552K, used 18799K [0x0000000081200000, 0x0000000086780000, 0x00000000d5b80000)
  object space 87552K, 21% used [0x0000000081200000,0x000000008245bf48,0x0000000086780000)
 Metaspace       used 12657K, capacity 12884K, committed 13184K, reserved 1060864K
  class space    used 1555K, capacity 1640K, committed 1664K, reserved 1048576K
}
Event: 33.603 GC heap before
{Heap before GC invocations=11 (full 0):
 PSYoungGen      total 34816K, used 33202K [0x00000000d5b80000, 0x00000000d8300000, 0x0000000100000000)
  eden space 30208K, 97% used [0x00000000d5b80000,0x00000000d7840b18,0x00000000d7900000)
  from space 4608K, 81% used [0x00000000d7e00000,0x00000000d81ac040,0x00000000d8280000)
  to   space 5120K, 0% used [0x00000000d7900000,0x00000000d7900000,0x00000000d7e00000)
 ParOldGen       total 87552K, used 18799K [0x0000000081200000, 0x0000000086780000, 0x00000000d5b80000)
  object space 87552K, 21% used [0x0000000081200000,0x000000008245bf48,0x0000000086780000)
 Metaspace       used 12678K, capacity 12884K, committed 13184K, reserved 1060864K
  class space    used 1555K, capacity 1640K, committed 1664K, reserved 1048576K
Event: 33.608 GC heap after
Heap after GC invocations=11 (full 0):
 PSYoungGen      total 33792K, used 3728K [0x00000000d5b80000, 0x00000000d8280000, 0x0000000100000000)
  eden space 29696K, 0% used [0x00000000d5b80000,0x00000000d5b80000,0x00000000d7880000)
  from space 4096K, 91% used [0x00000000d7900000,0x00000000d7ca4040,0x00000000d7d00000)
  to   space 5120K, 0% used [0x00000000d7d80000,0x00000000d7d80000,0x00000000d8280000)
 ParOldGen       total 87552K, used 18815K [0x0000000081200000, 0x0000000086780000, 0x00000000d5b80000)
  object space 87552K, 21% used [0x0000000081200000,0x000000008245ff48,0x0000000086780000)
 Metaspace       used 12678K, capacity 12884K, committed 13184K, reserved 1060864K
  class space    used 1555K, capacity 1640K, committed 1664K, reserved 1048576K
}
Event: 35.256 GC heap before
{Heap before GC invocations=12 (full 0):
 PSYoungGen      total 33792K, used 33124K [0x00000000d5b80000, 0x00000000d8280000, 0x0000000100000000)
  eden space 29696K, 98% used [0x00000000d5b80000,0x00000000d78352e8,0x00000000d7880000)
  from space 4096K, 91% used [0x00000000d7900000,0x00000000d7ca4040,0x00000000d7d00000)
  to   space 5120K, 0% used [0x00000000d7d80000,0x00000000d7d80000,0x00000000d8280000)
 ParOldGen       total 87552K, used 18815K [0x0000000081200000, 0x0000000086780000, 0x00000000d5b80000)
  object space 87552K, 21% used [0x0000000081200000,0x000000008245ff48,0x0000000086780000)
 Metaspace       used 12679K, capacity 12884K, committed 13184K, reserved 1060864K
  class space    used 1555K, capacity 1640K, committed 1664K, reserved 1048576K
Event: 35.258 GC heap after
Heap after GC invocations=12 (full 0):
 PSYoungGen      total 33792K, used 3760K [0x00000000d5b80000, 0x00000000d8200000, 0x0000000100000000)
  eden space 29184K, 0% used [0x00000000d5b80000,0x00000000d5b80000,0x00000000d7800000)
  from space 4608K, 81% used [0x00000000d7d80000,0x00000000d812c040,0x00000000d8200000)
  to   space 5120K, 0% used [0x00000000d7800000,0x00000000d7800000,0x00000000d7d00000)
 ParOldGen       total 87552K, used 18839K [0x0000000081200000, 0x0000000086780000, 0x00000000d5b80000)
  object space 87552K, 21% used [0x0000000081200000,0x0000000082465f48,0x0000000086780000)
 Metaspace       used 12679K, capacity 12884K, committed 13184K, reserved 1060864K
  class space    used 1555K, capacity 1640K, committed 1664K, reserved 1048576K
}
Event: 37.101 GC heap before
{Heap before GC invocations=13 (full 0):
 PSYoungGen      total 33792K, used 32281K [0x00000000d5b80000, 0x00000000d8200000, 0x0000000100000000)
  eden space 29184K, 97% used [0x00000000d5b80000,0x00000000d775a5b0,0x00000000d7800000)
  from space 4608K, 81% used [0x00000000d7d80000,0x00000000d812c040,0x00000000d8200000)
  to   space 5120K, 0% used [0x00000000d7800000,0x00000000d7800000,0x00000000d7d00000)
 ParOldGen       total 87552K, used 18839K [0x0000000081200000, 0x0000000086780000, 0x00000000d5b80000)
  object space 87552K, 21% used [0x0000000081200000,0x0000000082465f48,0x0000000086780000)
 Metaspace       used 12690K, capacity 12884K, committed 13184K, reserved 1060864K
  class space    used 1555K, capacity 1640K, committed 1664K, reserved 1048576K
Event: 37.105 GC heap after
Heap after GC invocations=13 (full 0):
 PSYoungGen      total 31744K, used 2860K [0x00000000d5b80000, 0x00000000d8180000, 0x0000000100000000)
  eden space 28672K, 0% used [0x00000000d5b80000,0x00000000d5b80000,0x00000000d7780000)
  from space 3072K, 93% used [0x00000000d7800000,0x00000000d7acb030,0x00000000d7b00000)
  to   space 5120K, 0% used [0x00000000d7c80000,0x00000000d7c80000,0x00000000d8180000)
 ParOldGen       total 87552K, used 18863K [0x0000000081200000, 0x0000000086780000, 0x00000000d5b80000)
  object space 87552K, 21% used [0x0000000081200000,0x000000008246bf48,0x0000000086780000)
 Metaspace       used 12690K, capacity 12884K, committed 13184K, reserved 1060864K
  class space    used 1555K, capacity 1640K, committed 1664K, reserved 1048576K
}
Event: 38.617 GC heap before
{Heap before GC invocations=14 (full 0):
 PSYoungGen      total 31744K, used 31330K [0x00000000d5b80000, 0x00000000d8180000, 0x0000000100000000)
  eden space 28672K, 99% used [0x00000000d5b80000,0x00000000d774d850,0x00000000d7780000)
  from space 3072K, 93% used [0x00000000d7800000,0x00000000d7acb030,0x00000000d7b00000)
  to   space 5120K, 0% used [0x00000000d7c80000,0x00000000d7c80000,0x00000000d8180000)
 ParOldGen       total 87552K, used 18863K [0x0000000081200000, 0x0000000086780000, 0x00000000d5b80000)
  object space 87552K, 21% used [0x0000000081200000,0x000000008246bf48,0x0000000086780000)
 Metaspace       used 12690K, capacity 12884K, committed 13184K, reserved 1060864K
  class space    used 1555K, capacity 1640K, committed 1664K, reserved 1048576K
Event: 38.621 GC heap after
Heap after GC invocations=14 (full 0):
 PSYoungGen      total 32768K, used 3760K [0x00000000d5b80000, 0x00000000d8100000, 0x0000000100000000)
  eden space 28160K, 0% used [0x00000000d5b80000,0x00000000d5b80000,0x00000000d7700000)
  from space 4608K, 81% used [0x00000000d7c80000,0x00000000d802c040,0x00000000d8100000)
  to   space 5120K, 0% used [0x00000000d7700000,0x00000000d7700000,0x00000000d7c00000)
 ParOldGen       total 87552K, used 18887K [0x0000000081200000, 0x0000000086780000, 0x00000000d5b80000)
  object space 87552K, 21% used [0x0000000081200000,0x0000000082471f48,0x0000000086780000)
 Metaspace       used 12690K, capacity 12884K, committed 13184K, reserved 1060864K
  class space    used 1555K, capacity 1640K, committed 1664K, reserved 1048576K
}

Deoptimization events (3 events):
Event: 0.544 Thread 0x000000001b976000 Uncommon trap: reason=null_check action=make_not_entrant pc=0x000000000512a81c method=java.lang.String.equals(Ljava/lang/Object;)Z @ 8
Event: 14.360 Thread 0x000000001b976000 Uncommon trap: reason=unstable_if action=reinterpret pc=0x000000000534aea0 method=GantryClaw.ClawImagePanel.matToBufferedImage(Lorg/opencv/core/Mat;)Ljava/awt/image/BufferedImage; @ 120
Event: 14.456 Thread 0x000000001b976000 Uncommon trap: reason=unstable_if action=reinterpret pc=0x0000000005349284 method=sun.awt.image.ByteInterleavedRaster.putByteData(IIII[B)V @ 446

Internal exceptions (10 events):
Event: 0.068 Thread 0x0000000004eb0800 Exception <a 'java/lang/NoSuchMethodError': Method sun.misc.Unsafe.prefetchRead(Ljava/lang/Object;J)V name or signature does not match> (0x00000000d5b87f90) thrown at [C:\re\workspace\8-2-build-windows-amd64-cygwin\jdk8u131\8869\hotspot\src\share\vm\prims
Event: 0.211 Thread 0x0000000004eb0800 Exception <a 'java/security/PrivilegedActionException'> (0x00000000d5c13b18) thrown at [C:\re\workspace\8-2-build-windows-amd64-cygwin\jdk8u131\8869\hotspot\src\share\vm\prims\jvm.cpp, line 1390]
Event: 0.212 Thread 0x0000000004eb0800 Exception <a 'java/security/PrivilegedActionException'> (0x00000000d5c13d28) thrown at [C:\re\workspace\8-2-build-windows-amd64-cygwin\jdk8u131\8869\hotspot\src\share\vm\prims\jvm.cpp, line 1390]
Event: 0.217 Thread 0x0000000004eb0800 Exception <a 'java/security/PrivilegedActionException'> (0x00000000d5c17998) thrown at [C:\re\workspace\8-2-build-windows-amd64-cygwin\jdk8u131\8869\hotspot\src\share\vm\prims\jvm.cpp, line 1390]
Event: 0.217 Thread 0x0000000004eb0800 Exception <a 'java/security/PrivilegedActionException'> (0x00000000d5c17ba8) thrown at [C:\re\workspace\8-2-build-windows-amd64-cygwin\jdk8u131\8869\hotspot\src\share\vm\prims\jvm.cpp, line 1390]
Event: 0.237 Thread 0x0000000004eb0800 Exception <a 'java/io/FileNotFoundException'> (0x00000000d5c1a0c0) thrown at [C:\re\workspace\8-2-build-windows-amd64-cygwin\jdk8u131\8869\hotspot\src\share\vm\prims\jni.cpp, line 709]
Event: 0.366 Thread 0x0000000004eb0800 Exception <a 'java/lang/NoSuchFieldError': method resolution failed> (0x00000000d5d8ea00) thrown at [C:\re\workspace\8-2-build-windows-amd64-cygwin\jdk8u131\8869\hotspot\src\share\vm\prims\methodHandles.cpp, line 1146]
Event: 0.370 Thread 0x0000000004eb0800 Exception <a 'java/lang/NoSuchFieldError': method resolution failed> (0x00000000d5d9c0a8) thrown at [C:\re\workspace\8-2-build-windows-amd64-cygwin\jdk8u131\8869\hotspot\src\share\vm\prims\methodHandles.cpp, line 1146]
Event: 0.509 Thread 0x000000001b976000 Exception <a 'java/io/FileNotFoundException'> (0x00000000d5f72f50) thrown at [C:\re\workspace\8-2-build-windows-amd64-cygwin\jdk8u131\8869\hotspot\src\share\vm\prims\jni.cpp, line 709]
Event: 0.544 Thread 0x000000001b976000 Implicit null exception at 0x000000000512a65b to 0x000000000512a80d

Events (10 events):
Event: 37.101 Executing VM operation: ParallelGCFailedAllocation
Event: 37.105 Executing VM operation: ParallelGCFailedAllocation done
Event: 38.617 Executing VM operation: ParallelGCFailedAllocation
Event: 38.621 Executing VM operation: ParallelGCFailedAllocation done
Event: 38.897 Thread 0x000000001b7ba800 Thread added: 0x000000001b7ba800
Event: 38.897 Thread 0x000000001b7bb800 Thread added: 0x000000001b7bb800
Event: 38.898 Thread 0x000000001b7ba800 Thread exited: 0x000000001b7ba800
Event: 38.925 Thread 0x000000001b975000 Thread exited: 0x000000001b975000
Event: 38.999 Thread 0x000000001b7bb800 Thread exited: 0x000000001b7bb800
Event: 38.999 Executing VM operation: Exit


Dynamic libraries:
0x00007ff779930000 - 0x00007ff779967000 	C:\Program Files\Java\jre1.8.0_131\bin\javaw.exe
0x00007ffbd99e0000 - 0x00007ffbd9bc0000 	C:\WINDOWS\SYSTEM32\ntdll.dll
0x00007ffbd71a0000 - 0x00007ffbd724e000 	C:\WINDOWS\System32\KERNEL32.DLL
0x00007ffbd5de0000 - 0x00007ffbd6046000 	C:\WINDOWS\System32\KERNELBASE.dll
0x00007ffbd9170000 - 0x00007ffbd9211000 	C:\WINDOWS\System32\ADVAPI32.dll
0x00007ffbd6eb0000 - 0x00007ffbd6f4d000 	C:\WINDOWS\System32\msvcrt.dll
0x00007ffbd8810000 - 0x00007ffbd886b000 	C:\WINDOWS\System32\sechost.dll
0x00007ffbd8f60000 - 0x00007ffbd907f000 	C:\WINDOWS\System32\RPCRT4.dll
0x00007ffbd96a0000 - 0x00007ffbd982f000 	C:\WINDOWS\System32\USER32.dll
0x00007ffbd60a0000 - 0x00007ffbd60c0000 	C:\WINDOWS\System32\win32u.dll
0x00007ffbd9830000 - 0x00007ffbd9858000 	C:\WINDOWS\System32\GDI32.dll
0x00007ffbd62e0000 - 0x00007ffbd6473000 	C:\WINDOWS\System32\gdi32full.dll
0x00007ffbd60c0000 - 0x00007ffbd615b000 	C:\WINDOWS\System32\msvcp_win.dll
0x00007ffbd6160000 - 0x00007ffbd6256000 	C:\WINDOWS\System32\ucrtbase.dll
0x00007ffbbc760000 - 0x00007ffbbc9c9000 	C:\WINDOWS\WinSxS\amd64_microsoft.windows.common-controls_6595b64144ccf1df_6.0.16299.248_none_15ced204935f55d7\COMCTL32.dll
0x00007ffbd9390000 - 0x00007ffbd9698000 	C:\WINDOWS\System32\combase.dll
0x00007ffbd6260000 - 0x00007ffbd62d2000 	C:\WINDOWS\System32\bcryptPrimitives.dll
0x00007ffbd98c0000 - 0x00007ffbd98ed000 	C:\WINDOWS\System32\IMM32.DLL
0x00000000721b0000 - 0x0000000072282000 	C:\Program Files\Java\jre1.8.0_131\bin\msvcr100.dll
0x00000000716c0000 - 0x0000000071f5c000 	C:\Program Files\Java\jre1.8.0_131\bin\server\jvm.dll
0x00007ffbd88d0000 - 0x00007ffbd88d8000 	C:\WINDOWS\System32\PSAPI.DLL
0x00007ffbbb0d0000 - 0x00007ffbbb0d9000 	C:\WINDOWS\SYSTEM32\WSOCK32.dll
0x00007ffbd2830000 - 0x00007ffbd2853000 	C:\WINDOWS\SYSTEM32\WINMM.dll
0x00007ffbd7360000 - 0x00007ffbd73cc000 	C:\WINDOWS\System32\WS2_32.dll
0x00007ffbcbe30000 - 0x00007ffbcbe3a000 	C:\WINDOWS\SYSTEM32\VERSION.dll
0x00007ffbd27d0000 - 0x00007ffbd27fa000 	C:\WINDOWS\SYSTEM32\WINMMBASE.dll
0x00007ffbd6050000 - 0x00007ffbd609a000 	C:\WINDOWS\System32\cfgmgr32.dll
0x0000000072350000 - 0x000000007235f000 	C:\Program Files\Java\jre1.8.0_131\bin\verify.dll
0x0000000072320000 - 0x0000000072349000 	C:\Program Files\Java\jre1.8.0_131\bin\java.dll
0x0000000072300000 - 0x0000000072316000 	C:\Program Files\Java\jre1.8.0_131\bin\zip.dll
0x00007ffbd73d0000 - 0x00007ffbd8806000 	C:\WINDOWS\System32\SHELL32.dll
0x00007ffbd9900000 - 0x00007ffbd99a6000 	C:\WINDOWS\System32\shcore.dll
0x00007ffbd6530000 - 0x00007ffbd6c77000 	C:\WINDOWS\System32\windows.storage.dll
0x00007ffbd8d30000 - 0x00007ffbd8d81000 	C:\WINDOWS\System32\shlwapi.dll
0x00007ffbd5d30000 - 0x00007ffbd5d41000 	C:\WINDOWS\System32\kernel.appcore.dll
0x00007ffbd5d70000 - 0x00007ffbd5dbc000 	C:\WINDOWS\System32\powrprof.dll
0x00007ffbd5dc0000 - 0x00007ffbd5ddb000 	C:\WINDOWS\System32\profapi.dll
0x0000000072010000 - 0x00000000721a8000 	C:\Program Files\Java\jre1.8.0_131\bin\awt.dll
0x00007ffbd9080000 - 0x00007ffbd9145000 	C:\WINDOWS\System32\OLEAUT32.dll
0x00007ffbd3c10000 - 0x00007ffbd3c98000 	C:\WINDOWS\SYSTEM32\apphelp.dll
0x00007ffbd3d90000 - 0x00007ffbd3e25000 	C:\WINDOWS\system32\uxtheme.dll
0x00007ffbd9220000 - 0x00007ffbd9387000 	C:\WINDOWS\System32\MSCTF.dll
0x00007ffbab640000 - 0x00007ffbab6e9000 	C:\Program Files\Common Files\microsoft shared\ink\tiptsf.dll
0x00007ffbd40e0000 - 0x00007ffbd410a000 	C:\WINDOWS\system32\dwmapi.dll
0x00007ffbd8e10000 - 0x00007ffbd8f59000 	C:\WINDOWS\System32\ole32.dll
0x00007ffbadae0000 - 0x00007ffbadbfe000 	C:\WINDOWS\system32\opengl32.dll
0x00007ffbc9420000 - 0x00007ffbc944c000 	C:\WINDOWS\SYSTEM32\GLU32.dll
0x00000000715c0000 - 0x0000000071607000 	C:\Program Files\Java\jre1.8.0_131\bin\fontmanager.dll
0x00000000722e0000 - 0x00000000722fa000 	C:\Program Files\Java\jre1.8.0_131\bin\net.dll
0x0000000180000000 - 0x000000018008c000 	C:\WINDOWS\system32\ASProxy64.dll
0x00007ffbd55c0000 - 0x00007ffbd5626000 	C:\WINDOWS\SYSTEM32\MSWSOCK.dll
0x00007ffbd5350000 - 0x00007ffbd5389000 	C:\WINDOWS\SYSTEM32\IPHLPAPI.DLL
0x00007ffbd5c60000 - 0x00007ffbd5c90000 	C:\WINDOWS\SYSTEM32\SspiCli.dll
0x00000000722c0000 - 0x00000000722d1000 	C:\Program Files\Java\jre1.8.0_131\bin\nio.dll
0x0000000071570000 - 0x00000000715b2000 	C:\Program Files\Java\jre1.8.0_131\bin\t2k.dll
0x00007ffbc36d0000 - 0x00007ffbc370e000 	C:\Users\weand\Desktop\Capstone project\CCR\GantryRobot\LeapMotion\LeapSDK\lib\x64\LeapJava.dll
0x00007ffbad620000 - 0x00007ffbad6c6000 	C:\Program Files\Java\jre1.8.0_131\bin\MSVCP120.dll
0x00007ffbad6d0000 - 0x00007ffbad7bf000 	C:\Program Files\Java\jre1.8.0_131\bin\MSVCR120.dll
0x00007ffba30d0000 - 0x00007ffba323b000 	C:\Users\weand\Desktop\Capstone project\CCR\GantryRobot\LeapMotion\LeapSDK\lib\x64\Leap.dll
0x00007ffbd4e70000 - 0x00007ffbd4ea1000 	C:\WINDOWS\SYSTEM32\ntmarta.dll
0x00007ffb8a510000 - 0x00007ffb8aee1000 	C:\Users\weand\Desktop\Capstone project\CCR\GantryRobot\OpenCV\opencv\build\java\x64\opencv_java2410.dll
0x00007ffbc8e00000 - 0x00007ffbc8e1f000 	C:\WINDOWS\SYSTEM32\AVIFIL32.dll
0x00007ffbc2210000 - 0x00007ffbc2239000 	C:\WINDOWS\SYSTEM32\MSVFW32.dll
0x00007ffbc7850000 - 0x00007ffbc7868000 	C:\WINDOWS\SYSTEM32\AVICAP32.dll
0x00007ffbcd340000 - 0x00007ffbcd35c000 	C:\WINDOWS\SYSTEM32\MSACM32.dll
0x00007ffbd6f50000 - 0x00007ffbd6fee000 	C:\WINDOWS\System32\clbcatq.dll
0x00007ffbd22d0000 - 0x00007ffbd247b000 	C:\WINDOWS\SYSTEM32\WindowsCodecs.dll
0x00007ffbb06c0000 - 0x00007ffbb070f000 	C:\WINDOWS\system32\dataexchange.dll
0x00007ffbd36e0000 - 0x00007ffbd3822000 	C:\WINDOWS\system32\dcomp.dll
0x00007ffbd2d50000 - 0x00007ffbd3032000 	C:\WINDOWS\system32\d3d11.dll
0x00007ffbd4ba0000 - 0x00007ffbd4c4f000 	C:\WINDOWS\system32\dxgi.dll
0x00007ffbd4260000 - 0x00007ffbd43db000 	C:\WINDOWS\system32\twinapi.appcore.dll
0x00007ffbd5890000 - 0x00007ffbd58b5000 	C:\WINDOWS\system32\bcrypt.dll
0x00007ffbd41d0000 - 0x00007ffbd41f0000 	C:\WINDOWS\system32\RMCLIENT.dll
0x00007ffbb5800000 - 0x00007ffbb5898000 	C:\WINDOWS\System32\TextInputFramework.dll
0x00007ffbd1ea0000 - 0x00007ffbd218e000 	C:\WINDOWS\System32\CoreUIComponents.dll
0x00007ffbd3600000 - 0x00007ffbd36dc000 	C:\WINDOWS\System32\CoreMessaging.dll
0x00007ffbd1d60000 - 0x00007ffbd1e96000 	C:\WINDOWS\SYSTEM32\wintypes.dll
0x00007ffbb3d40000 - 0x00007ffbb3f46000 	C:\Windows\System32\uiautomationcore.dll
0x00007ffbd5b90000 - 0x00007ffbd5c2a000 	C:\WINDOWS\SYSTEM32\sxs.dll
0x00007ffbb0d00000 - 0x00007ffbb0d6e000 	C:\Windows\System32\OLEACC.dll
0x00007ffbb52a0000 - 0x00007ffbb5321000 	C:\WINDOWS\SYSTEM32\twinapi.dll
0x00007ffbd26d0000 - 0x00007ffbd26e8000 	C:\Windows\System32\devenum.dll
0x00007ffbd88e0000 - 0x00007ffbd8d2e000 	C:\WINDOWS\System32\setupapi.dll
0x00007ffbd5b40000 - 0x00007ffbd5b67000 	C:\WINDOWS\SYSTEM32\DEVOBJ.dll
0x00007ffbd6c80000 - 0x00007ffbd6cd8000 	C:\WINDOWS\System32\WINTRUST.dll
0x00007ffbd5d50000 - 0x00007ffbd5d62000 	C:\WINDOWS\System32\MSASN1.dll
0x00007ffbd6ce0000 - 0x00007ffbd6eae000 	C:\WINDOWS\System32\CRYPT32.dll
0x00007ffbb0710000 - 0x00007ffbb071a000 	C:\WINDOWS\SYSTEM32\msdmo.dll
0x00007ffbc9300000 - 0x00007ffbc9333000 	C:\Windows\System32\qcap.dll
0x00007ffbad7e0000 - 0x00007ffbad99c000 	C:\Windows\System32\quartz.dll
0x00007ffbc3730000 - 0x00007ffbc377e000 	C:\Windows\System32\mfksproxy.dll
0x00007ffbcd890000 - 0x00007ffbcd8c6000 	C:\Windows\System32\MFSENSORGROUP.dll
0x00007ffbcdb20000 - 0x00007ffbcdb3d000 	C:\Windows\System32\ATL.DLL
0x00007ffbcd6d0000 - 0x00007ffbcd881000 	C:\Windows\System32\MFPlat.DLL
0x00007ffbcd690000 - 0x00007ffbcd6c2000 	C:\Windows\System32\RTWorkQ.DLL
0x00007ffbccc10000 - 0x00007ffbcd057000 	C:\Windows\System32\MFCORE.dll
0x00007ffbccc00000 - 0x00007ffbccc09000 	C:\Windows\System32\ksuser.dll
0x00007ffbd57a0000 - 0x00007ffbd57ab000 	C:\Windows\System32\CRYPTBASE.DLL
0x00007ffbb1890000 - 0x00007ffbb18e0000 	C:\Windows\System32\FSClient.dll
0x00007ffbd22c0000 - 0x00007ffbd22ca000 	C:\Windows\System32\AVRT.dll
0x00007ffbc9710000 - 0x00007ffbc971c000 	C:\Windows\System32\vidcap.ax
0x00007ffbbdd50000 - 0x00007ffbbdd76000 	C:\Windows\System32\kswdmcap.ax
0x00007ffb9c1a0000 - 0x00007ffb9c305000 	C:\Windows\System32\MFC42.dll
0x00007ffb99740000 - 0x00007ffb99cb2000 	C:\WINDOWS\system32\IntelCameraPlugin64.dll
0x00007ffbd1b90000 - 0x00007ffbd1c0a000 	C:\WINDOWS\SYSTEM32\policymanager.dll
0x00007ffbd1a30000 - 0x00007ffbd1ac0000 	C:\Windows\System32\msvcp110_win.dll
0x00007ffb9c7a0000 - 0x00007ffb9c8aa000 	C:\Windows\System32\MFReadWrite.dll
0x00007ffbb7820000 - 0x00007ffbb78c0000 	C:\Windows\System32\qedit.dll
0x00007ffbd7250000 - 0x00007ffbd735a000 	C:\WINDOWS\System32\COMDLG32.dll
0x00007ffbba4f0000 - 0x00007ffbba68c000 	C:\WINDOWS\WinSxS\amd64_microsoft.windows.gdiplus_6595b64144ccf1df_1.1.16299.248_none_46b9c4e9edf1cfa5\gdiplus.dll
0x00007ffbab790000 - 0x00007ffbab886000 	C:\Windows\System32\DDRAW.dll
0x00007ffbd28b0000 - 0x00007ffbd28b8000 	C:\Windows\System32\DCIMAN32.dll
0x00007ffbd2880000 - 0x00007ffbd288c000 	C:\WINDOWS\SYSTEM32\msyuv.dll
0x00007ffbd4720000 - 0x00007ffbd48e8000 	C:\WINDOWS\SYSTEM32\dbghelp.dll

VM Arguments:
jvm_args: -Djava.library.path=C:\Users\weand\Desktop\Capstone project\CCR\GantryRobot\mfz-rxtx-2.2-20081207-win-x64;C:\Users\weand\Desktop\Capstone project\CCR\GantryRobot\OpenCV\opencv\build\java\x64;C:\Users\weand\Desktop\Capstone project\CCR\GantryRobot\LeapMotion\LeapSDK\lib\x64 -Dfile.encoding=Cp1252 
java_command: leap.RXTXGui
java_class_path (initial): C:\Users\weand\workspace\Gantry_1\bin;C:\Users\weand\Desktop\Capstone project\CCR\GantryRobot\mfz-rxtx-2.2-20081207-win-x64\RXTXcomm.jar;C:\Users\weand\Desktop\Capstone project\CCR\GantryRobot\OpenCV\opencv\build\java\opencv-2410.jar;C:\Users\weand\Desktop\Capstone project\CCR\GantryRobot\LeapMotion\LeapSDK\lib\LeapJava.jar
Launcher Type: SUN_STANDARD

Environment Variables:
PATH=C:\Users\weand\Desktop\Capstone project\CCR\GantryRobot\LeapMotion\LeapSDK\lib\x64;n;C:/Program Files/Java/jre1.8.0_131/lib/amd64;C:\ProgramData\Oracle\Java\javapath;C:\Program Files\Microsoft MPI\Bin\;C:\WINDOWS\system32;C:\WINDOWS;C:\WINDOWS\System32\Wbem;C:\WINDOWS\System32\WindowsPowerShell\v1.0\;C:\Program Files (x86)\Skype\Phone\;C:\Program Files\Microsoft SQL Server\130\Tools\Binn\;C:\Program Files\dotnet\;C:\Program Files (x86)\GtkSharp\2.12\bin;C:\Program Files\MySQL\MySQL Utilities 1.6\;C:\Program Files\Git\cmd;C:\Users\weand\AppData\Local\Microsoft\WindowsApps;C:\Program Files (x86)\Spiceworks\Nmap;;C:\Users\weand\Downloads\eclipse-java-kepler-SR1-win32-x86_64\eclipse;C:/Program Files/Java/jre1.8.0_131/bin/server;C:/Program Files/Java/jre1.8.0_131/bin;C:/Program Files/Java/jre1.8.0_131/lib/amd64;C:\ProgramData\Oracle\Java\javapath;C:\Program Files\Microsoft MPI\Bin\;C:\WINDOWS\system32;C:\WINDOWS;C:\WINDOWS\System32\Wbem;C:\WINDOWS\System32\WindowsPowerShell\v1.0\;C:\Program Files (x86)\Skype\Phone\;C:\Program Files\Microsoft SQL Server\130\Tools\Binn\;C:\Program Files\dotnet\;C:\Program Files (x86)\GtkSharp\2.12\bin;C:\Program Files\MySQL\MySQL Utilities 1.6\;C:\Program Files\Git\cmd;C:\Users\weand\AppData\Local\Microsoft\WindowsApps;C:\Program Files (x86)\Spiceworks\Nmap;;C:\Users\weand\Downloads\eclipse-java-kepler-SR1-win32-x86_64\eclipse;
USERNAME=weand
OS=Windows_NT
PROCESSOR_IDENTIFIER=Intel64 Family 6 Model 78 Stepping 3, GenuineIntel



---------------  S Y S T E M  ---------------

OS: Windows 10.0 , 64 bit Build 16299 (10.0.16299.15)

CPU:total 4 (initial active 4) (2 cores per cpu, 2 threads per core) family 6 model 78 stepping 3, cmov, cx8, fxsr, mmx, sse, sse2, sse3, ssse3, sse4.1, sse4.2, popcnt, avx, avx2, aes, clmul, erms, rtm, 3dnowpref, lzcnt, ht, tsc, tscinvbit, bmi1, bmi2, adx

Memory: 4k page, physical 8311896k(2439868k free), swap 13440356k(2192296k free)

vm_info: Java HotSpot(TM) 64-Bit Server VM (25.131-b11) for windows-amd64 JRE (1.8.0_131-b11), built on Mar 15 2017 01:23:53 by "java_re" with MS VC++ 10.0 (VS2010)

time: Sat Mar 24 15:37:30 2018
elapsed time: 41 seconds (0d 0h 0m 41s)

