#
# A fatal error has been detected by the Java Runtime Environment:
#
#  Internal Error (0xc000000d), pid=12584, tid=0x0000000000003114
#
# JRE version: Java(TM) SE Runtime Environment (8.0_131-b11) (build 1.8.0_131-b11)
# Java VM: Java HotSpot(TM) 64-Bit Server VM (25.131-b11 mixed mode windows-amd64 compressed oops)
# Problematic frame:
# C  [ntdll.dll+0x10b2b0]
#
# Failed to write core dump. Minidumps are not enabled by default on client versions of Windows
#
# If you would like to submit a bug report, please visit:
#   http://bugreport.java.com/bugreport/crash.jsp
#

---------------  T H R E A D  ---------------

Current thread (0x0000000019157800):  VMThread [stack: 0x000000001a1f0000,0x000000001a2f0000] [id=12564]

siginfo: ExceptionCode=0xc000000d

Registers:
RAX=0x0000000002902050, RBX=0x0000000000000001, RCX=0x0000000019158bd0, RDX=0x0000000000000001
RSP=0x000000001a2eed10, RBP=0x000000001e04e590, RSI=0x000000001e04e7c8, RDI=0x000000001e03bda0
R8 =0x0000000002902050, R9 =0x0000000019158bd0, R10=0x0000000000000001, R11=0x0000000019158be0
R12=0x00007ff910ec6680, R13=0x0000000000000001, R14=0x000000001e0304a0, R15=0x000000001e0304a0
RIP=0x00007ff9191fb2b0, EFLAGS=0x0000000000000202

Top of Stack: (sp=0x000000001a2eed10)
0x000000001a2eed10:   0000000000000057 0000000000000001
0x000000001a2eed20:   000000001e04e7c8 000000001e03bda0
0x000000001a2eed30:   00000000c000000d 0000000000000000
0x000000001a2eed40:   00007ff9191fb2b0 0000000000000000
0x000000001a2eed50:   0000000000000000 0000000000000000
0x000000001a2eed60:   0000000000000000 0000000000000000
0x000000001a2eed70:   0000000000000000 0000000000000000
0x000000001a2eed80:   0000000000000000 0000000000000000
0x000000001a2eed90:   0000000000000000 0000000000000000
0x000000001a2eeda0:   0000000000000000 0000000000000000
0x000000001a2eedb0:   0000000000000000 0000000000000000
0x000000001a2eedc0:   0000000000000000 0000000000000000
0x000000001a2eedd0:   00000311d74dcffe 000000001e03bda0
0x000000001a2eede0:   000000001e04e7c8 00007ff910ec4907
0x000000001a2eedf0:   000000001e03bda0 000000001e0304a0
0x000000001a2eee00:   00000000f46857d4 0000000000000020 

Instructions: (pc=0x00007ff9191fb2b0)
0x00007ff9191fb290:   b7 f9 ff c7 44 24 20 0d 00 00 c0 b9 57 00 00 00
0x00007ff9191fb2a0:   e8 4b 63 f3 ff 90 48 8d 4c 24 20 e8 90 00 f1 ff
0x00007ff9191fb2b0:   eb 00 48 8b 8c 24 c0 00 00 00 48 33 cc e8 ce 57
0x00007ff9191fb2c0:   f8 ff 48 81 c4 d8 00 00 00 c3 40 55 48 83 ec 20 


Register to memory mapping:

RAX=0x0000000002902050 is an unknown value
RBX=0x0000000000000001 is an unknown value
RCX=0x0000000019158bd0 is an unknown value
RDX=0x0000000000000001 is an unknown value
RSP=0x000000001a2eed10 is an unknown value
RBP=0x000000001e04e590 is an unknown value
RSI=0x000000001e04e7c8 is an unknown value
RDI=0x000000001e03bda0 is an unknown value
R8 =0x0000000002902050 is an unknown value
R9 =0x0000000019158bd0 is an unknown value
R10=0x0000000000000001 is an unknown value
R11=0x0000000019158be0 is an unknown value
R12=0x00007ff910ec6680 is an unknown value
R13=0x0000000000000001 is an unknown value
R14=0x000000001e0304a0 is an unknown value
R15=0x000000001e0304a0 is an unknown value


Stack: [0x000000001a1f0000,0x000000001a2f0000],  sp=0x000000001a2eed10,  free space=1019k
Native frames: (J=compiled Java code, j=interpreted, Vv=VM code, C=native code)
C  [ntdll.dll+0x10b2b0]
C  [RTWorkQ.DLL+0x4907]
C  [RTWorkQ.DLL+0x9e46]
C  [RTWorkQ.DLL+0x7565]
C  [MFPlat.DLL+0x1d65b]
C  [MFReadWrite.dll+0x16348]
C  [MFReadWrite.dll+0xfb0d]
C  [MFReadWrite.dll+0xf863]
C  [mfksproxy.dll+0x194d0]
C  [mfksproxy.dll+0x18069]
C  [mfksproxy.dll+0x6eeb]
C  [quartz.dll+0x42e19]
C  [quartz.dll+0x553ef]
C  [quartz.dll+0x57932]
C  [quartz.dll+0x56d75]
C  [opencv_java2410.dll+0x2aaa1e]
C  [opencv_java2410.dll+0x5f43d0]
C  [opencv_java2410.dll+0x508e75]
C  [opencv_java2410.dll+0x4fc0f6]
C  [opencv_java2410.dll+0x4fc269]
C  [ntdll.dll+0x11493]
C  [ntdll.dll+0x406b5]
C  [ntdll.dll+0x40574]
C  [KERNEL32.DLL+0xf06a]
C  [msvcr100.dll+0x20ccd]
V  [jvm.dll+0x213235]
V  [jvm.dll+0x24c2a7]
V  [jvm.dll+0x24b546]
V  [jvm.dll+0x24b9e1]
V  [jvm.dll+0x24bbfe]
V  [jvm.dll+0x29cc1a]
C  [msvcr100.dll+0x21d9f]
C  [msvcr100.dll+0x21e3b]
C  [KERNEL32.DLL+0x11fe4]
C  [ntdll.dll+0x6efc1]

VM_Operation (0x000000001b85d140): Exit, mode: safepoint, requested by thread 0x000000001af49800


---------------  P R O C E S S  ---------------

Java Threads: ( => current thread )
  0x000000001aca4800 JavaThread "Thread-3" [_thread_blocked, id=976, stack(0x00000000265e0000,0x00000000266e0000)]
  0x000000001d736800 JavaThread "TimerQueue" daemon [_thread_blocked, id=14756, stack(0x000000001df10000,0x000000001e010000)]
  0x0000000004510800 JavaThread "DestroyJavaVM" [_thread_blocked, id=13756, stack(0x0000000004410000,0x0000000004510000)]
  0x000000001af49800 JavaThread "AWT-EventQueue-0" [_thread_blocked, id=14904, stack(0x000000001b760000,0x000000001b860000)]
  0x000000001aef6000 JavaThread "AWT-Shutdown" [_thread_blocked, id=1048, stack(0x000000001b420000,0x000000001b520000)]
  0x000000001aef5000 JavaThread "Java2D Disposer" daemon [_thread_blocked, id=3412, stack(0x000000001b320000,0x000000001b420000)]
  0x00000000191ed800 JavaThread "Service Thread" daemon [_thread_blocked, id=1280, stack(0x000000001afe0000,0x000000001b0e0000)]
  0x00000000191bd000 JavaThread "C1 CompilerThread2" daemon [_thread_blocked, id=9144, stack(0x000000001aae0000,0x000000001abe0000)]
  0x0000000019197000 JavaThread "C2 CompilerThread1" daemon [_thread_blocked, id=9672, stack(0x000000001a9e0000,0x000000001aae0000)]
  0x000000001918e800 JavaThread "C2 CompilerThread0" daemon [_thread_blocked, id=1556, stack(0x000000001a8e0000,0x000000001a9e0000)]
  0x000000001918d000 JavaThread "Attach Listener" daemon [_thread_blocked, id=11820, stack(0x000000001a7e0000,0x000000001a8e0000)]
  0x000000001918c000 JavaThread "Signal Dispatcher" daemon [_thread_blocked, id=9908, stack(0x000000001a6e0000,0x000000001a7e0000)]
  0x000000001917a800 JavaThread "Finalizer" daemon [_thread_blocked, id=14452, stack(0x000000001a3f0000,0x000000001a4f0000)]
  0x00000000045ff000 JavaThread "Reference Handler" daemon [_thread_blocked, id=6632, stack(0x000000001a2f0000,0x000000001a3f0000)]

Other Threads:
=>0x0000000019157800 VMThread [stack: 0x000000001a1f0000,0x000000001a2f0000] [id=12564]

VM state:at safepoint (shutting down)

VM Mutex/Monitor currently owned by a thread:  ([mutex/lock_event])
[0x000000000290cbd0] Threads_lock - owner thread: 0x0000000019157800

Heap:
 PSYoungGen      total 25600K, used 18724K [0x00000000d5b80000, 0x00000000d7880000, 0x0000000100000000)
  eden space 21504K, 73% used [0x00000000d5b80000,0x00000000d6b062c8,0x00000000d7080000)
  from space 4096K, 69% used [0x00000000d7080000,0x00000000d7343030,0x00000000d7480000)
  to   space 4096K, 0% used [0x00000000d7480000,0x00000000d7480000,0x00000000d7880000)
 ParOldGen       total 87552K, used 45828K [0x0000000081200000, 0x0000000086780000, 0x00000000d5b80000)
  object space 87552K, 52% used [0x0000000081200000,0x0000000083ec12a0,0x0000000086780000)
 Metaspace       used 13541K, capacity 13780K, committed 14080K, reserved 1060864K
  class space    used 1631K, capacity 1704K, committed 1792K, reserved 1048576K

Card table byte_map: [0x00000000139d0000,0x0000000013dd0000] byte_map_base: 0x00000000135c7000

Marking Bits: (ParMarkBitMap*) 0x00000000730fc720
 Begin Bits: [0x0000000014480000, 0x0000000016438000)
 End Bits:   [0x0000000016438000, 0x00000000183f0000)

Polling page: 0x00000000028a0000

CodeCache: size=245760Kb used=6314Kb max_used=6338Kb free=239445Kb
 bounds [0x0000000004610000, 0x0000000004c50000, 0x0000000013610000]
 total_blobs=2508 nmethods=1826 adapters=594
 compilation: enabled

Compilation events (10 events):
Event: 429.124 Thread 0x0000000019197000 2087   !   4       javax.swing.UIManager::getLAFState (62 bytes)
Event: 429.125 Thread 0x0000000019197000 nmethod 2087 0x00000000048cef90 code [0x00000000048cf0e0, 0x00000000048cf1c8]
Event: 435.054 Thread 0x000000001918e800 2088   !   4       javax.swing.RepaintManager$ProcessingRunnable::run (41 bytes)
Event: 435.083 Thread 0x0000000019197000 2089       4       javax.swing.RepaintManager::updateWindows (161 bytes)
Event: 435.103 Thread 0x0000000019197000 nmethod 2089 0x0000000004a0f950 code [0x0000000004a0fb20, 0x0000000004a105a8]
Event: 435.175 Thread 0x000000001918e800 nmethod 2088 0x0000000004c45050 code [0x0000000004c45400, 0x0000000004c49250]
Event: 437.070 Thread 0x0000000019197000 2090   !   4       sun.awt.windows.WWindowPeer::getTranslucentGraphics (37 bytes)
Event: 437.071 Thread 0x0000000019197000 nmethod 2090 0x00000000049068d0 code [0x0000000004906a00, 0x0000000004906c78]
Event: 440.012 Thread 0x000000001918e800 2091       4       java.lang.StringBuilder::<init> (18 bytes)
Event: 440.018 Thread 0x000000001918e800 nmethod 2091 0x0000000004b452d0 code [0x0000000004b45420, 0x0000000004b45958]

GC Heap History (10 events):
Event: 435.258 GC heap before
{Heap before GC invocations=341 (full 0):
 PSYoungGen      total 25600K, used 23981K [0x00000000d5b80000, 0x00000000d7880000, 0x0000000100000000)
  eden space 21504K, 98% used [0x00000000d5b80000,0x00000000d7028720,0x00000000d7080000)
  from space 4096K, 69% used [0x00000000d7480000,0x00000000d7743030,0x00000000d7880000)
  to   space 4096K, 0% used [0x00000000d7080000,0x00000000d7080000,0x00000000d7480000)
 ParOldGen       total 87552K, used 45764K [0x0000000081200000, 0x0000000086780000, 0x00000000d5b80000)
  object space 87552K, 52% used [0x0000000081200000,0x0000000083eb12a0,0x0000000086780000)
 Metaspace       used 13540K, capacity 13780K, committed 14080K, reserved 1060864K
  class space    used 1631K, capacity 1704K, committed 1792K, reserved 1048576K
Event: 435.259 GC heap after
Heap after GC invocations=341 (full 0):
 PSYoungGen      total 25600K, used 3728K [0x00000000d5b80000, 0x00000000d7880000, 0x0000000100000000)
  eden space 21504K, 0% used [0x00000000d5b80000,0x00000000d5b80000,0x00000000d7080000)
  from space 4096K, 91% used [0x00000000d7080000,0x00000000d7424040,0x00000000d7480000)
  to   space 4096K, 0% used [0x00000000d7480000,0x00000000d7480000,0x00000000d7880000)
 ParOldGen       total 87552K, used 45772K [0x0000000081200000, 0x0000000086780000, 0x00000000d5b80000)
  object space 87552K, 52% used [0x0000000081200000,0x0000000083eb32a0,0x0000000086780000)
 Metaspace       used 13540K, capacity 13780K, committed 14080K, reserved 1060864K
  class space    used 1631K, capacity 1704K, committed 1792K, reserved 1048576K
}
Event: 436.465 GC heap before
{Heap before GC invocations=342 (full 0):
 PSYoungGen      total 25600K, used 24881K [0x00000000d5b80000, 0x00000000d7880000, 0x0000000100000000)
  eden space 21504K, 98% used [0x00000000d5b80000,0x00000000d7028710,0x00000000d7080000)
  from space 4096K, 91% used [0x00000000d7080000,0x00000000d7424040,0x00000000d7480000)
  to   space 4096K, 0% used [0x00000000d7480000,0x00000000d7480000,0x00000000d7880000)
 ParOldGen       total 87552K, used 45772K [0x0000000081200000, 0x0000000086780000, 0x00000000d5b80000)
  object space 87552K, 52% used [0x0000000081200000,0x0000000083eb32a0,0x0000000086780000)
 Metaspace       used 13540K, capacity 13780K, committed 14080K, reserved 1060864K
  class space    used 1631K, capacity 1704K, committed 1792K, reserved 1048576K
Event: 436.466 GC heap after
Heap after GC invocations=342 (full 0):
 PSYoungGen      total 25600K, used 2860K [0x00000000d5b80000, 0x00000000d7880000, 0x0000000100000000)
  eden space 21504K, 0% used [0x00000000d5b80000,0x00000000d5b80000,0x00000000d7080000)
  from space 4096K, 69% used [0x00000000d7480000,0x00000000d774b030,0x00000000d7880000)
  to   space 4096K, 0% used [0x00000000d7080000,0x00000000d7080000,0x00000000d7480000)
 ParOldGen       total 87552K, used 45788K [0x0000000081200000, 0x0000000086780000, 0x00000000d5b80000)
  object space 87552K, 52% used [0x0000000081200000,0x0000000083eb72a0,0x0000000086780000)
 Metaspace       used 13540K, capacity 13780K, committed 14080K, reserved 1060864K
  class space    used 1631K, capacity 1704K, committed 1792K, reserved 1048576K
}
Event: 437.578 GC heap before
{Heap before GC invocations=343 (full 0):
 PSYoungGen      total 25600K, used 24011K [0x00000000d5b80000, 0x00000000d7880000, 0x0000000100000000)
  eden space 21504K, 98% used [0x00000000d5b80000,0x00000000d7027eb0,0x00000000d7080000)
  from space 4096K, 69% used [0x00000000d7480000,0x00000000d774b030,0x00000000d7880000)
  to   space 4096K, 0% used [0x00000000d7080000,0x00000000d7080000,0x00000000d7480000)
 ParOldGen       total 87552K, used 45788K [0x0000000081200000, 0x0000000086780000, 0x00000000d5b80000)
  object space 87552K, 52% used [0x0000000081200000,0x0000000083eb72a0,0x0000000086780000)
 Metaspace       used 13540K, capacity 13780K, committed 14080K, reserved 1060864K
  class space    used 1631K, capacity 1704K, committed 1792K, reserved 1048576K
Event: 437.579 GC heap after
Heap after GC invocations=343 (full 0):
 PSYoungGen      total 25600K, used 2860K [0x00000000d5b80000, 0x00000000d7880000, 0x0000000100000000)
  eden space 21504K, 0% used [0x00000000d5b80000,0x00000000d5b80000,0x00000000d7080000)
  from space 4096K, 69% used [0x00000000d7080000,0x00000000d734b030,0x00000000d7480000)
  to   space 4096K, 0% used [0x00000000d7480000,0x00000000d7480000,0x00000000d7880000)
 ParOldGen       total 87552K, used 45804K [0x0000000081200000, 0x0000000086780000, 0x00000000d5b80000)
  object space 87552K, 52% used [0x0000000081200000,0x0000000083ebb2a0,0x0000000086780000)
 Metaspace       used 13540K, capacity 13780K, committed 14080K, reserved 1060864K
  class space    used 1631K, capacity 1704K, committed 1792K, reserved 1048576K
}
Event: 438.785 GC heap before
{Heap before GC invocations=344 (full 0):
 PSYoungGen      total 25600K, used 24011K [0x00000000d5b80000, 0x00000000d7880000, 0x0000000100000000)
  eden space 21504K, 98% used [0x00000000d5b80000,0x00000000d7027e90,0x00000000d7080000)
  from space 4096K, 69% used [0x00000000d7080000,0x00000000d734b030,0x00000000d7480000)
  to   space 4096K, 0% used [0x00000000d7480000,0x00000000d7480000,0x00000000d7880000)
 ParOldGen       total 87552K, used 45804K [0x0000000081200000, 0x0000000086780000, 0x00000000d5b80000)
  object space 87552K, 52% used [0x0000000081200000,0x0000000083ebb2a0,0x0000000086780000)
 Metaspace       used 13540K, capacity 13780K, committed 14080K, reserved 1060864K
  class space    used 1631K, capacity 1704K, committed 1792K, reserved 1048576K
Event: 438.786 GC heap after
Heap after GC invocations=344 (full 0):
 PSYoungGen      total 25600K, used 2860K [0x00000000d5b80000, 0x00000000d7880000, 0x0000000100000000)
  eden space 21504K, 0% used [0x00000000d5b80000,0x00000000d5b80000,0x00000000d7080000)
  from space 4096K, 69% used [0x00000000d7480000,0x00000000d774b030,0x00000000d7880000)
  to   space 4096K, 0% used [0x00000000d7080000,0x00000000d7080000,0x00000000d7480000)
 ParOldGen       total 87552K, used 45812K [0x0000000081200000, 0x0000000086780000, 0x00000000d5b80000)
  object space 87552K, 52% used [0x0000000081200000,0x0000000083ebd2a0,0x0000000086780000)
 Metaspace       used 13540K, capacity 13780K, committed 14080K, reserved 1060864K
  class space    used 1631K, capacity 1704K, committed 1792K, reserved 1048576K
}
Event: 439.893 GC heap before
{Heap before GC invocations=345 (full 0):
 PSYoungGen      total 25600K, used 24011K [0x00000000d5b80000, 0x00000000d7880000, 0x0000000100000000)
  eden space 21504K, 98% used [0x00000000d5b80000,0x00000000d7027df8,0x00000000d7080000)
  from space 4096K, 69% used [0x00000000d7480000,0x00000000d774b030,0x00000000d7880000)
  to   space 4096K, 0% used [0x00000000d7080000,0x00000000d7080000,0x00000000d7480000)
 ParOldGen       total 87552K, used 45812K [0x0000000081200000, 0x0000000086780000, 0x00000000d5b80000)
  object space 87552K, 52% used [0x0000000081200000,0x0000000083ebd2a0,0x0000000086780000)
 Metaspace       used 13540K, capacity 13780K, committed 14080K, reserved 1060864K
  class space    used 1631K, capacity 1704K, committed 1792K, reserved 1048576K
Event: 439.895 GC heap after
Heap after GC invocations=345 (full 0):
 PSYoungGen      total 25600K, used 2828K [0x00000000d5b80000, 0x00000000d7880000, 0x0000000100000000)
  eden space 21504K, 0% used [0x00000000d5b80000,0x00000000d5b80000,0x00000000d7080000)
  from space 4096K, 69% used [0x00000000d7080000,0x00000000d7343030,0x00000000d7480000)
  to   space 4096K, 0% used [0x00000000d7480000,0x00000000d7480000,0x00000000d7880000)
 ParOldGen       total 87552K, used 45828K [0x0000000081200000, 0x0000000086780000, 0x00000000d5b80000)
  object space 87552K, 52% used [0x0000000081200000,0x0000000083ec12a0,0x0000000086780000)
 Metaspace       used 13540K, capacity 13780K, committed 14080K, reserved 1060864K
  class space    used 1631K, capacity 1704K, committed 1792K, reserved 1048576K
}

Deoptimization events (10 events):
Event: 202.313 Thread 0x000000001af49800 Uncommon trap: reason=class_check action=maybe_recompile pc=0x0000000004b84594 method=java.awt.EventQueue.setCurrentEventAndMostRecentTimeImpl(Ljava/awt/AWTEvent;)V @ 53
Event: 222.534 Thread 0x000000001d736800 Uncommon trap: reason=unstable_if action=reinterpret pc=0x0000000004ba3af4 method=sun.awt.PostEventQueue.flush()V @ 23
Event: 329.431 Thread 0x000000001af49800 Uncommon trap: reason=class_check action=maybe_recompile pc=0x00000000047abda8 method=java.lang.String.equals(Ljava/lang/Object;)Z @ 8
Event: 351.810 Thread 0x000000001af46800 Uncommon trap: reason=class_check action=maybe_recompile pc=0x0000000004c381c8 method=sun.awt.SunToolkit.postEvent(Lsun/awt/AppContext;Ljava/awt/AWTEvent;)V @ 72
Event: 351.811 Thread 0x000000001af49800 Uncommon trap: reason=class_check action=maybe_recompile pc=0x0000000004b9ca9c method=java.awt.EventQueue.dispatchEventImpl(Ljava/awt/AWTEvent;Ljava/lang/Object;)V @ 18
Event: 351.813 Thread 0x000000001af49800 Uncommon trap: reason=class_check action=maybe_recompile pc=0x0000000004b9ca9c method=java.awt.EventQueue.dispatchEventImpl(Ljava/awt/AWTEvent;Ljava/lang/Object;)V @ 18
Event: 351.813 Thread 0x000000001af49800 Uncommon trap: reason=class_check action=maybe_recompile pc=0x0000000004b9ca9c method=java.awt.EventQueue.dispatchEventImpl(Ljava/awt/AWTEvent;Ljava/lang/Object;)V @ 18
Event: 351.813 Thread 0x000000001af49800 Uncommon trap: reason=class_check action=maybe_recompile pc=0x0000000004b9ca9c method=java.awt.EventQueue.dispatchEventImpl(Ljava/awt/AWTEvent;Ljava/lang/Object;)V @ 18
Event: 356.654 Thread 0x000000001af49800 Uncommon trap: reason=unstable_if action=reinterpret pc=0x0000000004932f14 method=sun.awt.GlobalCursorManager._updateCursor(Z)V @ 37
Event: 440.712 Thread 0x000000001af49800 Uncommon trap: reason=unstable_if action=reinterpret pc=0x00000000048af0d8 method=java.util.IdentityHashMap.keySet()Ljava/util/Set; @ 6

Internal exceptions (10 events):
Event: 440.013 Thread 0x000000001aca4800 Exception <a 'java/lang/NullPointerException'> (0x00000000d5e8fa88) thrown at [C:\re\workspace\8-2-build-windows-amd64-cygwin\jdk8u131\8869\hotspot\src\share\vm\runtime\sharedRuntime.cpp, line 1085]
Event: 440.013 Thread 0x000000001aca4800 Exception <a 'java/lang/NullPointerException'> (0x00000000d5e90030) thrown at [C:\re\workspace\8-2-build-windows-amd64-cygwin\jdk8u131\8869\hotspot\src\share\vm\runtime\sharedRuntime.cpp, line 1085]
Event: 440.013 Thread 0x000000001aca4800 Exception <a 'java/lang/NullPointerException'> (0x00000000d5e90590) thrown at [C:\re\workspace\8-2-build-windows-amd64-cygwin\jdk8u131\8869\hotspot\src\share\vm\runtime\sharedRuntime.cpp, line 1085]
Event: 440.013 Thread 0x000000001aca4800 Exception <a 'java/lang/NullPointerException'> (0x00000000d5e90b08) thrown at [C:\re\workspace\8-2-build-windows-amd64-cygwin\jdk8u131\8869\hotspot\src\share\vm\runtime\sharedRuntime.cpp, line 1085]
Event: 440.013 Thread 0x000000001aca4800 Exception <a 'java/lang/NullPointerException'> (0x00000000d5e91098) thrown at [C:\re\workspace\8-2-build-windows-amd64-cygwin\jdk8u131\8869\hotspot\src\share\vm\runtime\sharedRuntime.cpp, line 1085]
Event: 440.013 Thread 0x000000001aca4800 Exception <a 'java/lang/NullPointerException'> (0x00000000d5e915f8) thrown at [C:\re\workspace\8-2-build-windows-amd64-cygwin\jdk8u131\8869\hotspot\src\share\vm\runtime\sharedRuntime.cpp, line 1085]
Event: 440.013 Thread 0x000000001aca4800 Exception <a 'java/lang/NullPointerException'> (0x00000000d5e91ba0) thrown at [C:\re\workspace\8-2-build-windows-amd64-cygwin\jdk8u131\8869\hotspot\src\share\vm\runtime\sharedRuntime.cpp, line 1085]
Event: 440.013 Thread 0x000000001aca4800 Exception <a 'java/lang/NullPointerException'> (0x00000000d5e92100) thrown at [C:\re\workspace\8-2-build-windows-amd64-cygwin\jdk8u131\8869\hotspot\src\share\vm\runtime\sharedRuntime.cpp, line 1085]
Event: 440.013 Thread 0x000000001aca4800 Exception <a 'java/lang/NullPointerException'> (0x00000000d5e92678) thrown at [C:\re\workspace\8-2-build-windows-amd64-cygwin\jdk8u131\8869\hotspot\src\share\vm\runtime\sharedRuntime.cpp, line 1085]
Event: 440.013 Thread 0x000000001aca4800 Exception <a 'java/lang/NullPointerException'> (0x00000000d5e92c08) thrown at [C:\re\workspace\8-2-build-windows-amd64-cygwin\jdk8u131\8869\hotspot\src\share\vm\runtime\sharedRuntime.cpp, line 1085]

Events (10 events):
Event: 439.895 Executing VM operation: ParallelGCFailedAllocation done
Event: 440.712 Thread 0x000000001af49800 Uncommon trap: trap_request=0xffffff65 fr.pc=0x00000000048af0d8
Event: 440.712 Thread 0x000000001af49800 DEOPT PACKING pc=0x00000000048af0d8 sp=0x000000001b85d0b0
Event: 440.712 Thread 0x000000001af49800 DEOPT UNPACKING pc=0x000000000465582a sp=0x000000001b85d050 mode 2
Event: 440.712 Thread 0x000000001ac14000 Thread added: 0x000000001ac14000
Event: 440.712 Thread 0x000000001acfc800 Thread added: 0x000000001acfc800
Event: 440.712 Thread 0x000000001ac14000 Thread exited: 0x000000001ac14000
Event: 440.728 Thread 0x000000001af46800 Thread exited: 0x000000001af46800
Event: 440.814 Thread 0x000000001acfc800 Thread exited: 0x000000001acfc800
Event: 440.814 Executing VM operation: Exit


Dynamic libraries:
0x00007ff6440f0000 - 0x00007ff644127000 	C:\Program Files\Java\jre1.8.0_131\bin\javaw.exe
0x00007ff9190f0000 - 0x00007ff9192d0000 	C:\WINDOWS\SYSTEM32\ntdll.dll
0x00007ff917bc0000 - 0x00007ff917c6e000 	C:\WINDOWS\System32\KERNEL32.DLL
0x00007ff916350000 - 0x00007ff9165b6000 	C:\WINDOWS\System32\KERNELBASE.dll
0x00007ff918060000 - 0x00007ff918101000 	C:\WINDOWS\System32\ADVAPI32.dll
0x00007ff917ce0000 - 0x00007ff917d7d000 	C:\WINDOWS\System32\msvcrt.dll
0x00007ff917c80000 - 0x00007ff917cdb000 	C:\WINDOWS\System32\sechost.dll
0x00007ff917f40000 - 0x00007ff91805f000 	C:\WINDOWS\System32\RPCRT4.dll
0x00007ff918530000 - 0x00007ff9186bf000 	C:\WINDOWS\System32\USER32.dll
0x00007ff916280000 - 0x00007ff9162a0000 	C:\WINDOWS\System32\win32u.dll
0x00007ff918d20000 - 0x00007ff918d48000 	C:\WINDOWS\System32\GDI32.dll
0x00007ff9157c0000 - 0x00007ff915953000 	C:\WINDOWS\System32\gdi32full.dll
0x00007ff915620000 - 0x00007ff9156bb000 	C:\WINDOWS\System32\msvcp_win.dll
0x00007ff9156c0000 - 0x00007ff9157b6000 	C:\WINDOWS\System32\ucrtbase.dll
0x00007ff8fc2b0000 - 0x00007ff8fc519000 	C:\WINDOWS\WinSxS\amd64_microsoft.windows.common-controls_6595b64144ccf1df_6.0.16299.309_none_15cfd4c4935e6b11\COMCTL32.dll
0x00007ff918d50000 - 0x00007ff919058000 	C:\WINDOWS\System32\combase.dll
0x00007ff9155a0000 - 0x00007ff915612000 	C:\WINDOWS\System32\bcryptPrimitives.dll
0x00007ff9181e0000 - 0x00007ff91820d000 	C:\WINDOWS\System32\IMM32.DLL
0x0000000073f80000 - 0x0000000074052000 	C:\Program Files\Java\jre1.8.0_131\bin\msvcr100.dll
0x00000000728e0000 - 0x000000007317c000 	C:\Program Files\Java\jre1.8.0_131\bin\server\jvm.dll
0x00007ff917c70000 - 0x00007ff917c78000 	C:\WINDOWS\System32\PSAPI.DLL
0x00007ff8ff750000 - 0x00007ff8ff759000 	C:\WINDOWS\SYSTEM32\WSOCK32.dll
0x00007ff917ed0000 - 0x00007ff917f3c000 	C:\WINDOWS\System32\WS2_32.dll
0x00007ff90fce0000 - 0x00007ff90fd03000 	C:\WINDOWS\SYSTEM32\WINMM.dll
0x00007ff90f8f0000 - 0x00007ff90f8fa000 	C:\WINDOWS\SYSTEM32\VERSION.dll
0x00007ff90f9d0000 - 0x00007ff90f9fa000 	C:\WINDOWS\SYSTEM32\WINMMBASE.dll
0x00007ff9154f0000 - 0x00007ff91553a000 	C:\WINDOWS\System32\cfgmgr32.dll
0x0000000074120000 - 0x000000007412f000 	C:\Program Files\Java\jre1.8.0_131\bin\verify.dll
0x00000000740f0000 - 0x0000000074119000 	C:\Program Files\Java\jre1.8.0_131\bin\java.dll
0x00000000740d0000 - 0x00000000740e6000 	C:\Program Files\Java\jre1.8.0_131\bin\zip.dll
0x00007ff9165e0000 - 0x00007ff917a16000 	C:\WINDOWS\System32\SHELL32.dll
0x00007ff918210000 - 0x00007ff9182b6000 	C:\WINDOWS\System32\shcore.dll
0x00007ff915960000 - 0x00007ff9160a7000 	C:\WINDOWS\System32\windows.storage.dll
0x00007ff918cc0000 - 0x00007ff918d11000 	C:\WINDOWS\System32\shlwapi.dll
0x00007ff9154b0000 - 0x00007ff9154c1000 	C:\WINDOWS\System32\kernel.appcore.dll
0x00007ff915460000 - 0x00007ff9154ac000 	C:\WINDOWS\System32\powrprof.dll
0x00007ff915440000 - 0x00007ff91545b000 	C:\WINDOWS\System32\profapi.dll
0x0000000073de0000 - 0x0000000073f78000 	C:\Program Files\Java\jre1.8.0_131\bin\awt.dll
0x00007ff918110000 - 0x00007ff9181d5000 	C:\WINDOWS\System32\OLEAUT32.dll
0x00007ff9138b0000 - 0x00007ff913938000 	C:\WINDOWS\SYSTEM32\apphelp.dll
0x00007ff913a30000 - 0x00007ff913ac5000 	C:\WINDOWS\system32\uxtheme.dll
0x00007ff9183c0000 - 0x00007ff918527000 	C:\WINDOWS\System32\MSCTF.dll
0x00007ff8eb150000 - 0x00007ff8eb1f9000 	C:\Program Files\Common Files\microsoft shared\ink\tiptsf.dll
0x00007ff913ca0000 - 0x00007ff913cca000 	C:\WINDOWS\system32\dwmapi.dll
0x00007ff917d80000 - 0x00007ff917ec9000 	C:\WINDOWS\System32\ole32.dll
0x00007ff900e90000 - 0x00007ff900fae000 	C:\WINDOWS\system32\opengl32.dll
0x00007ff910700000 - 0x00007ff91072c000 	C:\WINDOWS\SYSTEM32\GLU32.dll
0x0000000072890000 - 0x00000000728d7000 	C:\Program Files\Java\jre1.8.0_131\bin\fontmanager.dll
0x00000000740b0000 - 0x00000000740ca000 	C:\Program Files\Java\jre1.8.0_131\bin\net.dll
0x0000000180000000 - 0x000000018008c000 	C:\WINDOWS\system32\ASProxy64.dll
0x00007ff914a60000 - 0x00007ff914a99000 	C:\WINDOWS\SYSTEM32\IPHLPAPI.DLL
0x00007ff914cd0000 - 0x00007ff914d36000 	C:\WINDOWS\SYSTEM32\MSWSOCK.dll
0x00007ff915340000 - 0x00007ff915370000 	C:\WINDOWS\SYSTEM32\SspiCli.dll
0x0000000074090000 - 0x00000000740a1000 	C:\Program Files\Java\jre1.8.0_131\bin\nio.dll
0x0000000072840000 - 0x0000000072882000 	C:\Program Files\Java\jre1.8.0_131\bin\t2k.dll
0x00007ff90e3a0000 - 0x00007ff90e3de000 	C:\Users\weand\Desktop\Capstone project\CCR\GantryRobot\LeapMotion\LeapSDK\lib\x64\LeapJava.dll
0x00007ff901850000 - 0x00007ff9018f6000 	C:\Program Files\Java\jre1.8.0_131\bin\MSVCP120.dll
0x00007ff8fffc0000 - 0x00007ff9000af000 	C:\Program Files\Java\jre1.8.0_131\bin\MSVCR120.dll
0x00007ff8ff9e0000 - 0x00007ff8ffb4b000 	C:\Users\weand\Desktop\Capstone project\CCR\GantryRobot\LeapMotion\LeapSDK\lib\x64\Leap.dll
0x00007ff914570000 - 0x00007ff9145a1000 	C:\WINDOWS\SYSTEM32\ntmarta.dll
0x00007ff8d27b0000 - 0x00007ff8d3181000 	C:\Users\weand\Desktop\Capstone project\CCR\GantryRobot\OpenCV\opencv\build\java\x64\opencv_java2410.dll
0x00007ff90cc90000 - 0x00007ff90ccb9000 	C:\WINDOWS\SYSTEM32\MSVFW32.dll
0x00007ff90cd10000 - 0x00007ff90cd28000 	C:\WINDOWS\SYSTEM32\AVICAP32.dll
0x00007ff90f870000 - 0x00007ff90f88f000 	C:\WINDOWS\SYSTEM32\AVIFIL32.dll
0x00007ff8eea30000 - 0x00007ff8eea4c000 	C:\WINDOWS\SYSTEM32\MSACM32.dll
0x00007ff9182c0000 - 0x00007ff91835e000 	C:\WINDOWS\System32\clbcatq.dll
0x00007ff90a450000 - 0x00007ff90a5fb000 	C:\WINDOWS\SYSTEM32\WindowsCodecs.dll
0x00007ff8ec390000 - 0x00007ff8ec3df000 	C:\WINDOWS\system32\dataexchange.dll
0x00007ff9125c0000 - 0x00007ff9128a2000 	C:\WINDOWS\system32\d3d11.dll
0x00007ff913380000 - 0x00007ff9134c2000 	C:\WINDOWS\system32\dcomp.dll
0x00007ff9142a0000 - 0x00007ff91434f000 	C:\WINDOWS\system32\dxgi.dll
0x00007ff913e20000 - 0x00007ff913f9b000 	C:\WINDOWS\system32\twinapi.appcore.dll
0x00007ff913d90000 - 0x00007ff913db0000 	C:\WINDOWS\system32\RMCLIENT.dll
0x00007ff914fa0000 - 0x00007ff914fc5000 	C:\WINDOWS\system32\bcrypt.dll
0x00007ff905b90000 - 0x00007ff905c28000 	C:\WINDOWS\System32\TextInputFramework.dll
0x00007ff909fd0000 - 0x00007ff90a2be000 	C:\WINDOWS\System32\CoreUIComponents.dll
0x00007ff9132a0000 - 0x00007ff91337c000 	C:\WINDOWS\System32\CoreMessaging.dll
0x00007ff911e20000 - 0x00007ff911f56000 	C:\WINDOWS\SYSTEM32\wintypes.dll
0x00007ff904910000 - 0x00007ff904b16000 	C:\Windows\System32\uiautomationcore.dll
0x00007ff9152a0000 - 0x00007ff91533a000 	C:\WINDOWS\SYSTEM32\sxs.dll
0x00007ff8ec900000 - 0x00007ff8ec96e000 	C:\Windows\System32\OLEACC.dll
0x00007ff8f4fa0000 - 0x00007ff8f5021000 	C:\WINDOWS\SYSTEM32\twinapi.dll
0x00007ff90cc70000 - 0x00007ff90cc88000 	C:\Windows\System32\devenum.dll
0x00007ff918860000 - 0x00007ff918cae000 	C:\WINDOWS\System32\setupapi.dll
0x00007ff915250000 - 0x00007ff915277000 	C:\WINDOWS\SYSTEM32\DEVOBJ.dll
0x00007ff915540000 - 0x00007ff915598000 	C:\WINDOWS\System32\WINTRUST.dll
0x00007ff9154d0000 - 0x00007ff9154e2000 	C:\WINDOWS\System32\MSASN1.dll
0x00007ff9160b0000 - 0x00007ff91627e000 	C:\WINDOWS\System32\CRYPT32.dll
0x00007ff8f5620000 - 0x00007ff8f562a000 	C:\WINDOWS\SYSTEM32\msdmo.dll
0x00007ff90ca90000 - 0x00007ff90cac3000 	C:\Windows\System32\qcap.dll
0x00007ff8f21a0000 - 0x00007ff8f235c000 	C:\Windows\System32\quartz.dll
0x00007ff9061a0000 - 0x00007ff9061ee000 	C:\Windows\System32\mfksproxy.dll
0x00007ff9110d0000 - 0x00007ff911106000 	C:\Windows\System32\MFSENSORGROUP.dll
0x00007ff9114e0000 - 0x00007ff9114fd000 	C:\Windows\System32\ATL.DLL
0x00007ff910f10000 - 0x00007ff9110c3000 	C:\Windows\System32\MFPlat.DLL
0x00007ff910ec0000 - 0x00007ff910ef2000 	C:\Windows\System32\RTWorkQ.DLL
0x00007ff8f2b70000 - 0x00007ff8f2fb7000 	C:\Windows\System32\MFCORE.dll
0x00007ff8f5430000 - 0x00007ff8f5439000 	C:\Windows\System32\ksuser.dll
0x00007ff914eb0000 - 0x00007ff914ebb000 	C:\Windows\System32\CRYPTBASE.DLL
0x00007ff9025e0000 - 0x00007ff902630000 	C:\Windows\System32\FSClient.dll
0x00007ff910eb0000 - 0x00007ff910eba000 	C:\Windows\System32\AVRT.dll
0x00007ff9106f0000 - 0x00007ff9106fc000 	C:\Windows\System32\vidcap.ax
0x00007ff902c40000 - 0x00007ff902c66000 	C:\Windows\System32\kswdmcap.ax
0x00007ff8f2030000 - 0x00007ff8f2195000 	C:\Windows\System32\MFC42.dll
0x00007ff8d2230000 - 0x00007ff8d27a2000 	C:\WINDOWS\system32\IntelCameraPlugin64.dll
0x00007ff9123d0000 - 0x00007ff91244a000 	C:\WINDOWS\SYSTEM32\policymanager.dll
0x00007ff912340000 - 0x00007ff9123d0000 	C:\Windows\System32\msvcp110_win.dll
0x00007ff8f0fd0000 - 0x00007ff8f10da000 	C:\Windows\System32\MFReadWrite.dll
0x00007ff8ff940000 - 0x00007ff8ff9e0000 	C:\Windows\System32\qedit.dll
0x00007ff9186c0000 - 0x00007ff9187ca000 	C:\WINDOWS\System32\COMDLG32.dll
0x00007ff8ff1c0000 - 0x00007ff8ff35c000 	C:\WINDOWS\WinSxS\amd64_microsoft.windows.gdiplus_6595b64144ccf1df_1.1.16299.309_none_46bac7a9edf0e4df\gdiplus.dll
0x00007ff8eec50000 - 0x00007ff8eed46000 	C:\Windows\System32\DDRAW.dll
0x00007ff9106d0000 - 0x00007ff9106d8000 	C:\Windows\System32\DCIMAN32.dll
0x00007ff910360000 - 0x00007ff91036c000 	C:\WINDOWS\SYSTEM32\msyuv.dll
0x00007ff910ca0000 - 0x00007ff910e68000 	C:\WINDOWS\SYSTEM32\dbghelp.dll

VM Arguments:
jvm_args: -Djava.library.path=C:\Users\weand\Desktop\Capstone project\CCR\GantryRobot\mfz-rxtx-2.2-20081207-win-x64;C:\Users\weand\Desktop\Capstone project\CCR\GantryRobot\OpenCV\opencv\build\java\x64;C:\Users\weand\Desktop\Capstone project\CCR\GantryRobot\LeapMotion\LeapSDK\lib\x64 -Dfile.encoding=Cp1252 
java_command: leap.RXTXGui
java_class_path (initial): C:\Users\weand\workspace\Gantry_1\bin;C:\Users\weand\Desktop\Capstone project\CCR\GantryRobot\mfz-rxtx-2.2-20081207-win-x64\RXTXcomm.jar;C:\Users\weand\Desktop\Capstone project\CCR\GantryRobot\OpenCV\opencv\build\java\opencv-2410.jar;C:\Users\weand\Desktop\Capstone project\CCR\GantryRobot\LeapMotion\LeapSDK\lib\LeapJava.jar
Launcher Type: SUN_STANDARD

Environment Variables:
PATH=C:\Users\weand\Desktop\Capstone project\CCR\GantryRobot\LeapMotion\LeapSDK\lib\x64;n;C:/Program Files/Java/jre1.8.0_131/lib/amd64;C:\ProgramData\Oracle\Java\javapath;C:\Program Files\Microsoft MPI\Bin\;C:\WINDOWS\system32;C:\WINDOWS;C:\WINDOWS\System32\Wbem;C:\WINDOWS\System32\WindowsPowerShell\v1.0\;C:\Program Files (x86)\Skype\Phone\;C:\Program Files\Microsoft SQL Server\130\Tools\Binn\;C:\Program Files\dotnet\;C:\Program Files (x86)\GtkSharp\2.12\bin;C:\Program Files\MySQL\MySQL Utilities 1.6\;C:\Program Files\Git\cmd;C:\Users\weand\AppData\Local\Microsoft\WindowsApps;C:\Program Files (x86)\Spiceworks\Nmap;;C:\Users\weand\Downloads\eclipse-java-kepler-SR1-win32-x86_64\eclipse;C:/Program Files/Java/jre1.8.0_131/bin/server;C:/Program Files/Java/jre1.8.0_131/bin;C:/Program Files/Java/jre1.8.0_131/lib/amd64;C:\ProgramData\Oracle\Java\javapath;C:\Program Files\Microsoft MPI\Bin\;C:\WINDOWS\system32;C:\WINDOWS;C:\WINDOWS\System32\Wbem;C:\WINDOWS\System32\WindowsPowerShell\v1.0\;C:\Program Files (x86)\Skype\Phone\;C:\Program Files\Microsoft SQL Server\130\Tools\Binn\;C:\Program Files\dotnet\;C:\Program Files (x86)\GtkSharp\2.12\bin;C:\Program Files\MySQL\MySQL Utilities 1.6\;C:\Program Files\Git\cmd;C:\Users\weand\AppData\Local\Microsoft\WindowsApps;C:\Program Files (x86)\Spiceworks\Nmap;;C:\Users\weand\Downloads\eclipse-java-kepler-SR1-win32-x86_64\eclipse;
USERNAME=weand
OS=Windows_NT
PROCESSOR_IDENTIFIER=Intel64 Family 6 Model 78 Stepping 3, GenuineIntel



---------------  S Y S T E M  ---------------

OS: Windows 10.0 , 64 bit Build 16299 (10.0.16299.15)

CPU:total 4 (initial active 4) (2 cores per cpu, 2 threads per core) family 6 model 78 stepping 3, cmov, cx8, fxsr, mmx, sse, sse2, sse3, ssse3, sse4.1, sse4.2, popcnt, avx, avx2, aes, clmul, erms, rtm, 3dnowpref, lzcnt, ht, tsc, tscinvbit, bmi1, bmi2, adx

Memory: 4k page, physical 8311896k(2953720k free), swap 13030488k(5837828k free)

vm_info: Java HotSpot(TM) 64-Bit Server VM (25.131-b11) for windows-amd64 JRE (1.8.0_131-b11), built on Mar 15 2017 01:23:53 by "java_re" with MS VC++ 10.0 (VS2010)

time: Sun Mar 25 12:14:55 2018
elapsed time: 442 seconds (0d 0h 7m 22s)

