#
# A fatal error has been detected by the Java Runtime Environment:
#
#  Internal Error (0xc000000d), pid=20368, tid=0x000000000000528c
#
# JRE version: Java(TM) SE Runtime Environment (8.0_131-b11) (build 1.8.0_131-b11)
# Java VM: Java HotSpot(TM) 64-Bit Server VM (25.131-b11 mixed mode windows-amd64 compressed oops)
# Problematic frame:
# C  [ntdll.dll+0x10b2b0]
#
# Failed to write core dump. Minidumps are not enabled by default on client versions of Windows
#
# If you would like to submit a bug report, please visit:
#   http://bugreport.java.com/bugreport/crash.jsp
#

---------------  T H R E A D  ---------------

Current thread (0x0000000019c17800):  VMThread [stack: 0x000000001aca0000,0x000000001ada0000] [id=21132]

siginfo: ExceptionCode=0xc000000d

Registers:
RAX=0x0000000004ec2050, RBX=0x0000000000000001, RCX=0x0000000019c18bf0, RDX=0x0000000000000001
RSP=0x000000001ad9eb90, RBP=0x000000001ea3f200, RSI=0x000000001ea3f438, RDI=0x000000001ea2b8b0
R8 =0x0000000004ec2050, R9 =0x0000000019c18bf0, R10=0x0000000000000001, R11=0x0000000019c18c00
R12=0x00007ffbcd696680, R13=0x0000000000000001, R14=0x000000001ea207b0, R15=0x000000001ea207b0
RIP=0x00007ffbd9aeb2b0, EFLAGS=0x0000000000000206

Top of Stack: (sp=0x000000001ad9eb90)
0x000000001ad9eb90:   0000000000000057 0000000000000001
0x000000001ad9eba0:   000000001ea3f438 000000001ea2b8b0
0x000000001ad9ebb0:   00000000c000000d 0000000000000000
0x000000001ad9ebc0:   00007ffbd9aeb2b0 0000000000000000
0x000000001ad9ebd0:   0000000000000000 0000000000000000
0x000000001ad9ebe0:   0000000000000000 0000000000000000
0x000000001ad9ebf0:   0000000000000000 0000000000000000
0x000000001ad9ec00:   0000000000000000 0000000000000000
0x000000001ad9ec10:   0000000000000000 0000000000000000
0x000000001ad9ec20:   0000000000000000 0000000000000000
0x000000001ad9ec30:   0000000000000000 0000000000000000
0x000000001ad9ec40:   0000000000000000 0000000000000000
0x000000001ad9ec50:   00007296d7fd2b9c 000000001ea2b8b0
0x000000001ad9ec60:   000000001ea3f438 00007ffbcd694907
0x000000001ad9ec70:   000000001ea2b8b0 000000001ea207b0
0x000000001ad9ec80:   00000000f46857d4 0000000000000020 

Instructions: (pc=0x00007ffbd9aeb2b0)
0x00007ffbd9aeb290:   b7 f9 ff c7 44 24 20 0d 00 00 c0 b9 57 00 00 00
0x00007ffbd9aeb2a0:   e8 4b 63 f3 ff 90 48 8d 4c 24 20 e8 90 00 f1 ff
0x00007ffbd9aeb2b0:   eb 00 48 8b 8c 24 c0 00 00 00 48 33 cc e8 ce 57
0x00007ffbd9aeb2c0:   f8 ff 48 81 c4 d8 00 00 00 c3 40 55 48 83 ec 20 


Register to memory mapping:

RAX=0x0000000004ec2050 is an unknown value
RBX=0x0000000000000001 is an unknown value
RCX=0x0000000019c18bf0 is an unknown value
RDX=0x0000000000000001 is an unknown value
RSP=0x000000001ad9eb90 is an unknown value
RBP=0x000000001ea3f200 is an unknown value
RSI=0x000000001ea3f438 is an unknown value
RDI=0x000000001ea2b8b0 is an unknown value
R8 =0x0000000004ec2050 is an unknown value
R9 =0x0000000019c18bf0 is an unknown value
R10=0x0000000000000001 is an unknown value
R11=0x0000000019c18c00 is an unknown value
R12=0x00007ffbcd696680 is an unknown value
R13=0x0000000000000001 is an unknown value
R14=0x000000001ea207b0 is an unknown value
R15=0x000000001ea207b0 is an unknown value


Stack: [0x000000001aca0000,0x000000001ada0000],  sp=0x000000001ad9eb90,  free space=1018k
Native frames: (J=compiled Java code, j=interpreted, Vv=VM code, C=native code)
C  [ntdll.dll+0x10b2b0]
C  [RTWorkQ.DLL+0x4907]
C  [RTWorkQ.DLL+0x9e46]
C  [RTWorkQ.DLL+0x7565]
C  [MFPlat.DLL+0x1d05b]
C  [MFReadWrite.dll+0x16348]
C  [MFReadWrite.dll+0xfb0d]
C  [MFReadWrite.dll+0xf863]
C  [mfksproxy.dll+0x194d0]
C  [mfksproxy.dll+0x18069]
C  [mfksproxy.dll+0x6eeb]
C  [quartz.dll+0x42e19]
C  [quartz.dll+0x553ef]
C  [quartz.dll+0x57932]
C  [quartz.dll+0x56d75]
C  [opencv_java2410.dll+0x2aaa1e]
C  [opencv_java2410.dll+0x5f43d0]
C  [opencv_java2410.dll+0x508e75]
C  [opencv_java2410.dll+0x4fc0f6]
C  [opencv_java2410.dll+0x4fc269]
C  [ntdll.dll+0x11493]
C  [ntdll.dll+0x406b5]
C  [ntdll.dll+0x40574]
C  [KERNEL32.DLL+0xf06a]
C  [msvcr100.dll+0x20ccd]
V  [jvm.dll+0x213235]
V  [jvm.dll+0x24c2a7]
V  [jvm.dll+0x24b546]
V  [jvm.dll+0x24b9e1]
V  [jvm.dll+0x24bbfe]
V  [jvm.dll+0x29cc1a]
C  [msvcr100.dll+0x21d9f]
C  [msvcr100.dll+0x21e3b]
C  [KERNEL32.DLL+0x11fe4]
C  [ntdll.dll+0x6efc1]

VM_Operation (0x000000001c1dd190): Exit, mode: safepoint, requested by thread 0x000000001ba83000


---------------  P R O C E S S  ---------------

Java Threads: ( => current thread )
  0x000000001c4ed800 JavaThread "Thread-141" [_thread_blocked, id=14508, stack(0x0000000038050000,0x0000000038150000)]
  0x000000001c4e6000 JavaThread "Thread-139" [_thread_blocked, id=21116, stack(0x0000000037f50000,0x0000000038050000)]
  0x000000001c4eb800 JavaThread "Thread-137" [_thread_blocked, id=912, stack(0x0000000037e50000,0x0000000037f50000)]
  0x000000001c4e7000 JavaThread "Thread-135" [_thread_blocked, id=18132, stack(0x0000000037d50000,0x0000000037e50000)]
  0x000000001c4ec000 JavaThread "Thread-133" [_thread_blocked, id=21396, stack(0x0000000037c50000,0x0000000037d50000)]
  0x000000001c4ed000 JavaThread "Thread-131" [_thread_blocked, id=1900, stack(0x0000000037b50000,0x0000000037c50000)]
  0x000000001c4ea800 JavaThread "Thread-129" [_thread_blocked, id=12804, stack(0x0000000037a50000,0x0000000037b50000)]
  0x000000001c4e9000 JavaThread "Thread-127" [_thread_blocked, id=14512, stack(0x0000000037850000,0x0000000037950000)]
  0x000000001c4ea000 JavaThread "Thread-125" [_thread_blocked, id=8236, stack(0x0000000037750000,0x0000000037850000)]
  0x000000001c4e4800 JavaThread "Thread-123" [_thread_blocked, id=15220, stack(0x0000000037650000,0x0000000037750000)]
  0x000000001c4e5800 JavaThread "Thread-121" [_thread_blocked, id=11204, stack(0x0000000036580000,0x0000000036680000)]
  0x000000001c4e7800 JavaThread "Thread-119" [_thread_blocked, id=14664, stack(0x00000000354b0000,0x00000000355b0000)]
  0x000000001c4e8800 JavaThread "Thread-117" [_thread_blocked, id=19820, stack(0x00000000353b0000,0x00000000354b0000)]
  0x000000001c922000 JavaThread "Thread-115" [_thread_blocked, id=12924, stack(0x00000000342e0000,0x00000000343e0000)]
  0x000000001c927000 JavaThread "Thread-113" [_thread_blocked, id=9700, stack(0x00000000341e0000,0x00000000342e0000)]
  0x000000001c923800 JavaThread "Thread-111" [_thread_blocked, id=16544, stack(0x00000000340e0000,0x00000000341e0000)]
  0x000000001c925800 JavaThread "Thread-109" [_thread_blocked, id=18764, stack(0x0000000033fe0000,0x00000000340e0000)]
  0x000000001c924000 JavaThread "Thread-107" [_thread_blocked, id=7236, stack(0x0000000033ee0000,0x0000000033fe0000)]
  0x000000001c922800 JavaThread "Thread-105" [_thread_blocked, id=3528, stack(0x0000000033de0000,0x0000000033ee0000)]
  0x000000001c928000 JavaThread "Thread-103" [_thread_blocked, id=17028, stack(0x0000000033ce0000,0x0000000033de0000)]
  0x000000001c925000 JavaThread "Thread-101" [_thread_blocked, id=14012, stack(0x0000000033be0000,0x0000000033ce0000)]
  0x000000001c926800 JavaThread "Thread-99" [_thread_blocked, id=7748, stack(0x0000000033ae0000,0x0000000033be0000)]
  0x000000001c91a800 JavaThread "Thread-97" [_thread_blocked, id=21328, stack(0x00000000339e0000,0x0000000033ae0000)]
  0x000000001c921000 JavaThread "Thread-95" [_thread_blocked, id=19424, stack(0x00000000338e0000,0x00000000339e0000)]
  0x000000001c919800 JavaThread "Thread-93" [_thread_blocked, id=11456, stack(0x00000000337e0000,0x00000000338e0000)]
  0x000000001c920800 JavaThread "Thread-91" [_thread_blocked, id=19620, stack(0x00000000336e0000,0x00000000337e0000)]
  0x000000001c919000 JavaThread "Thread-89" [_thread_blocked, id=9708, stack(0x00000000335e0000,0x00000000336e0000)]
  0x000000001c91d800 JavaThread "Thread-87" [_thread_blocked, id=11808, stack(0x00000000334e0000,0x00000000335e0000)]
  0x000000001c91f000 JavaThread "Thread-85" [_thread_blocked, id=18120, stack(0x00000000333e0000,0x00000000334e0000)]
  0x000000001c91e000 JavaThread "Thread-83" [_thread_blocked, id=19692, stack(0x00000000332e0000,0x00000000333e0000)]
  0x000000001c91c800 JavaThread "Thread-81" [_thread_blocked, id=7104, stack(0x00000000331e0000,0x00000000332e0000)]
  0x000000001c91b000 JavaThread "Thread-79" [_thread_blocked, id=18656, stack(0x0000000032110000,0x0000000032210000)]
  0x000000001c91c000 JavaThread "Thread-77" [_thread_blocked, id=1388, stack(0x0000000032010000,0x0000000032110000)]
  0x000000001c91f800 JavaThread "Thread-75" [_thread_blocked, id=8496, stack(0x0000000030f40000,0x0000000031040000)]
  0x000000001c93d800 JavaThread "Thread-73" [_thread_blocked, id=20856, stack(0x0000000030e40000,0x0000000030f40000)]
  0x000000001c936000 JavaThread "Thread-71" [_thread_blocked, id=14372, stack(0x0000000030d40000,0x0000000030e40000)]
  0x000000001c936800 JavaThread "Thread-69" [_thread_blocked, id=21036, stack(0x0000000030c40000,0x0000000030d40000)]
  0x000000001c93c800 JavaThread "Thread-67" [_thread_blocked, id=17316, stack(0x0000000030b40000,0x0000000030c40000)]
  0x000000001c939000 JavaThread "Thread-65" [_thread_blocked, id=11736, stack(0x0000000030a40000,0x0000000030b40000)]
  0x000000001c935000 JavaThread "Thread-63" [_thread_blocked, id=19564, stack(0x0000000030940000,0x0000000030a40000)]
  0x000000001c939800 JavaThread "Thread-61" [_thread_blocked, id=17152, stack(0x0000000030840000,0x0000000030940000)]
  0x000000001c93c000 JavaThread "Thread-59" [_thread_blocked, id=12188, stack(0x0000000030740000,0x0000000030840000)]
  0x000000001c937800 JavaThread "Thread-57" [_thread_blocked, id=16360, stack(0x000000002f670000,0x000000002f770000)]
  0x000000001c934800 JavaThread "Thread-55" [_thread_blocked, id=20576, stack(0x000000002f570000,0x000000002f670000)]
  0x000000001c938000 JavaThread "Thread-53" [_thread_blocked, id=21404, stack(0x000000002f470000,0x000000002f570000)]
  0x000000001c93a800 JavaThread "Thread-51" [_thread_blocked, id=8976, stack(0x000000002e3a0000,0x000000002e4a0000)]
  0x000000001c93b000 JavaThread "Thread-49" [_thread_blocked, id=3296, stack(0x000000002e2a0000,0x000000002e3a0000)]
  0x000000001c92e800 JavaThread "Thread-47" [_thread_blocked, id=18324, stack(0x000000002e1a0000,0x000000002e2a0000)]
  0x000000001c932000 JavaThread "Thread-45" [_thread_blocked, id=16052, stack(0x000000002d0d0000,0x000000002d1d0000)]
  0x000000001c92f000 JavaThread "Thread-43" [_thread_blocked, id=18744, stack(0x000000002cfd0000,0x000000002d0d0000)]
  0x000000001c930800 JavaThread "Thread-41" [_thread_blocked, id=9244, stack(0x000000002ced0000,0x000000002cfd0000)]
  0x000000001c931800 JavaThread "Thread-39" [_thread_blocked, id=20624, stack(0x000000002be00000,0x000000002bf00000)]
  0x000000001c933800 JavaThread "Thread-37" [_thread_blocked, id=19388, stack(0x000000002bd00000,0x000000002be00000)]
  0x000000001c933000 JavaThread "Thread-35" [_thread_blocked, id=10036, stack(0x000000002bc00000,0x000000002bd00000)]
  0x000000001c930000 JavaThread "Thread-33" [_thread_blocked, id=7308, stack(0x000000002ab30000,0x000000002ac30000)]
  0x000000001c84c000 JavaThread "Thread-31" [_thread_blocked, id=19240, stack(0x000000002aa30000,0x000000002ab30000)]
  0x000000001c852000 JavaThread "Thread-29" [_thread_blocked, id=7456, stack(0x000000002a930000,0x000000002aa30000)]
  0x000000001c851800 JavaThread "Thread-27" [_thread_blocked, id=7072, stack(0x000000002a830000,0x000000002a930000)]
  0x000000001c850800 JavaThread "Thread-25" [_thread_blocked, id=8276, stack(0x000000002a730000,0x000000002a830000)]
  0x000000001c84e800 JavaThread "Thread-23" [_thread_blocked, id=19684, stack(0x000000002a630000,0x000000002a730000)]
  0x000000001c84f000 JavaThread "Thread-21" [_thread_blocked, id=20248, stack(0x000000002a530000,0x000000002a630000)]
  0x000000001c84d000 JavaThread "Thread-19" [_thread_blocked, id=13808, stack(0x000000002a430000,0x000000002a530000)]
  0x000000001c850000 JavaThread "Thread-17" [_thread_blocked, id=18556, stack(0x0000000029360000,0x0000000029460000)]
  0x000000001c853000 JavaThread "Thread-15" [_thread_blocked, id=7388, stack(0x0000000029260000,0x0000000029360000)]
  0x000000001c84d800 JavaThread "Thread-13" [_thread_blocked, id=19324, stack(0x0000000029160000,0x0000000029260000)]
  0x000000001c84b800 JavaThread "Thread-11" [_thread_blocked, id=1764, stack(0x0000000029060000,0x0000000029160000)]
  0x000000001c90f800 JavaThread "Thread-9" [_thread_blocked, id=17716, stack(0x0000000027f90000,0x0000000028090000)]
  0x000000001c90f000 JavaThread "Thread-7" [_thread_blocked, id=17804, stack(0x0000000027e90000,0x0000000027f90000)]
  0x000000001c916800 JavaThread "Thread-5" [_thread_blocked, id=19288, stack(0x0000000027d90000,0x0000000027e90000)]
  0x000000001b855000 JavaThread "Thread-3" [_thread_blocked, id=16980, stack(0x0000000026d90000,0x0000000026e90000)]
  0x000000001c35f800 JavaThread "TimerQueue" daemon [_thread_blocked, id=14744, stack(0x000000001e900000,0x000000001ea00000)]
  0x0000000004fd0800 JavaThread "DestroyJavaVM" [_thread_blocked, id=17368, stack(0x0000000004ed0000,0x0000000004fd0000)]
  0x000000001ba83000 JavaThread "AWT-EventQueue-0" [_thread_blocked, id=16708, stack(0x000000001c0e0000,0x000000001c1e0000)]
  0x000000001ba7c800 JavaThread "AWT-Shutdown" [_thread_blocked, id=12964, stack(0x000000001bed0000,0x000000001bfd0000)]
  0x000000001ba2d000 JavaThread "Java2D Disposer" daemon [_thread_blocked, id=19004, stack(0x000000001bdd0000,0x000000001bed0000)]
  0x000000001b6b8800 JavaThread "Service Thread" daemon [_thread_blocked, id=15388, stack(0x000000001ba90000,0x000000001bb90000)]
  0x0000000019c5a000 JavaThread "C1 CompilerThread2" daemon [_thread_blocked, id=17048, stack(0x000000001b590000,0x000000001b690000)]
  0x0000000019c53800 JavaThread "C2 CompilerThread1" daemon [_thread_blocked, id=19372, stack(0x000000001b490000,0x000000001b590000)]
  0x0000000019c4e800 JavaThread "C2 CompilerThread0" daemon [_thread_blocked, id=16796, stack(0x000000001b390000,0x000000001b490000)]
  0x0000000019c4d000 JavaThread "Attach Listener" daemon [_thread_blocked, id=4256, stack(0x000000001b290000,0x000000001b390000)]
  0x0000000019c3a800 JavaThread "Finalizer" daemon [_thread_blocked, id=14536, stack(0x000000001aea0000,0x000000001afa0000)]
  0x00000000050bf000 JavaThread "Reference Handler" daemon [_thread_blocked, id=8728, stack(0x000000001ada0000,0x000000001aea0000)]

Other Threads:
=>0x0000000019c17800 VMThread [stack: 0x000000001aca0000,0x000000001ada0000] [id=21132]

VM state:at safepoint (shutting down)

VM Mutex/Monitor currently owned by a thread:  ([mutex/lock_event])
[0x0000000004ecc250] Threads_lock - owner thread: 0x0000000019c17800

Heap:
 PSYoungGen      total 36352K, used 24007K [0x00000000d5b80000, 0x00000000d8480000, 0x0000000100000000)
  eden space 32768K, 63% used [0x00000000d5b80000,0x00000000d6fe8df0,0x00000000d7b80000)
  from space 3584K, 86% used [0x00000000d7c00000,0x00000000d7f09030,0x00000000d7f80000)
  to   space 4608K, 0% used [0x00000000d8000000,0x00000000d8000000,0x00000000d8480000)
 ParOldGen       total 87552K, used 16746K [0x0000000081200000, 0x0000000086780000, 0x00000000d5b80000)
  object space 87552K, 19% used [0x0000000081200000,0x000000008225ab90,0x0000000086780000)
 Metaspace       used 12595K, capacity 12812K, committed 12928K, reserved 1060864K
  class space    used 1554K, capacity 1640K, committed 1664K, reserved 1048576K

Card table byte_map: [0x0000000014490000,0x0000000014890000] byte_map_base: 0x0000000014087000

Marking Bits: (ParMarkBitMap*) 0x0000000071edc720
 Begin Bits: [0x0000000014f40000, 0x0000000016ef8000)
 End Bits:   [0x0000000016ef8000, 0x0000000018eb0000)

Polling page: 0x0000000003580000

CodeCache: size=245760Kb used=4018Kb max_used=4018Kb free=241741Kb
 bounds [0x00000000050d0000, 0x00000000054c0000, 0x00000000140d0000]
 total_blobs=1870 nmethods=1191 adapters=592
 compilation: enabled

Compilation events (10 events):
Event: 14.023 Thread 0x0000000019c5a000 1187   !   3       java.lang.StringCoding$StringEncoder::encode (179 bytes)
Event: 14.024 Thread 0x0000000019c5a000 nmethod 1187 0x00000000054b9d50 code [0x00000000054ba0a0, 0x00000000054bbd18]
Event: 14.024 Thread 0x0000000019c5a000 1188       3       java.lang.StringCoding::access$300 (8 bytes)
Event: 14.024 Thread 0x0000000019c5a000 nmethod 1188 0x00000000054b47d0 code [0x00000000054b4960, 0x00000000054b4e88]
Event: 14.254 Thread 0x0000000019c5a000 1189   !   3       java.awt.color.ColorSpace::getInstance (300 bytes)
Event: 14.255 Thread 0x0000000019c5a000 nmethod 1189 0x00000000054bce10 code [0x00000000054bd0a0, 0x00000000054be368]
Event: 14.259 Thread 0x0000000019c5a000 1190       3       sun.java2d.SurfaceData::getSourceSurfaceData (110 bytes)
Event: 14.260 Thread 0x0000000019c5a000 nmethod 1190 0x00000000054b3550 code [0x00000000054b3740, 0x00000000054b4338]
Event: 14.325 Thread 0x0000000019c5a000 1191       3       java.util.concurrent.locks.ReentrantLock$NonfairSync::tryAcquire (6 bytes)
Event: 14.325 Thread 0x0000000019c5a000 nmethod 1191 0x00000000054becd0 code [0x00000000054bee40, 0x00000000054bf048]

GC Heap History (10 events):
Event: 6.864 GC heap before
{Heap before GC invocations=1 (full 0):
 PSYoungGen      total 38400K, used 33200K [0x00000000d5b80000, 0x00000000d8600000, 0x0000000100000000)
  eden space 33280K, 99% used [0x00000000d5b80000,0x00000000d7bec1b8,0x00000000d7c00000)
  from space 5120K, 0% used [0x00000000d8100000,0x00000000d8100000,0x00000000d8600000)
  to   space 5120K, 0% used [0x00000000d7c00000,0x00000000d7c00000,0x00000000d8100000)
 ParOldGen       total 87552K, used 0K [0x0000000081200000, 0x0000000086780000, 0x00000000d5b80000)
  object space 87552K, 0% used [0x0000000081200000,0x0000000081200000,0x0000000086780000)
 Metaspace       used 12265K, capacity 12396K, committed 12672K, reserved 1060864K
  class space    used 1547K, capacity 1608K, committed 1664K, reserved 1048576K
Event: 6.875 GC heap after
Heap after GC invocations=1 (full 0):
 PSYoungGen      total 38400K, used 3162K [0x00000000d5b80000, 0x00000000d8600000, 0x0000000100000000)
  eden space 33280K, 0% used [0x00000000d5b80000,0x00000000d5b80000,0x00000000d7c00000)
  from space 5120K, 61% used [0x00000000d7c00000,0x00000000d7f169f0,0x00000000d8100000)
  to   space 5120K, 0% used [0x00000000d8100000,0x00000000d8100000,0x00000000d8600000)
 ParOldGen       total 87552K, used 16714K [0x0000000081200000, 0x0000000086780000, 0x00000000d5b80000)
  object space 87552K, 19% used [0x0000000081200000,0x0000000082252b90,0x0000000086780000)
 Metaspace       used 12265K, capacity 12396K, committed 12672K, reserved 1060864K
  class space    used 1547K, capacity 1608K, committed 1664K, reserved 1048576K
}
Event: 8.387 GC heap before
{Heap before GC invocations=2 (full 0):
 PSYoungGen      total 38400K, used 35774K [0x00000000d5b80000, 0x00000000d8600000, 0x0000000100000000)
  eden space 33280K, 97% used [0x00000000d5b80000,0x00000000d7b58f70,0x00000000d7c00000)
  from space 5120K, 61% used [0x00000000d7c00000,0x00000000d7f169f0,0x00000000d8100000)
  to   space 5120K, 0% used [0x00000000d8100000,0x00000000d8100000,0x00000000d8600000)
 ParOldGen       total 87552K, used 16714K [0x0000000081200000, 0x0000000086780000, 0x00000000d5b80000)
  object space 87552K, 19% used [0x0000000081200000,0x0000000082252b90,0x0000000086780000)
 Metaspace       used 12478K, capacity 12748K, committed 12928K, reserved 1060864K
  class space    used 1553K, capacity 1640K, committed 1664K, reserved 1048576K
Event: 8.392 GC heap after
Heap after GC invocations=2 (full 0):
 PSYoungGen      total 38400K, used 3973K [0x00000000d5b80000, 0x00000000d8600000, 0x0000000100000000)
  eden space 33280K, 0% used [0x00000000d5b80000,0x00000000d5b80000,0x00000000d7c00000)
  from space 5120K, 77% used [0x00000000d8100000,0x00000000d84e1798,0x00000000d8600000)
  to   space 5120K, 0% used [0x00000000d7c00000,0x00000000d7c00000,0x00000000d8100000)
 ParOldGen       total 87552K, used 16722K [0x0000000081200000, 0x0000000086780000, 0x00000000d5b80000)
  object space 87552K, 19% used [0x0000000081200000,0x0000000082254b90,0x0000000086780000)
 Metaspace       used 12478K, capacity 12748K, committed 12928K, reserved 1060864K
  class space    used 1553K, capacity 1640K, committed 1664K, reserved 1048576K
}
Event: 10.002 GC heap before
{Heap before GC invocations=3 (full 0):
 PSYoungGen      total 38400K, used 36477K [0x00000000d5b80000, 0x00000000d8600000, 0x0000000100000000)
  eden space 33280K, 97% used [0x00000000d5b80000,0x00000000d7b3ddd8,0x00000000d7c00000)
  from space 5120K, 77% used [0x00000000d8100000,0x00000000d84e1798,0x00000000d8600000)
  to   space 5120K, 0% used [0x00000000d7c00000,0x00000000d7c00000,0x00000000d8100000)
 ParOldGen       total 87552K, used 16722K [0x0000000081200000, 0x0000000086780000, 0x00000000d5b80000)
  object space 87552K, 19% used [0x0000000081200000,0x0000000082254b90,0x0000000086780000)
 Metaspace       used 12527K, capacity 12748K, committed 12928K, reserved 1060864K
  class space    used 1553K, capacity 1640K, committed 1664K, reserved 1048576K
Event: 10.005 GC heap after
Heap after GC invocations=3 (full 0):
 PSYoungGen      total 38400K, used 3044K [0x00000000d5b80000, 0x00000000d8600000, 0x0000000100000000)
  eden space 33280K, 0% used [0x00000000d5b80000,0x00000000d5b80000,0x00000000d7c00000)
  from space 5120K, 59% used [0x00000000d7c00000,0x00000000d7ef9030,0x00000000d8100000)
  to   space 5120K, 0% used [0x00000000d8100000,0x00000000d8100000,0x00000000d8600000)
 ParOldGen       total 87552K, used 16730K [0x0000000081200000, 0x0000000086780000, 0x00000000d5b80000)
  object space 87552K, 19% used [0x0000000081200000,0x0000000082256b90,0x0000000086780000)
 Metaspace       used 12527K, capacity 12748K, committed 12928K, reserved 1060864K
  class space    used 1553K, capacity 1640K, committed 1664K, reserved 1048576K
}
Event: 11.620 GC heap before
{Heap before GC invocations=4 (full 0):
 PSYoungGen      total 38400K, used 35996K [0x00000000d5b80000, 0x00000000d8600000, 0x0000000100000000)
  eden space 33280K, 99% used [0x00000000d5b80000,0x00000000d7bae068,0x00000000d7c00000)
  from space 5120K, 59% used [0x00000000d7c00000,0x00000000d7ef9030,0x00000000d8100000)
  to   space 5120K, 0% used [0x00000000d8100000,0x00000000d8100000,0x00000000d8600000)
 ParOldGen       total 87552K, used 16730K [0x0000000081200000, 0x0000000086780000, 0x00000000d5b80000)
  object space 87552K, 19% used [0x0000000081200000,0x0000000082256b90,0x0000000086780000)
 Metaspace       used 12556K, capacity 12812K, committed 12928K, reserved 1060864K
  class space    used 1554K, capacity 1640K, committed 1664K, reserved 1048576K
Event: 11.625 GC heap after
Heap after GC invocations=4 (full 0):
 PSYoungGen      total 38400K, used 3992K [0x00000000d5b80000, 0x00000000d8600000, 0x0000000100000000)
  eden space 33280K, 0% used [0x00000000d5b80000,0x00000000d5b80000,0x00000000d7c00000)
  from space 5120K, 77% used [0x00000000d8100000,0x00000000d84e6030,0x00000000d8600000)
  to   space 5120K, 0% used [0x00000000d7c00000,0x00000000d7c00000,0x00000000d8100000)
 ParOldGen       total 87552K, used 16738K [0x0000000081200000, 0x0000000086780000, 0x00000000d5b80000)
  object space 87552K, 19% used [0x0000000081200000,0x0000000082258b90,0x0000000086780000)
 Metaspace       used 12556K, capacity 12812K, committed 12928K, reserved 1060864K
  class space    used 1554K, capacity 1640K, committed 1664K, reserved 1048576K
}
Event: 13.350 GC heap before
{Heap before GC invocations=5 (full 0):
 PSYoungGen      total 38400K, used 36924K [0x00000000d5b80000, 0x00000000d8600000, 0x0000000100000000)
  eden space 33280K, 98% used [0x00000000d5b80000,0x00000000d7ba9020,0x00000000d7c00000)
  from space 5120K, 77% used [0x00000000d8100000,0x00000000d84e6030,0x00000000d8600000)
  to   space 5120K, 0% used [0x00000000d7c00000,0x00000000d7c00000,0x00000000d8100000)
 ParOldGen       total 87552K, used 16738K [0x0000000081200000, 0x0000000086780000, 0x00000000d5b80000)
  object space 87552K, 19% used [0x0000000081200000,0x0000000082258b90,0x0000000086780000)
 Metaspace       used 12577K, capacity 12812K, committed 12928K, reserved 1060864K
  class space    used 1554K, capacity 1640K, committed 1664K, reserved 1048576K
Event: 13.354 GC heap after
Heap after GC invocations=5 (full 0):
 PSYoungGen      total 36352K, used 3108K [0x00000000d5b80000, 0x00000000d8480000, 0x0000000100000000)
  eden space 32768K, 0% used [0x00000000d5b80000,0x00000000d5b80000,0x00000000d7b80000)
  from space 3584K, 86% used [0x00000000d7c00000,0x00000000d7f09030,0x00000000d7f80000)
  to   space 4608K, 0% used [0x00000000d8000000,0x00000000d8000000,0x00000000d8480000)
 ParOldGen       total 87552K, used 16746K [0x0000000081200000, 0x0000000086780000, 0x00000000d5b80000)
  object space 87552K, 19% used [0x0000000081200000,0x000000008225ab90,0x0000000086780000)
 Metaspace       used 12577K, capacity 12812K, committed 12928K, reserved 1060864K
  class space    used 1554K, capacity 1640K, committed 1664K, reserved 1048576K
}

Deoptimization events (2 events):
Event: 0.294 Thread 0x000000001ba83000 Uncommon trap: reason=null_check action=make_not_entrant pc=0x000000000523fe5c method=java.lang.String.equals(Ljava/lang/Object;)Z @ 8
Event: 6.460 Thread 0x000000001ba83000 Uncommon trap: reason=unstable_if action=reinterpret pc=0x00000000053cdde0 method=GantryClaw.ClawImagePanel.matToBufferedImage(Lorg/opencv/core/Mat;)Ljava/awt/image/BufferedImage; @ 120

Internal exceptions (10 events):
Event: 14.371 Thread 0x000000001c91c800 Implicit null exception at 0x00000000054665c9 to 0x00000000054677c7
Event: 14.371 Thread 0x000000001c91c800 Exception <a 'java/lang/NullPointerException'> (0x00000000d6fd6e90) thrown at [C:\re\workspace\8-2-build-windows-amd64-cygwin\jdk8u131\8869\hotspot\src\share\vm\runtime\sharedRuntime.cpp, line 605]
Event: 14.371 Thread 0x000000001c91c800 Implicit null exception at 0x00000000054665c9 to 0x00000000054677c7
Event: 14.371 Thread 0x000000001c91c800 Exception <a 'java/lang/NullPointerException'> (0x00000000d6fd7408) thrown at [C:\re\workspace\8-2-build-windows-amd64-cygwin\jdk8u131\8869\hotspot\src\share\vm\runtime\sharedRuntime.cpp, line 605]
Event: 14.371 Thread 0x000000001c91c800 Implicit null exception at 0x00000000054665c9 to 0x00000000054677c7
Event: 14.371 Thread 0x000000001c91c800 Exception <a 'java/lang/NullPointerException'> (0x00000000d6fe5b58) thrown at [C:\re\workspace\8-2-build-windows-amd64-cygwin\jdk8u131\8869\hotspot\src\share\vm\runtime\sharedRuntime.cpp, line 605]
Event: 14.372 Thread 0x000000001c91c800 Implicit null exception at 0x00000000054665c9 to 0x00000000054677c7
Event: 14.372 Thread 0x000000001c91c800 Exception <a 'java/lang/NullPointerException'> (0x00000000d6fe60d0) thrown at [C:\re\workspace\8-2-build-windows-amd64-cygwin\jdk8u131\8869\hotspot\src\share\vm\runtime\sharedRuntime.cpp, line 605]
Event: 14.372 Thread 0x000000001c91c800 Implicit null exception at 0x00000000054665c9 to 0x00000000054677c7
Event: 14.372 Thread 0x000000001c91c800 Exception <a 'java/lang/NullPointerException'> (0x00000000d6fe6648) thrown at [C:\re\workspace\8-2-build-windows-amd64-cygwin\jdk8u131\8869\hotspot\src\share\vm\runtime\sharedRuntime.cpp, line 605]

Events (10 events):
Event: 14.045 Thread 0x000000001c4eb800 Thread added: 0x000000001c4eb800
Event: 14.147 Thread 0x000000001c4e6000 Thread added: 0x000000001c4e6000
Event: 14.246 Thread 0x000000001c4ed800 Thread added: 0x000000001c4ed800
Event: 14.287 Thread 0x000000001c4f3000 Thread added: 0x000000001c4f3000
Event: 14.287 Thread 0x000000001c4f1800 Thread added: 0x000000001c4f1800
Event: 14.288 Thread 0x000000001c4f3000 Thread exited: 0x000000001c4f3000
Event: 14.313 Thread 0x000000001ba7d000 Thread exited: 0x000000001ba7d000
Event: 14.390 Thread 0x000000001c4f1800 Thread exited: 0x000000001c4f1800
Event: 14.391 Thread 0x0000000019c4c000 Thread exited: 0x0000000019c4c000
Event: 14.391 Executing VM operation: Exit


Dynamic libraries:
0x00007ff779930000 - 0x00007ff779967000 	C:\Program Files\Java\jre1.8.0_131\bin\javaw.exe
0x00007ffbd99e0000 - 0x00007ffbd9bc0000 	C:\WINDOWS\SYSTEM32\ntdll.dll
0x00007ffbd71a0000 - 0x00007ffbd724e000 	C:\WINDOWS\System32\KERNEL32.DLL
0x00007ffbd5de0000 - 0x00007ffbd6046000 	C:\WINDOWS\System32\KERNELBASE.dll
0x00007ffbd9170000 - 0x00007ffbd9211000 	C:\WINDOWS\System32\ADVAPI32.dll
0x00007ffbd6eb0000 - 0x00007ffbd6f4d000 	C:\WINDOWS\System32\msvcrt.dll
0x00007ffbd8810000 - 0x00007ffbd886b000 	C:\WINDOWS\System32\sechost.dll
0x00007ffbd8f60000 - 0x00007ffbd907f000 	C:\WINDOWS\System32\RPCRT4.dll
0x00007ffbd96a0000 - 0x00007ffbd982f000 	C:\WINDOWS\System32\USER32.dll
0x00007ffbd60a0000 - 0x00007ffbd60c0000 	C:\WINDOWS\System32\win32u.dll
0x00007ffbd9830000 - 0x00007ffbd9858000 	C:\WINDOWS\System32\GDI32.dll
0x00007ffbd62e0000 - 0x00007ffbd6473000 	C:\WINDOWS\System32\gdi32full.dll
0x00007ffbd60c0000 - 0x00007ffbd615b000 	C:\WINDOWS\System32\msvcp_win.dll
0x00007ffbd6160000 - 0x00007ffbd6256000 	C:\WINDOWS\System32\ucrtbase.dll
0x00007ffbbc760000 - 0x00007ffbbc9c9000 	C:\WINDOWS\WinSxS\amd64_microsoft.windows.common-controls_6595b64144ccf1df_6.0.16299.248_none_15ced204935f55d7\COMCTL32.dll
0x00007ffbd9390000 - 0x00007ffbd9698000 	C:\WINDOWS\System32\combase.dll
0x00007ffbd6260000 - 0x00007ffbd62d2000 	C:\WINDOWS\System32\bcryptPrimitives.dll
0x00007ffbd98c0000 - 0x00007ffbd98ed000 	C:\WINDOWS\System32\IMM32.DLL
0x00000000721b0000 - 0x0000000072282000 	C:\Program Files\Java\jre1.8.0_131\bin\msvcr100.dll
0x00000000716c0000 - 0x0000000071f5c000 	C:\Program Files\Java\jre1.8.0_131\bin\server\jvm.dll
0x00007ffbd88d0000 - 0x00007ffbd88d8000 	C:\WINDOWS\System32\PSAPI.DLL
0x00007ffbbb0d0000 - 0x00007ffbbb0d9000 	C:\WINDOWS\SYSTEM32\WSOCK32.dll
0x00007ffbd2830000 - 0x00007ffbd2853000 	C:\WINDOWS\SYSTEM32\WINMM.dll
0x00007ffbd7360000 - 0x00007ffbd73cc000 	C:\WINDOWS\System32\WS2_32.dll
0x00007ffbcbe30000 - 0x00007ffbcbe3a000 	C:\WINDOWS\SYSTEM32\VERSION.dll
0x00007ffbd27d0000 - 0x00007ffbd27fa000 	C:\WINDOWS\SYSTEM32\WINMMBASE.dll
0x00007ffbd6050000 - 0x00007ffbd609a000 	C:\WINDOWS\System32\cfgmgr32.dll
0x0000000072350000 - 0x000000007235f000 	C:\Program Files\Java\jre1.8.0_131\bin\verify.dll
0x0000000072320000 - 0x0000000072349000 	C:\Program Files\Java\jre1.8.0_131\bin\java.dll
0x0000000072300000 - 0x0000000072316000 	C:\Program Files\Java\jre1.8.0_131\bin\zip.dll
0x00007ffbd73d0000 - 0x00007ffbd8806000 	C:\WINDOWS\System32\SHELL32.dll
0x00007ffbd9900000 - 0x00007ffbd99a6000 	C:\WINDOWS\System32\shcore.dll
0x00007ffbd6530000 - 0x00007ffbd6c77000 	C:\WINDOWS\System32\windows.storage.dll
0x00007ffbd8d30000 - 0x00007ffbd8d81000 	C:\WINDOWS\System32\shlwapi.dll
0x00007ffbd5d30000 - 0x00007ffbd5d41000 	C:\WINDOWS\System32\kernel.appcore.dll
0x00007ffbd5d70000 - 0x00007ffbd5dbc000 	C:\WINDOWS\System32\powrprof.dll
0x00007ffbd5dc0000 - 0x00007ffbd5ddb000 	C:\WINDOWS\System32\profapi.dll
0x0000000072010000 - 0x00000000721a8000 	C:\Program Files\Java\jre1.8.0_131\bin\awt.dll
0x00007ffbd9080000 - 0x00007ffbd9145000 	C:\WINDOWS\System32\OLEAUT32.dll
0x00007ffbd3c10000 - 0x00007ffbd3c98000 	C:\WINDOWS\SYSTEM32\apphelp.dll
0x00007ffbd3d90000 - 0x00007ffbd3e25000 	C:\WINDOWS\system32\uxtheme.dll
0x00007ffbd9220000 - 0x00007ffbd9387000 	C:\WINDOWS\System32\MSCTF.dll
0x00007ffbab640000 - 0x00007ffbab6e9000 	C:\Program Files\Common Files\microsoft shared\ink\tiptsf.dll
0x00007ffbd40e0000 - 0x00007ffbd410a000 	C:\WINDOWS\system32\dwmapi.dll
0x00007ffbd8e10000 - 0x00007ffbd8f59000 	C:\WINDOWS\System32\ole32.dll
0x00007ffbadae0000 - 0x00007ffbadbfe000 	C:\WINDOWS\system32\opengl32.dll
0x00007ffbc9420000 - 0x00007ffbc944c000 	C:\WINDOWS\SYSTEM32\GLU32.dll
0x00000000715c0000 - 0x0000000071607000 	C:\Program Files\Java\jre1.8.0_131\bin\fontmanager.dll
0x00000000722e0000 - 0x00000000722fa000 	C:\Program Files\Java\jre1.8.0_131\bin\net.dll
0x0000000180000000 - 0x000000018008c000 	C:\WINDOWS\system32\ASProxy64.dll
0x00007ffbd5350000 - 0x00007ffbd5389000 	C:\WINDOWS\SYSTEM32\IPHLPAPI.DLL
0x00007ffbd55c0000 - 0x00007ffbd5626000 	C:\WINDOWS\SYSTEM32\MSWSOCK.dll
0x00007ffbd5c60000 - 0x00007ffbd5c90000 	C:\WINDOWS\SYSTEM32\SspiCli.dll
0x00000000722c0000 - 0x00000000722d1000 	C:\Program Files\Java\jre1.8.0_131\bin\nio.dll
0x0000000071570000 - 0x00000000715b2000 	C:\Program Files\Java\jre1.8.0_131\bin\t2k.dll
0x00007ffbc8000000 - 0x00007ffbc803e000 	C:\Users\weand\Desktop\Capstone project\CCR\GantryRobot\LeapMotion\LeapSDK\lib\x64\LeapJava.dll
0x00007ffbb8cf0000 - 0x00007ffbb8d96000 	C:\Program Files\Java\jre1.8.0_131\bin\MSVCP120.dll
0x00007ffbadc00000 - 0x00007ffbadcef000 	C:\Program Files\Java\jre1.8.0_131\bin\MSVCR120.dll
0x00007ffbad740000 - 0x00007ffbad8ab000 	C:\Users\weand\Desktop\Capstone project\CCR\GantryRobot\LeapMotion\LeapSDK\lib\x64\Leap.dll
0x00007ffbd4e70000 - 0x00007ffbd4ea1000 	C:\WINDOWS\SYSTEM32\ntmarta.dll
0x00007ffb9ef90000 - 0x00007ffb9f961000 	C:\Users\weand\Desktop\Capstone project\CCR\GantryRobot\OpenCV\opencv\build\java\x64\opencv_java2410.dll
0x00007ffbc9630000 - 0x00007ffbc964f000 	C:\WINDOWS\SYSTEM32\AVIFIL32.dll
0x00007ffbc94f0000 - 0x00007ffbc9508000 	C:\WINDOWS\SYSTEM32\AVICAP32.dll
0x00007ffbc7fd0000 - 0x00007ffbc7ff9000 	C:\WINDOWS\SYSTEM32\MSVFW32.dll
0x00007ffbcd340000 - 0x00007ffbcd35c000 	C:\WINDOWS\SYSTEM32\MSACM32.dll
0x00007ffbd6f50000 - 0x00007ffbd6fee000 	C:\WINDOWS\System32\clbcatq.dll
0x00007ffbd22d0000 - 0x00007ffbd247b000 	C:\WINDOWS\SYSTEM32\WindowsCodecs.dll
0x00007ffbb06c0000 - 0x00007ffbb070f000 	C:\WINDOWS\system32\dataexchange.dll
0x00007ffbd36e0000 - 0x00007ffbd3822000 	C:\WINDOWS\system32\dcomp.dll
0x00007ffbd2d50000 - 0x00007ffbd3032000 	C:\WINDOWS\system32\d3d11.dll
0x00007ffbd4ba0000 - 0x00007ffbd4c4f000 	C:\WINDOWS\system32\dxgi.dll
0x00007ffbd4260000 - 0x00007ffbd43db000 	C:\WINDOWS\system32\twinapi.appcore.dll
0x00007ffbd41d0000 - 0x00007ffbd41f0000 	C:\WINDOWS\system32\RMCLIENT.dll
0x00007ffbd5890000 - 0x00007ffbd58b5000 	C:\WINDOWS\system32\bcrypt.dll
0x00007ffbb5800000 - 0x00007ffbb5898000 	C:\WINDOWS\System32\TextInputFramework.dll
0x00007ffbd1ea0000 - 0x00007ffbd218e000 	C:\WINDOWS\System32\CoreUIComponents.dll
0x00007ffbd3600000 - 0x00007ffbd36dc000 	C:\WINDOWS\System32\CoreMessaging.dll
0x00007ffbd1d60000 - 0x00007ffbd1e96000 	C:\WINDOWS\SYSTEM32\wintypes.dll
0x00007ffbb3d40000 - 0x00007ffbb3f46000 	C:\Windows\System32\uiautomationcore.dll
0x00007ffbd5b90000 - 0x00007ffbd5c2a000 	C:\WINDOWS\SYSTEM32\sxs.dll
0x00007ffbb0d00000 - 0x00007ffbb0d6e000 	C:\Windows\System32\OLEACC.dll
0x00007ffbb52a0000 - 0x00007ffbb5321000 	C:\WINDOWS\SYSTEM32\twinapi.dll
0x00007ffbcd230000 - 0x00007ffbcd248000 	C:\Windows\System32\devenum.dll
0x00007ffbd88e0000 - 0x00007ffbd8d2e000 	C:\WINDOWS\System32\setupapi.dll
0x00007ffbd5b40000 - 0x00007ffbd5b67000 	C:\WINDOWS\SYSTEM32\DEVOBJ.dll
0x00007ffbd6c80000 - 0x00007ffbd6cd8000 	C:\WINDOWS\System32\WINTRUST.dll
0x00007ffbd5d50000 - 0x00007ffbd5d62000 	C:\WINDOWS\System32\MSASN1.dll
0x00007ffbd6ce0000 - 0x00007ffbd6eae000 	C:\WINDOWS\System32\CRYPT32.dll
0x00007ffbb0710000 - 0x00007ffbb071a000 	C:\WINDOWS\SYSTEM32\msdmo.dll
0x00007ffbcbce0000 - 0x00007ffbcbd13000 	C:\Windows\System32\qcap.dll
0x00007ffbab9e0000 - 0x00007ffbabb9c000 	C:\Windows\System32\quartz.dll
0x00007ffbb8710000 - 0x00007ffbb875e000 	C:\Windows\System32\mfksproxy.dll
0x00007ffbcd890000 - 0x00007ffbcd8c6000 	C:\Windows\System32\MFSENSORGROUP.dll
0x00007ffbcdb20000 - 0x00007ffbcdb3d000 	C:\Windows\System32\ATL.DLL
0x00007ffbcd6d0000 - 0x00007ffbcd881000 	C:\Windows\System32\MFPlat.DLL
0x00007ffbcd690000 - 0x00007ffbcd6c2000 	C:\Windows\System32\RTWorkQ.DLL
0x00007ffbccc10000 - 0x00007ffbcd057000 	C:\Windows\System32\MFCORE.dll
0x00007ffbccc00000 - 0x00007ffbccc09000 	C:\Windows\System32\ksuser.dll
0x00007ffbd57a0000 - 0x00007ffbd57ab000 	C:\Windows\System32\CRYPTBASE.DLL
0x00007ffbb1890000 - 0x00007ffbb18e0000 	C:\Windows\System32\FSClient.dll
0x00007ffbd22c0000 - 0x00007ffbd22ca000 	C:\Windows\System32\AVRT.dll
0x00007ffbc9710000 - 0x00007ffbc971c000 	C:\Windows\System32\vidcap.ax
0x00007ffbbdd50000 - 0x00007ffbbdd76000 	C:\Windows\System32\kswdmcap.ax
0x00007ffb9c1a0000 - 0x00007ffb9c305000 	C:\Windows\System32\MFC42.dll
0x00007ffb99740000 - 0x00007ffb99cb2000 	C:\WINDOWS\system32\IntelCameraPlugin64.dll
0x00007ffbd1b90000 - 0x00007ffbd1c0a000 	C:\WINDOWS\SYSTEM32\policymanager.dll
0x00007ffbd1a30000 - 0x00007ffbd1ac0000 	C:\Windows\System32\msvcp110_win.dll
0x00007ffb9c7a0000 - 0x00007ffb9c8aa000 	C:\Windows\System32\MFReadWrite.dll
0x00007ffbb7d90000 - 0x00007ffbb7e30000 	C:\Windows\System32\qedit.dll
0x00007ffbd7250000 - 0x00007ffbd735a000 	C:\WINDOWS\System32\COMDLG32.dll
0x00007ffbba4f0000 - 0x00007ffbba68c000 	C:\WINDOWS\WinSxS\amd64_microsoft.windows.gdiplus_6595b64144ccf1df_1.1.16299.248_none_46b9c4e9edf1cfa5\gdiplus.dll
0x00007ffbad640000 - 0x00007ffbad736000 	C:\Windows\System32\DDRAW.dll
0x00007ffbd3e60000 - 0x00007ffbd3e68000 	C:\Windows\System32\DCIMAN32.dll
0x00007ffbd28f0000 - 0x00007ffbd28fc000 	C:\WINDOWS\SYSTEM32\msyuv.dll
0x00007ffbd4720000 - 0x00007ffbd48e8000 	C:\WINDOWS\SYSTEM32\dbghelp.dll

VM Arguments:
jvm_args: -Djava.library.path=C:\Users\weand\Desktop\Capstone project\CCR\GantryRobot\mfz-rxtx-2.2-20081207-win-x64;C:\Users\weand\Desktop\Capstone project\CCR\GantryRobot\OpenCV\opencv\build\java\x64;C:\Users\weand\Desktop\Capstone project\CCR\GantryRobot\LeapMotion\LeapSDK\lib\x64 -Dfile.encoding=Cp1252 
java_command: leap.RXTXGui
java_class_path (initial): C:\Users\weand\workspace\Gantry_1\bin;C:\Users\weand\Desktop\Capstone project\CCR\GantryRobot\mfz-rxtx-2.2-20081207-win-x64\RXTXcomm.jar;C:\Users\weand\Desktop\Capstone project\CCR\GantryRobot\OpenCV\opencv\build\java\opencv-2410.jar;C:\Users\weand\Desktop\Capstone project\CCR\GantryRobot\LeapMotion\LeapSDK\lib\LeapJava.jar
Launcher Type: SUN_STANDARD

Environment Variables:
PATH=C:\Users\weand\Desktop\Capstone project\CCR\GantryRobot\LeapMotion\LeapSDK\lib\x64;n;C:/Program Files/Java/jre1.8.0_131/lib/amd64;C:\ProgramData\Oracle\Java\javapath;C:\Program Files\Microsoft MPI\Bin\;C:\WINDOWS\system32;C:\WINDOWS;C:\WINDOWS\System32\Wbem;C:\WINDOWS\System32\WindowsPowerShell\v1.0\;C:\Program Files (x86)\Skype\Phone\;C:\Program Files\Microsoft SQL Server\130\Tools\Binn\;C:\Program Files\dotnet\;C:\Program Files (x86)\GtkSharp\2.12\bin;C:\Program Files\MySQL\MySQL Utilities 1.6\;C:\Program Files\Git\cmd;C:\Users\weand\AppData\Local\Microsoft\WindowsApps;C:\Program Files (x86)\Spiceworks\Nmap;;C:\Users\weand\Downloads\eclipse-java-kepler-SR1-win32-x86_64\eclipse;C:/Program Files/Java/jre1.8.0_131/bin/server;C:/Program Files/Java/jre1.8.0_131/bin;C:/Program Files/Java/jre1.8.0_131/lib/amd64;C:\ProgramData\Oracle\Java\javapath;C:\Program Files\Microsoft MPI\Bin\;C:\WINDOWS\system32;C:\WINDOWS;C:\WINDOWS\System32\Wbem;C:\WINDOWS\System32\WindowsPowerShell\v1.0\;C:\Program Files (x86)\Skype\Phone\;C:\Program Files\Microsoft SQL Server\130\Tools\Binn\;C:\Program Files\dotnet\;C:\Program Files (x86)\GtkSharp\2.12\bin;C:\Program Files\MySQL\MySQL Utilities 1.6\;C:\Program Files\Git\cmd;C:\Users\weand\AppData\Local\Microsoft\WindowsApps;C:\Program Files (x86)\Spiceworks\Nmap;;C:\Users\weand\Downloads\eclipse-java-kepler-SR1-win32-x86_64\eclipse;
USERNAME=weand
OS=Windows_NT
PROCESSOR_IDENTIFIER=Intel64 Family 6 Model 78 Stepping 3, GenuineIntel



---------------  S Y S T E M  ---------------

OS: Windows 10.0 , 64 bit Build 16299 (10.0.16299.15)

CPU:total 4 (initial active 4) (2 cores per cpu, 2 threads per core) family 6 model 78 stepping 3, cmov, cx8, fxsr, mmx, sse, sse2, sse3, ssse3, sse4.1, sse4.2, popcnt, avx, avx2, aes, clmul, erms, rtm, 3dnowpref, lzcnt, ht, tsc, tscinvbit, bmi1, bmi2, adx

Memory: 4k page, physical 8311896k(1923440k free), swap 14300816k(2309016k free)

vm_info: Java HotSpot(TM) 64-Bit Server VM (25.131-b11) for windows-amd64 JRE (1.8.0_131-b11), built on Mar 15 2017 01:23:53 by "java_re" with MS VC++ 10.0 (VS2010)

time: Sat Mar 24 22:22:52 2018
elapsed time: 15 seconds (0d 0h 0m 15s)

