#
# A fatal error has been detected by the Java Runtime Environment:
#
#  Internal Error (0xc000000d), pid=24224, tid=0x00000000000056f4
#
# JRE version: Java(TM) SE Runtime Environment (8.0_131-b11) (build 1.8.0_131-b11)
# Java VM: Java HotSpot(TM) 64-Bit Server VM (25.131-b11 mixed mode windows-amd64 compressed oops)
# Problematic frame:
# C  [ntdll.dll+0x10b2c0]
#
# Failed to write core dump. Minidumps are not enabled by default on client versions of Windows
#
# If you would like to submit a bug report, please visit:
#   http://bugreport.java.com/bugreport/crash.jsp
#

---------------  T H R E A D  ---------------

Current thread (0x0000000019287800):  VMThread [stack: 0x000000001a320000,0x000000001a420000] [id=22260]

siginfo: ExceptionCode=0xc000000d

Registers:
RAX=0x0000000000000000, RBX=0x0000000000000001, RCX=0x0000000000000000, RDX=0x0000000000000000
RSP=0x000000001a41ee40, RBP=0x000000001ed3ec50, RSI=0x000000001ed3ee88, RDI=0x000000001ed2be10
R8 =0x0000000000000000, R9 =0x0000000000000000, R10=0x0000000000000000, R11=0x0000000000000000
R12=0x00007ffe63d26680, R13=0x0000000000000001, R14=0x000000001ed20f60, R15=0x000000001ed20f60
RIP=0x00007ffe6d8fb2c0, EFLAGS=0x0000000000000206

Top of Stack: (sp=0x000000001a41ee40)
0x000000001a41ee40:   0000000000000057 0000000000000001
0x000000001a41ee50:   000000001ed3ee88 000000001ed2be10
0x000000001a41ee60:   00000000c000000d 0000000000000000
0x000000001a41ee70:   00007ffe6d8fb2c0 0000000000000000
0x000000001a41ee80:   0000000000000000 0000000000000000
0x000000001a41ee90:   0000000000000000 0000000000000000
0x000000001a41eea0:   0000000000000000 0000000000000000
0x000000001a41eeb0:   0000000000000000 0000000000000000
0x000000001a41eec0:   0000000000000000 0000000000000000
0x000000001a41eed0:   0000000000000000 0000000000000000
0x000000001a41eee0:   0000000000000000 0000000000000000
0x000000001a41eef0:   0000000000000000 0000000000000000
0x000000001a41ef00:   000060608f60a0f9 000000001ed2be10
0x000000001a41ef10:   000000001ed3ee88 00007ffe63d24907
0x000000001a41ef20:   000000001ed2be10 000000001ed20f60
0x000000001a41ef30:   00000000f46857d4 0000000000000020 

Instructions: (pc=0x00007ffe6d8fb2c0)
0x00007ffe6d8fb2a0:   b7 f9 ff c7 44 24 20 0d 00 00 c0 b9 57 00 00 00
0x00007ffe6d8fb2b0:   e8 3b 63 f3 ff 90 48 8d 4c 24 20 e8 80 00 f1 ff
0x00007ffe6d8fb2c0:   eb 00 48 8b 8c 24 c0 00 00 00 48 33 cc e8 ae 57
0x00007ffe6d8fb2d0:   f8 ff 48 81 c4 d8 00 00 00 c3 40 55 48 83 ec 20 


Register to memory mapping:

RAX=0x0000000000000000 is an unknown value
RBX=0x0000000000000001 is an unknown value
RCX=0x0000000000000000 is an unknown value
RDX=0x0000000000000000 is an unknown value
RSP=0x000000001a41ee40 is an unknown value
RBP=0x000000001ed3ec50 is an unknown value
RSI=0x000000001ed3ee88 is an unknown value
RDI=0x000000001ed2be10 is an unknown value
R8 =0x0000000000000000 is an unknown value
R9 =0x0000000000000000 is an unknown value
R10=0x0000000000000000 is an unknown value
R11=0x0000000000000000 is an unknown value
R12=0x00007ffe63d26680 is an unknown value
R13=0x0000000000000001 is an unknown value
R14=0x000000001ed20f60 is an unknown value
R15=0x000000001ed20f60 is an unknown value


Stack: [0x000000001a320000,0x000000001a420000],  sp=0x000000001a41ee40,  free space=1019k
Native frames: (J=compiled Java code, j=interpreted, Vv=VM code, C=native code)
C  [ntdll.dll+0x10b2c0]
C  [RTWorkQ.DLL+0x4907]
C  [RTWorkQ.DLL+0x9e46]
C  [RTWorkQ.DLL+0x7565]
C  [MFPlat.DLL+0x1d05b]
C  [MFReadWrite.dll+0x16348]
C  [MFReadWrite.dll+0xfb0d]
C  [MFReadWrite.dll+0xf863]
C  [mfksproxy.dll+0x194d0]
C  [mfksproxy.dll+0x18069]
C  [mfksproxy.dll+0x6eeb]
C  [quartz.dll+0x42e19]
C  [quartz.dll+0x553ef]
C  [quartz.dll+0x57932]
C  [quartz.dll+0x56d75]
C  [opencv_java2410.dll+0x2aaa1e]
C  [opencv_java2410.dll+0x5f43d0]
C  [opencv_java2410.dll+0x508e75]
C  [opencv_java2410.dll+0x4fc0f6]
C  [opencv_java2410.dll+0x4fc269]
C  [ntdll.dll+0x11493]
C  [ntdll.dll+0x406b5]
C  [ntdll.dll+0x40574]
C  [KERNEL32.DLL+0xf06a]
C  [msvcr100.dll+0x20ccd]
V  [jvm.dll+0x213235]
V  [jvm.dll+0x24c2a7]
V  [jvm.dll+0x24b546]
V  [jvm.dll+0x24b9e1]
V  [jvm.dll+0x24bbfe]
V  [jvm.dll+0x29cc1a]
C  [msvcr100.dll+0x21d9f]
C  [msvcr100.dll+0x21e3b]
C  [KERNEL32.DLL+0x11fe4]
C  [ntdll.dll+0x6efb1]

VM_Operation (0x000000001b9ecff0): Exit, mode: safepoint, requested by thread 0x000000001af04800


---------------  P R O C E S S  ---------------

Java Threads: ( => current thread )
  0x000000001c660800 JavaThread "TimerQueue" daemon [_thread_blocked, id=17540, stack(0x000000001eb00000,0x000000001ec00000)]
  0x0000000004580800 JavaThread "DestroyJavaVM" [_thread_blocked, id=6676, stack(0x0000000004440000,0x0000000004540000)]
  0x000000001af04800 JavaThread "AWT-EventQueue-0" [_thread_blocked, id=8748, stack(0x000000001b8f0000,0x000000001b9f0000)]
  0x000000001aefe800 JavaThread "AWT-Shutdown" [_thread_blocked, id=25536, stack(0x000000001b6f0000,0x000000001b7f0000)]
  0x000000001aefb800 JavaThread "Java2D Disposer" daemon [_thread_blocked, id=1384, stack(0x000000001b5f0000,0x000000001b6f0000)]
  0x000000001931b800 JavaThread "Service Thread" daemon [_thread_blocked, id=17968, stack(0x000000001b010000,0x000000001b110000)]
  0x000000001ab18800 JavaThread "C1 CompilerThread2" daemon [_thread_blocked, id=22540, stack(0x000000001af10000,0x000000001b010000)]
  0x0000000019302800 JavaThread "C2 CompilerThread1" daemon [_thread_blocked, id=1436, stack(0x000000001aa10000,0x000000001ab10000)]
  0x00000000192bf000 JavaThread "C2 CompilerThread0" daemon [_thread_blocked, id=10004, stack(0x000000001a910000,0x000000001aa10000)]
  0x00000000192be000 JavaThread "Attach Listener" daemon [_thread_blocked, id=24360, stack(0x000000001a810000,0x000000001a910000)]
  0x000000000467b800 JavaThread "Finalizer" daemon [_thread_blocked, id=24744, stack(0x000000001a520000,0x000000001a620000)]
  0x0000000004671000 JavaThread "Reference Handler" daemon [_thread_blocked, id=5780, stack(0x000000001a420000,0x000000001a520000)]

Other Threads:
=>0x0000000019287800 VMThread [stack: 0x000000001a320000,0x000000001a420000] [id=22260]

VM state:at safepoint (shutting down)

VM Mutex/Monitor currently owned by a thread:  ([mutex/lock_event])
[0x000000000473c7b0] Threads_lock - owner thread: 0x0000000019287800

Heap:
 PSYoungGen      total 38400K, used 30749K [0x00000000d5b80000, 0x00000000d8600000, 0x0000000100000000)
  eden space 33280K, 92% used [0x00000000d5b80000,0x00000000d79877e8,0x00000000d7c00000)
  from space 5120K, 0% used [0x00000000d8100000,0x00000000d8100000,0x00000000d8600000)
  to   space 5120K, 0% used [0x00000000d7c00000,0x00000000d7c00000,0x00000000d8100000)
 ParOldGen       total 87552K, used 0K [0x0000000081200000, 0x0000000086780000, 0x00000000d5b80000)
  object space 87552K, 0% used [0x0000000081200000,0x0000000081200000,0x0000000086780000)
 Metaspace       used 11836K, capacity 12006K, committed 12160K, reserved 1060864K
  class space    used 1449K, capacity 1543K, committed 1664K, reserved 1048576K

Card table byte_map: [0x0000000013b00000,0x0000000013f00000] byte_map_base: 0x00000000136f7000

Marking Bits: (ParMarkBitMap*) 0x0000000065dcc720
 Begin Bits: [0x00000000145b0000, 0x0000000016568000)
 End Bits:   [0x0000000016568000, 0x0000000018520000)

Polling page: 0x0000000002850000

CodeCache: size=245760Kb used=3917Kb max_used=3920Kb free=241842Kb
 bounds [0x0000000004740000, 0x0000000004b20000, 0x0000000013740000]
 total_blobs=1743 nmethods=1152 adapters=503
 compilation: enabled

Compilation events (10 events):
Event: 58.446 Thread 0x000000001ab18800 1148       3       sun.font.FontDesignMetrics::getHeight (35 bytes)
Event: 58.447 Thread 0x000000001ab18800 nmethod 1148 0x0000000004b15b50 code [0x0000000004b15cc0, 0x0000000004b15fb0]
Event: 58.620 Thread 0x000000001ab18800 1149       1       sun.awt.NullComponentPeer::handleEvent (1 bytes)
Event: 58.620 Thread 0x000000001ab18800 nmethod 1149 0x0000000004b0ff50 code [0x0000000004b100a0, 0x0000000004b101b0]
Event: 58.986 Thread 0x00000000192bf000 1150       4       java.security.AccessControlContext::<init> (30 bytes)
Event: 58.987 Thread 0x00000000192bf000 nmethod 1150 0x0000000004b14450 code [0x0000000004b14580, 0x0000000004b145f8]
Event: 59.206 Thread 0x000000001ab18800 1151       3       java.lang.Boolean::valueOf (14 bytes)
Event: 59.207 Thread 0x000000001ab18800 nmethod 1151 0x0000000004b14110 code [0x0000000004b14260, 0x0000000004b143f0]
Event: 59.359 Thread 0x000000001ab18800 1152   !   3       java.awt.Container::getMouseEventTargetImpl (255 bytes)
Event: 59.361 Thread 0x000000001ab18800 nmethod 1152 0x0000000004b177d0 code [0x0000000004b17a40, 0x0000000004b18e88]

GC Heap History (0 events):
No events

Deoptimization events (9 events):
Event: 0.768 Thread 0x000000001af04800 Uncommon trap: reason=null_check action=make_not_entrant pc=0x00000000048bef1c method=java.lang.String.equals(Ljava/lang/Object;)Z @ 8
Event: 5.408 Thread 0x000000001af04800 Uncommon trap: reason=unstable_if action=reinterpret pc=0x0000000004987854 method=java.awt.Component.inside(II)Z @ 1
Event: 52.116 Thread 0x000000001af04800 Uncommon trap: reason=unstable_if action=reinterpret pc=0x0000000004a672c4 method=java.util.concurrent.locks.ReentrantLock$Sync.tryRelease(I)Z @ 28
Event: 52.119 Thread 0x000000001af04800 Uncommon trap: reason=unstable_if action=reinterpret pc=0x0000000004a4f100 method=java.util.concurrent.locks.ReentrantLock$Sync.tryRelease(I)Z @ 28
Event: 52.254 Thread 0x000000001af04800 Uncommon trap: reason=bimorphic action=maybe_recompile pc=0x0000000004a73b3c method=java.util.HashMap.getNode(ILjava/lang/Object;)Ljava/util/HashMap$Node; @ 126
Event: 52.254 Thread 0x000000001af04800 Uncommon trap: reason=bimorphic action=maybe_recompile pc=0x0000000004a73b3c method=java.util.HashMap.getNode(ILjava/lang/Object;)Ljava/util/HashMap$Node; @ 126
Event: 52.254 Thread 0x000000001af04800 Uncommon trap: reason=bimorphic action=maybe_recompile pc=0x0000000004a73b3c method=java.util.HashMap.getNode(ILjava/lang/Object;)Ljava/util/HashMap$Node; @ 126
Event: 52.254 Thread 0x000000001af04800 Uncommon trap: reason=bimorphic action=maybe_recompile pc=0x0000000004a73b3c method=java.util.HashMap.getNode(ILjava/lang/Object;)Ljava/util/HashMap$Node; @ 126
Event: 59.220 Thread 0x000000001af04800 Uncommon trap: reason=unstable_if action=reinterpret pc=0x0000000004a8dbe8 method=java.awt.Container$MouseEventTargetFilter.accept(Ljava/awt/Component;)Z @ 50

Internal exceptions (10 events):
Event: 25.441 Thread 0x000000001af04800 Exception <a 'java/lang/NullPointerException'> (0x00000000d6d5e588) thrown at [C:\re\workspace\8-2-build-windows-amd64-cygwin\jdk8u131\8869\hotspot\src\share\vm\interpreter\linkResolver.cpp, line 1197]
Event: 25.441 Thread 0x000000001af04800 Exception <a 'java/lang/NullPointerException'> (0x00000000d6d5ece8) thrown at [C:\re\workspace\8-2-build-windows-amd64-cygwin\jdk8u131\8869\hotspot\src\share\vm\interpreter\linkResolver.cpp, line 1197]
Event: 25.441 Thread 0x000000001af04800 Exception <a 'java/lang/NullPointerException'> (0x00000000d6d5f448) thrown at [C:\re\workspace\8-2-build-windows-amd64-cygwin\jdk8u131\8869\hotspot\src\share\vm\interpreter\linkResolver.cpp, line 1197]
Event: 25.441 Thread 0x000000001af04800 Exception <a 'java/lang/NullPointerException'> (0x00000000d6d5fba8) thrown at [C:\re\workspace\8-2-build-windows-amd64-cygwin\jdk8u131\8869\hotspot\src\share\vm\interpreter\linkResolver.cpp, line 1197]
Event: 25.441 Thread 0x000000001af04800 Exception <a 'java/lang/NullPointerException'> (0x00000000d6d60308) thrown at [C:\re\workspace\8-2-build-windows-amd64-cygwin\jdk8u131\8869\hotspot\src\share\vm\interpreter\linkResolver.cpp, line 1197]
Event: 25.441 Thread 0x000000001af04800 Exception <a 'java/lang/NullPointerException'> (0x00000000d6d60a68) thrown at [C:\re\workspace\8-2-build-windows-amd64-cygwin\jdk8u131\8869\hotspot\src\share\vm\interpreter\linkResolver.cpp, line 1197]
Event: 25.441 Thread 0x000000001af04800 Exception <a 'java/lang/NullPointerException'> (0x00000000d6d611c8) thrown at [C:\re\workspace\8-2-build-windows-amd64-cygwin\jdk8u131\8869\hotspot\src\share\vm\interpreter\linkResolver.cpp, line 1197]
Event: 25.441 Thread 0x000000001af04800 Exception <a 'java/lang/NullPointerException'> (0x00000000d6d61928) thrown at [C:\re\workspace\8-2-build-windows-amd64-cygwin\jdk8u131\8869\hotspot\src\share\vm\interpreter\linkResolver.cpp, line 1197]
Event: 25.441 Thread 0x000000001af04800 Exception <a 'java/lang/NullPointerException'> (0x00000000d6d62088) thrown at [C:\re\workspace\8-2-build-windows-amd64-cygwin\jdk8u131\8869\hotspot\src\share\vm\interpreter\linkResolver.cpp, line 1197]
Event: 25.441 Thread 0x000000001af04800 Exception <a 'java/lang/NullPointerException'> (0x00000000d6d627e8) thrown at [C:\re\workspace\8-2-build-windows-amd64-cygwin\jdk8u131\8869\hotspot\src\share\vm\interpreter\linkResolver.cpp, line 1197]

Events (10 events):
Event: 61.158 Executing VM operation: RevokeBias done
Event: 61.158 loading class java/util/WeakHashMap$KeyIterator
Event: 61.158 loading class java/util/WeakHashMap$HashIterator
Event: 61.158 loading class java/util/WeakHashMap$HashIterator done
Event: 61.158 loading class java/util/WeakHashMap$KeyIterator done
Event: 61.159 Thread 0x000000001c6f2000 Thread exited: 0x000000001c6f2000
Event: 61.199 Thread 0x000000001aeff000 Thread exited: 0x000000001aeff000
Event: 61.259 Thread 0x000000001c6f3000 Thread exited: 0x000000001c6f3000
Event: 61.261 Thread 0x00000000192bd000 Thread exited: 0x00000000192bd000
Event: 61.262 Executing VM operation: Exit


Dynamic libraries:
0x00007ff7d2d90000 - 0x00007ff7d2dc7000 	C:\Program Files\Java\jre1.8.0_131\bin\javaw.exe
0x00007ffe6d7f0000 - 0x00007ffe6d9d0000 	C:\WINDOWS\SYSTEM32\ntdll.dll
0x00007ffe6af80000 - 0x00007ffe6b02e000 	C:\WINDOWS\System32\KERNEL32.DLL
0x00007ffe6a820000 - 0x00007ffe6aa86000 	C:\WINDOWS\System32\KERNELBASE.dll
0x00007ffe6b030000 - 0x00007ffe6b0d1000 	C:\WINDOWS\System32\ADVAPI32.dll
0x00007ffe6b0e0000 - 0x00007ffe6b17d000 	C:\WINDOWS\System32\msvcrt.dll
0x00007ffe6af20000 - 0x00007ffe6af7b000 	C:\WINDOWS\System32\sechost.dll
0x00007ffe6ce30000 - 0x00007ffe6cf4f000 	C:\WINDOWS\System32\RPCRT4.dll
0x00007ffe6b240000 - 0x00007ffe6b3cf000 	C:\WINDOWS\System32\USER32.dll
0x00007ffe69cf0000 - 0x00007ffe69d10000 	C:\WINDOWS\System32\win32u.dll
0x00007ffe6cc90000 - 0x00007ffe6ccb8000 	C:\WINDOWS\System32\GDI32.dll
0x00007ffe69ee0000 - 0x00007ffe6a073000 	C:\WINDOWS\System32\gdi32full.dll
0x00007ffe69d10000 - 0x00007ffe69dab000 	C:\WINDOWS\System32\msvcp_win.dll
0x00007ffe69bf0000 - 0x00007ffe69ce6000 	C:\WINDOWS\System32\ucrtbase.dll
0x00007ffe52240000 - 0x00007ffe524a9000 	C:\WINDOWS\WinSxS\amd64_microsoft.windows.common-controls_6595b64144ccf1df_6.0.16299.192_none_15c8cdae9364c23b\COMCTL32.dll
0x00007ffe6c920000 - 0x00007ffe6cc28000 	C:\WINDOWS\System32\combase.dll
0x00007ffe69e60000 - 0x00007ffe69ed2000 	C:\WINDOWS\System32\bcryptPrimitives.dll
0x00007ffe6b190000 - 0x00007ffe6b1bd000 	C:\WINDOWS\System32\IMM32.DLL
0x0000000064e90000 - 0x0000000064f62000 	C:\Program Files\Java\jre1.8.0_131\bin\msvcr100.dll
0x00000000655b0000 - 0x0000000065e4c000 	C:\Program Files\Java\jre1.8.0_131\bin\server\jvm.dll
0x00007ffe6ae30000 - 0x00007ffe6ae38000 	C:\WINDOWS\System32\PSAPI.DLL
0x00007ffe4f1d0000 - 0x00007ffe4f1d9000 	C:\WINDOWS\SYSTEM32\WSOCK32.dll
0x00007ffe6cdc0000 - 0x00007ffe6ce2c000 	C:\WINDOWS\System32\WS2_32.dll
0x00007ffe666e0000 - 0x00007ffe66703000 	C:\WINDOWS\SYSTEM32\WINMM.dll
0x00007ffe5fbb0000 - 0x00007ffe5fbba000 	C:\WINDOWS\SYSTEM32\VERSION.dll
0x00007ffe66680000 - 0x00007ffe666aa000 	C:\WINDOWS\SYSTEM32\WINMMBASE.dll
0x00007ffe6a080000 - 0x00007ffe6a0ca000 	C:\WINDOWS\System32\cfgmgr32.dll
0x0000000066a30000 - 0x0000000066a3f000 	C:\Program Files\Java\jre1.8.0_131\bin\verify.dll
0x0000000066900000 - 0x0000000066929000 	C:\Program Files\Java\jre1.8.0_131\bin\java.dll
0x00000000668c0000 - 0x00000000668d6000 	C:\Program Files\Java\jre1.8.0_131\bin\zip.dll
0x00007ffe6b3d0000 - 0x00007ffe6c806000 	C:\WINDOWS\System32\SHELL32.dll
0x00007ffe6cf70000 - 0x00007ffe6d016000 	C:\WINDOWS\System32\shcore.dll
0x00007ffe6a0d0000 - 0x00007ffe6a817000 	C:\WINDOWS\System32\windows.storage.dll
0x00007ffe6d760000 - 0x00007ffe6d7b1000 	C:\WINDOWS\System32\shlwapi.dll
0x00007ffe69bd0000 - 0x00007ffe69be1000 	C:\WINDOWS\System32\kernel.appcore.dll
0x00007ffe69b60000 - 0x00007ffe69bac000 	C:\WINDOWS\System32\powrprof.dll
0x00007ffe69bb0000 - 0x00007ffe69bcb000 	C:\WINDOWS\System32\profapi.dll
0x00000000653a0000 - 0x0000000065538000 	C:\Program Files\Java\jre1.8.0_131\bin\awt.dll
0x00007ffe6ae50000 - 0x00007ffe6af15000 	C:\WINDOWS\System32\OLEAUT32.dll
0x00007ffe67ac0000 - 0x00007ffe67b48000 	C:\WINDOWS\SYSTEM32\apphelp.dll
0x00007ffe67c40000 - 0x00007ffe67cd5000 	C:\WINDOWS\system32\uxtheme.dll
0x00007ffe6acc0000 - 0x00007ffe6ae27000 	C:\WINDOWS\System32\MSCTF.dll
0x00007ffe3e9f0000 - 0x00007ffe3ea99000 	C:\Program Files\Common Files\microsoft shared\ink\tiptsf.dll
0x00007ffe67d10000 - 0x00007ffe67d3a000 	C:\WINDOWS\system32\dwmapi.dll
0x00007ffe6d470000 - 0x00007ffe6d5b9000 	C:\WINDOWS\System32\ole32.dll
0x00007ffe42910000 - 0x00007ffe42a2e000 	C:\WINDOWS\system32\opengl32.dll
0x00007ffe5c8c0000 - 0x00007ffe5c8ec000 	C:\WINDOWS\SYSTEM32\GLU32.dll
0x0000000065350000 - 0x0000000065397000 	C:\Program Files\Java\jre1.8.0_131\bin\fontmanager.dll
0x0000000065590000 - 0x00000000655aa000 	C:\Program Files\Java\jre1.8.0_131\bin\net.dll
0x0000000180000000 - 0x000000018008c000 	C:\WINDOWS\system32\ASProxy64.dll
0x00007ffe69160000 - 0x00007ffe69199000 	C:\WINDOWS\SYSTEM32\IPHLPAPI.DLL
0x00007ffe693d0000 - 0x00007ffe69436000 	C:\WINDOWS\SYSTEM32\MSWSOCK.dll
0x00007ffe69a70000 - 0x00007ffe69aa0000 	C:\WINDOWS\SYSTEM32\SspiCli.dll
0x0000000065570000 - 0x0000000065581000 	C:\Program Files\Java\jre1.8.0_131\bin\nio.dll
0x0000000065300000 - 0x0000000065342000 	C:\Program Files\Java\jre1.8.0_131\bin\t2k.dll
0x00007ffe2c960000 - 0x00007ffe2d331000 	C:\Users\weand\Desktop\Capstone project\CCR\GantryRobot\OpenCV\opencv\build\java\x64\opencv_java2410.dll
0x00007ffe5b6f0000 - 0x00007ffe5b708000 	C:\WINDOWS\SYSTEM32\AVICAP32.dll
0x00007ffe5a2a0000 - 0x00007ffe5a2bf000 	C:\WINDOWS\SYSTEM32\AVIFIL32.dll
0x00007ffe56ed0000 - 0x00007ffe56ef9000 	C:\WINDOWS\SYSTEM32\MSVFW32.dll
0x00007ffe5aa00000 - 0x00007ffe5aa1c000 	C:\WINDOWS\SYSTEM32\MSACM32.dll
0x00007ffe6ccc0000 - 0x00007ffe6cd5e000 	C:\WINDOWS\System32\clbcatq.dll
0x00007ffe65620000 - 0x00007ffe657cb000 	C:\WINDOWS\SYSTEM32\WindowsCodecs.dll
0x00007ffe48af0000 - 0x00007ffe48b3f000 	C:\WINDOWS\system32\dataexchange.dll
0x00007ffe66c00000 - 0x00007ffe66ee1000 	C:\WINDOWS\system32\d3d11.dll
0x00007ffe67590000 - 0x00007ffe676d2000 	C:\WINDOWS\system32\dcomp.dll
0x00007ffe689b0000 - 0x00007ffe68a5f000 	C:\WINDOWS\system32\dxgi.dll
0x00007ffe68030000 - 0x00007ffe681ab000 	C:\WINDOWS\system32\twinapi.appcore.dll
0x00007ffe67fa0000 - 0x00007ffe67fc0000 	C:\WINDOWS\system32\RMCLIENT.dll
0x00007ffe696a0000 - 0x00007ffe696c5000 	C:\WINDOWS\system32\bcrypt.dll
0x00007ffe50c50000 - 0x00007ffe50ce8000 	C:\WINDOWS\System32\TextInputFramework.dll
0x00007ffe66ef0000 - 0x00007ffe66fcc000 	C:\WINDOWS\System32\CoreMessaging.dll
0x00007ffe64ef0000 - 0x00007ffe651de000 	C:\WINDOWS\System32\CoreUIComponents.dll
0x00007ffe68c80000 - 0x00007ffe68cb1000 	C:\WINDOWS\SYSTEM32\ntmarta.dll
0x00007ffe64db0000 - 0x00007ffe64ee6000 	C:\WINDOWS\SYSTEM32\wintypes.dll
0x00007ffe4bc30000 - 0x00007ffe4be36000 	C:\Windows\System32\uiautomationcore.dll
0x00007ffe699a0000 - 0x00007ffe69a3a000 	C:\WINDOWS\SYSTEM32\sxs.dll
0x00007ffe48130000 - 0x00007ffe4819e000 	C:\Windows\System32\OLEACC.dll
0x00007ffe4cfd0000 - 0x00007ffe4d051000 	C:\WINDOWS\SYSTEM32\twinapi.dll
0x00007ffe66490000 - 0x00007ffe664a8000 	C:\Windows\System32\devenum.dll
0x00007ffe6d020000 - 0x00007ffe6d46e000 	C:\WINDOWS\System32\setupapi.dll
0x00007ffe69950000 - 0x00007ffe69977000 	C:\WINDOWS\SYSTEM32\DEVOBJ.dll
0x00007ffe6ac60000 - 0x00007ffe6acb8000 	C:\WINDOWS\System32\WINTRUST.dll
0x00007ffe69b40000 - 0x00007ffe69b52000 	C:\WINDOWS\System32\MSASN1.dll
0x00007ffe6aa90000 - 0x00007ffe6ac5e000 	C:\WINDOWS\System32\CRYPT32.dll
0x00007ffe5ae10000 - 0x00007ffe5ae1a000 	C:\WINDOWS\SYSTEM32\msdmo.dll
0x00007ffe5a930000 - 0x00007ffe5a963000 	C:\Windows\System32\qcap.dll
0x00007ffe44990000 - 0x00007ffe44b4c000 	C:\Windows\System32\quartz.dll
0x00007ffe55750000 - 0x00007ffe5579e000 	C:\Windows\System32\mfksproxy.dll
0x00007ffe657e0000 - 0x00007ffe657fd000 	C:\Windows\System32\ATL.DLL
0x00007ffe640a0000 - 0x00007ffe640d6000 	C:\Windows\System32\MFSENSORGROUP.dll
0x00007ffe63d80000 - 0x00007ffe63f31000 	C:\Windows\System32\MFPlat.DLL
0x00007ffe63d20000 - 0x00007ffe63d52000 	C:\Windows\System32\RTWorkQ.DLL
0x00007ffe26dd0000 - 0x00007ffe27211000 	C:\Windows\System32\MFCORE.dll
0x00007ffe5ea50000 - 0x00007ffe5ea59000 	C:\Windows\System32\ksuser.dll
0x00007ffe69590000 - 0x00007ffe6959b000 	C:\Windows\System32\CRYPTBASE.DLL
0x00007ffe54ac0000 - 0x00007ffe54b10000 	C:\Windows\System32\FSClient.dll
0x00007ffe65310000 - 0x00007ffe6531a000 	C:\Windows\System32\AVRT.dll
0x00007ffe60ed0000 - 0x00007ffe60edc000 	C:\Windows\System32\vidcap.ax
0x00007ffe5baa0000 - 0x00007ffe5bac6000 	C:\Windows\System32\kswdmcap.ax
0x00007ffe44550000 - 0x00007ffe446b5000 	C:\Windows\System32\MFC42.dll
0x00007ffe31cf0000 - 0x00007ffe32262000 	C:\WINDOWS\system32\IntelCameraPlugin64.dll
0x00007ffe66180000 - 0x00007ffe661fb000 	C:\WINDOWS\SYSTEM32\policymanager.dll
0x00007ffe660e0000 - 0x00007ffe66170000 	C:\Windows\System32\msvcp110_win.dll
0x00007ffe446c0000 - 0x00007ffe447ca000 	C:\Windows\System32\MFReadWrite.dll
0x00007ffe46150000 - 0x00007ffe461f0000 	C:\Windows\System32\qedit.dll
0x00007ffe6c810000 - 0x00007ffe6c91a000 	C:\WINDOWS\System32\COMDLG32.dll
0x00007ffe54410000 - 0x00007ffe545ac000 	C:\WINDOWS\WinSxS\amd64_microsoft.windows.gdiplus_6595b64144ccf1df_1.1.16299.192_none_46b3c093edf73c09\gdiplus.dll
0x00007ffe44cc0000 - 0x00007ffe44db6000 	C:\Windows\System32\DDRAW.dll
0x00007ffe60cc0000 - 0x00007ffe60cc8000 	C:\Windows\System32\DCIMAN32.dll
0x00007ffe609b0000 - 0x00007ffe609bc000 	C:\WINDOWS\SYSTEM32\msyuv.dll
0x00007ffe695a0000 - 0x00007ffe695b7000 	C:\WINDOWS\SYSTEM32\CRYPTSP.dll
0x00007ffe68fe0000 - 0x00007ffe69013000 	C:\WINDOWS\system32\rsaenh.dll
0x00007ffe69a40000 - 0x00007ffe69a69000 	C:\WINDOWS\SYSTEM32\USERENV.dll
0x00007ffe6b180000 - 0x00007ffe6b188000 	C:\WINDOWS\System32\NSI.dll
0x00007ffe5fec0000 - 0x00007ffe5fed6000 	C:\WINDOWS\SYSTEM32\dhcpcsvc6.DLL
0x00007ffe5ff80000 - 0x00007ffe5ff9a000 	C:\WINDOWS\SYSTEM32\dhcpcsvc.DLL
0x00007ffe68530000 - 0x00007ffe686f8000 	C:\WINDOWS\SYSTEM32\dbghelp.dll

VM Arguments:
jvm_args: -Djava.library.path=C:\Users\weand\Desktop\Capstone project\CCR\GantryRobot\mfz-rxtx-2.2-20081207-win-x64;C:\Users\weand\Desktop\Capstone project\CCR\GantryRobot\OpenCV\opencv\build\java\x64;C:\Users\weand\Desktop\Capstone project\CCR\GantryRobot\LeapMotion\LeapSDK\lib\x64 -Dfile.encoding=Cp1252 
java_command: GantryClaw.ClawGui
java_class_path (initial): C:\Users\weand\workspace\Gantry_1\bin;C:\Users\weand\Desktop\Capstone project\CCR\GantryRobot\mfz-rxtx-2.2-20081207-win-x64\RXTXcomm.jar;C:\Users\weand\Desktop\Capstone project\CCR\GantryRobot\OpenCV\opencv\build\java\opencv-2410.jar;C:\Users\weand\Desktop\Capstone project\CCR\GantryRobot\LeapMotion\LeapSDK\lib\LeapJava.jar
Launcher Type: SUN_STANDARD

Environment Variables:
PATH=C:/Program Files/Java/jre1.8.0_131/bin/server;C:/Program Files/Java/jre1.8.0_131/bin;C:/Program Files/Java/jre1.8.0_131/lib/amd64;C:\ProgramData\Oracle\Java\javapath;C:\Program Files\Microsoft MPI\Bin\;C:\WINDOWS\system32;C:\WINDOWS;C:\WINDOWS\System32\Wbem;C:\WINDOWS\System32\WindowsPowerShell\v1.0\;C:\Program Files (x86)\Skype\Phone\;C:\Program Files\Microsoft SQL Server\130\Tools\Binn\;C:\Program Files\dotnet\;C:\Program Files\Anaconda3;C:\Program Files\Anaconda3\Scripts;C:\Program Files\Anaconda3\Library\bin;C:\Program Files\Git\cmd;C:\Program Files (x86)\GtkSharp\2.12\bin;C:\Program Files\MySQL\MySQL Utilities 1.6\;C:\Users\weand\AppData\Local\Microsoft\WindowsApps;C:\Program Files (x86)\Spiceworks\Nmap;;C:\Users\weand\Downloads\eclipse-java-kepler-SR1-win32-x86_64\eclipse;
USERNAME=weand
OS=Windows_NT
PROCESSOR_IDENTIFIER=Intel64 Family 6 Model 78 Stepping 3, GenuineIntel



---------------  S Y S T E M  ---------------

OS: Windows 10.0 , 64 bit Build 16299 (10.0.16299.15)

CPU:total 4 (initial active 4) (2 cores per cpu, 2 threads per core) family 6 model 78 stepping 3, cmov, cx8, fxsr, mmx, sse, sse2, sse3, ssse3, sse4.1, sse4.2, popcnt, avx, avx2, aes, clmul, erms, rtm, 3dnowpref, lzcnt, ht, tsc, tscinvbit, bmi1, bmi2, adx

Memory: 4k page, physical 8311896k(1965972k free), swap 12833420k(1915716k free)

vm_info: Java HotSpot(TM) 64-Bit Server VM (25.131-b11) for windows-amd64 JRE (1.8.0_131-b11), built on Mar 15 2017 01:23:53 by "java_re" with MS VC++ 10.0 (VS2010)

time: Wed Feb 14 10:26:32 2018
elapsed time: 63 seconds (0d 0h 1m 3s)

