#
# A fatal error has been detected by the Java Runtime Environment:
#
#  Internal Error (0xc000000d), pid=3712, tid=0x0000000000002cec
#
# JRE version: Java(TM) SE Runtime Environment (8.0_131-b11) (build 1.8.0_131-b11)
# Java VM: Java HotSpot(TM) 64-Bit Server VM (25.131-b11 mixed mode windows-amd64 compressed oops)
# Problematic frame:
# C  [ntdll.dll+0x10b2b0]
#
# Failed to write core dump. Minidumps are not enabled by default on client versions of Windows
#
# If you would like to submit a bug report, please visit:
#   http://bugreport.java.com/bugreport/crash.jsp
#

---------------  T H R E A D  ---------------

Current thread (0x00000000193b7800):  VMThread [stack: 0x000000001a460000,0x000000001a560000] [id=11500]

siginfo: ExceptionCode=0xc000000d

Registers:
RAX=0x0000000004862050, RBX=0x0000000000000001, RCX=0x00000000193b8c30, RDX=0x0000000000000001
RSP=0x000000001a55e800, RBP=0x000000001e2ff200, RSI=0x000000001e2ff438, RDI=0x000000001e2ebd80
R8 =0x0000000004862050, R9 =0x00000000193b8c30, R10=0x0000000000000001, R11=0x00000000193b8c40
R12=0x00007ff910ec6680, R13=0x0000000000000001, R14=0x000000001e2e0a70, R15=0x000000001e2e0a70
RIP=0x00007ff9191fb2b0, EFLAGS=0x0000000000000206

Top of Stack: (sp=0x000000001a55e800)
0x000000001a55e800:   0000000000000057 0000000000000001
0x000000001a55e810:   000000001e2ff438 000000001e2ebd80
0x000000001a55e820:   00000000c000000d 0000000000000000
0x000000001a55e830:   00007ff9191fb2b0 0000000000000000
0x000000001a55e840:   0000000000000000 0000000000000000
0x000000001a55e850:   0000000000000000 0000000000000000
0x000000001a55e860:   0000000000000000 0000000000000000
0x000000001a55e870:   0000000000000000 0000000000000000
0x000000001a55e880:   0000000000000000 0000000000000000
0x000000001a55e890:   0000000000000000 0000000000000000
0x000000001a55e8a0:   0000000000000000 0000000000000000
0x000000001a55e8b0:   0000000000000000 0000000000000000
0x000000001a55e8c0:   0000063192523d4c 000000001e2ebd80
0x000000001a55e8d0:   000000001e2ff438 00007ff910ec4907
0x000000001a55e8e0:   000000001e2ebd80 000000001e2e0a70
0x000000001a55e8f0:   00000000f46857d4 0000000000000020 

Instructions: (pc=0x00007ff9191fb2b0)
0x00007ff9191fb290:   b7 f9 ff c7 44 24 20 0d 00 00 c0 b9 57 00 00 00
0x00007ff9191fb2a0:   e8 4b 63 f3 ff 90 48 8d 4c 24 20 e8 90 00 f1 ff
0x00007ff9191fb2b0:   eb 00 48 8b 8c 24 c0 00 00 00 48 33 cc e8 ce 57
0x00007ff9191fb2c0:   f8 ff 48 81 c4 d8 00 00 00 c3 40 55 48 83 ec 20 


Register to memory mapping:

RAX=0x0000000004862050 is an unknown value
RBX=0x0000000000000001 is an unknown value
RCX=0x00000000193b8c30 is an unknown value
RDX=0x0000000000000001 is an unknown value
RSP=0x000000001a55e800 is an unknown value
RBP=0x000000001e2ff200 is an unknown value
RSI=0x000000001e2ff438 is an unknown value
RDI=0x000000001e2ebd80 is an unknown value
R8 =0x0000000004862050 is an unknown value
R9 =0x00000000193b8c30 is an unknown value
R10=0x0000000000000001 is an unknown value
R11=0x00000000193b8c40 is an unknown value
R12=0x00007ff910ec6680 is an unknown value
R13=0x0000000000000001 is an unknown value
R14=0x000000001e2e0a70 is an unknown value
R15=0x000000001e2e0a70 is an unknown value


Stack: [0x000000001a460000,0x000000001a560000],  sp=0x000000001a55e800,  free space=1018k
Native frames: (J=compiled Java code, j=interpreted, Vv=VM code, C=native code)
C  [ntdll.dll+0x10b2b0]
C  [RTWorkQ.DLL+0x4907]
C  [RTWorkQ.DLL+0x9e46]
C  [RTWorkQ.DLL+0x7565]
C  [MFPlat.DLL+0x1d65b]
C  [MFReadWrite.dll+0x16348]
C  [MFReadWrite.dll+0xfb0d]
C  [MFReadWrite.dll+0xf863]
C  [mfksproxy.dll+0x194d0]
C  [mfksproxy.dll+0x18069]
C  [mfksproxy.dll+0x6eeb]
C  [quartz.dll+0x42e19]
C  [quartz.dll+0x553ef]
C  [quartz.dll+0x57932]
C  [quartz.dll+0x56d75]
C  [opencv_java2410.dll+0x2aaa1e]
C  [opencv_java2410.dll+0x5f43d0]
C  [opencv_java2410.dll+0x508e75]
C  [opencv_java2410.dll+0x4fc0f6]
C  [opencv_java2410.dll+0x4fc269]
C  [ntdll.dll+0x11493]
C  [ntdll.dll+0x406b5]
C  [ntdll.dll+0x40574]
C  [KERNEL32.DLL+0xf06a]
C  [msvcr100.dll+0x20ccd]
V  [jvm.dll+0x213235]
V  [jvm.dll+0x24c2a7]
V  [jvm.dll+0x24b546]
V  [jvm.dll+0x24b9e1]
V  [jvm.dll+0x24bbfe]
V  [jvm.dll+0x29cc1a]
C  [msvcr100.dll+0x21d9f]
C  [msvcr100.dll+0x21e3b]
C  [KERNEL32.DLL+0x11fe4]
C  [ntdll.dll+0x6efc1]

VM_Operation (0x000000001babcff0): Exit, mode: safepoint, requested by thread 0x000000001b1d8000


---------------  P R O C E S S  ---------------

Java Threads: ( => current thread )
  0x000000001d51a000 JavaThread "Thread-3" [_thread_blocked, id=6184, stack(0x0000000026840000,0x0000000026940000)]
  0x000000001cf6b000 JavaThread "TimerQueue" daemon [_thread_blocked, id=11068, stack(0x000000001e1c0000,0x000000001e2c0000)]
  0x00000000046f0800 JavaThread "DestroyJavaVM" [_thread_blocked, id=12484, stack(0x00000000045d0000,0x00000000046d0000)]
  0x000000001b1d8000 JavaThread "AWT-EventQueue-0" [_thread_blocked, id=12920, stack(0x000000001b9c0000,0x000000001bac0000)]
  0x000000001b1d5800 JavaThread "AWT-Shutdown" [_thread_blocked, id=15220, stack(0x000000001b690000,0x000000001b790000)]
  0x000000001b1d2800 JavaThread "Java2D Disposer" daemon [_thread_blocked, id=15200, stack(0x000000001b590000,0x000000001b690000)]
  0x000000001ae6e000 JavaThread "Service Thread" daemon [_thread_blocked, id=3952, stack(0x000000001b250000,0x000000001b350000)]
  0x00000000193fa000 JavaThread "C1 CompilerThread2" daemon [_thread_blocked, id=12448, stack(0x000000001ad50000,0x000000001ae50000)]
  0x00000000193f7000 JavaThread "C2 CompilerThread1" daemon [_thread_blocked, id=3780, stack(0x000000001ac50000,0x000000001ad50000)]
  0x00000000193ee800 JavaThread "C2 CompilerThread0" daemon [_thread_blocked, id=5680, stack(0x000000001ab50000,0x000000001ac50000)]
  0x00000000193ed000 JavaThread "Attach Listener" daemon [_thread_blocked, id=14924, stack(0x000000001aa50000,0x000000001ab50000)]
  0x00000000193da800 JavaThread "Finalizer" daemon [_thread_blocked, id=14080, stack(0x000000001a660000,0x000000001a760000)]
  0x00000000047df000 JavaThread "Reference Handler" daemon [_thread_blocked, id=2432, stack(0x000000001a560000,0x000000001a660000)]

Other Threads:
=>0x00000000193b7800 VMThread [stack: 0x000000001a460000,0x000000001a560000] [id=11500]

VM state:at safepoint (shutting down)

VM Mutex/Monitor currently owned by a thread:  ([mutex/lock_event])
[0x000000000486c8d0] Threads_lock - owner thread: 0x00000000193b7800

Heap:
 PSYoungGen      total 27648K, used 21523K [0x00000000d5b80000, 0x00000000d7a00000, 0x0000000100000000)
  eden space 24064K, 77% used [0x00000000d5b80000,0x00000000d6db9ea0,0x00000000d7300000)
  from space 3584K, 79% used [0x00000000d7300000,0x00000000d75cb030,0x00000000d7680000)
  to   space 3584K, 0% used [0x00000000d7680000,0x00000000d7680000,0x00000000d7a00000)
 ParOldGen       total 87552K, used 18062K [0x0000000081200000, 0x0000000086780000, 0x00000000d5b80000)
  object space 87552K, 20% used [0x0000000081200000,0x00000000823a3a10,0x0000000086780000)
 Metaspace       used 13125K, capacity 13364K, committed 13568K, reserved 1060864K
  class space    used 1580K, capacity 1672K, committed 1792K, reserved 1048576K

Card table byte_map: [0x0000000013c30000,0x0000000014030000] byte_map_base: 0x0000000013827000

Marking Bits: (ParMarkBitMap*) 0x00000000730fc720
 Begin Bits: [0x00000000146e0000, 0x0000000016698000)
 End Bits:   [0x0000000016698000, 0x0000000018650000)

Polling page: 0x0000000002b00000

CodeCache: size=245760Kb used=5496Kb max_used=5580Kb free=240263Kb
 bounds [0x0000000004870000, 0x0000000004df0000, 0x0000000013870000]
 total_blobs=2292 nmethods=1610 adapters=594
 compilation: enabled

Compilation events (10 events):
Event: 64.389 Thread 0x00000000193f7000 1648       4       org.opencv.core.Mat::finalize (12 bytes)
Event: 64.390 Thread 0x00000000193f7000 nmethod 1648 0x000000000499d6d0 code [0x000000000499d820, 0x000000000499d8a8]
Event: 64.594 Thread 0x00000000193fa000 1649       3       org.opencv.utils.Converters::vector_Mat_to_Mat (117 bytes)
Event: 64.595 Thread 0x00000000193fa000 nmethod 1649 0x0000000004de57d0 code [0x0000000004de59c0, 0x0000000004de6368]
Event: 64.691 Thread 0x00000000193ee800 1650       4       java.awt.image.ComponentSampleModel::getNumDataElements (5 bytes)
Event: 64.692 Thread 0x00000000193ee800 nmethod 1650 0x0000000004d0cd10 code [0x0000000004d0ce40, 0x0000000004d0ce98]
Event: 66.407 Thread 0x00000000193f7000 1651       4       javax.swing.JComponent::getGraphics (33 bytes)
Event: 66.407 Thread 0x00000000193f7000 nmethod 1651 0x0000000004a93550 code [0x0000000004a936a0, 0x0000000004a93748]
Event: 70.160 Thread 0x00000000193ee800 1652       4       java.security.AccessControlContext::<init> (63 bytes)
Event: 70.161 Thread 0x00000000193ee800 nmethod 1652 0x0000000004aae610 code [0x0000000004aae740, 0x0000000004aae7f8]

GC Heap History (10 events):
Event: 65.615 GC heap before
{Heap before GC invocations=43 (full 0):
 PSYoungGen      total 27648K, used 26924K [0x00000000d5b80000, 0x00000000d7a00000, 0x0000000100000000)
  eden space 24064K, 100% used [0x00000000d5b80000,0x00000000d7300000,0x00000000d7300000)
  from space 3584K, 79% used [0x00000000d7680000,0x00000000d794b030,0x00000000d7a00000)
  to   space 3584K, 0% used [0x00000000d7300000,0x00000000d7300000,0x00000000d7680000)
 ParOldGen       total 87552K, used 17990K [0x0000000081200000, 0x0000000086780000, 0x00000000d5b80000)
  object space 87552K, 20% used [0x0000000081200000,0x0000000082391a10,0x0000000086780000)
 Metaspace       used 13123K, capacity 13364K, committed 13568K, reserved 1060864K
  class space    used 1579K, capacity 1672K, committed 1792K, reserved 1048576K
Event: 65.616 GC heap after
Heap after GC invocations=43 (full 0):
 PSYoungGen      total 27648K, used 2860K [0x00000000d5b80000, 0x00000000d7a00000, 0x0000000100000000)
  eden space 24064K, 0% used [0x00000000d5b80000,0x00000000d5b80000,0x00000000d7300000)
  from space 3584K, 79% used [0x00000000d7300000,0x00000000d75cb030,0x00000000d7680000)
  to   space 3584K, 0% used [0x00000000d7680000,0x00000000d7680000,0x00000000d7a00000)
 ParOldGen       total 87552K, used 18006K [0x0000000081200000, 0x0000000086780000, 0x00000000d5b80000)
  object space 87552K, 20% used [0x0000000081200000,0x0000000082395a10,0x0000000086780000)
 Metaspace       used 13123K, capacity 13364K, committed 13568K, reserved 1060864K
  class space    used 1579K, capacity 1672K, committed 1792K, reserved 1048576K
}
Event: 67.016 GC heap before
{Heap before GC invocations=44 (full 0):
 PSYoungGen      total 27648K, used 26781K [0x00000000d5b80000, 0x00000000d7a00000, 0x0000000100000000)
  eden space 24064K, 99% used [0x00000000d5b80000,0x00000000d72dc620,0x00000000d7300000)
  from space 3584K, 79% used [0x00000000d7300000,0x00000000d75cb030,0x00000000d7680000)
  to   space 3584K, 0% used [0x00000000d7680000,0x00000000d7680000,0x00000000d7a00000)
 ParOldGen       total 87552K, used 18006K [0x0000000081200000, 0x0000000086780000, 0x00000000d5b80000)
  object space 87552K, 20% used [0x0000000081200000,0x0000000082395a10,0x0000000086780000)
 Metaspace       used 13123K, capacity 13364K, committed 13568K, reserved 1060864K
  class space    used 1579K, capacity 1672K, committed 1792K, reserved 1048576K
Event: 67.017 GC heap after
Heap after GC invocations=44 (full 0):
 PSYoungGen      total 27648K, used 2860K [0x00000000d5b80000, 0x00000000d7a00000, 0x0000000100000000)
  eden space 24064K, 0% used [0x00000000d5b80000,0x00000000d5b80000,0x00000000d7300000)
  from space 3584K, 79% used [0x00000000d7680000,0x00000000d794b030,0x00000000d7a00000)
  to   space 3584K, 0% used [0x00000000d7300000,0x00000000d7300000,0x00000000d7680000)
 ParOldGen       total 87552K, used 18030K [0x0000000081200000, 0x0000000086780000, 0x00000000d5b80000)
  object space 87552K, 20% used [0x0000000081200000,0x000000008239ba10,0x0000000086780000)
 Metaspace       used 13123K, capacity 13364K, committed 13568K, reserved 1060864K
  class space    used 1579K, capacity 1672K, committed 1792K, reserved 1048576K
}
Event: 68.321 GC heap before
{Heap before GC invocations=45 (full 0):
 PSYoungGen      total 27648K, used 26760K [0x00000000d5b80000, 0x00000000d7a00000, 0x0000000100000000)
  eden space 24064K, 99% used [0x00000000d5b80000,0x00000000d72d7380,0x00000000d7300000)
  from space 3584K, 79% used [0x00000000d7680000,0x00000000d794b030,0x00000000d7a00000)
  to   space 3584K, 0% used [0x00000000d7300000,0x00000000d7300000,0x00000000d7680000)
 ParOldGen       total 87552K, used 18030K [0x0000000081200000, 0x0000000086780000, 0x00000000d5b80000)
  object space 87552K, 20% used [0x0000000081200000,0x000000008239ba10,0x0000000086780000)
 Metaspace       used 13123K, capacity 13364K, committed 13568K, reserved 1060864K
  class space    used 1579K, capacity 1672K, committed 1792K, reserved 1048576K
Event: 68.322 GC heap after
Heap after GC invocations=45 (full 0):
 PSYoungGen      total 27648K, used 2860K [0x00000000d5b80000, 0x00000000d7a00000, 0x0000000100000000)
  eden space 24064K, 0% used [0x00000000d5b80000,0x00000000d5b80000,0x00000000d7300000)
  from space 3584K, 79% used [0x00000000d7300000,0x00000000d75cb030,0x00000000d7680000)
  to   space 3584K, 0% used [0x00000000d7680000,0x00000000d7680000,0x00000000d7a00000)
 ParOldGen       total 87552K, used 18038K [0x0000000081200000, 0x0000000086780000, 0x00000000d5b80000)
  object space 87552K, 20% used [0x0000000081200000,0x000000008239da10,0x0000000086780000)
 Metaspace       used 13123K, capacity 13364K, committed 13568K, reserved 1060864K
  class space    used 1579K, capacity 1672K, committed 1792K, reserved 1048576K
}
Event: 69.632 GC heap before
{Heap before GC invocations=46 (full 0):
 PSYoungGen      total 27648K, used 26761K [0x00000000d5b80000, 0x00000000d7a00000, 0x0000000100000000)
  eden space 24064K, 99% used [0x00000000d5b80000,0x00000000d72d74d0,0x00000000d7300000)
  from space 3584K, 79% used [0x00000000d7300000,0x00000000d75cb030,0x00000000d7680000)
  to   space 3584K, 0% used [0x00000000d7680000,0x00000000d7680000,0x00000000d7a00000)
 ParOldGen       total 87552K, used 18038K [0x0000000081200000, 0x0000000086780000, 0x00000000d5b80000)
  object space 87552K, 20% used [0x0000000081200000,0x000000008239da10,0x0000000086780000)
 Metaspace       used 13123K, capacity 13364K, committed 13568K, reserved 1060864K
  class space    used 1579K, capacity 1672K, committed 1792K, reserved 1048576K
Event: 69.633 GC heap after
Heap after GC invocations=46 (full 0):
 PSYoungGen      total 27648K, used 2860K [0x00000000d5b80000, 0x00000000d7a00000, 0x0000000100000000)
  eden space 24064K, 0% used [0x00000000d5b80000,0x00000000d5b80000,0x00000000d7300000)
  from space 3584K, 79% used [0x00000000d7680000,0x00000000d794b030,0x00000000d7a00000)
  to   space 3584K, 0% used [0x00000000d7300000,0x00000000d7300000,0x00000000d7680000)
 ParOldGen       total 87552K, used 18046K [0x0000000081200000, 0x0000000086780000, 0x00000000d5b80000)
  object space 87552K, 20% used [0x0000000081200000,0x000000008239fa10,0x0000000086780000)
 Metaspace       used 13123K, capacity 13364K, committed 13568K, reserved 1060864K
  class space    used 1579K, capacity 1672K, committed 1792K, reserved 1048576K
}
Event: 70.939 GC heap before
{Heap before GC invocations=47 (full 0):
 PSYoungGen      total 27648K, used 26807K [0x00000000d5b80000, 0x00000000d7a00000, 0x0000000100000000)
  eden space 24064K, 99% used [0x00000000d5b80000,0x00000000d72e2c70,0x00000000d7300000)
  from space 3584K, 79% used [0x00000000d7680000,0x00000000d794b030,0x00000000d7a00000)
  to   space 3584K, 0% used [0x00000000d7300000,0x00000000d7300000,0x00000000d7680000)
 ParOldGen       total 87552K, used 18046K [0x0000000081200000, 0x0000000086780000, 0x00000000d5b80000)
  object space 87552K, 20% used [0x0000000081200000,0x000000008239fa10,0x0000000086780000)
 Metaspace       used 13124K, capacity 13364K, committed 13568K, reserved 1060864K
  class space    used 1580K, capacity 1672K, committed 1792K, reserved 1048576K
Event: 70.940 GC heap after
Heap after GC invocations=47 (full 0):
 PSYoungGen      total 27648K, used 2860K [0x00000000d5b80000, 0x00000000d7a00000, 0x0000000100000000)
  eden space 24064K, 0% used [0x00000000d5b80000,0x00000000d5b80000,0x00000000d7300000)
  from space 3584K, 79% used [0x00000000d7300000,0x00000000d75cb030,0x00000000d7680000)
  to   space 3584K, 0% used [0x00000000d7680000,0x00000000d7680000,0x00000000d7a00000)
 ParOldGen       total 87552K, used 18062K [0x0000000081200000, 0x0000000086780000, 0x00000000d5b80000)
  object space 87552K, 20% used [0x0000000081200000,0x00000000823a3a10,0x0000000086780000)
 Metaspace       used 13124K, capacity 13364K, committed 13568K, reserved 1060864K
  class space    used 1580K, capacity 1672K, committed 1792K, reserved 1048576K
}

Deoptimization events (4 events):
Event: 0.289 Thread 0x000000001b1d8000 Uncommon trap: reason=null_check action=make_not_entrant pc=0x00000000049defb8 method=java.lang.String.equals(Ljava/lang/Object;)Z @ 8
Event: 4.462 Thread 0x000000001b1d8000 Uncommon trap: reason=unstable_if action=reinterpret pc=0x0000000004b6ed20 method=GantryClaw.ClawImagePanel.matToBufferedImage(Lorg/opencv/core/Mat;)Ljava/awt/image/BufferedImage; @ 120
Event: 13.964 Thread 0x000000001b1d8000 Uncommon trap: reason=unstable_if action=reinterpret pc=0x0000000004c23a24 method=java.awt.Container.findComponentAtImpl(IIZ)Ljava/awt/Component; @ 131
Event: 70.873 Thread 0x000000001b1d8000 Uncommon trap: reason=unstable_if action=reinterpret pc=0x0000000004cc498c method=java.awt.Container.getMouseEventTargetImpl(IIZLjava/awt/Container$EventTargetFilter;ZZ)Ljava/awt/Component; @ 218

Internal exceptions (10 events):
Event: 71.672 Thread 0x000000001d51a000 Implicit null exception at 0x0000000004cfd849 to 0x0000000004cfea47
Event: 71.672 Thread 0x000000001d51a000 Exception <a 'java/lang/NullPointerException'> (0x00000000d6a0ae58) thrown at [C:\re\workspace\8-2-build-windows-amd64-cygwin\jdk8u131\8869\hotspot\src\share\vm\runtime\sharedRuntime.cpp, line 605]
Event: 71.672 Thread 0x000000001d51a000 Implicit null exception at 0x0000000004cfd849 to 0x0000000004cfea47
Event: 71.672 Thread 0x000000001d51a000 Exception <a 'java/lang/NullPointerException'> (0x00000000d6a0b3f0) thrown at [C:\re\workspace\8-2-build-windows-amd64-cygwin\jdk8u131\8869\hotspot\src\share\vm\runtime\sharedRuntime.cpp, line 605]
Event: 71.672 Thread 0x000000001d51a000 Implicit null exception at 0x0000000004cfd849 to 0x0000000004cfea47
Event: 71.672 Thread 0x000000001d51a000 Exception <a 'java/lang/NullPointerException'> (0x00000000d6a0b968) thrown at [C:\re\workspace\8-2-build-windows-amd64-cygwin\jdk8u131\8869\hotspot\src\share\vm\runtime\sharedRuntime.cpp, line 605]
Event: 71.672 Thread 0x000000001d51a000 Implicit null exception at 0x0000000004cfd849 to 0x0000000004cfea47
Event: 71.672 Thread 0x000000001d51a000 Exception <a 'java/lang/NullPointerException'> (0x00000000d6a0bef8) thrown at [C:\re\workspace\8-2-build-windows-amd64-cygwin\jdk8u131\8869\hotspot\src\share\vm\runtime\sharedRuntime.cpp, line 605]
Event: 71.672 Thread 0x000000001d51a000 Implicit null exception at 0x0000000004cfd849 to 0x0000000004cfea47
Event: 71.672 Thread 0x000000001d51a000 Exception <a 'java/lang/NullPointerException'> (0x00000000d6a0c490) thrown at [C:\re\workspace\8-2-build-windows-amd64-cygwin\jdk8u131\8869\hotspot\src\share\vm\runtime\sharedRuntime.cpp, line 605]

Events (10 events):
Event: 70.873 Thread 0x000000001b1d8000 DEOPT UNPACKING pc=0x00000000048b582a sp=0x000000001babd1f0 mode 2
Event: 70.939 Executing VM operation: ParallelGCFailedAllocation
Event: 70.940 Executing VM operation: ParallelGCFailedAllocation done
Event: 71.920 Thread 0x000000001d01c000 Thread added: 0x000000001d01c000
Event: 71.920 Thread 0x000000001d01d000 Thread added: 0x000000001d01d000
Event: 71.920 Thread 0x000000001d01c000 Thread exited: 0x000000001d01c000
Event: 71.939 Thread 0x000000001b1d6800 Thread exited: 0x000000001b1d6800
Event: 72.022 Thread 0x000000001d01d000 Thread exited: 0x000000001d01d000
Event: 72.023 Thread 0x00000000193eb800 Thread exited: 0x00000000193eb800
Event: 72.023 Executing VM operation: Exit


Dynamic libraries:
0x00007ff6440f0000 - 0x00007ff644127000 	C:\Program Files\Java\jre1.8.0_131\bin\javaw.exe
0x00007ff9190f0000 - 0x00007ff9192d0000 	C:\WINDOWS\SYSTEM32\ntdll.dll
0x00007ff917bc0000 - 0x00007ff917c6e000 	C:\WINDOWS\System32\KERNEL32.DLL
0x00007ff916350000 - 0x00007ff9165b6000 	C:\WINDOWS\System32\KERNELBASE.dll
0x00007ff918060000 - 0x00007ff918101000 	C:\WINDOWS\System32\ADVAPI32.dll
0x00007ff917ce0000 - 0x00007ff917d7d000 	C:\WINDOWS\System32\msvcrt.dll
0x00007ff917c80000 - 0x00007ff917cdb000 	C:\WINDOWS\System32\sechost.dll
0x00007ff917f40000 - 0x00007ff91805f000 	C:\WINDOWS\System32\RPCRT4.dll
0x00007ff918530000 - 0x00007ff9186bf000 	C:\WINDOWS\System32\USER32.dll
0x00007ff916280000 - 0x00007ff9162a0000 	C:\WINDOWS\System32\win32u.dll
0x00007ff918d20000 - 0x00007ff918d48000 	C:\WINDOWS\System32\GDI32.dll
0x00007ff9157c0000 - 0x00007ff915953000 	C:\WINDOWS\System32\gdi32full.dll
0x00007ff915620000 - 0x00007ff9156bb000 	C:\WINDOWS\System32\msvcp_win.dll
0x00007ff9156c0000 - 0x00007ff9157b6000 	C:\WINDOWS\System32\ucrtbase.dll
0x00007ff8fc2b0000 - 0x00007ff8fc519000 	C:\WINDOWS\WinSxS\amd64_microsoft.windows.common-controls_6595b64144ccf1df_6.0.16299.309_none_15cfd4c4935e6b11\COMCTL32.dll
0x00007ff918d50000 - 0x00007ff919058000 	C:\WINDOWS\System32\combase.dll
0x00007ff9155a0000 - 0x00007ff915612000 	C:\WINDOWS\System32\bcryptPrimitives.dll
0x00007ff9181e0000 - 0x00007ff91820d000 	C:\WINDOWS\System32\IMM32.DLL
0x0000000074050000 - 0x0000000074122000 	C:\Program Files\Java\jre1.8.0_131\bin\msvcr100.dll
0x00000000728e0000 - 0x000000007317c000 	C:\Program Files\Java\jre1.8.0_131\bin\server\jvm.dll
0x00007ff917c70000 - 0x00007ff917c78000 	C:\WINDOWS\System32\PSAPI.DLL
0x00007ff8ff750000 - 0x00007ff8ff759000 	C:\WINDOWS\SYSTEM32\WSOCK32.dll
0x00007ff90fce0000 - 0x00007ff90fd03000 	C:\WINDOWS\SYSTEM32\WINMM.dll
0x00007ff917ed0000 - 0x00007ff917f3c000 	C:\WINDOWS\System32\WS2_32.dll
0x00007ff90f9d0000 - 0x00007ff90f9fa000 	C:\WINDOWS\SYSTEM32\WINMMBASE.dll
0x00007ff9154f0000 - 0x00007ff91553a000 	C:\WINDOWS\System32\cfgmgr32.dll
0x00007ff90f8f0000 - 0x00007ff90f8fa000 	C:\WINDOWS\SYSTEM32\VERSION.dll
0x00000000728d0000 - 0x00000000728df000 	C:\Program Files\Java\jre1.8.0_131\bin\verify.dll
0x00000000728a0000 - 0x00000000728c9000 	C:\Program Files\Java\jre1.8.0_131\bin\java.dll
0x0000000072880000 - 0x0000000072896000 	C:\Program Files\Java\jre1.8.0_131\bin\zip.dll
0x00007ff9165e0000 - 0x00007ff917a16000 	C:\WINDOWS\System32\SHELL32.dll
0x00007ff918210000 - 0x00007ff9182b6000 	C:\WINDOWS\System32\shcore.dll
0x00007ff915960000 - 0x00007ff9160a7000 	C:\WINDOWS\System32\windows.storage.dll
0x00007ff918cc0000 - 0x00007ff918d11000 	C:\WINDOWS\System32\shlwapi.dll
0x00007ff9154b0000 - 0x00007ff9154c1000 	C:\WINDOWS\System32\kernel.appcore.dll
0x00007ff915460000 - 0x00007ff9154ac000 	C:\WINDOWS\System32\powrprof.dll
0x00007ff915440000 - 0x00007ff91545b000 	C:\WINDOWS\System32\profapi.dll
0x00000000725b0000 - 0x0000000072748000 	C:\Program Files\Java\jre1.8.0_131\bin\awt.dll
0x00007ff918110000 - 0x00007ff9181d5000 	C:\WINDOWS\System32\OLEAUT32.dll
0x00007ff9138b0000 - 0x00007ff913938000 	C:\WINDOWS\SYSTEM32\apphelp.dll
0x00007ff913a30000 - 0x00007ff913ac5000 	C:\WINDOWS\system32\uxtheme.dll
0x00007ff9183c0000 - 0x00007ff918527000 	C:\WINDOWS\System32\MSCTF.dll
0x00007ff8eb150000 - 0x00007ff8eb1f9000 	C:\Program Files\Common Files\microsoft shared\ink\tiptsf.dll
0x00007ff913ca0000 - 0x00007ff913cca000 	C:\WINDOWS\system32\dwmapi.dll
0x00007ff917d80000 - 0x00007ff917ec9000 	C:\WINDOWS\System32\ole32.dll
0x00007ff9025b0000 - 0x00007ff9026ce000 	C:\WINDOWS\system32\opengl32.dll
0x00007ff910370000 - 0x00007ff91039c000 	C:\WINDOWS\SYSTEM32\GLU32.dll
0x0000000072560000 - 0x00000000725a7000 	C:\Program Files\Java\jre1.8.0_131\bin\fontmanager.dll
0x0000000072860000 - 0x000000007287a000 	C:\Program Files\Java\jre1.8.0_131\bin\net.dll
0x0000000180000000 - 0x000000018008c000 	C:\WINDOWS\system32\ASProxy64.dll
0x00007ff914a60000 - 0x00007ff914a99000 	C:\WINDOWS\SYSTEM32\IPHLPAPI.DLL
0x00007ff914cd0000 - 0x00007ff914d36000 	C:\WINDOWS\SYSTEM32\MSWSOCK.dll
0x00007ff915340000 - 0x00007ff915370000 	C:\WINDOWS\SYSTEM32\SspiCli.dll
0x0000000072840000 - 0x0000000072851000 	C:\Program Files\Java\jre1.8.0_131\bin\nio.dll
0x0000000072510000 - 0x0000000072552000 	C:\Program Files\Java\jre1.8.0_131\bin\t2k.dll
0x00007ff910590000 - 0x00007ff9105ce000 	C:\Users\weand\Desktop\Capstone project\CCR\GantryRobot\LeapMotion\LeapSDK\lib\x64\LeapJava.dll
0x00007ff9104a0000 - 0x00007ff91058f000 	C:\Program Files\Java\jre1.8.0_131\bin\MSVCR120.dll
0x00007ff9103b0000 - 0x00007ff910456000 	C:\Program Files\Java\jre1.8.0_131\bin\MSVCP120.dll
0x00007ff9026f0000 - 0x00007ff90285b000 	C:\Users\weand\Desktop\Capstone project\CCR\GantryRobot\LeapMotion\LeapSDK\lib\x64\Leap.dll
0x00007ff914570000 - 0x00007ff9145a1000 	C:\WINDOWS\SYSTEM32\ntmarta.dll
0x00007ff8dd7a0000 - 0x00007ff8de171000 	C:\Users\weand\Desktop\Capstone project\CCR\GantryRobot\OpenCV\opencv\build\java\x64\opencv_java2410.dll
0x00007ff9106c0000 - 0x00007ff9106e9000 	C:\WINDOWS\SYSTEM32\MSVFW32.dll
0x00007ff910350000 - 0x00007ff91036f000 	C:\WINDOWS\SYSTEM32\AVIFIL32.dll
0x00007ff910480000 - 0x00007ff910498000 	C:\WINDOWS\SYSTEM32\AVICAP32.dll
0x00007ff8eea30000 - 0x00007ff8eea4c000 	C:\WINDOWS\SYSTEM32\MSACM32.dll
0x00007ff9182c0000 - 0x00007ff91835e000 	C:\WINDOWS\System32\clbcatq.dll
0x00007ff90a450000 - 0x00007ff90a5fb000 	C:\WINDOWS\SYSTEM32\WindowsCodecs.dll
0x00007ff8ec390000 - 0x00007ff8ec3df000 	C:\WINDOWS\system32\dataexchange.dll
0x00007ff9125c0000 - 0x00007ff9128a2000 	C:\WINDOWS\system32\d3d11.dll
0x00007ff913380000 - 0x00007ff9134c2000 	C:\WINDOWS\system32\dcomp.dll
0x00007ff9142a0000 - 0x00007ff91434f000 	C:\WINDOWS\system32\dxgi.dll
0x00007ff913e20000 - 0x00007ff913f9b000 	C:\WINDOWS\system32\twinapi.appcore.dll
0x00007ff913d90000 - 0x00007ff913db0000 	C:\WINDOWS\system32\RMCLIENT.dll
0x00007ff914fa0000 - 0x00007ff914fc5000 	C:\WINDOWS\system32\bcrypt.dll
0x00007ff905b90000 - 0x00007ff905c28000 	C:\WINDOWS\System32\TextInputFramework.dll
0x00007ff909fd0000 - 0x00007ff90a2be000 	C:\WINDOWS\System32\CoreUIComponents.dll
0x00007ff9132a0000 - 0x00007ff91337c000 	C:\WINDOWS\System32\CoreMessaging.dll
0x00007ff911e20000 - 0x00007ff911f56000 	C:\WINDOWS\SYSTEM32\wintypes.dll
0x00007ff904910000 - 0x00007ff904b16000 	C:\Windows\System32\uiautomationcore.dll
0x00007ff9152a0000 - 0x00007ff91533a000 	C:\WINDOWS\SYSTEM32\sxs.dll
0x00007ff8ec900000 - 0x00007ff8ec96e000 	C:\Windows\System32\OLEACC.dll
0x00007ff8f4fa0000 - 0x00007ff8f5021000 	C:\WINDOWS\SYSTEM32\twinapi.dll
0x00007ff910330000 - 0x00007ff910348000 	C:\Windows\System32\devenum.dll
0x00007ff918860000 - 0x00007ff918cae000 	C:\WINDOWS\System32\setupapi.dll
0x00007ff915250000 - 0x00007ff915277000 	C:\WINDOWS\SYSTEM32\DEVOBJ.dll
0x00007ff915540000 - 0x00007ff915598000 	C:\WINDOWS\System32\WINTRUST.dll
0x00007ff9154d0000 - 0x00007ff9154e2000 	C:\WINDOWS\System32\MSASN1.dll
0x00007ff9160b0000 - 0x00007ff91627e000 	C:\WINDOWS\System32\CRYPT32.dll
0x00007ff8f5620000 - 0x00007ff8f562a000 	C:\WINDOWS\SYSTEM32\msdmo.dll
0x00007ff9102f0000 - 0x00007ff910323000 	C:\Windows\System32\qcap.dll
0x00007ff901920000 - 0x00007ff901adc000 	C:\Windows\System32\quartz.dll
0x00007ff910190000 - 0x00007ff9101de000 	C:\Windows\System32\mfksproxy.dll
0x00007ff9114e0000 - 0x00007ff9114fd000 	C:\Windows\System32\ATL.DLL
0x00007ff9110d0000 - 0x00007ff911106000 	C:\Windows\System32\MFSENSORGROUP.dll
0x00007ff910f10000 - 0x00007ff9110c3000 	C:\Windows\System32\MFPlat.DLL
0x00007ff910ec0000 - 0x00007ff910ef2000 	C:\Windows\System32\RTWorkQ.DLL
0x00007ff8f2b70000 - 0x00007ff8f2fb7000 	C:\Windows\System32\MFCORE.dll
0x00007ff8f5430000 - 0x00007ff8f5439000 	C:\Windows\System32\ksuser.dll
0x00007ff914eb0000 - 0x00007ff914ebb000 	C:\Windows\System32\CRYPTBASE.DLL
0x00007ff90e390000 - 0x00007ff90e3e0000 	C:\Windows\System32\FSClient.dll
0x00007ff910eb0000 - 0x00007ff910eba000 	C:\Windows\System32\AVRT.dll
0x00007ff910940000 - 0x00007ff91094c000 	C:\Windows\System32\vidcap.ax
0x00007ff90eb50000 - 0x00007ff90eb76000 	C:\Windows\System32\kswdmcap.ax
0x00007ff9013e0000 - 0x00007ff901545000 	C:\Windows\System32\MFC42.dll
0x00007ff8ffb30000 - 0x00007ff9000a2000 	C:\WINDOWS\system32\IntelCameraPlugin64.dll
0x00007ff9123d0000 - 0x00007ff91244a000 	C:\WINDOWS\SYSTEM32\policymanager.dll
0x00007ff912340000 - 0x00007ff9123d0000 	C:\Windows\System32\msvcp110_win.dll
0x00007ff902460000 - 0x00007ff90256a000 	C:\Windows\System32\MFReadWrite.dll
0x00007ff901880000 - 0x00007ff901920000 	C:\Windows\System32\qedit.dll
0x00007ff9186c0000 - 0x00007ff9187ca000 	C:\WINDOWS\System32\COMDLG32.dll
0x00007ff8ff1c0000 - 0x00007ff8ff35c000 	C:\WINDOWS\WinSxS\amd64_microsoft.windows.gdiplus_6595b64144ccf1df_1.1.16299.309_none_46bac7a9edf0e4df\gdiplus.dll
0x00007ff900220000 - 0x00007ff900316000 	C:\Windows\System32\DDRAW.dll
0x00007ff9108e0000 - 0x00007ff9108e8000 	C:\Windows\System32\DCIMAN32.dll
0x00007ff9103a0000 - 0x00007ff9103ac000 	C:\WINDOWS\SYSTEM32\msyuv.dll
0x00007ff910ca0000 - 0x00007ff910e68000 	C:\WINDOWS\SYSTEM32\dbghelp.dll

VM Arguments:
jvm_args: -Djava.library.path=C:\Users\weand\Desktop\Capstone project\CCR\GantryRobot\mfz-rxtx-2.2-20081207-win-x64;C:\Users\weand\Desktop\Capstone project\CCR\GantryRobot\OpenCV\opencv\build\java\x64;C:\Users\weand\Desktop\Capstone project\CCR\GantryRobot\LeapMotion\LeapSDK\lib\x64 -Dfile.encoding=Cp1252 
java_command: leap.RXTXGui
java_class_path (initial): C:\Users\weand\workspace\Gantry_1\bin;C:\Users\weand\Desktop\Capstone project\CCR\GantryRobot\mfz-rxtx-2.2-20081207-win-x64\RXTXcomm.jar;C:\Users\weand\Desktop\Capstone project\CCR\GantryRobot\OpenCV\opencv\build\java\opencv-2410.jar;C:\Users\weand\Desktop\Capstone project\CCR\GantryRobot\LeapMotion\LeapSDK\lib\LeapJava.jar
Launcher Type: SUN_STANDARD

Environment Variables:
PATH=C:\Users\weand\Desktop\Capstone project\CCR\GantryRobot\LeapMotion\LeapSDK\lib\x64;n;C:/Program Files/Java/jre1.8.0_131/lib/amd64;C:\ProgramData\Oracle\Java\javapath;C:\Program Files\Microsoft MPI\Bin\;C:\WINDOWS\system32;C:\WINDOWS;C:\WINDOWS\System32\Wbem;C:\WINDOWS\System32\WindowsPowerShell\v1.0\;C:\Program Files (x86)\Skype\Phone\;C:\Program Files\Microsoft SQL Server\130\Tools\Binn\;C:\Program Files\dotnet\;C:\Program Files (x86)\GtkSharp\2.12\bin;C:\Program Files\MySQL\MySQL Utilities 1.6\;C:\Program Files\Git\cmd;C:\Users\weand\AppData\Local\Microsoft\WindowsApps;C:\Program Files (x86)\Spiceworks\Nmap;;C:\Users\weand\Downloads\eclipse-java-kepler-SR1-win32-x86_64\eclipse;C:/Program Files/Java/jre1.8.0_131/bin/server;C:/Program Files/Java/jre1.8.0_131/bin;C:/Program Files/Java/jre1.8.0_131/lib/amd64;C:\ProgramData\Oracle\Java\javapath;C:\Program Files\Microsoft MPI\Bin\;C:\WINDOWS\system32;C:\WINDOWS;C:\WINDOWS\System32\Wbem;C:\WINDOWS\System32\WindowsPowerShell\v1.0\;C:\Program Files (x86)\Skype\Phone\;C:\Program Files\Microsoft SQL Server\130\Tools\Binn\;C:\Program Files\dotnet\;C:\Program Files (x86)\GtkSharp\2.12\bin;C:\Program Files\MySQL\MySQL Utilities 1.6\;C:\Program Files\Git\cmd;C:\Users\weand\AppData\Local\Microsoft\WindowsApps;C:\Program Files (x86)\Spiceworks\Nmap;;C:\Users\weand\Downloads\eclipse-java-kepler-SR1-win32-x86_64\eclipse;
USERNAME=weand
OS=Windows_NT
PROCESSOR_IDENTIFIER=Intel64 Family 6 Model 78 Stepping 3, GenuineIntel



---------------  S Y S T E M  ---------------

OS: Windows 10.0 , 64 bit Build 16299 (10.0.16299.15)

CPU:total 4 (initial active 4) (2 cores per cpu, 2 threads per core) family 6 model 78 stepping 3, cmov, cx8, fxsr, mmx, sse, sse2, sse3, ssse3, sse4.1, sse4.2, popcnt, avx, avx2, aes, clmul, erms, rtm, 3dnowpref, lzcnt, ht, tsc, tscinvbit, bmi1, bmi2, adx

Memory: 4k page, physical 8311896k(3257052k free), swap 13030488k(6129768k free)

vm_info: Java HotSpot(TM) 64-Bit Server VM (25.131-b11) for windows-amd64 JRE (1.8.0_131-b11), built on Mar 15 2017 01:23:53 by "java_re" with MS VC++ 10.0 (VS2010)

time: Sun Mar 25 06:51:29 2018
elapsed time: 73 seconds (0d 0h 1m 13s)

