#
# A fatal error has been detected by the Java Runtime Environment:
#
#  Internal Error (0xc000000d), pid=2268, tid=0x000000000000473c
#
# JRE version: Java(TM) SE Runtime Environment (8.0_131-b11) (build 1.8.0_131-b11)
# Java VM: Java HotSpot(TM) 64-Bit Server VM (25.131-b11 mixed mode windows-amd64 compressed oops)
# Problematic frame:
# C  [ntdll.dll+0x10b2b0]
#
# Failed to write core dump. Minidumps are not enabled by default on client versions of Windows
#
# If you would like to submit a bug report, please visit:
#   http://bugreport.java.com/bugreport/crash.jsp
#

---------------  T H R E A D  ---------------

Current thread (0x0000000019c87800):  VMThread [stack: 0x000000001ad10000,0x000000001ae10000] [id=18236]

siginfo: ExceptionCode=0xc000000d

Registers:
RAX=0x0000000005132050, RBX=0x0000000000000001, RCX=0x0000000019c88bf0, RDX=0x0000000000000001
RSP=0x000000001ae0ef90, RBP=0x000000001e9efa80, RSI=0x000000001e9efcb8, RDI=0x000000001e9dba90
R8 =0x0000000005132050, R9 =0x0000000019c88bf0, R10=0x0000000000000001, R11=0x0000000019c88c00
R12=0x00007ffbcd696680, R13=0x0000000000000001, R14=0x000000001e9d1000, R15=0x000000001e9d1000
RIP=0x00007ffbd9aeb2b0, EFLAGS=0x0000000000000206

Top of Stack: (sp=0x000000001ae0ef90)
0x000000001ae0ef90:   0000000000000057 0000000000000001
0x000000001ae0efa0:   000000001e9efcb8 000000001e9dba90
0x000000001ae0efb0:   00000000c000000d 0000000000000000
0x000000001ae0efc0:   00007ffbd9aeb2b0 0000000000000000
0x000000001ae0efd0:   0000000000000000 0000000000000000
0x000000001ae0efe0:   0000000000000000 0000000000000000
0x000000001ae0eff0:   0000000000000000 0000000000000000
0x000000001ae0f000:   0000000000000000 0000000000000000
0x000000001ae0f010:   0000000000000000 0000000000000000
0x000000001ae0f020:   0000000000000000 0000000000000000
0x000000001ae0f030:   0000000000000000 0000000000000000
0x000000001ae0f040:   0000000000000000 0000000000000000
0x000000001ae0f050:   000041d25869b581 000000001e9dba90
0x000000001ae0f060:   000000001e9efcb8 00007ffbcd694907
0x000000001ae0f070:   000000001e9dba90 000000001e9d1000
0x000000001ae0f080:   00000000f46857d4 0000000000000020 

Instructions: (pc=0x00007ffbd9aeb2b0)
0x00007ffbd9aeb290:   b7 f9 ff c7 44 24 20 0d 00 00 c0 b9 57 00 00 00
0x00007ffbd9aeb2a0:   e8 4b 63 f3 ff 90 48 8d 4c 24 20 e8 90 00 f1 ff
0x00007ffbd9aeb2b0:   eb 00 48 8b 8c 24 c0 00 00 00 48 33 cc e8 ce 57
0x00007ffbd9aeb2c0:   f8 ff 48 81 c4 d8 00 00 00 c3 40 55 48 83 ec 20 


Register to memory mapping:

RAX=0x0000000005132050 is an unknown value
RBX=0x0000000000000001 is an unknown value
RCX=0x0000000019c88bf0 is an unknown value
RDX=0x0000000000000001 is an unknown value
RSP=0x000000001ae0ef90 is an unknown value
RBP=0x000000001e9efa80 is an unknown value
RSI=0x000000001e9efcb8 is an unknown value
RDI=0x000000001e9dba90 is an unknown value
R8 =0x0000000005132050 is an unknown value
R9 =0x0000000019c88bf0 is an unknown value
R10=0x0000000000000001 is an unknown value
R11=0x0000000019c88c00 is an unknown value
R12=0x00007ffbcd696680 is an unknown value
R13=0x0000000000000001 is an unknown value
R14=0x000000001e9d1000 is an unknown value
R15=0x000000001e9d1000 is an unknown value


Stack: [0x000000001ad10000,0x000000001ae10000],  sp=0x000000001ae0ef90,  free space=1019k
Native frames: (J=compiled Java code, j=interpreted, Vv=VM code, C=native code)
C  [ntdll.dll+0x10b2b0]
C  [RTWorkQ.DLL+0x4907]
C  [RTWorkQ.DLL+0x9e46]
C  [RTWorkQ.DLL+0x7565]
C  [MFPlat.DLL+0x1d05b]
C  [MFReadWrite.dll+0x16348]
C  [MFReadWrite.dll+0xfb0d]
C  [MFReadWrite.dll+0xf863]
C  [mfksproxy.dll+0x194d0]
C  [mfksproxy.dll+0x18069]
C  [mfksproxy.dll+0x6eeb]
C  [quartz.dll+0x42e19]
C  [quartz.dll+0x553ef]
C  [quartz.dll+0x57932]
C  [quartz.dll+0x56d75]
C  [opencv_java2410.dll+0x2aaa1e]
C  [opencv_java2410.dll+0x5f43d0]
C  [opencv_java2410.dll+0x508e75]
C  [opencv_java2410.dll+0x4fc0f6]
C  [opencv_java2410.dll+0x4fc269]
C  [ntdll.dll+0x11493]
C  [ntdll.dll+0x406b5]
C  [ntdll.dll+0x40574]
C  [KERNEL32.DLL+0xf06a]
C  [msvcr100.dll+0x20ccd]
V  [jvm.dll+0x213235]
V  [jvm.dll+0x24c2a7]
V  [jvm.dll+0x24b546]
V  [jvm.dll+0x24b9e1]
V  [jvm.dll+0x24bbfe]
V  [jvm.dll+0x29cc1a]
C  [msvcr100.dll+0x21d9f]
C  [msvcr100.dll+0x21e3b]
C  [KERNEL32.DLL+0x11fe4]
C  [ntdll.dll+0x6efc1]

VM_Operation (0x000000001cc0d350): Exit, mode: safepoint, requested by thread 0x000000001baa3800


---------------  P R O C E S S  ---------------

Java Threads: ( => current thread )
  0x000000001befe800 JavaThread "TimerQueue" daemon [_thread_blocked, id=13960, stack(0x000000001e8b0000,0x000000001e9b0000)]
  0x0000000004fb0800 JavaThread "DestroyJavaVM" [_thread_blocked, id=16016, stack(0x0000000004e50000,0x0000000004f50000)]
  0x000000001baa3800 JavaThread "AWT-EventQueue-0" [_thread_blocked, id=8276, stack(0x000000001cb10000,0x000000001cc10000)]
  0x000000001be83000 JavaThread "AWT-Shutdown" [_thread_blocked, id=8896, stack(0x000000001c740000,0x000000001c840000)]
  0x000000001be82800 JavaThread "Java2D Disposer" daemon [_thread_blocked, id=7760, stack(0x000000001c640000,0x000000001c740000)]
  0x000000001b728800 JavaThread "Service Thread" daemon [_thread_blocked, id=13792, stack(0x000000001bb00000,0x000000001bc00000)]
  0x0000000019cca000 JavaThread "C1 CompilerThread2" daemon [_thread_blocked, id=3328, stack(0x000000001b600000,0x000000001b700000)]
  0x0000000019cc3000 JavaThread "C2 CompilerThread1" daemon [_thread_blocked, id=19272, stack(0x000000001b500000,0x000000001b600000)]
  0x0000000019cbe800 JavaThread "C2 CompilerThread0" daemon [_thread_blocked, id=17692, stack(0x000000001b400000,0x000000001b500000)]
  0x0000000019cbd000 JavaThread "Attach Listener" daemon [_thread_blocked, id=16976, stack(0x000000001b300000,0x000000001b400000)]
  0x0000000019cbc000 JavaThread "Signal Dispatcher" daemon [_thread_blocked, id=11960, stack(0x000000001b200000,0x000000001b300000)]
  0x0000000019caa800 JavaThread "Finalizer" daemon [_thread_blocked, id=15868, stack(0x000000001af10000,0x000000001b010000)]
  0x000000000509f000 JavaThread "Reference Handler" daemon [_thread_blocked, id=13388, stack(0x000000001ae10000,0x000000001af10000)]

Other Threads:
=>0x0000000019c87800 VMThread [stack: 0x000000001ad10000,0x000000001ae10000] [id=18236]

VM state:at safepoint (shutting down)

VM Mutex/Monitor currently owned by a thread:  ([mutex/lock_event])
[0x000000000513c9d0] Threads_lock - owner thread: 0x0000000019c87800

Heap:
 PSYoungGen      total 32256K, used 19836K [0x00000000d5b80000, 0x00000000d8100000, 0x0000000100000000)
  eden space 27136K, 61% used [0x00000000d5b80000,0x00000000d6bbd7e0,0x00000000d7600000)
  from space 5120K, 62% used [0x00000000d7c00000,0x00000000d7f21910,0x00000000d8100000)
  to   space 5632K, 0% used [0x00000000d7600000,0x00000000d7600000,0x00000000d7b80000)
 ParOldGen       total 87552K, used 18990K [0x0000000081200000, 0x0000000086780000, 0x00000000d5b80000)
  object space 87552K, 21% used [0x0000000081200000,0x000000008248bb28,0x0000000086780000)
 Metaspace       used 13453K, capacity 13612K, committed 13824K, reserved 1060864K
  class space    used 1657K, capacity 1736K, committed 1792K, reserved 1048576K

Card table byte_map: [0x0000000014500000,0x0000000014900000] byte_map_base: 0x00000000140f7000

Marking Bits: (ParMarkBitMap*) 0x0000000071edc720
 Begin Bits: [0x0000000014fb0000, 0x0000000016f68000)
 End Bits:   [0x0000000016f68000, 0x0000000018f20000)

Polling page: 0x0000000003670000

CodeCache: size=245760Kb used=4578Kb max_used=4578Kb free=241181Kb
 bounds [0x0000000005140000, 0x00000000055c0000, 0x0000000014140000]
 total_blobs=2078 nmethods=1381 adapters=609
 compilation: enabled

Compilation events (10 events):
Event: 17.299 Thread 0x0000000019cca000 1402       1       javax.swing.plaf.basic.BasicButtonUI::getPropertyPrefix (3 bytes)
Event: 17.299 Thread 0x0000000019cca000 nmethod 1402 0x00000000055b7790 code [0x00000000055b78e0, 0x00000000055b79f0]
Event: 17.785 Thread 0x0000000019cca000 1404       3       java.util.WeakHashMap::put (162 bytes)
Event: 17.786 Thread 0x0000000019cca000 nmethod 1404 0x00000000055b7a50 code [0x00000000055b7c80, 0x00000000055b8b18]
Event: 18.079 Thread 0x0000000019cca000 1405  s    3       java.io.FileDescriptor::attach (73 bytes)
Event: 18.080 Thread 0x0000000019cca000 nmethod 1405 0x00000000055b91d0 code [0x00000000055b93e0, 0x00000000055b9f88]
Event: 18.185 Thread 0x0000000019cca000 1406       3       java.awt.Component::getBounds (5 bytes)
Event: 18.186 Thread 0x0000000019cca000 nmethod 1406 0x00000000055ba550 code [0x00000000055ba6e0, 0x00000000055bab10]
Event: 18.186 Thread 0x0000000019cca000 1407       3       java.awt.Component::bounds (24 bytes)
Event: 18.186 Thread 0x0000000019cca000 nmethod 1407 0x00000000055bad10 code [0x00000000055bae80, 0x00000000055bb1d0]

GC Heap History (10 events):
Event: 14.785 GC heap before
{Heap before GC invocations=12 (full 0):
 PSYoungGen      total 32768K, used 32524K [0x00000000d5b80000, 0x00000000d8380000, 0x0000000100000000)
  eden space 29696K, 100% used [0x00000000d5b80000,0x00000000d7880000,0x00000000d7880000)
  from space 3072K, 92% used [0x00000000d7900000,0x00000000d7bc3030,0x00000000d7c00000)
  to   space 5632K, 0% used [0x00000000d7e00000,0x00000000d7e00000,0x00000000d8380000)
 ParOldGen       total 87552K, used 18902K [0x0000000081200000, 0x0000000086780000, 0x00000000d5b80000)
  object space 87552K, 21% used [0x0000000081200000,0x0000000082475b28,0x0000000086780000)
 Metaspace       used 13431K, capacity 13612K, committed 13824K, reserved 1060864K
  class space    used 1655K, capacity 1736K, committed 1792K, reserved 1048576K
Event: 14.786 GC heap after
Heap after GC invocations=12 (full 0):
 PSYoungGen      total 34304K, used 2828K [0x00000000d5b80000, 0x00000000d8300000, 0x0000000100000000)
  eden space 29184K, 0% used [0x00000000d5b80000,0x00000000d5b80000,0x00000000d7800000)
  from space 5120K, 55% used [0x00000000d7e00000,0x00000000d80c3030,0x00000000d8300000)
  to   space 5632K, 0% used [0x00000000d7800000,0x00000000d7800000,0x00000000d7d80000)
 ParOldGen       total 87552K, used 18926K [0x0000000081200000, 0x0000000086780000, 0x00000000d5b80000)
  object space 87552K, 21% used [0x0000000081200000,0x000000008247bb28,0x0000000086780000)
 Metaspace       used 13431K, capacity 13612K, committed 13824K, reserved 1060864K
  class space    used 1655K, capacity 1736K, committed 1792K, reserved 1048576K
}
Event: 15.580 GC heap before
{Heap before GC invocations=13 (full 0):
 PSYoungGen      total 34304K, used 32012K [0x00000000d5b80000, 0x00000000d8300000, 0x0000000100000000)
  eden space 29184K, 100% used [0x00000000d5b80000,0x00000000d7800000,0x00000000d7800000)
  from space 5120K, 55% used [0x00000000d7e00000,0x00000000d80c3030,0x00000000d8300000)
  to   space 5632K, 0% used [0x00000000d7800000,0x00000000d7800000,0x00000000d7d80000)
 ParOldGen       total 87552K, used 18926K [0x0000000081200000, 0x0000000086780000, 0x00000000d5b80000)
  object space 87552K, 21% used [0x0000000081200000,0x000000008247bb28,0x0000000086780000)
 Metaspace       used 13436K, capacity 13612K, committed 13824K, reserved 1060864K
  class space    used 1655K, capacity 1736K, committed 1792K, reserved 1048576K
Event: 15.581 GC heap after
Heap after GC invocations=13 (full 0):
 PSYoungGen      total 33280K, used 4139K [0x00000000d5b80000, 0x00000000d8280000, 0x0000000100000000)
  eden space 28672K, 0% used [0x00000000d5b80000,0x00000000d5b80000,0x00000000d7780000)
  from space 4608K, 89% used [0x00000000d7800000,0x00000000d7c0ae58,0x00000000d7c80000)
  to   space 5632K, 0% used [0x00000000d7d00000,0x00000000d7d00000,0x00000000d8280000)
 ParOldGen       total 87552K, used 18942K [0x0000000081200000, 0x0000000086780000, 0x00000000d5b80000)
  object space 87552K, 21% used [0x0000000081200000,0x000000008247fb28,0x0000000086780000)
 Metaspace       used 13436K, capacity 13612K, committed 13824K, reserved 1060864K
  class space    used 1655K, capacity 1736K, committed 1792K, reserved 1048576K
}
Event: 16.416 GC heap before
{Heap before GC invocations=14 (full 0):
 PSYoungGen      total 33280K, used 32411K [0x00000000d5b80000, 0x00000000d8280000, 0x0000000100000000)
  eden space 28672K, 98% used [0x00000000d5b80000,0x00000000d771c0f0,0x00000000d7780000)
  from space 4608K, 89% used [0x00000000d7800000,0x00000000d7c0ae58,0x00000000d7c80000)
  to   space 5632K, 0% used [0x00000000d7d00000,0x00000000d7d00000,0x00000000d8280000)
 ParOldGen       total 87552K, used 18942K [0x0000000081200000, 0x0000000086780000, 0x00000000d5b80000)
  object space 87552K, 21% used [0x0000000081200000,0x000000008247fb28,0x0000000086780000)
 Metaspace       used 13440K, capacity 13612K, committed 13824K, reserved 1060864K
  class space    used 1655K, capacity 1736K, committed 1792K, reserved 1048576K
Event: 16.417 GC heap after
Heap after GC invocations=14 (full 0):
 PSYoungGen      total 33280K, used 2305K [0x00000000d5b80000, 0x00000000d8200000, 0x0000000100000000)
  eden space 28160K, 0% used [0x00000000d5b80000,0x00000000d5b80000,0x00000000d7700000)
  from space 5120K, 45% used [0x00000000d7d00000,0x00000000d7f406c0,0x00000000d8200000)
  to   space 5632K, 0% used [0x00000000d7700000,0x00000000d7700000,0x00000000d7c80000)
 ParOldGen       total 87552K, used 18958K [0x0000000081200000, 0x0000000086780000, 0x00000000d5b80000)
  object space 87552K, 21% used [0x0000000081200000,0x0000000082483b28,0x0000000086780000)
 Metaspace       used 13440K, capacity 13612K, committed 13824K, reserved 1060864K
  class space    used 1655K, capacity 1736K, committed 1792K, reserved 1048576K
}
Event: 17.170 GC heap before
{Heap before GC invocations=15 (full 0):
 PSYoungGen      total 33280K, used 29629K [0x00000000d5b80000, 0x00000000d8200000, 0x0000000100000000)
  eden space 28160K, 97% used [0x00000000d5b80000,0x00000000d762ed58,0x00000000d7700000)
  from space 5120K, 45% used [0x00000000d7d00000,0x00000000d7f406c0,0x00000000d8200000)
  to   space 5632K, 0% used [0x00000000d7700000,0x00000000d7700000,0x00000000d7c80000)
 ParOldGen       total 87552K, used 18958K [0x0000000081200000, 0x0000000086780000, 0x00000000d5b80000)
  object space 87552K, 21% used [0x0000000081200000,0x0000000082483b28,0x0000000086780000)
 Metaspace       used 13441K, capacity 13612K, committed 13824K, reserved 1060864K
  class space    used 1655K, capacity 1736K, committed 1792K, reserved 1048576K
Event: 17.171 GC heap after
Heap after GC invocations=15 (full 0):
 PSYoungGen      total 31232K, used 3205K [0x00000000d5b80000, 0x00000000d8180000, 0x0000000100000000)
  eden space 27648K, 0% used [0x00000000d5b80000,0x00000000d5b80000,0x00000000d7680000)
  from space 3584K, 89% used [0x00000000d7700000,0x00000000d7a21640,0x00000000d7a80000)
  to   space 5632K, 0% used [0x00000000d7c00000,0x00000000d7c00000,0x00000000d8180000)
 ParOldGen       total 87552K, used 18974K [0x0000000081200000, 0x0000000086780000, 0x00000000d5b80000)
  object space 87552K, 21% used [0x0000000081200000,0x0000000082487b28,0x0000000086780000)
 Metaspace       used 13441K, capacity 13612K, committed 13824K, reserved 1060864K
  class space    used 1655K, capacity 1736K, committed 1792K, reserved 1048576K
}
Event: 17.932 GC heap before
{Heap before GC invocations=16 (full 0):
 PSYoungGen      total 31232K, used 30613K [0x00000000d5b80000, 0x00000000d8180000, 0x0000000100000000)
  eden space 27648K, 99% used [0x00000000d5b80000,0x00000000d7644080,0x00000000d7680000)
  from space 3584K, 89% used [0x00000000d7700000,0x00000000d7a21640,0x00000000d7a80000)
  to   space 5632K, 0% used [0x00000000d7c00000,0x00000000d7c00000,0x00000000d8180000)
 ParOldGen       total 87552K, used 18974K [0x0000000081200000, 0x0000000086780000, 0x00000000d5b80000)
  object space 87552K, 21% used [0x0000000081200000,0x0000000082487b28,0x0000000086780000)
 Metaspace       used 13444K, capacity 13612K, committed 13824K, reserved 1060864K
  class space    used 1655K, capacity 1736K, committed 1792K, reserved 1048576K
Event: 17.933 GC heap after
Heap after GC invocations=16 (full 0):
 PSYoungGen      total 32256K, used 3206K [0x00000000d5b80000, 0x00000000d8100000, 0x0000000100000000)
  eden space 27136K, 0% used [0x00000000d5b80000,0x00000000d5b80000,0x00000000d7600000)
  from space 5120K, 62% used [0x00000000d7c00000,0x00000000d7f21910,0x00000000d8100000)
  to   space 5632K, 0% used [0x00000000d7600000,0x00000000d7600000,0x00000000d7b80000)
 ParOldGen       total 87552K, used 18990K [0x0000000081200000, 0x0000000086780000, 0x00000000d5b80000)
  object space 87552K, 21% used [0x0000000081200000,0x000000008248bb28,0x0000000086780000)
 Metaspace       used 13444K, capacity 13612K, committed 13824K, reserved 1060864K
  class space    used 1655K, capacity 1736K, committed 1792K, reserved 1048576K
}

Deoptimization events (2 events):
Event: 0.319 Thread 0x000000001baa3800 Uncommon trap: reason=null_check action=make_not_entrant pc=0x00000000052b12dc method=java.lang.String.equals(Ljava/lang/Object;)Z @ 8
Event: 2.514 Thread 0x000000001baa3800 Uncommon trap: reason=unstable_if action=reinterpret pc=0x000000000539b5e4 method=leap.ImagePanel.paint(Ljava/awt/Graphics;)V @ 378

Internal exceptions (10 events):
Event: 0.047 Thread 0x0000000004fb0800 Exception <a 'java/lang/NoSuchMethodError': Method sun.misc.Unsafe.prefetchRead(Ljava/lang/Object;J)V name or signature does not match> (0x00000000d5b87f90) thrown at [C:\re\workspace\8-2-build-windows-amd64-cygwin\jdk8u131\8869\hotspot\src\share\vm\prims
Event: 0.148 Thread 0x0000000004fb0800 Exception <a 'java/security/PrivilegedActionException'> (0x00000000d5c13678) thrown at [C:\re\workspace\8-2-build-windows-amd64-cygwin\jdk8u131\8869\hotspot\src\share\vm\prims\jvm.cpp, line 1390]
Event: 0.148 Thread 0x0000000004fb0800 Exception <a 'java/security/PrivilegedActionException'> (0x00000000d5c13888) thrown at [C:\re\workspace\8-2-build-windows-amd64-cygwin\jdk8u131\8869\hotspot\src\share\vm\prims\jvm.cpp, line 1390]
Event: 0.149 Thread 0x0000000004fb0800 Exception <a 'java/security/PrivilegedActionException'> (0x00000000d5c174f8) thrown at [C:\re\workspace\8-2-build-windows-amd64-cygwin\jdk8u131\8869\hotspot\src\share\vm\prims\jvm.cpp, line 1390]
Event: 0.149 Thread 0x0000000004fb0800 Exception <a 'java/security/PrivilegedActionException'> (0x00000000d5c17708) thrown at [C:\re\workspace\8-2-build-windows-amd64-cygwin\jdk8u131\8869\hotspot\src\share\vm\prims\jvm.cpp, line 1390]
Event: 0.156 Thread 0x0000000004fb0800 Exception <a 'java/io/FileNotFoundException'> (0x00000000d5c19c20) thrown at [C:\re\workspace\8-2-build-windows-amd64-cygwin\jdk8u131\8869\hotspot\src\share\vm\prims\jni.cpp, line 709]
Event: 0.202 Thread 0x0000000004fb0800 Exception <a 'java/lang/NoSuchFieldError': method resolution failed> (0x00000000d5d8e558) thrown at [C:\re\workspace\8-2-build-windows-amd64-cygwin\jdk8u131\8869\hotspot\src\share\vm\prims\methodHandles.cpp, line 1146]
Event: 0.205 Thread 0x0000000004fb0800 Exception <a 'java/lang/NoSuchFieldError': method resolution failed> (0x00000000d5d9b928) thrown at [C:\re\workspace\8-2-build-windows-amd64-cygwin\jdk8u131\8869\hotspot\src\share\vm\prims\methodHandles.cpp, line 1146]
Event: 0.296 Thread 0x000000001baa3800 Exception <a 'java/io/FileNotFoundException'> (0x00000000d5f73318) thrown at [C:\re\workspace\8-2-build-windows-amd64-cygwin\jdk8u131\8869\hotspot\src\share\vm\prims\jni.cpp, line 709]
Event: 0.319 Thread 0x000000001baa3800 Implicit null exception at 0x00000000052b111b to 0x00000000052b12cd

Events (10 events):
Event: 18.336 Executing VM operation: RevokeBias
Event: 18.336 Executing VM operation: RevokeBias done
Event: 18.337 loading class java/util/WeakHashMap$KeyIterator
Event: 18.337 loading class java/util/WeakHashMap$HashIterator
Event: 18.337 loading class java/util/WeakHashMap$HashIterator done
Event: 18.337 loading class java/util/WeakHashMap$KeyIterator done
Event: 18.337 Thread 0x000000001b7a2000 Thread exited: 0x000000001b7a2000
Event: 18.354 Thread 0x000000001baa1000 Thread exited: 0x000000001baa1000
Event: 18.437 Thread 0x000000001b7a5800 Thread exited: 0x000000001b7a5800
Event: 18.438 Executing VM operation: Exit


Dynamic libraries:
0x00007ff7ac100000 - 0x00007ff7ac137000 	C:\Program Files\Java\jre1.8.0_131\bin\javaw.exe
0x00007ffbd99e0000 - 0x00007ffbd9bc0000 	C:\WINDOWS\SYSTEM32\ntdll.dll
0x00007ffbd71a0000 - 0x00007ffbd724e000 	C:\WINDOWS\System32\KERNEL32.DLL
0x00007ffbd5de0000 - 0x00007ffbd6046000 	C:\WINDOWS\System32\KERNELBASE.dll
0x00007ffbd9170000 - 0x00007ffbd9211000 	C:\WINDOWS\System32\ADVAPI32.dll
0x00007ffbd6eb0000 - 0x00007ffbd6f4d000 	C:\WINDOWS\System32\msvcrt.dll
0x00007ffbd8810000 - 0x00007ffbd886b000 	C:\WINDOWS\System32\sechost.dll
0x00007ffbd8f60000 - 0x00007ffbd907f000 	C:\WINDOWS\System32\RPCRT4.dll
0x00007ffbd96a0000 - 0x00007ffbd982f000 	C:\WINDOWS\System32\USER32.dll
0x00007ffbd60a0000 - 0x00007ffbd60c0000 	C:\WINDOWS\System32\win32u.dll
0x00007ffbd9830000 - 0x00007ffbd9858000 	C:\WINDOWS\System32\GDI32.dll
0x00007ffbd62e0000 - 0x00007ffbd6473000 	C:\WINDOWS\System32\gdi32full.dll
0x00007ffbd60c0000 - 0x00007ffbd615b000 	C:\WINDOWS\System32\msvcp_win.dll
0x00007ffbd6160000 - 0x00007ffbd6256000 	C:\WINDOWS\System32\ucrtbase.dll
0x00007ffbbc760000 - 0x00007ffbbc9c9000 	C:\WINDOWS\WinSxS\amd64_microsoft.windows.common-controls_6595b64144ccf1df_6.0.16299.248_none_15ced204935f55d7\COMCTL32.dll
0x00007ffbd9390000 - 0x00007ffbd9698000 	C:\WINDOWS\System32\combase.dll
0x00007ffbd6260000 - 0x00007ffbd62d2000 	C:\WINDOWS\System32\bcryptPrimitives.dll
0x00007ffbd98c0000 - 0x00007ffbd98ed000 	C:\WINDOWS\System32\IMM32.DLL
0x0000000072010000 - 0x00000000720e2000 	C:\Program Files\Java\jre1.8.0_131\bin\msvcr100.dll
0x00000000716c0000 - 0x0000000071f5c000 	C:\Program Files\Java\jre1.8.0_131\bin\server\jvm.dll
0x00007ffbd88d0000 - 0x00007ffbd88d8000 	C:\WINDOWS\System32\PSAPI.DLL
0x00007ffbbb0d0000 - 0x00007ffbbb0d9000 	C:\WINDOWS\SYSTEM32\WSOCK32.dll
0x00007ffbd2830000 - 0x00007ffbd2853000 	C:\WINDOWS\SYSTEM32\WINMM.dll
0x00007ffbd7360000 - 0x00007ffbd73cc000 	C:\WINDOWS\System32\WS2_32.dll
0x00007ffbcbe30000 - 0x00007ffbcbe3a000 	C:\WINDOWS\SYSTEM32\VERSION.dll
0x00007ffbd27d0000 - 0x00007ffbd27fa000 	C:\WINDOWS\SYSTEM32\WINMMBASE.dll
0x00007ffbd6050000 - 0x00007ffbd609a000 	C:\WINDOWS\System32\cfgmgr32.dll
0x0000000072350000 - 0x000000007235f000 	C:\Program Files\Java\jre1.8.0_131\bin\verify.dll
0x0000000072320000 - 0x0000000072349000 	C:\Program Files\Java\jre1.8.0_131\bin\java.dll
0x0000000072300000 - 0x0000000072316000 	C:\Program Files\Java\jre1.8.0_131\bin\zip.dll
0x00007ffbd73d0000 - 0x00007ffbd8806000 	C:\WINDOWS\System32\SHELL32.dll
0x00007ffbd9900000 - 0x00007ffbd99a6000 	C:\WINDOWS\System32\shcore.dll
0x00007ffbd6530000 - 0x00007ffbd6c77000 	C:\WINDOWS\System32\windows.storage.dll
0x00007ffbd8d30000 - 0x00007ffbd8d81000 	C:\WINDOWS\System32\shlwapi.dll
0x00007ffbd5d30000 - 0x00007ffbd5d41000 	C:\WINDOWS\System32\kernel.appcore.dll
0x00007ffbd5d70000 - 0x00007ffbd5dbc000 	C:\WINDOWS\System32\powrprof.dll
0x00007ffbd5dc0000 - 0x00007ffbd5ddb000 	C:\WINDOWS\System32\profapi.dll
0x00000000720f0000 - 0x0000000072288000 	C:\Program Files\Java\jre1.8.0_131\bin\awt.dll
0x00007ffbd9080000 - 0x00007ffbd9145000 	C:\WINDOWS\System32\OLEAUT32.dll
0x00007ffbd3c10000 - 0x00007ffbd3c98000 	C:\WINDOWS\SYSTEM32\apphelp.dll
0x00007ffbd3d90000 - 0x00007ffbd3e25000 	C:\WINDOWS\system32\uxtheme.dll
0x00007ffbd9220000 - 0x00007ffbd9387000 	C:\WINDOWS\System32\MSCTF.dll
0x00007ffbab640000 - 0x00007ffbab6e9000 	C:\Program Files\Common Files\microsoft shared\ink\tiptsf.dll
0x00007ffbd40e0000 - 0x00007ffbd410a000 	C:\WINDOWS\system32\dwmapi.dll
0x00007ffbd8e10000 - 0x00007ffbd8f59000 	C:\WINDOWS\System32\ole32.dll
0x00007ffbadac0000 - 0x00007ffbadbde000 	C:\WINDOWS\system32\opengl32.dll
0x00007ffbc93f0000 - 0x00007ffbc941c000 	C:\WINDOWS\SYSTEM32\GLU32.dll
0x0000000071670000 - 0x00000000716b7000 	C:\Program Files\Java\jre1.8.0_131\bin\fontmanager.dll
0x00000000722e0000 - 0x00000000722fa000 	C:\Program Files\Java\jre1.8.0_131\bin\net.dll
0x0000000180000000 - 0x000000018008c000 	C:\WINDOWS\system32\ASProxy64.dll
0x00007ffbd5350000 - 0x00007ffbd5389000 	C:\WINDOWS\SYSTEM32\IPHLPAPI.DLL
0x00007ffbd55c0000 - 0x00007ffbd5626000 	C:\WINDOWS\SYSTEM32\MSWSOCK.dll
0x00007ffbd5c60000 - 0x00007ffbd5c90000 	C:\WINDOWS\SYSTEM32\SspiCli.dll
0x00000000722c0000 - 0x00000000722d1000 	C:\Program Files\Java\jre1.8.0_131\bin\nio.dll
0x0000000071620000 - 0x0000000071662000 	C:\Program Files\Java\jre1.8.0_131\bin\t2k.dll
0x00007ffbc5920000 - 0x00007ffbc595e000 	C:\Users\weand\Desktop\Capstone project\CCR\GantryRobot\LeapMotion\LeapSDK\lib\x64\LeapJava.dll
0x00007ffbbbfa0000 - 0x00007ffbbc046000 	C:\Program Files\Java\jre1.8.0_131\bin\MSVCP120.dll
0x00007ffba7220000 - 0x00007ffba730f000 	C:\Program Files\Java\jre1.8.0_131\bin\MSVCR120.dll
0x00007ffba70b0000 - 0x00007ffba721b000 	C:\Users\weand\Desktop\Capstone project\CCR\GantryRobot\LeapMotion\LeapSDK\lib\x64\Leap.dll
0x00007ffbd4e70000 - 0x00007ffbd4ea1000 	C:\WINDOWS\SYSTEM32\ntmarta.dll
0x00007ffb8b090000 - 0x00007ffb8ba61000 	C:\Users\weand\Desktop\Capstone project\CCR\GantryRobot\OpenCV\opencv\build\java\x64\opencv_java2410.dll
0x00007ffbc9000000 - 0x00007ffbc9018000 	C:\WINDOWS\SYSTEM32\AVICAP32.dll
0x00007ffbc9420000 - 0x00007ffbc9449000 	C:\WINDOWS\SYSTEM32\MSVFW32.dll
0x00007ffbc8e00000 - 0x00007ffbc8e1f000 	C:\WINDOWS\SYSTEM32\AVIFIL32.dll
0x00007ffbcd340000 - 0x00007ffbcd35c000 	C:\WINDOWS\SYSTEM32\MSACM32.dll
0x00007ffbd6f50000 - 0x00007ffbd6fee000 	C:\WINDOWS\System32\clbcatq.dll
0x00007ffbd22d0000 - 0x00007ffbd247b000 	C:\WINDOWS\SYSTEM32\WindowsCodecs.dll
0x00007ffbb06c0000 - 0x00007ffbb070f000 	C:\WINDOWS\system32\dataexchange.dll
0x00007ffbd36e0000 - 0x00007ffbd3822000 	C:\WINDOWS\system32\dcomp.dll
0x00007ffbd2d50000 - 0x00007ffbd3032000 	C:\WINDOWS\system32\d3d11.dll
0x00007ffbd4ba0000 - 0x00007ffbd4c4f000 	C:\WINDOWS\system32\dxgi.dll
0x00007ffbd4260000 - 0x00007ffbd43db000 	C:\WINDOWS\system32\twinapi.appcore.dll
0x00007ffbd41d0000 - 0x00007ffbd41f0000 	C:\WINDOWS\system32\RMCLIENT.dll
0x00007ffbd5890000 - 0x00007ffbd58b5000 	C:\WINDOWS\system32\bcrypt.dll
0x00007ffbb5800000 - 0x00007ffbb5898000 	C:\WINDOWS\System32\TextInputFramework.dll
0x00007ffbd3600000 - 0x00007ffbd36dc000 	C:\WINDOWS\System32\CoreMessaging.dll
0x00007ffbd1ea0000 - 0x00007ffbd218e000 	C:\WINDOWS\System32\CoreUIComponents.dll
0x00007ffbd1d60000 - 0x00007ffbd1e96000 	C:\WINDOWS\SYSTEM32\wintypes.dll
0x00007ffbb3d40000 - 0x00007ffbb3f46000 	C:\Windows\System32\uiautomationcore.dll
0x00007ffbd5b90000 - 0x00007ffbd5c2a000 	C:\WINDOWS\SYSTEM32\sxs.dll
0x00007ffbb0d00000 - 0x00007ffbb0d6e000 	C:\Windows\System32\OLEACC.dll
0x00007ffbb52a0000 - 0x00007ffbb5321000 	C:\WINDOWS\SYSTEM32\twinapi.dll
0x00007ffbc5a40000 - 0x00007ffbc5a58000 	C:\Windows\System32\devenum.dll
0x00007ffbd88e0000 - 0x00007ffbd8d2e000 	C:\WINDOWS\System32\setupapi.dll
0x00007ffbd5b40000 - 0x00007ffbd5b67000 	C:\WINDOWS\SYSTEM32\DEVOBJ.dll
0x00007ffbd6c80000 - 0x00007ffbd6cd8000 	C:\WINDOWS\System32\WINTRUST.dll
0x00007ffbd5d50000 - 0x00007ffbd5d62000 	C:\WINDOWS\System32\MSASN1.dll
0x00007ffbd6ce0000 - 0x00007ffbd6eae000 	C:\WINDOWS\System32\CRYPT32.dll
0x00007ffbb0710000 - 0x00007ffbb071a000 	C:\WINDOWS\SYSTEM32\msdmo.dll
0x00007ffbc5840000 - 0x00007ffbc5873000 	C:\Windows\System32\qcap.dll
0x00007ffba6500000 - 0x00007ffba66bc000 	C:\Windows\System32\quartz.dll
0x00007ffbbd3d0000 - 0x00007ffbbd41e000 	C:\Windows\System32\mfksproxy.dll
0x00007ffbcd890000 - 0x00007ffbcd8c6000 	C:\Windows\System32\MFSENSORGROUP.dll
0x00007ffbcdb20000 - 0x00007ffbcdb3d000 	C:\Windows\System32\ATL.DLL
0x00007ffbcd6d0000 - 0x00007ffbcd881000 	C:\Windows\System32\MFPlat.DLL
0x00007ffbcd690000 - 0x00007ffbcd6c2000 	C:\Windows\System32\RTWorkQ.DLL
0x00007ffbccc10000 - 0x00007ffbcd057000 	C:\Windows\System32\MFCORE.dll
0x00007ffbccc00000 - 0x00007ffbccc09000 	C:\Windows\System32\ksuser.dll
0x00007ffbd57a0000 - 0x00007ffbd57ab000 	C:\Windows\System32\CRYPTBASE.DLL
0x00007ffbb1890000 - 0x00007ffbb18e0000 	C:\Windows\System32\FSClient.dll
0x00007ffbd22c0000 - 0x00007ffbd22ca000 	C:\Windows\System32\AVRT.dll
0x00007ffbc9710000 - 0x00007ffbc971c000 	C:\Windows\System32\vidcap.ax
0x00007ffbbdd50000 - 0x00007ffbbdd76000 	C:\Windows\System32\kswdmcap.ax
0x00007ffb9c1a0000 - 0x00007ffb9c305000 	C:\Windows\System32\MFC42.dll
0x00007ffb99740000 - 0x00007ffb99cb2000 	C:\WINDOWS\system32\IntelCameraPlugin64.dll
0x00007ffbd1b90000 - 0x00007ffbd1c0a000 	C:\WINDOWS\SYSTEM32\policymanager.dll
0x00007ffbd1a30000 - 0x00007ffbd1ac0000 	C:\Windows\System32\msvcp110_win.dll
0x00007ffb9c7a0000 - 0x00007ffb9c8aa000 	C:\Windows\System32\MFReadWrite.dll
0x00007ffba5720000 - 0x00007ffba57c0000 	C:\Windows\System32\qedit.dll
0x00007ffbd7250000 - 0x00007ffbd735a000 	C:\WINDOWS\System32\COMDLG32.dll
0x00007ffbba4f0000 - 0x00007ffbba68c000 	C:\WINDOWS\WinSxS\amd64_microsoft.windows.gdiplus_6595b64144ccf1df_1.1.16299.248_none_46b9c4e9edf1cfa5\gdiplus.dll
0x00007ffba53f0000 - 0x00007ffba54e6000 	C:\Windows\System32\DDRAW.dll
0x00007ffbd2880000 - 0x00007ffbd2888000 	C:\Windows\System32\DCIMAN32.dll
0x00007ffbcda70000 - 0x00007ffbcda7c000 	C:\WINDOWS\SYSTEM32\msyuv.dll
0x00007ffbd5780000 - 0x00007ffbd5797000 	C:\WINDOWS\SYSTEM32\CRYPTSP.dll
0x00007ffbd51d0000 - 0x00007ffbd5203000 	C:\WINDOWS\system32\rsaenh.dll
0x00007ffbd5c30000 - 0x00007ffbd5c59000 	C:\WINDOWS\SYSTEM32\USERENV.dll
0x00007ffbd6ff0000 - 0x00007ffbd6ff8000 	C:\WINDOWS\System32\NSI.dll
0x00007ffbcbc40000 - 0x00007ffbcbc56000 	C:\WINDOWS\SYSTEM32\dhcpcsvc6.DLL
0x00007ffbcbf30000 - 0x00007ffbcbf4a000 	C:\WINDOWS\SYSTEM32\dhcpcsvc.DLL
0x00007ffbd4720000 - 0x00007ffbd48e8000 	C:\WINDOWS\SYSTEM32\dbghelp.dll

VM Arguments:
jvm_args: -Djava.library.path=C:\Users\weand\Desktop\Capstone project\CCR\GantryRobot\mfz-rxtx-2.2-20081207-win-x64;C:\Users\weand\Desktop\Capstone project\CCR\GantryRobot\OpenCV\opencv\build\java\x64;C:\Users\weand\Desktop\Capstone project\CCR\GantryRobot\LeapMotion\LeapSDK\lib\x64 -Dfile.encoding=Cp1252 
java_command: leap.RXTXGui
java_class_path (initial): C:\Users\weand\workspace\Gantry_1\bin;C:\Users\weand\Desktop\Capstone project\CCR\GantryRobot\mfz-rxtx-2.2-20081207-win-x64\RXTXcomm.jar;C:\Users\weand\Desktop\Capstone project\CCR\GantryRobot\OpenCV\opencv\build\java\opencv-2410.jar;C:\Users\weand\Desktop\Capstone project\CCR\GantryRobot\LeapMotion\LeapSDK\lib\LeapJava.jar
Launcher Type: SUN_STANDARD

Environment Variables:
PATH=C:\Users\weand\Desktop\Capstone project\CCR\GantryRobot\LeapMotion\LeapSDK\lib\x64;n;C:/Program Files/Java/jre1.8.0_131/lib/amd64;C:\ProgramData\Oracle\Java\javapath;C:\Program Files\Microsoft MPI\Bin\;C:\WINDOWS\system32;C:\WINDOWS;C:\WINDOWS\System32\Wbem;C:\WINDOWS\System32\WindowsPowerShell\v1.0\;C:\Program Files (x86)\Skype\Phone\;C:\Program Files\Microsoft SQL Server\130\Tools\Binn\;C:\Program Files\dotnet\;C:\Program Files (x86)\GtkSharp\2.12\bin;C:\Program Files\MySQL\MySQL Utilities 1.6\;C:\Program Files\Git\cmd;C:\Users\weand\AppData\Local\Microsoft\WindowsApps;C:\Program Files (x86)\Spiceworks\Nmap;;C:\Users\weand\Downloads\eclipse-java-kepler-SR1-win32-x86_64\eclipse;C:/Program Files/Java/jre1.8.0_131/bin/server;C:/Program Files/Java/jre1.8.0_131/bin;C:/Program Files/Java/jre1.8.0_131/lib/amd64;C:\ProgramData\Oracle\Java\javapath;C:\Program Files\Microsoft MPI\Bin\;C:\WINDOWS\system32;C:\WINDOWS;C:\WINDOWS\System32\Wbem;C:\WINDOWS\System32\WindowsPowerShell\v1.0\;C:\Program Files (x86)\Skype\Phone\;C:\Program Files\Microsoft SQL Server\130\Tools\Binn\;C:\Program Files\dotnet\;C:\Program Files (x86)\GtkSharp\2.12\bin;C:\Program Files\MySQL\MySQL Utilities 1.6\;C:\Program Files\Git\cmd;C:\Users\weand\AppData\Local\Microsoft\WindowsApps;C:\Program Files (x86)\Spiceworks\Nmap;;C:\Users\weand\Downloads\eclipse-java-kepler-SR1-win32-x86_64\eclipse;
USERNAME=weand
OS=Windows_NT
PROCESSOR_IDENTIFIER=Intel64 Family 6 Model 78 Stepping 3, GenuineIntel



---------------  S Y S T E M  ---------------

OS: Windows 10.0 , 64 bit Build 16299 (10.0.16299.15)

CPU:total 4 (initial active 4) (2 cores per cpu, 2 threads per core) family 6 model 78 stepping 3, cmov, cx8, fxsr, mmx, sse, sse2, sse3, ssse3, sse4.1, sse4.2, popcnt, avx, avx2, aes, clmul, erms, rtm, 3dnowpref, lzcnt, ht, tsc, tscinvbit, bmi1, bmi2, adx

Memory: 4k page, physical 8311896k(1820404k free), swap 12768344k(2852720k free)

vm_info: Java HotSpot(TM) 64-Bit Server VM (25.131-b11) for windows-amd64 JRE (1.8.0_131-b11), built on Mar 15 2017 01:23:53 by "java_re" with MS VC++ 10.0 (VS2010)

time: Thu Mar 15 11:35:10 2018
elapsed time: 19 seconds (0d 0h 0m 19s)

