#
# A fatal error has been detected by the Java Runtime Environment:
#
#  Internal Error (0xc000000d), pid=19252, tid=0x0000000000005964
#
# JRE version: Java(TM) SE Runtime Environment (8.0_131-b11) (build 1.8.0_131-b11)
# Java VM: Java HotSpot(TM) 64-Bit Server VM (25.131-b11 mixed mode windows-amd64 compressed oops)
# Problematic frame:
# C  [ntdll.dll+0x10b2c0]
#
# Failed to write core dump. Minidumps are not enabled by default on client versions of Windows
#
# If you would like to submit a bug report, please visit:
#   http://bugreport.java.com/bugreport/crash.jsp
#

---------------  T H R E A D  ---------------

Current thread (0x0000000019957800):  VMThread [stack: 0x000000001a9f0000,0x000000001aaf0000] [id=22884]

siginfo: ExceptionCode=0xc000000d

Registers:
RAX=0x0000000004d020b0, RBX=0x0000000000000001, RCX=0x0000000019958c50, RDX=0x0000000000000001
RSP=0x000000001aaee990, RBP=0x000000001f3ffbd0, RSI=0x000000001f3ffe08, RDI=0x000000001f3ebbe0
R8 =0x0000000004d020b0, R9 =0x0000000019958c50, R10=0x0000000000000001, R11=0x0000000019958c60
R12=0x00007ffe63d26680, R13=0x0000000000000001, R14=0x000000001f3e1050, R15=0x000000001f3e1050
RIP=0x00007ffe6d8fb2c0, EFLAGS=0x0000000000000206

Top of Stack: (sp=0x000000001aaee990)
0x000000001aaee990:   0000000000000057 0000000000000001
0x000000001aaee9a0:   000000001f3ffe08 000000001f3ebbe0
0x000000001aaee9b0:   00000000c000000d 0000000000000000
0x000000001aaee9c0:   00007ffe6d8fb2c0 0000000000000000
0x000000001aaee9d0:   0000000000000000 0000000000000000
0x000000001aaee9e0:   0000000000000000 0000000000000000
0x000000001aaee9f0:   0000000000000000 0000000000000000
0x000000001aaeea00:   0000000000000000 0000000000000000
0x000000001aaeea10:   0000000000000000 0000000000000000
0x000000001aaeea20:   0000000000000000 0000000000000000
0x000000001aaeea30:   0000000000000000 0000000000000000
0x000000001aaeea40:   0000000000000000 0000000000000000
0x000000001aaeea50:   00007487c5c21250 000000001f3ebbe0
0x000000001aaeea60:   000000001f3ffe08 00007ffe63d24907
0x000000001aaeea70:   000000001f3ebbe0 000000001f3e1050
0x000000001aaeea80:   00000000f46857d4 0000000000000020 

Instructions: (pc=0x00007ffe6d8fb2c0)
0x00007ffe6d8fb2a0:   b7 f9 ff c7 44 24 20 0d 00 00 c0 b9 57 00 00 00
0x00007ffe6d8fb2b0:   e8 3b 63 f3 ff 90 48 8d 4c 24 20 e8 80 00 f1 ff
0x00007ffe6d8fb2c0:   eb 00 48 8b 8c 24 c0 00 00 00 48 33 cc e8 ae 57
0x00007ffe6d8fb2d0:   f8 ff 48 81 c4 d8 00 00 00 c3 40 55 48 83 ec 20 


Register to memory mapping:

RAX=0x0000000004d020b0 is an unknown value
RBX=0x0000000000000001 is an unknown value
RCX=0x0000000019958c50 is an unknown value
RDX=0x0000000000000001 is an unknown value
RSP=0x000000001aaee990 is an unknown value
RBP=0x000000001f3ffbd0 is an unknown value
RSI=0x000000001f3ffe08 is an unknown value
RDI=0x000000001f3ebbe0 is an unknown value
R8 =0x0000000004d020b0 is an unknown value
R9 =0x0000000019958c50 is an unknown value
R10=0x0000000000000001 is an unknown value
R11=0x0000000019958c60 is an unknown value
R12=0x00007ffe63d26680 is an unknown value
R13=0x0000000000000001 is an unknown value
R14=0x000000001f3e1050 is an unknown value
R15=0x000000001f3e1050 is an unknown value


Stack: [0x000000001a9f0000,0x000000001aaf0000],  sp=0x000000001aaee990,  free space=1018k
Native frames: (J=compiled Java code, j=interpreted, Vv=VM code, C=native code)
C  [ntdll.dll+0x10b2c0]
C  [RTWorkQ.DLL+0x4907]
C  [RTWorkQ.DLL+0x9e46]
C  [RTWorkQ.DLL+0x7565]
C  [MFPlat.DLL+0x1d05b]
C  [MFReadWrite.dll+0x16348]
C  [MFReadWrite.dll+0xfb0d]
C  [MFReadWrite.dll+0xf863]
C  [mfksproxy.dll+0x194d0]
C  [mfksproxy.dll+0x18069]
C  [mfksproxy.dll+0x6eeb]
C  [quartz.dll+0x42e19]
C  [quartz.dll+0x553ef]
C  [quartz.dll+0x57932]
C  [quartz.dll+0x56d75]
C  [opencv_java2410.dll+0x2aaa1e]
C  [opencv_java2410.dll+0x5f43d0]
C  [opencv_java2410.dll+0x508e75]
C  [opencv_java2410.dll+0x4fc0f6]
C  [opencv_java2410.dll+0x4fc269]
C  [ntdll.dll+0x11493]
C  [ntdll.dll+0x406b5]
C  [ntdll.dll+0x40574]
C  [KERNEL32.DLL+0xf06a]
C  [msvcr100.dll+0x20ccd]
V  [jvm.dll+0x213235]
V  [jvm.dll+0x24c2a7]
V  [jvm.dll+0x24b546]
V  [jvm.dll+0x24b9e1]
V  [jvm.dll+0x24bbfe]
V  [jvm.dll+0x29cc1a]
C  [msvcr100.dll+0x21d9f]
C  [msvcr100.dll+0x21e3b]
C  [KERNEL32.DLL+0x11fe4]
C  [ntdll.dll+0x6efb1]

VM_Operation (0x000000001cbacce0): Exit, mode: safepoint, requested by thread 0x000000001b6d4000


---------------  P R O C E S S  ---------------

Java Threads: ( => current thread )
  0x000000001cc66000 JavaThread "TimerQueue" daemon [_thread_blocked, id=5968, stack(0x000000001f0c0000,0x000000001f1c0000)]
  0x0000000004d10800 JavaThread "DestroyJavaVM" [_thread_blocked, id=20432, stack(0x0000000004bd0000,0x0000000004cd0000)]
  0x000000001b6d4000 JavaThread "AWT-EventQueue-0" [_thread_blocked, id=20064, stack(0x000000001cab0000,0x000000001cbb0000)]
  0x000000001b6d2000 JavaThread "AWT-Shutdown" [_thread_blocked, id=12956, stack(0x000000001bdc0000,0x000000001bec0000)]
  0x000000001b6cf800 JavaThread "Java2D Disposer" daemon [_thread_blocked, id=5272, stack(0x000000001bcc0000,0x000000001bdc0000)]
  0x000000001b301800 JavaThread "Service Thread" daemon [_thread_blocked, id=20980, stack(0x000000001b6e0000,0x000000001b7e0000)]
  0x000000001999b000 JavaThread "C1 CompilerThread2" daemon [_thread_blocked, id=23212, stack(0x000000001b1e0000,0x000000001b2e0000)]
  0x0000000019994800 JavaThread "C2 CompilerThread1" daemon [_thread_blocked, id=4112, stack(0x000000001b0e0000,0x000000001b1e0000)]
  0x000000001998f800 JavaThread "C2 CompilerThread0" daemon [_thread_blocked, id=18544, stack(0x000000001afe0000,0x000000001b0e0000)]
  0x000000001998e000 JavaThread "Attach Listener" daemon [_thread_blocked, id=9812, stack(0x000000001aee0000,0x000000001afe0000)]
  0x000000001998c800 JavaThread "Signal Dispatcher" daemon [_thread_blocked, id=21356, stack(0x000000001ade0000,0x000000001aee0000)]
  0x000000001997a800 JavaThread "Finalizer" daemon [_thread_blocked, id=15892, stack(0x000000001abf0000,0x000000001acf0000)]
  0x0000000004dff000 JavaThread "Reference Handler" daemon [_thread_blocked, id=15600, stack(0x000000001aaf0000,0x000000001abf0000)]

Other Threads:
=>0x0000000019957800 VMThread [stack: 0x000000001a9f0000,0x000000001aaf0000] [id=22884]

VM state:at safepoint (shutting down)

VM Mutex/Monitor currently owned by a thread:  ([mutex/lock_event])
[0x0000000004d0c530] Threads_lock - owner thread: 0x0000000019957800

Heap:
 PSYoungGen      total 36864K, used 24077K [0x00000000d5b80000, 0x00000000d8700000, 0x0000000100000000)
  eden space 30208K, 70% used [0x00000000d5b80000,0x00000000d705dac8,0x00000000d7900000)
  from space 6656K, 40% used [0x00000000d8080000,0x00000000d8325a50,0x00000000d8700000)
  to   space 7168K, 0% used [0x00000000d7900000,0x00000000d7900000,0x00000000d8000000)
 ParOldGen       total 87552K, used 21420K [0x0000000081200000, 0x0000000086780000, 0x00000000d5b80000)
  object space 87552K, 24% used [0x0000000081200000,0x00000000826eb188,0x0000000086780000)
 Metaspace       used 13464K, capacity 13676K, committed 13824K, reserved 1060864K
  class space    used 1658K, capacity 1736K, committed 1792K, reserved 1048576K

Card table byte_map: [0x00000000141d0000,0x00000000145d0000] byte_map_base: 0x0000000013dc7000

Marking Bits: (ParMarkBitMap*) 0x000000006680c720
 Begin Bits: [0x0000000014c80000, 0x0000000016c38000)
 End Bits:   [0x0000000016c38000, 0x0000000018bf0000)

Polling page: 0x00000000033a0000

CodeCache: size=245760Kb used=4909Kb max_used=4909Kb free=240850Kb
 bounds [0x0000000004e10000, 0x00000000052f0000, 0x0000000013e10000]
 total_blobs=2066 nmethods=1447 adapters=531
 compilation: enabled

Compilation events (10 events):
Event: 56.499 Thread 0x000000001998f800 1542       4       java.lang.Math::max (11 bytes)
Event: 56.500 Thread 0x000000001998f800 nmethod 1542 0x00000000051984d0 code [0x0000000005198600, 0x0000000005198658]
Event: 56.509 Thread 0x000000001999b000 1543       3       java.util.ArrayList::contains (14 bytes)
Event: 56.509 Thread 0x000000001999b000 nmethod 1543 0x00000000052d96d0 code [0x00000000052d9840, 0x00000000052d9a28]
Event: 63.118 Thread 0x000000001999b000 1544       3       javax.swing.RepaintManager::scheduleProcessingRunnable (69 bytes)
Event: 63.121 Thread 0x000000001999b000 nmethod 1544 0x00000000052dfad0 code [0x00000000052dfea0, 0x00000000052e21e8]
Event: 63.121 Thread 0x000000001999b000 1545  s    3       javax.swing.RepaintManager$ProcessingRunnable::markPending (16 bytes)
Event: 63.122 Thread 0x000000001999b000 nmethod 1545 0x00000000052df550 code [0x00000000052df6c0, 0x00000000052dfa10]
Event: 63.122 Thread 0x000000001999b000 1546       3       sun.awt.image.SunVolatileImage::createGraphics (27 bytes)
Event: 63.122 Thread 0x000000001999b000 nmethod 1546 0x00000000052de950 code [0x00000000052deb20, 0x00000000052df258]

GC Heap History (10 events):
Event: 17.346 GC heap before
{Heap before GC invocations=6 (full 0):
 PSYoungGen      total 37888K, used 36855K [0x00000000d5b80000, 0x00000000d8a80000, 0x0000000100000000)
  eden space 32768K, 99% used [0x00000000d5b80000,0x00000000d7b4da98,0x00000000d7b80000)
  from space 5120K, 83% used [0x00000000d7c00000,0x00000000d8030550,0x00000000d8100000)
  to   space 7680K, 0% used [0x00000000d8300000,0x00000000d8300000,0x00000000d8a80000)
 ParOldGen       total 87552K, used 19368K [0x0000000081200000, 0x0000000086780000, 0x00000000d5b80000)
  object space 87552K, 22% used [0x0000000081200000,0x00000000824ea108,0x0000000086780000)
 Metaspace       used 13376K, capacity 13548K, committed 13824K, reserved 1060864K
  class space    used 1656K, capacity 1736K, committed 1792K, reserved 1048576K
Event: 17.350 GC heap after
Heap after GC invocations=6 (full 0):
 PSYoungGen      total 39424K, used 3370K [0x00000000d5b80000, 0x00000000d8a00000, 0x0000000100000000)
  eden space 32256K, 0% used [0x00000000d5b80000,0x00000000d5b80000,0x00000000d7b00000)
  from space 7168K, 47% used [0x00000000d8300000,0x00000000d864a920,0x00000000d8a00000)
  to   space 7680K, 0% used [0x00000000d7b00000,0x00000000d7b00000,0x00000000d8280000)
 ParOldGen       total 87552K, used 19376K [0x0000000081200000, 0x0000000086780000, 0x00000000d5b80000)
  object space 87552K, 22% used [0x0000000081200000,0x00000000824ec108,0x0000000086780000)
 Metaspace       used 13376K, capacity 13548K, committed 13824K, reserved 1060864K
  class space    used 1656K, capacity 1736K, committed 1792K, reserved 1048576K
}
Event: 18.453 GC heap before
{Heap before GC invocations=7 (full 0):
 PSYoungGen      total 39424K, used 35626K [0x00000000d5b80000, 0x00000000d8a00000, 0x0000000100000000)
  eden space 32256K, 100% used [0x00000000d5b80000,0x00000000d7b00000,0x00000000d7b00000)
  from space 7168K, 47% used [0x00000000d8300000,0x00000000d864a920,0x00000000d8a00000)
  to   space 7680K, 0% used [0x00000000d7b00000,0x00000000d7b00000,0x00000000d8280000)
 ParOldGen       total 87552K, used 19376K [0x0000000081200000, 0x0000000086780000, 0x00000000d5b80000)
  object space 87552K, 22% used [0x0000000081200000,0x00000000824ec108,0x0000000086780000)
 Metaspace       used 13378K, capacity 13548K, committed 13824K, reserved 1060864K
  class space    used 1656K, capacity 1736K, committed 1792K, reserved 1048576K
Event: 18.456 GC heap after
Heap after GC invocations=7 (full 0):
 PSYoungGen      total 33280K, used 1092K [0x00000000d5b80000, 0x00000000d8980000, 0x0000000100000000)
  eden space 31744K, 0% used [0x00000000d5b80000,0x00000000d5b80000,0x00000000d7a80000)
  from space 1536K, 71% used [0x00000000d7b00000,0x00000000d7c11010,0x00000000d7c80000)
  to   space 7680K, 0% used [0x00000000d8200000,0x00000000d8200000,0x00000000d8980000)
 ParOldGen       total 87552K, used 21364K [0x0000000081200000, 0x0000000086780000, 0x00000000d5b80000)
  object space 87552K, 24% used [0x0000000081200000,0x00000000826dd188,0x0000000086780000)
 Metaspace       used 13378K, capacity 13548K, committed 13824K, reserved 1060864K
  class space    used 1656K, capacity 1736K, committed 1792K, reserved 1048576K
}
Event: 19.882 GC heap before
{Heap before GC invocations=8 (full 0):
 PSYoungGen      total 33280K, used 32836K [0x00000000d5b80000, 0x00000000d8980000, 0x0000000100000000)
  eden space 31744K, 100% used [0x00000000d5b80000,0x00000000d7a80000,0x00000000d7a80000)
  from space 1536K, 71% used [0x00000000d7b00000,0x00000000d7c11010,0x00000000d7c80000)
  to   space 7680K, 0% used [0x00000000d8200000,0x00000000d8200000,0x00000000d8980000)
 ParOldGen       total 87552K, used 21364K [0x0000000081200000, 0x0000000086780000, 0x00000000d5b80000)
  object space 87552K, 24% used [0x0000000081200000,0x00000000826dd188,0x0000000086780000)
 Metaspace       used 13392K, capacity 13548K, committed 13824K, reserved 1060864K
  class space    used 1656K, capacity 1736K, committed 1792K, reserved 1048576K
Event: 19.883 GC heap after
Heap after GC invocations=8 (full 0):
 PSYoungGen      total 38400K, used 2334K [0x00000000d5b80000, 0x00000000d8900000, 0x0000000100000000)
  eden space 31232K, 0% used [0x00000000d5b80000,0x00000000d5b80000,0x00000000d7a00000)
  from space 7168K, 32% used [0x00000000d8200000,0x00000000d8447960,0x00000000d8900000)
  to   space 7680K, 0% used [0x00000000d7a00000,0x00000000d7a00000,0x00000000d8180000)
 ParOldGen       total 87552K, used 21380K [0x0000000081200000, 0x0000000086780000, 0x00000000d5b80000)
  object space 87552K, 24% used [0x0000000081200000,0x00000000826e1188,0x0000000086780000)
 Metaspace       used 13392K, capacity 13548K, committed 13824K, reserved 1060864K
  class space    used 1656K, capacity 1736K, committed 1792K, reserved 1048576K
}
Event: 20.949 GC heap before
{Heap before GC invocations=9 (full 0):
 PSYoungGen      total 38400K, used 33566K [0x00000000d5b80000, 0x00000000d8900000, 0x0000000100000000)
  eden space 31232K, 100% used [0x00000000d5b80000,0x00000000d7a00000,0x00000000d7a00000)
  from space 7168K, 32% used [0x00000000d8200000,0x00000000d8447960,0x00000000d8900000)
  to   space 7680K, 0% used [0x00000000d7a00000,0x00000000d7a00000,0x00000000d8180000)
 ParOldGen       total 87552K, used 21380K [0x0000000081200000, 0x0000000086780000, 0x00000000d5b80000)
  object space 87552K, 24% used [0x0000000081200000,0x00000000826e1188,0x0000000086780000)
 Metaspace       used 13402K, capacity 13612K, committed 13824K, reserved 1060864K
  class space    used 1656K, capacity 1736K, committed 1792K, reserved 1048576K
Event: 20.950 GC heap after
Heap after GC invocations=9 (full 0):
 PSYoungGen      total 33792K, used 2892K [0x00000000d5b80000, 0x00000000d8780000, 0x0000000100000000)
  eden space 30720K, 0% used [0x00000000d5b80000,0x00000000d5b80000,0x00000000d7980000)
  from space 3072K, 94% used [0x00000000d7a00000,0x00000000d7cd3030,0x00000000d7d00000)
  to   space 7168K, 0% used [0x00000000d8080000,0x00000000d8080000,0x00000000d8780000)
 ParOldGen       total 87552K, used 21404K [0x0000000081200000, 0x0000000086780000, 0x00000000d5b80000)
  object space 87552K, 24% used [0x0000000081200000,0x00000000826e7188,0x0000000086780000)
 Metaspace       used 13402K, capacity 13612K, committed 13824K, reserved 1060864K
  class space    used 1656K, capacity 1736K, committed 1792K, reserved 1048576K
}
Event: 22.014 GC heap before
{Heap before GC invocations=10 (full 0):
 PSYoungGen      total 33792K, used 33365K [0x00000000d5b80000, 0x00000000d8780000, 0x0000000100000000)
  eden space 30720K, 99% used [0x00000000d5b80000,0x00000000d7942720,0x00000000d7980000)
  from space 3072K, 94% used [0x00000000d7a00000,0x00000000d7cd3030,0x00000000d7d00000)
  to   space 7168K, 0% used [0x00000000d8080000,0x00000000d8080000,0x00000000d8780000)
 ParOldGen       total 87552K, used 21404K [0x0000000081200000, 0x0000000086780000, 0x00000000d5b80000)
  object space 87552K, 24% used [0x0000000081200000,0x00000000826e7188,0x0000000086780000)
 Metaspace       used 13408K, capacity 13612K, committed 13824K, reserved 1060864K
  class space    used 1656K, capacity 1736K, committed 1792K, reserved 1048576K
Event: 22.015 GC heap after
Heap after GC invocations=10 (full 0):
 PSYoungGen      total 36864K, used 2710K [0x00000000d5b80000, 0x00000000d8700000, 0x0000000100000000)
  eden space 30208K, 0% used [0x00000000d5b80000,0x00000000d5b80000,0x00000000d7900000)
  from space 6656K, 40% used [0x00000000d8080000,0x00000000d8325a50,0x00000000d8700000)
  to   space 7168K, 0% used [0x00000000d7900000,0x00000000d7900000,0x00000000d8000000)
 ParOldGen       total 87552K, used 21420K [0x0000000081200000, 0x0000000086780000, 0x00000000d5b80000)
  object space 87552K, 24% used [0x0000000081200000,0x00000000826eb188,0x0000000086780000)
 Metaspace       used 13408K, capacity 13612K, committed 13824K, reserved 1060864K
  class space    used 1656K, capacity 1736K, committed 1792K, reserved 1048576K
}

Deoptimization events (5 events):
Event: 0.331 Thread 0x000000001b6d4000 Uncommon trap: reason=null_check action=make_not_entrant pc=0x0000000004f8079c method=java.lang.String.equals(Ljava/lang/Object;)Z @ 8
Event: 6.338 Thread 0x000000001b6d4000 Uncommon trap: reason=unstable_if action=reinterpret pc=0x000000000506a364 method=leap.ImagePanel.paint(Ljava/awt/Graphics;)V @ 378
Event: 14.838 Thread 0x000000001b6d4000 Uncommon trap: reason=unstable_if action=reinterpret pc=0x00000000051ed840 method=sun.awt.image.ByteInterleavedRaster.getByteData(IIII[B)[B @ 97
Event: 15.126 Thread 0x000000001b6d4000 Uncommon trap: reason=unstable_if action=reinterpret pc=0x0000000005255e3c method=com.sun.imageio.plugins.png.PNGImageWriter.encodePass(Ljavax/imageio/stream/ImageOutputStream;Ljava/awt/image/RenderedImage;IIII)V @ 303
Event: 30.902 Thread 0x000000001b6d4000 Uncommon trap: reason=unstable_if action=reinterpret pc=0x00000000052c2568 method=java.awt.Container$MouseEventTargetFilter.accept(Ljava/awt/Component;)Z @ 10

Internal exceptions (10 events):
Event: 33.541 Thread 0x000000001b6d4000 Exception <a 'java/lang/NullPointerException'> (0x00000000d6e85e08) thrown at [C:\re\workspace\8-2-build-windows-amd64-cygwin\jdk8u131\8869\hotspot\src\share\vm\interpreter\linkResolver.cpp, line 1197]
Event: 33.541 Thread 0x000000001b6d4000 Exception <a 'java/lang/NullPointerException'> (0x00000000d6e86568) thrown at [C:\re\workspace\8-2-build-windows-amd64-cygwin\jdk8u131\8869\hotspot\src\share\vm\interpreter\linkResolver.cpp, line 1197]
Event: 33.541 Thread 0x000000001b6d4000 Exception <a 'java/lang/NullPointerException'> (0x00000000d6e86cc8) thrown at [C:\re\workspace\8-2-build-windows-amd64-cygwin\jdk8u131\8869\hotspot\src\share\vm\interpreter\linkResolver.cpp, line 1197]
Event: 33.541 Thread 0x000000001b6d4000 Exception <a 'java/lang/NullPointerException'> (0x00000000d6e87428) thrown at [C:\re\workspace\8-2-build-windows-amd64-cygwin\jdk8u131\8869\hotspot\src\share\vm\interpreter\linkResolver.cpp, line 1197]
Event: 33.541 Thread 0x000000001b6d4000 Exception <a 'java/lang/NullPointerException'> (0x00000000d6e87b88) thrown at [C:\re\workspace\8-2-build-windows-amd64-cygwin\jdk8u131\8869\hotspot\src\share\vm\interpreter\linkResolver.cpp, line 1197]
Event: 33.541 Thread 0x000000001b6d4000 Exception <a 'java/lang/NullPointerException'> (0x00000000d6e882e8) thrown at [C:\re\workspace\8-2-build-windows-amd64-cygwin\jdk8u131\8869\hotspot\src\share\vm\interpreter\linkResolver.cpp, line 1197]
Event: 33.541 Thread 0x000000001b6d4000 Exception <a 'java/lang/NullPointerException'> (0x00000000d6e88a48) thrown at [C:\re\workspace\8-2-build-windows-amd64-cygwin\jdk8u131\8869\hotspot\src\share\vm\interpreter\linkResolver.cpp, line 1197]
Event: 33.541 Thread 0x000000001b6d4000 Exception <a 'java/lang/NullPointerException'> (0x00000000d6e891a8) thrown at [C:\re\workspace\8-2-build-windows-amd64-cygwin\jdk8u131\8869\hotspot\src\share\vm\interpreter\linkResolver.cpp, line 1197]
Event: 33.542 Thread 0x000000001b6d4000 Exception <a 'java/lang/NullPointerException'> (0x00000000d6e89908) thrown at [C:\re\workspace\8-2-build-windows-amd64-cygwin\jdk8u131\8869\hotspot\src\share\vm\interpreter\linkResolver.cpp, line 1197]
Event: 33.542 Thread 0x000000001b6d4000 Exception <a 'java/lang/NullPointerException'> (0x00000000d6e8a068) thrown at [C:\re\workspace\8-2-build-windows-amd64-cygwin\jdk8u131\8869\hotspot\src\share\vm\interpreter\linkResolver.cpp, line 1197]

Events (10 events):
Event: 63.190 Executing VM operation: RevokeBias done
Event: 63.190 Thread 0x000000001b65d000 Thread exited: 0x000000001b65d000
Event: 63.190 loading class java/util/WeakHashMap$KeyIterator
Event: 63.192 loading class java/util/WeakHashMap$HashIterator
Event: 63.192 loading class java/util/WeakHashMap$HashIterator done
Event: 63.192 loading class java/util/WeakHashMap$KeyIterator done
Event: 63.192 Thread 0x000000001b65c800 Thread exited: 0x000000001b65c800
Event: 63.241 Thread 0x000000001b6d2800 Thread exited: 0x000000001b6d2800
Event: 63.291 Thread 0x000000001b65e000 Thread exited: 0x000000001b65e000
Event: 63.291 Executing VM operation: Exit


Dynamic libraries:
0x00007ff67c790000 - 0x00007ff67c7c7000 	C:\Program Files\Java\jre1.8.0_131\bin\javaw.exe
0x00007ffe6d7f0000 - 0x00007ffe6d9d0000 	C:\WINDOWS\SYSTEM32\ntdll.dll
0x00007ffe6af80000 - 0x00007ffe6b02e000 	C:\WINDOWS\System32\KERNEL32.DLL
0x00007ffe6a820000 - 0x00007ffe6aa86000 	C:\WINDOWS\System32\KERNELBASE.dll
0x00007ffe6b030000 - 0x00007ffe6b0d1000 	C:\WINDOWS\System32\ADVAPI32.dll
0x00007ffe6b0e0000 - 0x00007ffe6b17d000 	C:\WINDOWS\System32\msvcrt.dll
0x00007ffe6af20000 - 0x00007ffe6af7b000 	C:\WINDOWS\System32\sechost.dll
0x00007ffe6ce30000 - 0x00007ffe6cf4f000 	C:\WINDOWS\System32\RPCRT4.dll
0x00007ffe6b240000 - 0x00007ffe6b3cf000 	C:\WINDOWS\System32\USER32.dll
0x00007ffe69cf0000 - 0x00007ffe69d10000 	C:\WINDOWS\System32\win32u.dll
0x00007ffe6cc90000 - 0x00007ffe6ccb8000 	C:\WINDOWS\System32\GDI32.dll
0x00007ffe69ee0000 - 0x00007ffe6a073000 	C:\WINDOWS\System32\gdi32full.dll
0x00007ffe69d10000 - 0x00007ffe69dab000 	C:\WINDOWS\System32\msvcp_win.dll
0x00007ffe69bf0000 - 0x00007ffe69ce6000 	C:\WINDOWS\System32\ucrtbase.dll
0x00007ffe52240000 - 0x00007ffe524a9000 	C:\WINDOWS\WinSxS\amd64_microsoft.windows.common-controls_6595b64144ccf1df_6.0.16299.192_none_15c8cdae9364c23b\COMCTL32.dll
0x00007ffe6c920000 - 0x00007ffe6cc28000 	C:\WINDOWS\System32\combase.dll
0x00007ffe69e60000 - 0x00007ffe69ed2000 	C:\WINDOWS\System32\bcryptPrimitives.dll
0x00007ffe6b190000 - 0x00007ffe6b1bd000 	C:\WINDOWS\System32\IMM32.DLL
0x00000000675c0000 - 0x0000000067692000 	C:\Program Files\Java\jre1.8.0_131\bin\msvcr100.dll
0x0000000065ff0000 - 0x000000006688c000 	C:\Program Files\Java\jre1.8.0_131\bin\server\jvm.dll
0x00007ffe6ae30000 - 0x00007ffe6ae38000 	C:\WINDOWS\System32\PSAPI.DLL
0x00007ffe4f1d0000 - 0x00007ffe4f1d9000 	C:\WINDOWS\SYSTEM32\WSOCK32.dll
0x00007ffe666e0000 - 0x00007ffe66703000 	C:\WINDOWS\SYSTEM32\WINMM.dll
0x00007ffe6cdc0000 - 0x00007ffe6ce2c000 	C:\WINDOWS\System32\WS2_32.dll
0x00007ffe5fbb0000 - 0x00007ffe5fbba000 	C:\WINDOWS\SYSTEM32\VERSION.dll
0x00007ffe66680000 - 0x00007ffe666aa000 	C:\WINDOWS\SYSTEM32\WINMMBASE.dll
0x00007ffe6a080000 - 0x00007ffe6a0ca000 	C:\WINDOWS\System32\cfgmgr32.dll
0x0000000067760000 - 0x000000006776f000 	C:\Program Files\Java\jre1.8.0_131\bin\verify.dll
0x0000000067730000 - 0x0000000067759000 	C:\Program Files\Java\jre1.8.0_131\bin\java.dll
0x0000000067710000 - 0x0000000067726000 	C:\Program Files\Java\jre1.8.0_131\bin\zip.dll
0x00007ffe6b3d0000 - 0x00007ffe6c806000 	C:\WINDOWS\System32\SHELL32.dll
0x00007ffe6cf70000 - 0x00007ffe6d016000 	C:\WINDOWS\System32\shcore.dll
0x00007ffe6a0d0000 - 0x00007ffe6a817000 	C:\WINDOWS\System32\windows.storage.dll
0x00007ffe6d760000 - 0x00007ffe6d7b1000 	C:\WINDOWS\System32\shlwapi.dll
0x00007ffe69bd0000 - 0x00007ffe69be1000 	C:\WINDOWS\System32\kernel.appcore.dll
0x00007ffe69b60000 - 0x00007ffe69bac000 	C:\WINDOWS\System32\powrprof.dll
0x00007ffe69bb0000 - 0x00007ffe69bcb000 	C:\WINDOWS\System32\profapi.dll
0x0000000065ac0000 - 0x0000000065c58000 	C:\Program Files\Java\jre1.8.0_131\bin\awt.dll
0x00007ffe6ae50000 - 0x00007ffe6af15000 	C:\WINDOWS\System32\OLEAUT32.dll
0x00007ffe67ac0000 - 0x00007ffe67b48000 	C:\WINDOWS\SYSTEM32\apphelp.dll
0x00007ffe67c40000 - 0x00007ffe67cd5000 	C:\WINDOWS\system32\uxtheme.dll
0x00007ffe6acc0000 - 0x00007ffe6ae27000 	C:\WINDOWS\System32\MSCTF.dll
0x00007ffe3e9f0000 - 0x00007ffe3ea99000 	C:\Program Files\Common Files\microsoft shared\ink\tiptsf.dll
0x00007ffe67d10000 - 0x00007ffe67d3a000 	C:\WINDOWS\system32\dwmapi.dll
0x00007ffe6d470000 - 0x00007ffe6d5b9000 	C:\WINDOWS\System32\ole32.dll
0x00007ffe42910000 - 0x00007ffe42a2e000 	C:\WINDOWS\system32\opengl32.dll
0x00007ffe54a70000 - 0x00007ffe54a9c000 	C:\WINDOWS\SYSTEM32\GLU32.dll
0x00000000677f0000 - 0x0000000067837000 	C:\Program Files\Java\jre1.8.0_131\bin\fontmanager.dll
0x00000000676f0000 - 0x000000006770a000 	C:\Program Files\Java\jre1.8.0_131\bin\net.dll
0x0000000180000000 - 0x000000018008c000 	C:\WINDOWS\system32\ASProxy64.dll
0x00007ffe693d0000 - 0x00007ffe69436000 	C:\WINDOWS\SYSTEM32\MSWSOCK.dll
0x00007ffe69160000 - 0x00007ffe69199000 	C:\WINDOWS\SYSTEM32\IPHLPAPI.DLL
0x00007ffe69a70000 - 0x00007ffe69aa0000 	C:\WINDOWS\SYSTEM32\SspiCli.dll
0x00000000676d0000 - 0x00000000676e1000 	C:\Program Files\Java\jre1.8.0_131\bin\nio.dll
0x00000000677a0000 - 0x00000000677e2000 	C:\Program Files\Java\jre1.8.0_131\bin\t2k.dll
0x00007ffe54ad0000 - 0x00007ffe54b0e000 	C:\Users\weand\Desktop\Capstone project\CCR\GantryRobot\LeapMotion\LeapSDK\lib\x64\LeapJava.dll
0x00007ffe467c0000 - 0x00007ffe468af000 	C:\Program Files\Java\jre1.8.0_131\bin\MSVCR120.dll
0x00007ffe50360000 - 0x00007ffe50406000 	C:\Program Files\Java\jre1.8.0_131\bin\MSVCP120.dll
0x00007ffe45180000 - 0x00007ffe452eb000 	C:\Users\weand\Desktop\Capstone project\CCR\GantryRobot\LeapMotion\LeapSDK\lib\x64\Leap.dll
0x00007ffe68c80000 - 0x00007ffe68cb1000 	C:\WINDOWS\SYSTEM32\ntmarta.dll
0x00007ffe29610000 - 0x00007ffe29fe1000 	C:\Users\weand\Desktop\Capstone project\CCR\GantryRobot\OpenCV\opencv\build\java\x64\opencv_java2410.dll
0x00007ffe60f20000 - 0x00007ffe60f38000 	C:\WINDOWS\SYSTEM32\AVICAP32.dll
0x00007ffe5b690000 - 0x00007ffe5b6b9000 	C:\WINDOWS\SYSTEM32\MSVFW32.dll
0x00007ffe60f70000 - 0x00007ffe60f8f000 	C:\WINDOWS\SYSTEM32\AVIFIL32.dll
0x00007ffe5aa00000 - 0x00007ffe5aa1c000 	C:\WINDOWS\SYSTEM32\MSACM32.dll
0x00007ffe6ccc0000 - 0x00007ffe6cd5e000 	C:\WINDOWS\System32\clbcatq.dll
0x00007ffe65620000 - 0x00007ffe657cb000 	C:\WINDOWS\SYSTEM32\WindowsCodecs.dll
0x00007ffe48af0000 - 0x00007ffe48b3f000 	C:\WINDOWS\system32\dataexchange.dll
0x00007ffe67590000 - 0x00007ffe676d2000 	C:\WINDOWS\system32\dcomp.dll
0x00007ffe66c00000 - 0x00007ffe66ee1000 	C:\WINDOWS\system32\d3d11.dll
0x00007ffe689b0000 - 0x00007ffe68a5f000 	C:\WINDOWS\system32\dxgi.dll
0x00007ffe68030000 - 0x00007ffe681ab000 	C:\WINDOWS\system32\twinapi.appcore.dll
0x00007ffe696a0000 - 0x00007ffe696c5000 	C:\WINDOWS\system32\bcrypt.dll
0x00007ffe67fa0000 - 0x00007ffe67fc0000 	C:\WINDOWS\system32\RMCLIENT.dll
0x00007ffe50c50000 - 0x00007ffe50ce8000 	C:\WINDOWS\System32\TextInputFramework.dll
0x00007ffe64ef0000 - 0x00007ffe651de000 	C:\WINDOWS\System32\CoreUIComponents.dll
0x00007ffe66ef0000 - 0x00007ffe66fcc000 	C:\WINDOWS\System32\CoreMessaging.dll
0x00007ffe64db0000 - 0x00007ffe64ee6000 	C:\WINDOWS\SYSTEM32\wintypes.dll
0x00007ffe4bc30000 - 0x00007ffe4be36000 	C:\Windows\System32\uiautomationcore.dll
0x00007ffe699a0000 - 0x00007ffe69a3a000 	C:\WINDOWS\SYSTEM32\sxs.dll
0x00007ffe48130000 - 0x00007ffe4819e000 	C:\Windows\System32\OLEACC.dll
0x00007ffe4cfd0000 - 0x00007ffe4d051000 	C:\WINDOWS\SYSTEM32\twinapi.dll
0x00007ffe60eb0000 - 0x00007ffe60ec8000 	C:\Windows\System32\devenum.dll
0x00007ffe6d020000 - 0x00007ffe6d46e000 	C:\WINDOWS\System32\setupapi.dll
0x00007ffe69950000 - 0x00007ffe69977000 	C:\WINDOWS\SYSTEM32\DEVOBJ.dll
0x00007ffe6ac60000 - 0x00007ffe6acb8000 	C:\WINDOWS\System32\WINTRUST.dll
0x00007ffe69b40000 - 0x00007ffe69b52000 	C:\WINDOWS\System32\MSASN1.dll
0x00007ffe6aa90000 - 0x00007ffe6ac5e000 	C:\WINDOWS\System32\CRYPT32.dll
0x00007ffe5ae10000 - 0x00007ffe5ae1a000 	C:\WINDOWS\SYSTEM32\msdmo.dll
0x00007ffe541e0000 - 0x00007ffe54213000 	C:\Windows\System32\qcap.dll
0x00007ffe33ac0000 - 0x00007ffe33c7c000 	C:\Windows\System32\quartz.dll
0x00007ffe4e190000 - 0x00007ffe4e1de000 	C:\Windows\System32\mfksproxy.dll
0x00007ffe640a0000 - 0x00007ffe640d6000 	C:\Windows\System32\MFSENSORGROUP.dll
0x00007ffe657e0000 - 0x00007ffe657fd000 	C:\Windows\System32\ATL.DLL
0x00007ffe63d80000 - 0x00007ffe63f31000 	C:\Windows\System32\MFPlat.DLL
0x00007ffe63d20000 - 0x00007ffe63d52000 	C:\Windows\System32\RTWorkQ.DLL
0x00007ffe26dd0000 - 0x00007ffe27211000 	C:\Windows\System32\MFCORE.dll
0x00007ffe5ea50000 - 0x00007ffe5ea59000 	C:\Windows\System32\ksuser.dll
0x00007ffe69590000 - 0x00007ffe6959b000 	C:\Windows\System32\CRYPTBASE.DLL
0x00007ffe4d3b0000 - 0x00007ffe4d400000 	C:\Windows\System32\FSClient.dll
0x00007ffe65310000 - 0x00007ffe6531a000 	C:\Windows\System32\AVRT.dll
0x00007ffe688e0000 - 0x00007ffe688ec000 	C:\Windows\System32\vidcap.ax
0x00007ffe5aea0000 - 0x00007ffe5aec6000 	C:\Windows\System32\kswdmcap.ax
0x00007ffe3edf0000 - 0x00007ffe3ef55000 	C:\Windows\System32\MFC42.dll
0x00007ffe29090000 - 0x00007ffe29602000 	C:\WINDOWS\system32\IntelCameraPlugin64.dll
0x00007ffe66180000 - 0x00007ffe661fb000 	C:\WINDOWS\SYSTEM32\policymanager.dll
0x00007ffe660e0000 - 0x00007ffe66170000 	C:\Windows\System32\msvcp110_win.dll
0x00007ffe446c0000 - 0x00007ffe447ca000 	C:\Windows\System32\MFReadWrite.dll
0x00007ffe46150000 - 0x00007ffe461f0000 	C:\Windows\System32\qedit.dll
0x00007ffe6c810000 - 0x00007ffe6c91a000 	C:\WINDOWS\System32\COMDLG32.dll
0x00007ffe54410000 - 0x00007ffe545ac000 	C:\WINDOWS\WinSxS\amd64_microsoft.windows.gdiplus_6595b64144ccf1df_1.1.16299.192_none_46b3c093edf73c09\gdiplus.dll
0x00007ffe44960000 - 0x00007ffe44a56000 	C:\Windows\System32\DDRAW.dll
0x00007ffe64b00000 - 0x00007ffe64b08000 	C:\Windows\System32\DCIMAN32.dll
0x00007ffe60f60000 - 0x00007ffe60f6c000 	C:\WINDOWS\SYSTEM32\msyuv.dll
0x00007ffe695a0000 - 0x00007ffe695b7000 	C:\WINDOWS\SYSTEM32\CRYPTSP.dll
0x00007ffe68fe0000 - 0x00007ffe69013000 	C:\WINDOWS\system32\rsaenh.dll
0x00007ffe69a40000 - 0x00007ffe69a69000 	C:\WINDOWS\SYSTEM32\USERENV.dll
0x00007ffe6b180000 - 0x00007ffe6b188000 	C:\WINDOWS\System32\NSI.dll
0x00007ffe5fec0000 - 0x00007ffe5fed6000 	C:\WINDOWS\SYSTEM32\dhcpcsvc6.DLL
0x00007ffe5ff80000 - 0x00007ffe5ff9a000 	C:\WINDOWS\SYSTEM32\dhcpcsvc.DLL
0x00007ffe68530000 - 0x00007ffe686f8000 	C:\WINDOWS\SYSTEM32\dbghelp.dll

VM Arguments:
jvm_args: -Djava.library.path=C:\Users\weand\Desktop\Capstone project\CCR\GantryRobot\mfz-rxtx-2.2-20081207-win-x64;C:\Users\weand\Desktop\Capstone project\CCR\GantryRobot\OpenCV\opencv\build\java\x64;C:\Users\weand\Desktop\Capstone project\CCR\GantryRobot\LeapMotion\LeapSDK\lib\x64 -Dfile.encoding=Cp1252 
java_command: leap.RXTXGui
java_class_path (initial): C:\Users\weand\workspace\Gantry_1\bin;C:\Users\weand\Desktop\Capstone project\CCR\GantryRobot\mfz-rxtx-2.2-20081207-win-x64\RXTXcomm.jar;C:\Users\weand\Desktop\Capstone project\CCR\GantryRobot\OpenCV\opencv\build\java\opencv-2410.jar;C:\Users\weand\Desktop\Capstone project\CCR\GantryRobot\LeapMotion\LeapSDK\lib\LeapJava.jar
Launcher Type: SUN_STANDARD

Environment Variables:
PATH=C:\Users\weand\Desktop\Capstone project\CCR\GantryRobot\LeapMotion\LeapSDK\lib\x64;n;C:/Program Files/Java/jre1.8.0_131/lib/amd64;C:\ProgramData\Oracle\Java\javapath;C:\Program Files\Microsoft MPI\Bin\;C:\WINDOWS\system32;C:\WINDOWS;C:\WINDOWS\System32\Wbem;C:\WINDOWS\System32\WindowsPowerShell\v1.0\;C:\Program Files (x86)\Skype\Phone\;C:\Program Files\Microsoft SQL Server\130\Tools\Binn\;C:\Program Files\dotnet\;C:\Program Files\Anaconda3;C:\Program Files\Anaconda3\Scripts;C:\Program Files\Anaconda3\Library\bin;C:\Program Files\Git\cmd;C:\Program Files (x86)\GtkSharp\2.12\bin;C:\Program Files\MySQL\MySQL Utilities 1.6\;C:\Users\weand\AppData\Local\Microsoft\WindowsApps;C:\Program Files (x86)\Spiceworks\Nmap;;C:\Users\weand\Downloads\eclipse-java-kepler-SR1-win32-x86_64\eclipse;C:/Program Files/Java/jre1.8.0_131/bin/server;C:/Program Files/Java/jre1.8.0_131/bin;C:/Program Files/Java/jre1.8.0_131/lib/amd64;C:\ProgramData\Oracle\Java\javapath;C:\Program Files\Microsoft MPI\Bin\;C:\WINDOWS\system32;C:\WINDOWS;C:\WINDOWS\System32\Wbem;C:\WINDOWS\System32\WindowsPowerShell\v1.0\;C:\Program Files (x86)\Skype\Phone\;C:\Program Files\Microsoft SQL Server\130\Tools\Binn\;C:\Program Files\dotnet\;C:\Program Files\Anaconda3;C:\Program Files\Anaconda3\Scripts;C:\Program Files\Anaconda3\Library\bin;C:\Program Files\Git\cmd;C:\Program Files (x86)\GtkSharp\2.12\bin;C:\Program Files\MySQL\MySQL Utilities 1.6\;C:\Users\weand\AppData\Local\Microsoft\WindowsApps;C:\Program Files (x86)\Spiceworks\Nmap;;C:\Users\weand\Downloads\eclipse-java-kepler-SR1-win32-x86_64\eclipse;
USERNAME=weand
OS=Windows_NT
PROCESSOR_IDENTIFIER=Intel64 Family 6 Model 78 Stepping 3, GenuineIntel



---------------  S Y S T E M  ---------------

OS: Windows 10.0 , 64 bit Build 16299 (10.0.16299.15)

CPU:total 4 (initial active 4) (2 cores per cpu, 2 threads per core) family 6 model 78 stepping 3, cmov, cx8, fxsr, mmx, sse, sse2, sse3, ssse3, sse4.1, sse4.2, popcnt, avx, avx2, aes, clmul, erms, rtm, 3dnowpref, lzcnt, ht, tsc, tscinvbit, bmi1, bmi2, adx

Memory: 4k page, physical 8311896k(1970344k free), swap 12916284k(1650340k free)

vm_info: Java HotSpot(TM) 64-Bit Server VM (25.131-b11) for windows-amd64 JRE (1.8.0_131-b11), built on Mar 15 2017 01:23:53 by "java_re" with MS VC++ 10.0 (VS2010)

time: Thu Feb 15 09:54:22 2018
elapsed time: 65 seconds (0d 0h 1m 5s)

