#
# A fatal error has been detected by the Java Runtime Environment:
#
#  Internal Error (0xc000000d), pid=6580, tid=0x0000000000004a60
#
# JRE version: Java(TM) SE Runtime Environment (8.0_131-b11) (build 1.8.0_131-b11)
# Java VM: Java HotSpot(TM) 64-Bit Server VM (25.131-b11 mixed mode windows-amd64 compressed oops)
# Problematic frame:
# C  [ntdll.dll+0x10b2b0]
#
# Failed to write core dump. Minidumps are not enabled by default on client versions of Windows
#
# If you would like to submit a bug report, please visit:
#   http://bugreport.java.com/bugreport/crash.jsp
#

---------------  T H R E A D  ---------------

Current thread (0x0000000019777800):  VMThread [stack: 0x000000001a800000,0x000000001a900000] [id=19040]

siginfo: ExceptionCode=0xc000000d

Registers:
RAX=0x0000000004b22050, RBX=0x0000000000000001, RCX=0x0000000019778b80, RDX=0x0000000000000001
RSP=0x000000001a8febc0, RBP=0x000000001e45fa80, RSI=0x000000001e45fcb8, RDI=0x000000001e44b550
R8 =0x0000000004b22050, R9 =0x0000000019778b80, R10=0x0000000000000001, R11=0x0000000019778b90
R12=0x00007ffbcd696680, R13=0x0000000000000001, R14=0x000000001e440240, R15=0x000000001e440240
RIP=0x00007ffbd9aeb2b0, EFLAGS=0x0000000000000202

Top of Stack: (sp=0x000000001a8febc0)
0x000000001a8febc0:   0000000000000057 0000000000000001
0x000000001a8febd0:   000000001e45fcb8 000000001e44b550
0x000000001a8febe0:   00000000c000000d 0000000000000000
0x000000001a8febf0:   00007ffbd9aeb2b0 0000000000000000
0x000000001a8fec00:   0000000000000000 0000000000000000
0x000000001a8fec10:   0000000000000000 0000000000000000
0x000000001a8fec20:   0000000000000000 0000000000000000
0x000000001a8fec30:   0000000000000000 0000000000000000
0x000000001a8fec40:   0000000000000000 0000000000000000
0x000000001a8fec50:   0000000000000000 0000000000000000
0x000000001a8fec60:   0000000000000000 0000000000000000
0x000000001a8fec70:   0000000000000000 0000000000000000
0x000000001a8fec80:   0000d5d2e78a563e 000000001e44b550
0x000000001a8fec90:   000000001e45fcb8 00007ffbcd694907
0x000000001a8feca0:   000000001e44b550 000000001e440240
0x000000001a8fecb0:   00000000f46857d4 0000000000000020 

Instructions: (pc=0x00007ffbd9aeb2b0)
0x00007ffbd9aeb290:   b7 f9 ff c7 44 24 20 0d 00 00 c0 b9 57 00 00 00
0x00007ffbd9aeb2a0:   e8 4b 63 f3 ff 90 48 8d 4c 24 20 e8 90 00 f1 ff
0x00007ffbd9aeb2b0:   eb 00 48 8b 8c 24 c0 00 00 00 48 33 cc e8 ce 57
0x00007ffbd9aeb2c0:   f8 ff 48 81 c4 d8 00 00 00 c3 40 55 48 83 ec 20 


Register to memory mapping:

RAX=0x0000000004b22050 is an unknown value
RBX=0x0000000000000001 is an unknown value
RCX=0x0000000019778b80 is an unknown value
RDX=0x0000000000000001 is an unknown value
RSP=0x000000001a8febc0 is an unknown value
RBP=0x000000001e45fa80 is an unknown value
RSI=0x000000001e45fcb8 is an unknown value
RDI=0x000000001e44b550 is an unknown value
R8 =0x0000000004b22050 is an unknown value
R9 =0x0000000019778b80 is an unknown value
R10=0x0000000000000001 is an unknown value
R11=0x0000000019778b90 is an unknown value
R12=0x00007ffbcd696680 is an unknown value
R13=0x0000000000000001 is an unknown value
R14=0x000000001e440240 is an unknown value
R15=0x000000001e440240 is an unknown value


Stack: [0x000000001a800000,0x000000001a900000],  sp=0x000000001a8febc0,  free space=1018k
Native frames: (J=compiled Java code, j=interpreted, Vv=VM code, C=native code)
C  [ntdll.dll+0x10b2b0]
C  [RTWorkQ.DLL+0x4907]
C  [RTWorkQ.DLL+0x9e46]
C  [RTWorkQ.DLL+0x7565]
C  [MFPlat.DLL+0x1d05b]
C  [MFReadWrite.dll+0x16348]
C  [MFReadWrite.dll+0xfb0d]
C  [MFReadWrite.dll+0xf863]
C  [mfksproxy.dll+0x194d0]
C  [mfksproxy.dll+0x18069]
C  [mfksproxy.dll+0x6eeb]
C  [quartz.dll+0x42e19]
C  [quartz.dll+0x553ef]
C  [quartz.dll+0x57932]
C  [quartz.dll+0x56d75]
C  [opencv_java2410.dll+0x2aaa1e]
C  [opencv_java2410.dll+0x5f43d0]
C  [opencv_java2410.dll+0x508e75]
C  [opencv_java2410.dll+0x4fc0f6]
C  [opencv_java2410.dll+0x4fc269]
C  [ntdll.dll+0x11493]
C  [ntdll.dll+0x406b5]
C  [ntdll.dll+0x40574]
C  [KERNEL32.DLL+0xf06a]
C  [msvcr100.dll+0x20ccd]
V  [jvm.dll+0x213235]
V  [jvm.dll+0x24c2a7]
V  [jvm.dll+0x24b546]
V  [jvm.dll+0x24b9e1]
V  [jvm.dll+0x24bbfe]
V  [jvm.dll+0x29cc1a]
C  [msvcr100.dll+0x21d9f]
C  [msvcr100.dll+0x21e3b]
C  [KERNEL32.DLL+0x11fe4]
C  [ntdll.dll+0x6efc1]

VM_Operation (0x000000001be0d2c0): Exit, mode: safepoint, requested by thread 0x000000001b556800


---------------  P R O C E S S  ---------------

Java Threads: ( => current thread )
  0x000000001db66800 JavaThread "TimerQueue" daemon [_thread_blocked, id=16144, stack(0x000000001e320000,0x000000001e420000)]
  0x0000000004b30800 JavaThread "DestroyJavaVM" [_thread_blocked, id=13692, stack(0x0000000004990000,0x0000000004a90000)]
  0x000000001b556800 JavaThread "AWT-EventQueue-0" [_thread_blocked, id=18236, stack(0x000000001bd10000,0x000000001be10000)]
  0x000000001b554800 JavaThread "AWT-Shutdown" [_thread_blocked, id=1168, stack(0x000000001ba30000,0x000000001bb30000)]
  0x000000001b551800 JavaThread "Java2D Disposer" daemon [_thread_blocked, id=17232, stack(0x000000001b930000,0x000000001ba30000)]
  0x000000001b210800 JavaThread "Service Thread" daemon [_thread_blocked, id=2436, stack(0x000000001b5f0000,0x000000001b6f0000)]
  0x00000000197d2000 JavaThread "C1 CompilerThread2" daemon [_thread_blocked, id=19048, stack(0x000000001b0f0000,0x000000001b1f0000)]
  0x00000000197bf000 JavaThread "C2 CompilerThread1" daemon [_thread_blocked, id=12788, stack(0x000000001aff0000,0x000000001b0f0000)]
  0x00000000197ae800 JavaThread "C2 CompilerThread0" daemon [_thread_blocked, id=16496, stack(0x000000001aef0000,0x000000001aff0000)]
  0x00000000197ad000 JavaThread "Attach Listener" daemon [_thread_blocked, id=1068, stack(0x000000001adf0000,0x000000001aef0000)]
  0x00000000197ac000 JavaThread "Signal Dispatcher" daemon [_thread_blocked, id=4872, stack(0x000000001acf0000,0x000000001adf0000)]
  0x000000001979a800 JavaThread "Finalizer" daemon [_thread_blocked, id=5472, stack(0x000000001aa00000,0x000000001ab00000)]
  0x0000000004c1f000 JavaThread "Reference Handler" daemon [_thread_blocked, id=17452, stack(0x000000001a900000,0x000000001aa00000)]

Other Threads:
=>0x0000000019777800 VMThread [stack: 0x000000001a800000,0x000000001a900000] [id=19040]

VM state:at safepoint (shutting down)

VM Mutex/Monitor currently owned by a thread:  ([mutex/lock_event])
[0x0000000004b2bf50] Threads_lock - owner thread: 0x0000000019777800

Heap:
 PSYoungGen      total 32768K, used 12064K [0x00000000d5b80000, 0x00000000d8080000, 0x0000000100000000)
  eden space 28672K, 27% used [0x00000000d5b80000,0x00000000d634f3c0,0x00000000d7780000)
  from space 4096K, 99% used [0x00000000d7800000,0x00000000d7bf8d18,0x00000000d7c00000)
  to   space 4608K, 0% used [0x00000000d7c00000,0x00000000d7c00000,0x00000000d8080000)
 ParOldGen       total 87552K, used 19822K [0x0000000081200000, 0x0000000086780000, 0x00000000d5b80000)
  object space 87552K, 22% used [0x0000000081200000,0x000000008255bb48,0x0000000086780000)
 Metaspace       used 13450K, capacity 13612K, committed 13824K, reserved 1060864K
  class space    used 1666K, capacity 1736K, committed 1792K, reserved 1048576K

Card table byte_map: [0x0000000013ff0000,0x00000000143f0000] byte_map_base: 0x0000000013be7000

Marking Bits: (ParMarkBitMap*) 0x0000000071edc720
 Begin Bits: [0x0000000014aa0000, 0x0000000016a58000)
 End Bits:   [0x0000000016a58000, 0x0000000018a10000)

Polling page: 0x0000000004890000

CodeCache: size=245760Kb used=4399Kb max_used=4399Kb free=241360Kb
 bounds [0x0000000004c30000, 0x0000000005090000, 0x0000000013c30000]
 total_blobs=1990 nmethods=1371 adapters=531
 compilation: enabled

Compilation events (10 events):
Event: 23.638 Thread 0x00000000197d2000 1482       1       javax.swing.AbstractButton::getIconTextGap (5 bytes)
Event: 23.638 Thread 0x00000000197d2000 nmethod 1482 0x000000000507e150 code [0x000000000507e2a0, 0x000000000507e3b0]
Event: 23.638 Thread 0x00000000197d2000 1483       1       javax.swing.AbstractButton::getDisplayedMnemonicIndex (5 bytes)
Event: 23.638 Thread 0x00000000197d2000 nmethod 1483 0x000000000507de90 code [0x000000000507dfe0, 0x000000000507e0f0]
Event: 23.638 Thread 0x00000000197d2000 1484       1       javax.swing.AbstractButton::isBorderPainted (5 bytes)
Event: 23.639 Thread 0x00000000197d2000 nmethod 1484 0x000000000507dbd0 code [0x000000000507dd20, 0x000000000507de30]
Event: 23.662 Thread 0x00000000197d2000 1485   !   3       javax.swing.JComponent::paintComponent (44 bytes)
Event: 23.662 Thread 0x00000000197d2000 nmethod 1485 0x000000000507d310 code [0x000000000507d4c0, 0x000000000507da18]
Event: 24.509 Thread 0x00000000197d2000 1486   !   3       java.awt.KeyboardFocusManager::processCurrentLightweightRequests (345 bytes)
Event: 24.511 Thread 0x00000000197d2000 nmethod 1486 0x000000000507ec50 code [0x000000000507f080, 0x00000000050818b8]

GC Heap History (10 events):
Event: 17.739 GC heap before
{Heap before GC invocations=9 (full 0):
 PSYoungGen      total 35328K, used 33192K [0x00000000d5b80000, 0x00000000d8300000, 0x0000000100000000)
  eden space 31232K, 100% used [0x00000000d5b80000,0x00000000d7a00000,0x00000000d7a00000)
  from space 4096K, 47% used [0x00000000d7e80000,0x00000000d806a020,0x00000000d8280000)
  to   space 4608K, 0% used [0x00000000d7a00000,0x00000000d7a00000,0x00000000d7e80000)
 ParOldGen       total 87552K, used 18826K [0x0000000081200000, 0x0000000086780000, 0x00000000d5b80000)
  object space 87552K, 21% used [0x0000000081200000,0x0000000082462b38,0x0000000086780000)
 Metaspace       used 13339K, capacity 13452K, committed 13824K, reserved 1060864K
  class space    used 1657K, capacity 1704K, committed 1792K, reserved 1048576K
Event: 17.740 GC heap after
Heap after GC invocations=9 (full 0):
 PSYoungGen      total 33792K, used 2603K [0x00000000d5b80000, 0x00000000d8180000, 0x0000000100000000)
  eden space 30720K, 0% used [0x00000000d5b80000,0x00000000d5b80000,0x00000000d7980000)
  from space 3072K, 84% used [0x00000000d7a00000,0x00000000d7c8ae60,0x00000000d7d00000)
  to   space 4096K, 0% used [0x00000000d7d80000,0x00000000d7d80000,0x00000000d8180000)
 ParOldGen       total 87552K, used 18842K [0x0000000081200000, 0x0000000086780000, 0x00000000d5b80000)
  object space 87552K, 21% used [0x0000000081200000,0x0000000082466b38,0x0000000086780000)
 Metaspace       used 13339K, capacity 13452K, committed 13824K, reserved 1060864K
  class space    used 1657K, capacity 1704K, committed 1792K, reserved 1048576K
}
Event: 18.799 GC heap before
{Heap before GC invocations=10 (full 0):
 PSYoungGen      total 33792K, used 33323K [0x00000000d5b80000, 0x00000000d8180000, 0x0000000100000000)
  eden space 30720K, 100% used [0x00000000d5b80000,0x00000000d7980000,0x00000000d7980000)
  from space 3072K, 84% used [0x00000000d7a00000,0x00000000d7c8ae60,0x00000000d7d00000)
  to   space 4096K, 0% used [0x00000000d7d80000,0x00000000d7d80000,0x00000000d8180000)
 ParOldGen       total 87552K, used 18842K [0x0000000081200000, 0x0000000086780000, 0x00000000d5b80000)
  object space 87552K, 21% used [0x0000000081200000,0x0000000082466b38,0x0000000086780000)
 Metaspace       used 13348K, capacity 13516K, committed 13824K, reserved 1060864K
  class space    used 1657K, capacity 1704K, committed 1792K, reserved 1048576K
Event: 18.800 GC heap after
Heap after GC invocations=10 (full 0):
 PSYoungGen      total 33792K, used 2828K [0x00000000d5b80000, 0x00000000d8100000, 0x0000000100000000)
  eden space 30208K, 0% used [0x00000000d5b80000,0x00000000d5b80000,0x00000000d7900000)
  from space 3584K, 78% used [0x00000000d7d80000,0x00000000d8043030,0x00000000d8100000)
  to   space 4096K, 0% used [0x00000000d7900000,0x00000000d7900000,0x00000000d7d00000)
 ParOldGen       total 87552K, used 18858K [0x0000000081200000, 0x0000000086780000, 0x00000000d5b80000)
  object space 87552K, 21% used [0x0000000081200000,0x000000008246ab38,0x0000000086780000)
 Metaspace       used 13348K, capacity 13516K, committed 13824K, reserved 1060864K
  class space    used 1657K, capacity 1704K, committed 1792K, reserved 1048576K
}
Event: 20.155 GC heap before
{Heap before GC invocations=11 (full 0):
 PSYoungGen      total 33792K, used 32254K [0x00000000d5b80000, 0x00000000d8100000, 0x0000000100000000)
  eden space 30208K, 97% used [0x00000000d5b80000,0x00000000d783c9e8,0x00000000d7900000)
  from space 3584K, 78% used [0x00000000d7d80000,0x00000000d8043030,0x00000000d8100000)
  to   space 4096K, 0% used [0x00000000d7900000,0x00000000d7900000,0x00000000d7d00000)
 ParOldGen       total 87552K, used 18858K [0x0000000081200000, 0x0000000086780000, 0x00000000d5b80000)
  object space 87552K, 21% used [0x0000000081200000,0x000000008246ab38,0x0000000086780000)
 Metaspace       used 13365K, capacity 13516K, committed 13824K, reserved 1060864K
  class space    used 1657K, capacity 1704K, committed 1792K, reserved 1048576K
Event: 20.156 GC heap after
Heap after GC invocations=11 (full 0):
 PSYoungGen      total 33280K, used 3167K [0x00000000d5b80000, 0x00000000d8080000, 0x0000000100000000)
  eden space 29696K, 0% used [0x00000000d5b80000,0x00000000d5b80000,0x00000000d7880000)
  from space 3584K, 88% used [0x00000000d7900000,0x00000000d7c17de0,0x00000000d7c80000)
  to   space 4096K, 0% used [0x00000000d7c80000,0x00000000d7c80000,0x00000000d8080000)
 ParOldGen       total 87552K, used 18874K [0x0000000081200000, 0x0000000086780000, 0x00000000d5b80000)
  object space 87552K, 21% used [0x0000000081200000,0x000000008246eb38,0x0000000086780000)
 Metaspace       used 13365K, capacity 13516K, committed 13824K, reserved 1060864K
  class space    used 1657K, capacity 1704K, committed 1792K, reserved 1048576K
}
Event: 21.165 GC heap before
{Heap before GC invocations=12 (full 0):
 PSYoungGen      total 33280K, used 32863K [0x00000000d5b80000, 0x00000000d8080000, 0x0000000100000000)
  eden space 29696K, 100% used [0x00000000d5b80000,0x00000000d7880000,0x00000000d7880000)
  from space 3584K, 88% used [0x00000000d7900000,0x00000000d7c17de0,0x00000000d7c80000)
  to   space 4096K, 0% used [0x00000000d7c80000,0x00000000d7c80000,0x00000000d8080000)
 ParOldGen       total 87552K, used 18874K [0x0000000081200000, 0x0000000086780000, 0x00000000d5b80000)
  object space 87552K, 21% used [0x0000000081200000,0x000000008246eb38,0x0000000086780000)
 Metaspace       used 13396K, capacity 13548K, committed 13824K, reserved 1060864K
  class space    used 1664K, capacity 1736K, committed 1792K, reserved 1048576K
Event: 21.166 GC heap after
Heap after GC invocations=12 (full 0):
 PSYoungGen      total 32768K, used 3231K [0x00000000d5b80000, 0x00000000d8000000, 0x0000000100000000)
  eden space 29184K, 0% used [0x00000000d5b80000,0x00000000d5b80000,0x00000000d7800000)
  from space 3584K, 90% used [0x00000000d7c80000,0x00000000d7fa7cf0,0x00000000d8000000)
  to   space 4096K, 0% used [0x00000000d7800000,0x00000000d7800000,0x00000000d7c00000)
 ParOldGen       total 87552K, used 19790K [0x0000000081200000, 0x0000000086780000, 0x00000000d5b80000)
  object space 87552K, 22% used [0x0000000081200000,0x0000000082553b48,0x0000000086780000)
 Metaspace       used 13396K, capacity 13548K, committed 13824K, reserved 1060864K
  class space    used 1664K, capacity 1736K, committed 1792K, reserved 1048576K
}
Event: 22.161 GC heap before
{Heap before GC invocations=13 (full 0):
 PSYoungGen      total 32768K, used 32413K [0x00000000d5b80000, 0x00000000d8000000, 0x0000000100000000)
  eden space 29184K, 99% used [0x00000000d5b80000,0x00000000d77ffa58,0x00000000d7800000)
  from space 3584K, 90% used [0x00000000d7c80000,0x00000000d7fa7cf0,0x00000000d8000000)
  to   space 4096K, 0% used [0x00000000d7800000,0x00000000d7800000,0x00000000d7c00000)
 ParOldGen       total 87552K, used 19790K [0x0000000081200000, 0x0000000086780000, 0x00000000d5b80000)
  object space 87552K, 22% used [0x0000000081200000,0x0000000082553b48,0x0000000086780000)
 Metaspace       used 13401K, capacity 13548K, committed 13824K, reserved 1060864K
  class space    used 1664K, capacity 1736K, committed 1792K, reserved 1048576K
Event: 22.162 GC heap after
Heap after GC invocations=13 (full 0):
 PSYoungGen      total 32768K, used 4067K [0x00000000d5b80000, 0x00000000d8080000, 0x0000000100000000)
  eden space 28672K, 0% used [0x00000000d5b80000,0x00000000d5b80000,0x00000000d7780000)
  from space 4096K, 99% used [0x00000000d7800000,0x00000000d7bf8d18,0x00000000d7c00000)
  to   space 4608K, 0% used [0x00000000d7c00000,0x00000000d7c00000,0x00000000d8080000)
 ParOldGen       total 87552K, used 19822K [0x0000000081200000, 0x0000000086780000, 0x00000000d5b80000)
  object space 87552K, 22% used [0x0000000081200000,0x000000008255bb48,0x0000000086780000)
 Metaspace       used 13401K, capacity 13548K, committed 13824K, reserved 1060864K
  class space    used 1664K, capacity 1736K, committed 1792K, reserved 1048576K
}

Deoptimization events (4 events):
Event: 0.311 Thread 0x000000001b556800 Uncommon trap: reason=null_check action=make_not_entrant pc=0x0000000004da85dc method=java.lang.String.equals(Ljava/lang/Object;)Z @ 8
Event: 3.233 Thread 0x000000001b556800 Uncommon trap: reason=unstable_if action=reinterpret pc=0x0000000004e928a4 method=leap.ImagePanel.paint(Ljava/awt/Graphics;)V @ 378
Event: 9.352 Thread 0x000000001b556800 Uncommon trap: reason=unstable_if action=reinterpret pc=0x0000000004fa8840 method=sun.awt.image.ByteInterleavedRaster.getByteData(IIII[B)[B @ 97
Event: 9.735 Thread 0x000000001b556800 Uncommon trap: reason=unstable_if action=reinterpret pc=0x000000000502ede0 method=com.sun.imageio.plugins.png.PNGImageWriter.encodePass(Ljavax/imageio/stream/ImageOutputStream;Ljava/awt/image/RenderedImage;IIII)V @ 303

Internal exceptions (10 events):
Event: 0.044 Thread 0x0000000004b30800 Exception <a 'java/lang/NoSuchMethodError': Method sun.misc.Unsafe.prefetchRead(Ljava/lang/Object;J)V name or signature does not match> (0x00000000d5b87f90) thrown at [C:\re\workspace\8-2-build-windows-amd64-cygwin\jdk8u131\8869\hotspot\src\share\vm\prims
Event: 0.137 Thread 0x0000000004b30800 Exception <a 'java/security/PrivilegedActionException'> (0x00000000d5c136a8) thrown at [C:\re\workspace\8-2-build-windows-amd64-cygwin\jdk8u131\8869\hotspot\src\share\vm\prims\jvm.cpp, line 1390]
Event: 0.137 Thread 0x0000000004b30800 Exception <a 'java/security/PrivilegedActionException'> (0x00000000d5c138b8) thrown at [C:\re\workspace\8-2-build-windows-amd64-cygwin\jdk8u131\8869\hotspot\src\share\vm\prims\jvm.cpp, line 1390]
Event: 0.138 Thread 0x0000000004b30800 Exception <a 'java/security/PrivilegedActionException'> (0x00000000d5c17528) thrown at [C:\re\workspace\8-2-build-windows-amd64-cygwin\jdk8u131\8869\hotspot\src\share\vm\prims\jvm.cpp, line 1390]
Event: 0.138 Thread 0x0000000004b30800 Exception <a 'java/security/PrivilegedActionException'> (0x00000000d5c17738) thrown at [C:\re\workspace\8-2-build-windows-amd64-cygwin\jdk8u131\8869\hotspot\src\share\vm\prims\jvm.cpp, line 1390]
Event: 0.144 Thread 0x0000000004b30800 Exception <a 'java/io/FileNotFoundException'> (0x00000000d5c19c50) thrown at [C:\re\workspace\8-2-build-windows-amd64-cygwin\jdk8u131\8869\hotspot\src\share\vm\prims\jni.cpp, line 709]
Event: 0.200 Thread 0x0000000004b30800 Exception <a 'java/lang/NoSuchFieldError': method resolution failed> (0x00000000d5d8e598) thrown at [C:\re\workspace\8-2-build-windows-amd64-cygwin\jdk8u131\8869\hotspot\src\share\vm\prims\methodHandles.cpp, line 1146]
Event: 0.204 Thread 0x0000000004b30800 Exception <a 'java/lang/NoSuchFieldError': method resolution failed> (0x00000000d5d9b968) thrown at [C:\re\workspace\8-2-build-windows-amd64-cygwin\jdk8u131\8869\hotspot\src\share\vm\prims\methodHandles.cpp, line 1146]
Event: 0.292 Thread 0x000000001b556800 Exception <a 'java/io/FileNotFoundException'> (0x00000000d5f73358) thrown at [C:\re\workspace\8-2-build-windows-amd64-cygwin\jdk8u131\8869\hotspot\src\share\vm\prims\jni.cpp, line 709]
Event: 0.311 Thread 0x000000001b556800 Implicit null exception at 0x0000000004da841b to 0x0000000004da85cd

Events (10 events):
Event: 25.241 Executing VM operation: RevokeBias
Event: 25.242 Executing VM operation: RevokeBias done
Event: 25.242 loading class java/util/WeakHashMap$KeyIterator
Event: 25.242 loading class java/util/WeakHashMap$HashIterator
Event: 25.242 loading class java/util/WeakHashMap$HashIterator done
Event: 25.242 loading class java/util/WeakHashMap$KeyIterator done
Event: 25.242 Thread 0x000000001df11800 Thread exited: 0x000000001df11800
Event: 25.266 Thread 0x000000001b555000 Thread exited: 0x000000001b555000
Event: 25.342 Thread 0x000000001dfd4800 Thread exited: 0x000000001dfd4800
Event: 25.342 Executing VM operation: Exit


Dynamic libraries:
0x00007ff7ac100000 - 0x00007ff7ac137000 	C:\Program Files\Java\jre1.8.0_131\bin\javaw.exe
0x00007ffbd99e0000 - 0x00007ffbd9bc0000 	C:\WINDOWS\SYSTEM32\ntdll.dll
0x00007ffbd71a0000 - 0x00007ffbd724e000 	C:\WINDOWS\System32\KERNEL32.DLL
0x00007ffbd5de0000 - 0x00007ffbd6046000 	C:\WINDOWS\System32\KERNELBASE.dll
0x00007ffbd9170000 - 0x00007ffbd9211000 	C:\WINDOWS\System32\ADVAPI32.dll
0x00007ffbd6eb0000 - 0x00007ffbd6f4d000 	C:\WINDOWS\System32\msvcrt.dll
0x00007ffbd8810000 - 0x00007ffbd886b000 	C:\WINDOWS\System32\sechost.dll
0x00007ffbd8f60000 - 0x00007ffbd907f000 	C:\WINDOWS\System32\RPCRT4.dll
0x00007ffbd96a0000 - 0x00007ffbd982f000 	C:\WINDOWS\System32\USER32.dll
0x00007ffbd60a0000 - 0x00007ffbd60c0000 	C:\WINDOWS\System32\win32u.dll
0x00007ffbd9830000 - 0x00007ffbd9858000 	C:\WINDOWS\System32\GDI32.dll
0x00007ffbd62e0000 - 0x00007ffbd6473000 	C:\WINDOWS\System32\gdi32full.dll
0x00007ffbd60c0000 - 0x00007ffbd615b000 	C:\WINDOWS\System32\msvcp_win.dll
0x00007ffbd6160000 - 0x00007ffbd6256000 	C:\WINDOWS\System32\ucrtbase.dll
0x00007ffbbc760000 - 0x00007ffbbc9c9000 	C:\WINDOWS\WinSxS\amd64_microsoft.windows.common-controls_6595b64144ccf1df_6.0.16299.248_none_15ced204935f55d7\COMCTL32.dll
0x00007ffbd9390000 - 0x00007ffbd9698000 	C:\WINDOWS\System32\combase.dll
0x00007ffbd6260000 - 0x00007ffbd62d2000 	C:\WINDOWS\System32\bcryptPrimitives.dll
0x00007ffbd98c0000 - 0x00007ffbd98ed000 	C:\WINDOWS\System32\IMM32.DLL
0x0000000072010000 - 0x00000000720e2000 	C:\Program Files\Java\jre1.8.0_131\bin\msvcr100.dll
0x00000000716c0000 - 0x0000000071f5c000 	C:\Program Files\Java\jre1.8.0_131\bin\server\jvm.dll
0x00007ffbd88d0000 - 0x00007ffbd88d8000 	C:\WINDOWS\System32\PSAPI.DLL
0x00007ffbd2830000 - 0x00007ffbd2853000 	C:\WINDOWS\SYSTEM32\WINMM.dll
0x00007ffbcbe30000 - 0x00007ffbcbe3a000 	C:\WINDOWS\SYSTEM32\VERSION.dll
0x00007ffbd27d0000 - 0x00007ffbd27fa000 	C:\WINDOWS\SYSTEM32\winmmbase.dll
0x00007ffbd6050000 - 0x00007ffbd609a000 	C:\WINDOWS\System32\cfgmgr32.dll
0x00007ffbbb0d0000 - 0x00007ffbbb0d9000 	C:\WINDOWS\SYSTEM32\WSOCK32.dll
0x00007ffbd7360000 - 0x00007ffbd73cc000 	C:\WINDOWS\System32\WS2_32.dll
0x0000000072350000 - 0x000000007235f000 	C:\Program Files\Java\jre1.8.0_131\bin\verify.dll
0x0000000072320000 - 0x0000000072349000 	C:\Program Files\Java\jre1.8.0_131\bin\java.dll
0x0000000072300000 - 0x0000000072316000 	C:\Program Files\Java\jre1.8.0_131\bin\zip.dll
0x00007ffbd73d0000 - 0x00007ffbd8806000 	C:\WINDOWS\System32\SHELL32.dll
0x00007ffbd9900000 - 0x00007ffbd99a6000 	C:\WINDOWS\System32\shcore.dll
0x00007ffbd6530000 - 0x00007ffbd6c77000 	C:\WINDOWS\System32\windows.storage.dll
0x00007ffbd8d30000 - 0x00007ffbd8d81000 	C:\WINDOWS\System32\shlwapi.dll
0x00007ffbd5d30000 - 0x00007ffbd5d41000 	C:\WINDOWS\System32\kernel.appcore.dll
0x00007ffbd5d70000 - 0x00007ffbd5dbc000 	C:\WINDOWS\System32\powrprof.dll
0x00007ffbd5dc0000 - 0x00007ffbd5ddb000 	C:\WINDOWS\System32\profapi.dll
0x00000000720f0000 - 0x0000000072288000 	C:\Program Files\Java\jre1.8.0_131\bin\awt.dll
0x00007ffbd9080000 - 0x00007ffbd9145000 	C:\WINDOWS\System32\OLEAUT32.dll
0x00007ffbd3c10000 - 0x00007ffbd3c98000 	C:\WINDOWS\SYSTEM32\apphelp.dll
0x00007ffbd3d90000 - 0x00007ffbd3e25000 	C:\WINDOWS\system32\uxtheme.dll
0x00007ffbd9220000 - 0x00007ffbd9387000 	C:\WINDOWS\System32\MSCTF.dll
0x00007ffbab640000 - 0x00007ffbab6e9000 	C:\Program Files\Common Files\microsoft shared\ink\tiptsf.dll
0x00007ffbd40e0000 - 0x00007ffbd410a000 	C:\WINDOWS\system32\dwmapi.dll
0x00007ffbd8e10000 - 0x00007ffbd8f59000 	C:\WINDOWS\System32\ole32.dll
0x00007ffbadac0000 - 0x00007ffbadbde000 	C:\WINDOWS\system32\opengl32.dll
0x00007ffbc93f0000 - 0x00007ffbc941c000 	C:\WINDOWS\SYSTEM32\GLU32.dll
0x0000000071670000 - 0x00000000716b7000 	C:\Program Files\Java\jre1.8.0_131\bin\fontmanager.dll
0x00000000722e0000 - 0x00000000722fa000 	C:\Program Files\Java\jre1.8.0_131\bin\net.dll
0x0000000180000000 - 0x000000018008c000 	C:\WINDOWS\system32\ASProxy64.dll
0x00007ffbd5350000 - 0x00007ffbd5389000 	C:\WINDOWS\SYSTEM32\IPHLPAPI.DLL
0x00007ffbd55c0000 - 0x00007ffbd5626000 	C:\WINDOWS\SYSTEM32\MSWSOCK.dll
0x00007ffbd5c60000 - 0x00007ffbd5c90000 	C:\WINDOWS\SYSTEM32\SspiCli.dll
0x00000000722c0000 - 0x00000000722d1000 	C:\Program Files\Java\jre1.8.0_131\bin\nio.dll
0x0000000071620000 - 0x0000000071662000 	C:\Program Files\Java\jre1.8.0_131\bin\t2k.dll
0x00007ffbc5920000 - 0x00007ffbc595e000 	C:\Users\weand\Desktop\Capstone project\CCR\GantryRobot\LeapMotion\LeapSDK\lib\x64\LeapJava.dll
0x00007ffba7220000 - 0x00007ffba730f000 	C:\Program Files\Java\jre1.8.0_131\bin\MSVCR120.dll
0x00007ffbbbfa0000 - 0x00007ffbbc046000 	C:\Program Files\Java\jre1.8.0_131\bin\MSVCP120.dll
0x00007ffba70b0000 - 0x00007ffba721b000 	C:\Users\weand\Desktop\Capstone project\CCR\GantryRobot\LeapMotion\LeapSDK\lib\x64\Leap.dll
0x00007ffbd4e70000 - 0x00007ffbd4ea1000 	C:\WINDOWS\SYSTEM32\ntmarta.dll
0x00007ffb8b090000 - 0x00007ffb8ba61000 	C:\Users\weand\Desktop\Capstone project\CCR\GantryRobot\OpenCV\opencv\build\java\x64\opencv_java2410.dll
0x00007ffbc9000000 - 0x00007ffbc9018000 	C:\WINDOWS\SYSTEM32\AVICAP32.dll
0x00007ffbc9420000 - 0x00007ffbc9449000 	C:\WINDOWS\SYSTEM32\MSVFW32.dll
0x00007ffbc8e00000 - 0x00007ffbc8e1f000 	C:\WINDOWS\SYSTEM32\AVIFIL32.dll
0x00007ffbcd340000 - 0x00007ffbcd35c000 	C:\WINDOWS\SYSTEM32\MSACM32.dll
0x00007ffbd6f50000 - 0x00007ffbd6fee000 	C:\WINDOWS\System32\clbcatq.dll
0x00007ffbd22d0000 - 0x00007ffbd247b000 	C:\WINDOWS\SYSTEM32\WindowsCodecs.dll
0x00007ffbb06c0000 - 0x00007ffbb070f000 	C:\WINDOWS\system32\dataexchange.dll
0x00007ffbd2d50000 - 0x00007ffbd3032000 	C:\WINDOWS\system32\d3d11.dll
0x00007ffbd36e0000 - 0x00007ffbd3822000 	C:\WINDOWS\system32\dcomp.dll
0x00007ffbd4ba0000 - 0x00007ffbd4c4f000 	C:\WINDOWS\system32\dxgi.dll
0x00007ffbd4260000 - 0x00007ffbd43db000 	C:\WINDOWS\system32\twinapi.appcore.dll
0x00007ffbd5890000 - 0x00007ffbd58b5000 	C:\WINDOWS\system32\bcrypt.dll
0x00007ffbd41d0000 - 0x00007ffbd41f0000 	C:\WINDOWS\system32\RMCLIENT.dll
0x00007ffbb5800000 - 0x00007ffbb5898000 	C:\WINDOWS\System32\TextInputFramework.dll
0x00007ffbd3600000 - 0x00007ffbd36dc000 	C:\WINDOWS\System32\CoreMessaging.dll
0x00007ffbd1ea0000 - 0x00007ffbd218e000 	C:\WINDOWS\System32\CoreUIComponents.dll
0x00007ffbd1d60000 - 0x00007ffbd1e96000 	C:\WINDOWS\SYSTEM32\wintypes.dll
0x00007ffbb3d40000 - 0x00007ffbb3f46000 	C:\Windows\System32\uiautomationcore.dll
0x00007ffbd5b90000 - 0x00007ffbd5c2a000 	C:\WINDOWS\SYSTEM32\sxs.dll
0x00007ffbb0d00000 - 0x00007ffbb0d6e000 	C:\Windows\System32\OLEACC.dll
0x00007ffbb52a0000 - 0x00007ffbb5321000 	C:\WINDOWS\SYSTEM32\twinapi.dll
0x00007ffbc3bd0000 - 0x00007ffbc3be8000 	C:\Windows\System32\devenum.dll
0x00007ffbd88e0000 - 0x00007ffbd8d2e000 	C:\WINDOWS\System32\setupapi.dll
0x00007ffbd5b40000 - 0x00007ffbd5b67000 	C:\WINDOWS\SYSTEM32\DEVOBJ.dll
0x00007ffbd6c80000 - 0x00007ffbd6cd8000 	C:\WINDOWS\System32\WINTRUST.dll
0x00007ffbd5d50000 - 0x00007ffbd5d62000 	C:\WINDOWS\System32\MSASN1.dll
0x00007ffbd6ce0000 - 0x00007ffbd6eae000 	C:\WINDOWS\System32\CRYPT32.dll
0x00007ffbb0710000 - 0x00007ffbb071a000 	C:\WINDOWS\SYSTEM32\msdmo.dll
0x00007ffbbc070000 - 0x00007ffbbc0a3000 	C:\Windows\System32\qcap.dll
0x00007ffba65d0000 - 0x00007ffba678c000 	C:\Windows\System32\quartz.dll
0x00007ffbbb1e0000 - 0x00007ffbbb22e000 	C:\Windows\System32\mfksproxy.dll
0x00007ffbcdb20000 - 0x00007ffbcdb3d000 	C:\Windows\System32\ATL.DLL
0x00007ffbcd890000 - 0x00007ffbcd8c6000 	C:\Windows\System32\MFSENSORGROUP.dll
0x00007ffbcd6d0000 - 0x00007ffbcd881000 	C:\Windows\System32\MFPlat.DLL
0x00007ffbcd690000 - 0x00007ffbcd6c2000 	C:\Windows\System32\RTWorkQ.DLL
0x00007ffbccc10000 - 0x00007ffbcd057000 	C:\Windows\System32\MFCORE.dll
0x00007ffbccc00000 - 0x00007ffbccc09000 	C:\Windows\System32\ksuser.dll
0x00007ffbd57a0000 - 0x00007ffbd57ab000 	C:\Windows\System32\CRYPTBASE.DLL
0x00007ffbb1890000 - 0x00007ffbb18e0000 	C:\Windows\System32\FSClient.dll
0x00007ffbd22c0000 - 0x00007ffbd22ca000 	C:\Windows\System32\AVRT.dll
0x00007ffbc9710000 - 0x00007ffbc971c000 	C:\Windows\System32\vidcap.ax
0x00007ffbbdd50000 - 0x00007ffbbdd76000 	C:\Windows\System32\kswdmcap.ax
0x00007ffb9c1a0000 - 0x00007ffb9c305000 	C:\Windows\System32\MFC42.dll
0x00007ffb99740000 - 0x00007ffb99cb2000 	C:\WINDOWS\system32\IntelCameraPlugin64.dll
0x00007ffbd1b90000 - 0x00007ffbd1c0a000 	C:\WINDOWS\SYSTEM32\policymanager.dll
0x00007ffbd1a30000 - 0x00007ffbd1ac0000 	C:\Windows\System32\msvcp110_win.dll
0x00007ffb9c7a0000 - 0x00007ffb9c8aa000 	C:\Windows\System32\MFReadWrite.dll
0x00007ffba57d0000 - 0x00007ffba5870000 	C:\Windows\System32\qedit.dll
0x00007ffbd7250000 - 0x00007ffbd735a000 	C:\WINDOWS\System32\COMDLG32.dll
0x00007ffbba4f0000 - 0x00007ffbba68c000 	C:\WINDOWS\WinSxS\amd64_microsoft.windows.gdiplus_6595b64144ccf1df_1.1.16299.248_none_46b9c4e9edf1cfa5\gdiplus.dll
0x00007ffba53f0000 - 0x00007ffba54e6000 	C:\Windows\System32\DDRAW.dll
0x00007ffbcda70000 - 0x00007ffbcda78000 	C:\Windows\System32\DCIMAN32.dll
0x00007ffbc94b0000 - 0x00007ffbc94bc000 	C:\WINDOWS\SYSTEM32\msyuv.dll
0x00007ffbd5780000 - 0x00007ffbd5797000 	C:\WINDOWS\SYSTEM32\CRYPTSP.dll
0x00007ffbd51d0000 - 0x00007ffbd5203000 	C:\WINDOWS\system32\rsaenh.dll
0x00007ffbd5c30000 - 0x00007ffbd5c59000 	C:\WINDOWS\SYSTEM32\USERENV.dll
0x00007ffbd6ff0000 - 0x00007ffbd6ff8000 	C:\WINDOWS\System32\NSI.dll
0x00007ffbcbc40000 - 0x00007ffbcbc56000 	C:\WINDOWS\SYSTEM32\dhcpcsvc6.DLL
0x00007ffbcbf30000 - 0x00007ffbcbf4a000 	C:\WINDOWS\SYSTEM32\dhcpcsvc.DLL
0x00007ffbd4720000 - 0x00007ffbd48e8000 	C:\WINDOWS\SYSTEM32\dbghelp.dll

VM Arguments:
jvm_args: -Djava.library.path=C:\Users\weand\Desktop\Capstone project\CCR\GantryRobot\mfz-rxtx-2.2-20081207-win-x64;C:\Users\weand\Desktop\Capstone project\CCR\GantryRobot\OpenCV\opencv\build\java\x64;C:\Users\weand\Desktop\Capstone project\CCR\GantryRobot\LeapMotion\LeapSDK\lib\x64 -Dfile.encoding=Cp1252 
java_command: leap.RXTXGui
java_class_path (initial): C:\Users\weand\workspace\Gantry_1\bin;C:\Users\weand\Desktop\Capstone project\CCR\GantryRobot\mfz-rxtx-2.2-20081207-win-x64\RXTXcomm.jar;C:\Users\weand\Desktop\Capstone project\CCR\GantryRobot\OpenCV\opencv\build\java\opencv-2410.jar;C:\Users\weand\Desktop\Capstone project\CCR\GantryRobot\LeapMotion\LeapSDK\lib\LeapJava.jar
Launcher Type: SUN_STANDARD

Environment Variables:
PATH=C:\Users\weand\Desktop\Capstone project\CCR\GantryRobot\LeapMotion\LeapSDK\lib\x64;n;C:/Program Files/Java/jre1.8.0_131/lib/amd64;C:\ProgramData\Oracle\Java\javapath;C:\Program Files\Microsoft MPI\Bin\;C:\WINDOWS\system32;C:\WINDOWS;C:\WINDOWS\System32\Wbem;C:\WINDOWS\System32\WindowsPowerShell\v1.0\;C:\Program Files (x86)\Skype\Phone\;C:\Program Files\Microsoft SQL Server\130\Tools\Binn\;C:\Program Files\dotnet\;C:\Program Files (x86)\GtkSharp\2.12\bin;C:\Program Files\MySQL\MySQL Utilities 1.6\;C:\Program Files\Git\cmd;C:\Users\weand\AppData\Local\Microsoft\WindowsApps;C:\Program Files (x86)\Spiceworks\Nmap;;C:\Users\weand\Downloads\eclipse-java-kepler-SR1-win32-x86_64\eclipse;C:/Program Files/Java/jre1.8.0_131/bin/server;C:/Program Files/Java/jre1.8.0_131/bin;C:/Program Files/Java/jre1.8.0_131/lib/amd64;C:\ProgramData\Oracle\Java\javapath;C:\Program Files\Microsoft MPI\Bin\;C:\WINDOWS\system32;C:\WINDOWS;C:\WINDOWS\System32\Wbem;C:\WINDOWS\System32\WindowsPowerShell\v1.0\;C:\Program Files (x86)\Skype\Phone\;C:\Program Files\Microsoft SQL Server\130\Tools\Binn\;C:\Program Files\dotnet\;C:\Program Files (x86)\GtkSharp\2.12\bin;C:\Program Files\MySQL\MySQL Utilities 1.6\;C:\Program Files\Git\cmd;C:\Users\weand\AppData\Local\Microsoft\WindowsApps;C:\Program Files (x86)\Spiceworks\Nmap;;C:\Users\weand\Downloads\eclipse-java-kepler-SR1-win32-x86_64\eclipse;
USERNAME=weand
OS=Windows_NT
PROCESSOR_IDENTIFIER=Intel64 Family 6 Model 78 Stepping 3, GenuineIntel



---------------  S Y S T E M  ---------------

OS: Windows 10.0 , 64 bit Build 16299 (10.0.16299.15)

CPU:total 4 (initial active 4) (2 cores per cpu, 2 threads per core) family 6 model 78 stepping 3, cmov, cx8, fxsr, mmx, sse, sse2, sse3, ssse3, sse4.1, sse4.2, popcnt, avx, avx2, aes, clmul, erms, rtm, 3dnowpref, lzcnt, ht, tsc, tscinvbit, bmi1, bmi2, adx

Memory: 4k page, physical 8311896k(2504140k free), swap 12768344k(3003648k free)

vm_info: Java HotSpot(TM) 64-Bit Server VM (25.131-b11) for windows-amd64 JRE (1.8.0_131-b11), built on Mar 15 2017 01:23:53 by "java_re" with MS VC++ 10.0 (VS2010)

time: Thu Mar 15 12:31:13 2018
elapsed time: 26 seconds (0d 0h 0m 26s)

