#
# A fatal error has been detected by the Java Runtime Environment:
#
#  Internal Error (0xc000000d), pid=11524, tid=0x0000000000001224
#
# JRE version: Java(TM) SE Runtime Environment (8.0_131-b11) (build 1.8.0_131-b11)
# Java VM: Java HotSpot(TM) 64-Bit Server VM (25.131-b11 mixed mode windows-amd64 compressed oops)
# Problematic frame:
# C  [ntdll.dll+0x10b2b0]
#
# Failed to write core dump. Minidumps are not enabled by default on client versions of Windows
#
# If you would like to submit a bug report, please visit:
#   http://bugreport.java.com/bugreport/crash.jsp
#

---------------  T H R E A D  ---------------

Current thread (0x0000000019767800):  VMThread [stack: 0x000000001a7f0000,0x000000001a8f0000] [id=4644]

siginfo: ExceptionCode=0xc000000d

Registers:
RAX=0x0000000004d12050, RBX=0x0000000000000001, RCX=0x0000000019768c20, RDX=0x0000000000000001
RSP=0x000000001a8ef120, RBP=0x000000001e58ebf0, RSI=0x000000001e58ee28, RDI=0x000000001e57be90
R8 =0x0000000004d12050, R9 =0x0000000019768c20, R10=0x0000000000000001, R11=0x0000000019768c30
R12=0x00007ffbcd696680, R13=0x0000000000000001, R14=0x000000001e56f9c0, R15=0x000000001e56f9c0
RIP=0x00007ffbd9aeb2b0, EFLAGS=0x0000000000000202

Top of Stack: (sp=0x000000001a8ef120)
0x000000001a8ef120:   0000000000000057 0000000000000001
0x000000001a8ef130:   000000001e58ee28 000000001e57be90
0x000000001a8ef140:   00000000c000000d 0000000000000000
0x000000001a8ef150:   00007ffbd9aeb2b0 0000000000000000
0x000000001a8ef160:   0000000000000000 0000000000000000
0x000000001a8ef170:   0000000000000000 0000000000000000
0x000000001a8ef180:   0000000000000000 0000000000000000
0x000000001a8ef190:   0000000000000000 0000000000000000
0x000000001a8ef1a0:   0000000000000000 0000000000000000
0x000000001a8ef1b0:   0000000000000000 0000000000000000
0x000000001a8ef1c0:   0000000000000000 0000000000000000
0x000000001a8ef1d0:   0000000000000000 0000000000000000
0x000000001a8ef1e0:   0000853542591e47 000000001e57be90
0x000000001a8ef1f0:   000000001e58ee28 00007ffbcd694907
0x000000001a8ef200:   000000001e57be90 000000001e56f9c0
0x000000001a8ef210:   00000000f46857d4 0000000000000020 

Instructions: (pc=0x00007ffbd9aeb2b0)
0x00007ffbd9aeb290:   b7 f9 ff c7 44 24 20 0d 00 00 c0 b9 57 00 00 00
0x00007ffbd9aeb2a0:   e8 4b 63 f3 ff 90 48 8d 4c 24 20 e8 90 00 f1 ff
0x00007ffbd9aeb2b0:   eb 00 48 8b 8c 24 c0 00 00 00 48 33 cc e8 ce 57
0x00007ffbd9aeb2c0:   f8 ff 48 81 c4 d8 00 00 00 c3 40 55 48 83 ec 20 


Register to memory mapping:

RAX=0x0000000004d12050 is an unknown value
RBX=0x0000000000000001 is an unknown value
RCX=0x0000000019768c20 is an unknown value
RDX=0x0000000000000001 is an unknown value
RSP=0x000000001a8ef120 is an unknown value
RBP=0x000000001e58ebf0 is an unknown value
RSI=0x000000001e58ee28 is an unknown value
RDI=0x000000001e57be90 is an unknown value
R8 =0x0000000004d12050 is an unknown value
R9 =0x0000000019768c20 is an unknown value
R10=0x0000000000000001 is an unknown value
R11=0x0000000019768c30 is an unknown value
R12=0x00007ffbcd696680 is an unknown value
R13=0x0000000000000001 is an unknown value
R14=0x000000001e56f9c0 is an unknown value
R15=0x000000001e56f9c0 is an unknown value


Stack: [0x000000001a7f0000,0x000000001a8f0000],  sp=0x000000001a8ef120,  free space=1020k
Native frames: (J=compiled Java code, j=interpreted, Vv=VM code, C=native code)
C  [ntdll.dll+0x10b2b0]
C  [RTWorkQ.DLL+0x4907]
C  [RTWorkQ.DLL+0x9e46]
C  [RTWorkQ.DLL+0x7565]
C  [MFPlat.DLL+0x1d05b]
C  [MFReadWrite.dll+0x16348]
C  [MFReadWrite.dll+0xfb0d]
C  [MFReadWrite.dll+0xf863]
C  [mfksproxy.dll+0x194d0]
C  [mfksproxy.dll+0x18069]
C  [mfksproxy.dll+0x6eeb]
C  [quartz.dll+0x42e19]
C  [quartz.dll+0x553ef]
C  [quartz.dll+0x57932]
C  [quartz.dll+0x56d75]
C  [opencv_java2410.dll+0x2aaa1e]
C  [opencv_java2410.dll+0x5f43d0]
C  [opencv_java2410.dll+0x508e75]
C  [opencv_java2410.dll+0x4fc0f6]
C  [opencv_java2410.dll+0x4fc269]
C  [ntdll.dll+0x11493]
C  [ntdll.dll+0x406b5]
C  [ntdll.dll+0x40574]
C  [KERNEL32.DLL+0xf06a]
C  [msvcr100.dll+0x20ccd]
V  [jvm.dll+0x213235]
V  [jvm.dll+0x24c2a7]
V  [jvm.dll+0x24b546]
V  [jvm.dll+0x24b9e1]
V  [jvm.dll+0x24bbfe]
V  [jvm.dll+0x29cc1a]
C  [msvcr100.dll+0x21d9f]
C  [msvcr100.dll+0x21e3b]
C  [KERNEL32.DLL+0x11fe4]
C  [ntdll.dll+0x6efc1]

VM_Operation (0x000000001bedcbd0): Exit, mode: safepoint, requested by thread 0x000000001b547000


---------------  P R O C E S S  ---------------

Java Threads: ( => current thread )
  0x000000001dc77800 JavaThread "TimerQueue" daemon [_thread_blocked, id=15320, stack(0x000000001e450000,0x000000001e550000)]
  0x0000000004a40800 JavaThread "DestroyJavaVM" [_thread_blocked, id=10116, stack(0x0000000003150000,0x0000000003250000)]
  0x000000001b547000 JavaThread "AWT-EventQueue-0" [_thread_blocked, id=5964, stack(0x000000001bde0000,0x000000001bee0000)]
  0x000000001b545000 JavaThread "AWT-Shutdown" [_thread_blocked, id=18060, stack(0x000000001ba20000,0x000000001bb20000)]
  0x000000001b542800 JavaThread "Java2D Disposer" daemon [_thread_blocked, id=17340, stack(0x000000001b920000,0x000000001ba20000)]
  0x000000001b202000 JavaThread "Service Thread" daemon [_thread_blocked, id=188, stack(0x000000001b5e0000,0x000000001b6e0000)]
  0x00000000197ed800 JavaThread "C1 CompilerThread2" daemon [_thread_blocked, id=18084, stack(0x000000001b0e0000,0x000000001b1e0000)]
  0x00000000197c0000 JavaThread "C2 CompilerThread1" daemon [_thread_blocked, id=19208, stack(0x000000001afe0000,0x000000001b0e0000)]
  0x000000001979f800 JavaThread "C2 CompilerThread0" daemon [_thread_blocked, id=11888, stack(0x000000001aee0000,0x000000001afe0000)]
  0x000000001979e000 JavaThread "Attach Listener" daemon [_thread_blocked, id=3572, stack(0x000000001ade0000,0x000000001aee0000)]
  0x000000001979c800 JavaThread "Signal Dispatcher" daemon [_thread_blocked, id=17976, stack(0x000000001ace0000,0x000000001ade0000)]
  0x0000000004b3b000 JavaThread "Finalizer" daemon [_thread_blocked, id=16148, stack(0x000000001a9f0000,0x000000001aaf0000)]
  0x0000000004b2f000 JavaThread "Reference Handler" daemon [_thread_blocked, id=2888, stack(0x000000001a8f0000,0x000000001a9f0000)]

Other Threads:
=>0x0000000019767800 VMThread [stack: 0x000000001a7f0000,0x000000001a8f0000] [id=4644]

VM state:at safepoint (shutting down)

VM Mutex/Monitor currently owned by a thread:  ([mutex/lock_event])
[0x0000000004d1cb50] Threads_lock - owner thread: 0x0000000019767800

Heap:
 PSYoungGen      total 30208K, used 10655K [0x00000000d5b80000, 0x00000000d8580000, 0x0000000100000000)
  eden space 26624K, 28% used [0x00000000d5b80000,0x00000000d62dba58,0x00000000d7580000)
  from space 3584K, 87% used [0x00000000d7600000,0x00000000d790c478,0x00000000d7980000)
  to   space 8192K, 0% used [0x00000000d7d80000,0x00000000d7d80000,0x00000000d8580000)
 ParOldGen       total 87552K, used 6959K [0x0000000081200000, 0x0000000086780000, 0x00000000d5b80000)
  object space 87552K, 7% used [0x0000000081200000,0x00000000818cbc40,0x0000000086780000)
 Metaspace       used 13283K, capacity 13524K, committed 13824K, reserved 1060864K
  class space    used 1633K, capacity 1704K, committed 1792K, reserved 1048576K

Card table byte_map: [0x00000000140e0000,0x00000000144e0000] byte_map_base: 0x0000000013cd7000

Marking Bits: (ParMarkBitMap*) 0x0000000071edc720
 Begin Bits: [0x0000000014a90000, 0x0000000016a48000)
 End Bits:   [0x0000000016a48000, 0x0000000018a00000)

Polling page: 0x0000000002d30000

CodeCache: size=245760Kb used=4184Kb max_used=4184Kb free=241575Kb
 bounds [0x0000000004d20000, 0x0000000005140000, 0x0000000013d20000]
 total_blobs=1990 nmethods=1294 adapters=608
 compilation: enabled

Compilation events (10 events):
Event: 49.496 Thread 0x000000001979f800 1372   !   4       com.sun.imageio.plugins.png.PNGImageReader::decodePass (1201 bytes)
Event: 49.726 Thread 0x000000001979f800 nmethod 1372 0x000000000512b290 code [0x000000000512b580, 0x000000000512f508]
Event: 49.753 Thread 0x00000000197ed800 1373  s    3       sun.java2d.ScreenUpdateManager::getInstance (39 bytes)
Event: 49.754 Thread 0x00000000197ed800 nmethod 1373 0x0000000005121dd0 code [0x0000000005122000, 0x0000000005122e88]
Event: 50.008 Thread 0x00000000197ed800 1374   !   3       javax.swing.JComponent::_paintImmediately (891 bytes)
Event: 50.023 Thread 0x00000000197ed800 nmethod 1374 0x0000000005133450 code [0x0000000005133b80, 0x0000000005139378]
Event: 50.023 Thread 0x00000000197ed800 1375       3       java.awt.image.VolatileImage::getGraphics (5 bytes)
Event: 50.023 Thread 0x00000000197ed800 nmethod 1375 0x000000000512ae90 code [0x000000000512b000, 0x000000000512b208]
Event: 51.185 Thread 0x00000000197ed800 1376       3       java.awt.Component$1::getAccessControlContext (5 bytes)
Event: 51.185 Thread 0x00000000197ed800 nmethod 1376 0x000000000512a8d0 code [0x000000000512aa40, 0x000000000512ad48]

GC Heap History (10 events):
Event: 39.729 GC heap before
{Heap before GC invocations=13 (full 0):
 PSYoungGen      total 37376K, used 32271K [0x00000000d5b80000, 0x00000000d8900000, 0x0000000100000000)
  eden space 29184K, 100% used [0x00000000d5b80000,0x00000000d7800000,0x00000000d7800000)
  from space 8192K, 37% used [0x00000000d8100000,0x00000000d8403d78,0x00000000d8900000)
  to   space 8704K, 0% used [0x00000000d7800000,0x00000000d7800000,0x00000000d8080000)
 ParOldGen       total 87552K, used 6887K [0x0000000081200000, 0x0000000086780000, 0x00000000d5b80000)
  object space 87552K, 7% used [0x0000000081200000,0x00000000818b9c40,0x0000000086780000)
 Metaspace       used 13220K, capacity 13452K, committed 13824K, reserved 1060864K
  class space    used 1632K, capacity 1704K, committed 1792K, reserved 1048576K
Event: 39.730 GC heap after
Heap after GC invocations=13 (full 0):
 PSYoungGen      total 31232K, used 2188K [0x00000000d5b80000, 0x00000000d8880000, 0x0000000100000000)
  eden space 28672K, 0% used [0x00000000d5b80000,0x00000000d5b80000,0x00000000d7780000)
  from space 2560K, 85% used [0x00000000d7800000,0x00000000d7a23378,0x00000000d7a80000)
  to   space 8704K, 0% used [0x00000000d8000000,0x00000000d8000000,0x00000000d8880000)
 ParOldGen       total 87552K, used 6895K [0x0000000081200000, 0x0000000086780000, 0x00000000d5b80000)
  object space 87552K, 7% used [0x0000000081200000,0x00000000818bbc40,0x0000000086780000)
 Metaspace       used 13220K, capacity 13452K, committed 13824K, reserved 1060864K
  class space    used 1632K, capacity 1704K, committed 1792K, reserved 1048576K
}
Event: 42.845 GC heap before
{Heap before GC invocations=14 (full 0):
 PSYoungGen      total 31232K, used 30860K [0x00000000d5b80000, 0x00000000d8880000, 0x0000000100000000)
  eden space 28672K, 100% used [0x00000000d5b80000,0x00000000d7780000,0x00000000d7780000)
  from space 2560K, 85% used [0x00000000d7800000,0x00000000d7a23378,0x00000000d7a80000)
  to   space 8704K, 0% used [0x00000000d8000000,0x00000000d8000000,0x00000000d8880000)
 ParOldGen       total 87552K, used 6895K [0x0000000081200000, 0x0000000086780000, 0x00000000d5b80000)
  object space 87552K, 7% used [0x0000000081200000,0x00000000818bbc40,0x0000000086780000)
 Metaspace       used 13221K, capacity 13452K, committed 13824K, reserved 1060864K
  class space    used 1632K, capacity 1704K, committed 1792K, reserved 1048576K
Event: 42.847 GC heap after
Heap after GC invocations=14 (full 0):
 PSYoungGen      total 36352K, used 4887K [0x00000000d5b80000, 0x00000000d8800000, 0x0000000100000000)
  eden space 28160K, 0% used [0x00000000d5b80000,0x00000000d5b80000,0x00000000d7700000)
  from space 8192K, 59% used [0x00000000d8000000,0x00000000d84c5fa8,0x00000000d8800000)
  to   space 8704K, 0% used [0x00000000d7700000,0x00000000d7700000,0x00000000d7f80000)
 ParOldGen       total 87552K, used 6911K [0x0000000081200000, 0x0000000086780000, 0x00000000d5b80000)
  object space 87552K, 7% used [0x0000000081200000,0x00000000818bfc40,0x0000000086780000)
 Metaspace       used 13221K, capacity 13452K, committed 13824K, reserved 1060864K
  class space    used 1632K, capacity 1704K, committed 1792K, reserved 1048576K
}
Event: 45.430 GC heap before
{Heap before GC invocations=15 (full 0):
 PSYoungGen      total 36352K, used 33047K [0x00000000d5b80000, 0x00000000d8800000, 0x0000000100000000)
  eden space 28160K, 100% used [0x00000000d5b80000,0x00000000d7700000,0x00000000d7700000)
  from space 8192K, 59% used [0x00000000d8000000,0x00000000d84c5fa8,0x00000000d8800000)
  to   space 8704K, 0% used [0x00000000d7700000,0x00000000d7700000,0x00000000d7f80000)
 ParOldGen       total 87552K, used 6911K [0x0000000081200000, 0x0000000086780000, 0x00000000d5b80000)
  object space 87552K, 7% used [0x0000000081200000,0x00000000818bfc40,0x0000000086780000)
 Metaspace       used 13248K, capacity 13452K, committed 13824K, reserved 1060864K
  class space    used 1632K, capacity 1704K, committed 1792K, reserved 1048576K
Event: 45.433 GC heap after
Heap after GC invocations=15 (full 0):
 PSYoungGen      total 31232K, used 3089K [0x00000000d5b80000, 0x00000000d8680000, 0x0000000100000000)
  eden space 27648K, 0% used [0x00000000d5b80000,0x00000000d5b80000,0x00000000d7680000)
  from space 3584K, 86% used [0x00000000d7700000,0x00000000d7a04438,0x00000000d7a80000)
  to   space 8192K, 0% used [0x00000000d7e80000,0x00000000d7e80000,0x00000000d8680000)
 ParOldGen       total 87552K, used 6927K [0x0000000081200000, 0x0000000086780000, 0x00000000d5b80000)
  object space 87552K, 7% used [0x0000000081200000,0x00000000818c3c40,0x0000000086780000)
 Metaspace       used 13248K, capacity 13452K, committed 13824K, reserved 1060864K
  class space    used 1632K, capacity 1704K, committed 1792K, reserved 1048576K
}
Event: 48.426 GC heap before
{Heap before GC invocations=16 (full 0):
 PSYoungGen      total 31232K, used 30588K [0x00000000d5b80000, 0x00000000d8680000, 0x0000000100000000)
  eden space 27648K, 99% used [0x00000000d5b80000,0x00000000d765ac68,0x00000000d7680000)
  from space 3584K, 86% used [0x00000000d7700000,0x00000000d7a04438,0x00000000d7a80000)
  to   space 8192K, 0% used [0x00000000d7e80000,0x00000000d7e80000,0x00000000d8680000)
 ParOldGen       total 87552K, used 6927K [0x0000000081200000, 0x0000000086780000, 0x00000000d5b80000)
  object space 87552K, 7% used [0x0000000081200000,0x00000000818c3c40,0x0000000086780000)
 Metaspace       used 13258K, capacity 13452K, committed 13824K, reserved 1060864K
  class space    used 1632K, capacity 1704K, committed 1792K, reserved 1048576K
Event: 48.428 GC heap after
Heap after GC invocations=16 (full 0):
 PSYoungGen      total 34816K, used 2220K [0x00000000d5b80000, 0x00000000d8600000, 0x0000000100000000)
  eden space 27136K, 0% used [0x00000000d5b80000,0x00000000d5b80000,0x00000000d7600000)
  from space 7680K, 28% used [0x00000000d7e80000,0x00000000d80ab180,0x00000000d8600000)
  to   space 8192K, 0% used [0x00000000d7600000,0x00000000d7600000,0x00000000d7e00000)
 ParOldGen       total 87552K, used 6943K [0x0000000081200000, 0x0000000086780000, 0x00000000d5b80000)
  object space 87552K, 7% used [0x0000000081200000,0x00000000818c7c40,0x0000000086780000)
 Metaspace       used 13258K, capacity 13452K, committed 13824K, reserved 1060864K
  class space    used 1632K, capacity 1704K, committed 1792K, reserved 1048576K
}
Event: 51.664 GC heap before
{Heap before GC invocations=17 (full 0):
 PSYoungGen      total 34816K, used 28550K [0x00000000d5b80000, 0x00000000d8600000, 0x0000000100000000)
  eden space 27136K, 97% used [0x00000000d5b80000,0x00000000d75369d8,0x00000000d7600000)
  from space 7680K, 28% used [0x00000000d7e80000,0x00000000d80ab180,0x00000000d8600000)
  to   space 8192K, 0% used [0x00000000d7600000,0x00000000d7600000,0x00000000d7e00000)
 ParOldGen       total 87552K, used 6943K [0x0000000081200000, 0x0000000086780000, 0x00000000d5b80000)
  object space 87552K, 7% used [0x0000000081200000,0x00000000818c7c40,0x0000000086780000)
 Metaspace       used 13276K, capacity 13524K, committed 13824K, reserved 1060864K
  class space    used 1632K, capacity 1704K, committed 1792K, reserved 1048576K
Event: 51.665 GC heap after
Heap after GC invocations=17 (full 0):
 PSYoungGen      total 30208K, used 3121K [0x00000000d5b80000, 0x00000000d8580000, 0x0000000100000000)
  eden space 26624K, 0% used [0x00000000d5b80000,0x00000000d5b80000,0x00000000d7580000)
  from space 3584K, 87% used [0x00000000d7600000,0x00000000d790c478,0x00000000d7980000)
  to   space 8192K, 0% used [0x00000000d7d80000,0x00000000d7d80000,0x00000000d8580000)
 ParOldGen       total 87552K, used 6959K [0x0000000081200000, 0x0000000086780000, 0x00000000d5b80000)
  object space 87552K, 7% used [0x0000000081200000,0x00000000818cbc40,0x0000000086780000)
 Metaspace       used 13276K, capacity 13524K, committed 13824K, reserved 1060864K
  class space    used 1632K, capacity 1704K, committed 1792K, reserved 1048576K
}

Deoptimization events (1 events):
Event: 0.507 Thread 0x000000001b547000 Uncommon trap: reason=null_check action=make_not_entrant pc=0x0000000004e94cdc method=java.lang.String.equals(Ljava/lang/Object;)Z @ 8

Internal exceptions (10 events):
Event: 0.368 Thread 0x0000000004a40800 Exception <a 'java/lang/NoSuchFieldError': method resolution failed> (0x00000000d5d8e598) thrown at [C:\re\workspace\8-2-build-windows-amd64-cygwin\jdk8u131\8869\hotspot\src\share\vm\prims\methodHandles.cpp, line 1146]
Event: 0.371 Thread 0x0000000004a40800 Exception <a 'java/lang/NoSuchFieldError': method resolution failed> (0x00000000d5d9bc40) thrown at [C:\re\workspace\8-2-build-windows-amd64-cygwin\jdk8u131\8869\hotspot\src\share\vm\prims\methodHandles.cpp, line 1146]
Event: 0.476 Thread 0x000000001b547000 Exception <a 'java/io/FileNotFoundException'> (0x00000000d5f73340) thrown at [C:\re\workspace\8-2-build-windows-amd64-cygwin\jdk8u131\8869\hotspot\src\share\vm\prims\jni.cpp, line 709]
Event: 0.507 Thread 0x000000001b547000 Implicit null exception at 0x0000000004e94b1b to 0x0000000004e94ccd
Event: 9.982 Thread 0x000000001b547000 Exception <a 'java/lang/NullPointerException'> (0x00000000d6ee67a0) thrown at [C:\re\workspace\8-2-build-windows-amd64-cygwin\jdk8u131\8869\hotspot\src\share\vm\interpreter\linkResolver.cpp, line 1197]
Event: 9.982 Thread 0x000000001b547000 Exception <a 'java/lang/NullPointerException'> (0x00000000d6ee67a0) thrown at [C:\re\workspace\8-2-build-windows-amd64-cygwin\jdk8u131\8869\hotspot\src\share\vm\prims\jvm.cpp, line 1394]
Event: 9.982 Thread 0x000000001b547000 Exception <a 'java/lang/NullPointerException'> (0x00000000d6ee67a0) thrown at [C:\re\workspace\8-2-build-windows-amd64-cygwin\jdk8u131\8869\hotspot\src\share\vm\prims\jvm.cpp, line 1394]
Event: 15.606 Thread 0x000000001b547000 Exception <a 'java/lang/NullPointerException'> (0x00000000d77d8878) thrown at [C:\re\workspace\8-2-build-windows-amd64-cygwin\jdk8u131\8869\hotspot\src\share\vm\interpreter\linkResolver.cpp, line 1197]
Event: 15.606 Thread 0x000000001b547000 Exception <a 'java/lang/NullPointerException'> (0x00000000d77d8878) thrown at [C:\re\workspace\8-2-build-windows-amd64-cygwin\jdk8u131\8869\hotspot\src\share\vm\prims\jvm.cpp, line 1394]
Event: 15.606 Thread 0x000000001b547000 Exception <a 'java/lang/NullPointerException'> (0x00000000d77d8878) thrown at [C:\re\workspace\8-2-build-windows-amd64-cygwin\jdk8u131\8869\hotspot\src\share\vm\prims\jvm.cpp, line 1394]

Events (10 events):
Event: 52.167 Executing VM operation: RevokeBias
Event: 52.167 Executing VM operation: RevokeBias done
Event: 52.167 loading class java/util/WeakHashMap$KeyIterator
Event: 52.168 loading class java/util/WeakHashMap$HashIterator
Event: 52.168 loading class java/util/WeakHashMap$HashIterator done
Event: 52.168 loading class java/util/WeakHashMap$KeyIterator done
Event: 52.168 Thread 0x000000001e304000 Thread exited: 0x000000001e304000
Event: 52.180 Thread 0x000000001b545800 Thread exited: 0x000000001b545800
Event: 52.268 Thread 0x000000001b333800 Thread exited: 0x000000001b333800
Event: 52.268 Executing VM operation: Exit


Dynamic libraries:
0x00007ff7ac100000 - 0x00007ff7ac137000 	C:\Program Files\Java\jre1.8.0_131\bin\javaw.exe
0x00007ffbd99e0000 - 0x00007ffbd9bc0000 	C:\WINDOWS\SYSTEM32\ntdll.dll
0x00007ffbd71a0000 - 0x00007ffbd724e000 	C:\WINDOWS\System32\KERNEL32.DLL
0x00007ffbd5de0000 - 0x00007ffbd6046000 	C:\WINDOWS\System32\KERNELBASE.dll
0x00007ffbd9170000 - 0x00007ffbd9211000 	C:\WINDOWS\System32\ADVAPI32.dll
0x00007ffbd6eb0000 - 0x00007ffbd6f4d000 	C:\WINDOWS\System32\msvcrt.dll
0x00007ffbd8810000 - 0x00007ffbd886b000 	C:\WINDOWS\System32\sechost.dll
0x00007ffbd8f60000 - 0x00007ffbd907f000 	C:\WINDOWS\System32\RPCRT4.dll
0x00007ffbd96a0000 - 0x00007ffbd982f000 	C:\WINDOWS\System32\USER32.dll
0x00007ffbd60a0000 - 0x00007ffbd60c0000 	C:\WINDOWS\System32\win32u.dll
0x00007ffbd9830000 - 0x00007ffbd9858000 	C:\WINDOWS\System32\GDI32.dll
0x00007ffbd62e0000 - 0x00007ffbd6473000 	C:\WINDOWS\System32\gdi32full.dll
0x00007ffbd60c0000 - 0x00007ffbd615b000 	C:\WINDOWS\System32\msvcp_win.dll
0x00007ffbd6160000 - 0x00007ffbd6256000 	C:\WINDOWS\System32\ucrtbase.dll
0x00007ffbbc760000 - 0x00007ffbbc9c9000 	C:\WINDOWS\WinSxS\amd64_microsoft.windows.common-controls_6595b64144ccf1df_6.0.16299.248_none_15ced204935f55d7\COMCTL32.dll
0x00007ffbd9390000 - 0x00007ffbd9698000 	C:\WINDOWS\System32\combase.dll
0x00007ffbd6260000 - 0x00007ffbd62d2000 	C:\WINDOWS\System32\bcryptPrimitives.dll
0x00007ffbd98c0000 - 0x00007ffbd98ed000 	C:\WINDOWS\System32\IMM32.DLL
0x0000000072010000 - 0x00000000720e2000 	C:\Program Files\Java\jre1.8.0_131\bin\msvcr100.dll
0x00000000716c0000 - 0x0000000071f5c000 	C:\Program Files\Java\jre1.8.0_131\bin\server\jvm.dll
0x00007ffbd88d0000 - 0x00007ffbd88d8000 	C:\WINDOWS\System32\PSAPI.DLL
0x00007ffbbb0d0000 - 0x00007ffbbb0d9000 	C:\WINDOWS\SYSTEM32\WSOCK32.dll
0x00007ffbd2830000 - 0x00007ffbd2853000 	C:\WINDOWS\SYSTEM32\WINMM.dll
0x00007ffbd7360000 - 0x00007ffbd73cc000 	C:\WINDOWS\System32\WS2_32.dll
0x00007ffbcbe30000 - 0x00007ffbcbe3a000 	C:\WINDOWS\SYSTEM32\VERSION.dll
0x00007ffbd27d0000 - 0x00007ffbd27fa000 	C:\WINDOWS\SYSTEM32\WINMMBASE.dll
0x00007ffbd6050000 - 0x00007ffbd609a000 	C:\WINDOWS\System32\cfgmgr32.dll
0x0000000072350000 - 0x000000007235f000 	C:\Program Files\Java\jre1.8.0_131\bin\verify.dll
0x0000000072320000 - 0x0000000072349000 	C:\Program Files\Java\jre1.8.0_131\bin\java.dll
0x0000000072300000 - 0x0000000072316000 	C:\Program Files\Java\jre1.8.0_131\bin\zip.dll
0x00007ffbd73d0000 - 0x00007ffbd8806000 	C:\WINDOWS\System32\SHELL32.dll
0x00007ffbd9900000 - 0x00007ffbd99a6000 	C:\WINDOWS\System32\shcore.dll
0x00007ffbd6530000 - 0x00007ffbd6c77000 	C:\WINDOWS\System32\windows.storage.dll
0x00007ffbd8d30000 - 0x00007ffbd8d81000 	C:\WINDOWS\System32\shlwapi.dll
0x00007ffbd5d30000 - 0x00007ffbd5d41000 	C:\WINDOWS\System32\kernel.appcore.dll
0x00007ffbd5d70000 - 0x00007ffbd5dbc000 	C:\WINDOWS\System32\powrprof.dll
0x00007ffbd5dc0000 - 0x00007ffbd5ddb000 	C:\WINDOWS\System32\profapi.dll
0x00000000720f0000 - 0x0000000072288000 	C:\Program Files\Java\jre1.8.0_131\bin\awt.dll
0x00007ffbd9080000 - 0x00007ffbd9145000 	C:\WINDOWS\System32\OLEAUT32.dll
0x00007ffbd3c10000 - 0x00007ffbd3c98000 	C:\WINDOWS\SYSTEM32\apphelp.dll
0x00007ffbd3d90000 - 0x00007ffbd3e25000 	C:\WINDOWS\system32\uxtheme.dll
0x00007ffbd9220000 - 0x00007ffbd9387000 	C:\WINDOWS\System32\MSCTF.dll
0x00007ffbab640000 - 0x00007ffbab6e9000 	C:\Program Files\Common Files\microsoft shared\ink\tiptsf.dll
0x00007ffbd40e0000 - 0x00007ffbd410a000 	C:\WINDOWS\system32\dwmapi.dll
0x00007ffbd8e10000 - 0x00007ffbd8f59000 	C:\WINDOWS\System32\ole32.dll
0x00007ffbadac0000 - 0x00007ffbadbde000 	C:\WINDOWS\system32\opengl32.dll
0x00007ffbc93f0000 - 0x00007ffbc941c000 	C:\WINDOWS\SYSTEM32\GLU32.dll
0x0000000071670000 - 0x00000000716b7000 	C:\Program Files\Java\jre1.8.0_131\bin\fontmanager.dll
0x00000000722e0000 - 0x00000000722fa000 	C:\Program Files\Java\jre1.8.0_131\bin\net.dll
0x0000000180000000 - 0x000000018008c000 	C:\WINDOWS\system32\ASProxy64.dll
0x00007ffbd55c0000 - 0x00007ffbd5626000 	C:\WINDOWS\SYSTEM32\MSWSOCK.dll
0x00007ffbd5350000 - 0x00007ffbd5389000 	C:\WINDOWS\SYSTEM32\IPHLPAPI.DLL
0x00007ffbd5c60000 - 0x00007ffbd5c90000 	C:\WINDOWS\SYSTEM32\SspiCli.dll
0x00000000722c0000 - 0x00000000722d1000 	C:\Program Files\Java\jre1.8.0_131\bin\nio.dll
0x0000000071620000 - 0x0000000071662000 	C:\Program Files\Java\jre1.8.0_131\bin\t2k.dll
0x00007ffbc5920000 - 0x00007ffbc595e000 	C:\Users\weand\Desktop\Capstone project\CCR\GantryRobot\LeapMotion\LeapSDK\lib\x64\LeapJava.dll
0x00007ffbbbfa0000 - 0x00007ffbbc046000 	C:\Program Files\Java\jre1.8.0_131\bin\MSVCP120.dll
0x00007ffba7220000 - 0x00007ffba730f000 	C:\Program Files\Java\jre1.8.0_131\bin\MSVCR120.dll
0x00007ffba70b0000 - 0x00007ffba721b000 	C:\Users\weand\Desktop\Capstone project\CCR\GantryRobot\LeapMotion\LeapSDK\lib\x64\Leap.dll
0x00007ffbd4e70000 - 0x00007ffbd4ea1000 	C:\WINDOWS\SYSTEM32\ntmarta.dll
0x00007ffb8b090000 - 0x00007ffb8ba61000 	C:\Users\weand\Desktop\Capstone project\CCR\GantryRobot\OpenCV\opencv\build\java\x64\opencv_java2410.dll
0x00007ffbc8e00000 - 0x00007ffbc8e1f000 	C:\WINDOWS\SYSTEM32\AVIFIL32.dll
0x00007ffbc9000000 - 0x00007ffbc9018000 	C:\WINDOWS\SYSTEM32\AVICAP32.dll
0x00007ffbc9420000 - 0x00007ffbc9449000 	C:\WINDOWS\SYSTEM32\MSVFW32.dll
0x00007ffbcd340000 - 0x00007ffbcd35c000 	C:\WINDOWS\SYSTEM32\MSACM32.dll
0x00007ffbd6f50000 - 0x00007ffbd6fee000 	C:\WINDOWS\System32\clbcatq.dll
0x00007ffbd22d0000 - 0x00007ffbd247b000 	C:\WINDOWS\SYSTEM32\WindowsCodecs.dll
0x00007ffbb06c0000 - 0x00007ffbb070f000 	C:\WINDOWS\system32\dataexchange.dll
0x00007ffbd2d50000 - 0x00007ffbd3032000 	C:\WINDOWS\system32\d3d11.dll
0x00007ffbd36e0000 - 0x00007ffbd3822000 	C:\WINDOWS\system32\dcomp.dll
0x00007ffbd4ba0000 - 0x00007ffbd4c4f000 	C:\WINDOWS\system32\dxgi.dll
0x00007ffbd4260000 - 0x00007ffbd43db000 	C:\WINDOWS\system32\twinapi.appcore.dll
0x00007ffbd41d0000 - 0x00007ffbd41f0000 	C:\WINDOWS\system32\RMCLIENT.dll
0x00007ffbd5890000 - 0x00007ffbd58b5000 	C:\WINDOWS\system32\bcrypt.dll
0x00007ffbb5800000 - 0x00007ffbb5898000 	C:\WINDOWS\System32\TextInputFramework.dll
0x00007ffbd3600000 - 0x00007ffbd36dc000 	C:\WINDOWS\System32\CoreMessaging.dll
0x00007ffbd1ea0000 - 0x00007ffbd218e000 	C:\WINDOWS\System32\CoreUIComponents.dll
0x00007ffbd1d60000 - 0x00007ffbd1e96000 	C:\WINDOWS\SYSTEM32\wintypes.dll
0x00007ffbb3d40000 - 0x00007ffbb3f46000 	C:\Windows\System32\uiautomationcore.dll
0x00007ffbd5b90000 - 0x00007ffbd5c2a000 	C:\WINDOWS\SYSTEM32\sxs.dll
0x00007ffbb0d00000 - 0x00007ffbb0d6e000 	C:\Windows\System32\OLEACC.dll
0x00007ffbb52a0000 - 0x00007ffbb5321000 	C:\WINDOWS\SYSTEM32\twinapi.dll
0x00007ffbca7d0000 - 0x00007ffbca7e8000 	C:\Windows\System32\devenum.dll
0x00007ffbd88e0000 - 0x00007ffbd8d2e000 	C:\WINDOWS\System32\setupapi.dll
0x00007ffbd5b40000 - 0x00007ffbd5b67000 	C:\WINDOWS\SYSTEM32\DEVOBJ.dll
0x00007ffbd6c80000 - 0x00007ffbd6cd8000 	C:\WINDOWS\System32\WINTRUST.dll
0x00007ffbd5d50000 - 0x00007ffbd5d62000 	C:\WINDOWS\System32\MSASN1.dll
0x00007ffbd6ce0000 - 0x00007ffbd6eae000 	C:\WINDOWS\System32\CRYPT32.dll
0x00007ffbb0710000 - 0x00007ffbb071a000 	C:\WINDOWS\SYSTEM32\msdmo.dll
0x00007ffbc9740000 - 0x00007ffbc9773000 	C:\Windows\System32\qcap.dll
0x00007ffbc36f0000 - 0x00007ffbc38ac000 	C:\Windows\System32\quartz.dll
0x00007ffbc9530000 - 0x00007ffbc957e000 	C:\Windows\System32\mfksproxy.dll
0x00007ffbcdb20000 - 0x00007ffbcdb3d000 	C:\Windows\System32\ATL.DLL
0x00007ffbcd890000 - 0x00007ffbcd8c6000 	C:\Windows\System32\MFSENSORGROUP.dll
0x00007ffbcd6d0000 - 0x00007ffbcd881000 	C:\Windows\System32\MFPlat.DLL
0x00007ffbcd690000 - 0x00007ffbcd6c2000 	C:\Windows\System32\RTWorkQ.DLL
0x00007ffbccc10000 - 0x00007ffbcd057000 	C:\Windows\System32\MFCORE.dll
0x00007ffbccc00000 - 0x00007ffbccc09000 	C:\Windows\System32\ksuser.dll
0x00007ffbd57a0000 - 0x00007ffbd57ab000 	C:\Windows\System32\CRYPTBASE.DLL
0x00007ffbb1890000 - 0x00007ffbb18e0000 	C:\Windows\System32\FSClient.dll
0x00007ffbd22c0000 - 0x00007ffbd22ca000 	C:\Windows\System32\AVRT.dll
0x00007ffbc9710000 - 0x00007ffbc971c000 	C:\Windows\System32\vidcap.ax
0x00007ffbbdd50000 - 0x00007ffbbdd76000 	C:\Windows\System32\kswdmcap.ax
0x00007ffb9c1a0000 - 0x00007ffb9c305000 	C:\Windows\System32\MFC42.dll
0x00007ffb99740000 - 0x00007ffb99cb2000 	C:\WINDOWS\system32\IntelCameraPlugin64.dll
0x00007ffbd1b90000 - 0x00007ffbd1c0a000 	C:\WINDOWS\SYSTEM32\policymanager.dll
0x00007ffbd1a30000 - 0x00007ffbd1ac0000 	C:\Windows\System32\msvcp110_win.dll
0x00007ffb9c7a0000 - 0x00007ffb9c8aa000 	C:\Windows\System32\MFReadWrite.dll
0x00007ffbbd5d0000 - 0x00007ffbbd670000 	C:\Windows\System32\qedit.dll
0x00007ffbd7250000 - 0x00007ffbd735a000 	C:\WINDOWS\System32\COMDLG32.dll
0x00007ffbba4f0000 - 0x00007ffbba68c000 	C:\WINDOWS\WinSxS\amd64_microsoft.windows.gdiplus_6595b64144ccf1df_1.1.16299.248_none_46b9c4e9edf1cfa5\gdiplus.dll
0x00007ffba3f80000 - 0x00007ffba4076000 	C:\Windows\System32\DDRAW.dll
0x00007ffbd28a0000 - 0x00007ffbd28a8000 	C:\Windows\System32\DCIMAN32.dll
0x00007ffbd25b0000 - 0x00007ffbd25bc000 	C:\WINDOWS\SYSTEM32\msyuv.dll
0x00007ffbd5780000 - 0x00007ffbd5797000 	C:\WINDOWS\SYSTEM32\CRYPTSP.dll
0x00007ffbd51d0000 - 0x00007ffbd5203000 	C:\WINDOWS\system32\rsaenh.dll
0x00007ffbd5c30000 - 0x00007ffbd5c59000 	C:\WINDOWS\SYSTEM32\USERENV.dll
0x00007ffbd6ff0000 - 0x00007ffbd6ff8000 	C:\WINDOWS\System32\NSI.dll
0x00007ffbcbc40000 - 0x00007ffbcbc56000 	C:\WINDOWS\SYSTEM32\dhcpcsvc6.DLL
0x00007ffbcbf30000 - 0x00007ffbcbf4a000 	C:\WINDOWS\SYSTEM32\dhcpcsvc.DLL
0x00007ffbd4720000 - 0x00007ffbd48e8000 	C:\WINDOWS\SYSTEM32\dbghelp.dll

VM Arguments:
jvm_args: -Djava.library.path=C:\Users\weand\Desktop\Capstone project\CCR\GantryRobot\mfz-rxtx-2.2-20081207-win-x64;C:\Users\weand\Desktop\Capstone project\CCR\GantryRobot\OpenCV\opencv\build\java\x64;C:\Users\weand\Desktop\Capstone project\CCR\GantryRobot\LeapMotion\LeapSDK\lib\x64 -Dfile.encoding=Cp1252 
java_command: leap.RXTXGui
java_class_path (initial): C:\Users\weand\workspace\Gantry_1\bin;C:\Users\weand\Desktop\Capstone project\CCR\GantryRobot\mfz-rxtx-2.2-20081207-win-x64\RXTXcomm.jar;C:\Users\weand\Desktop\Capstone project\CCR\GantryRobot\OpenCV\opencv\build\java\opencv-2410.jar;C:\Users\weand\Desktop\Capstone project\CCR\GantryRobot\LeapMotion\LeapSDK\lib\LeapJava.jar
Launcher Type: SUN_STANDARD

Environment Variables:
PATH=C:\Users\weand\Desktop\Capstone project\CCR\GantryRobot\LeapMotion\LeapSDK\lib\x64;n;C:/Program Files/Java/jre1.8.0_131/lib/amd64;C:\ProgramData\Oracle\Java\javapath;C:\Program Files\Microsoft MPI\Bin\;C:\WINDOWS\system32;C:\WINDOWS;C:\WINDOWS\System32\Wbem;C:\WINDOWS\System32\WindowsPowerShell\v1.0\;C:\Program Files (x86)\Skype\Phone\;C:\Program Files\Microsoft SQL Server\130\Tools\Binn\;C:\Program Files\dotnet\;C:\Program Files (x86)\GtkSharp\2.12\bin;C:\Program Files\MySQL\MySQL Utilities 1.6\;C:\Program Files\Git\cmd;C:\Users\weand\AppData\Local\Microsoft\WindowsApps;C:\Program Files (x86)\Spiceworks\Nmap;;C:\Users\weand\Downloads\eclipse-java-kepler-SR1-win32-x86_64\eclipse;C:/Program Files/Java/jre1.8.0_131/bin/server;C:/Program Files/Java/jre1.8.0_131/bin;C:/Program Files/Java/jre1.8.0_131/lib/amd64;C:\ProgramData\Oracle\Java\javapath;C:\Program Files\Microsoft MPI\Bin\;C:\WINDOWS\system32;C:\WINDOWS;C:\WINDOWS\System32\Wbem;C:\WINDOWS\System32\WindowsPowerShell\v1.0\;C:\Program Files (x86)\Skype\Phone\;C:\Program Files\Microsoft SQL Server\130\Tools\Binn\;C:\Program Files\dotnet\;C:\Program Files (x86)\GtkSharp\2.12\bin;C:\Program Files\MySQL\MySQL Utilities 1.6\;C:\Program Files\Git\cmd;C:\Users\weand\AppData\Local\Microsoft\WindowsApps;C:\Program Files (x86)\Spiceworks\Nmap;;C:\Users\weand\Downloads\eclipse-java-kepler-SR1-win32-x86_64\eclipse;
USERNAME=weand
OS=Windows_NT
PROCESSOR_IDENTIFIER=Intel64 Family 6 Model 78 Stepping 3, GenuineIntel



---------------  S Y S T E M  ---------------

OS: Windows 10.0 , 64 bit Build 16299 (10.0.16299.15)

CPU:total 4 (initial active 4) (2 cores per cpu, 2 threads per core) family 6 model 78 stepping 3, cmov, cx8, fxsr, mmx, sse, sse2, sse3, ssse3, sse4.1, sse4.2, popcnt, avx, avx2, aes, clmul, erms, rtm, 3dnowpref, lzcnt, ht, tsc, tscinvbit, bmi1, bmi2, adx

Memory: 4k page, physical 8311896k(1930308k free), swap 12768344k(3123332k free)

vm_info: Java HotSpot(TM) 64-Bit Server VM (25.131-b11) for windows-amd64 JRE (1.8.0_131-b11), built on Mar 15 2017 01:23:53 by "java_re" with MS VC++ 10.0 (VS2010)

time: Fri Mar 16 10:18:45 2018
elapsed time: 55 seconds (0d 0h 0m 55s)

