#
# A fatal error has been detected by the Java Runtime Environment:
#
#  Internal Error (0xc000000d), pid=25404, tid=0x0000000000005b10
#
# JRE version: Java(TM) SE Runtime Environment (8.0_131-b11) (build 1.8.0_131-b11)
# Java VM: Java HotSpot(TM) 64-Bit Server VM (25.131-b11 mixed mode windows-amd64 compressed oops)
# Problematic frame:
# C  [ntdll.dll+0x10b2c0]
#
# Failed to write core dump. Minidumps are not enabled by default on client versions of Windows
#
# If you would like to submit a bug report, please visit:
#   http://bugreport.java.com/bugreport/crash.jsp
#

---------------  T H R E A D  ---------------

Current thread (0x0000000019647800):  VMThread [stack: 0x000000001a6e0000,0x000000001a7e0000] [id=23312]

siginfo: ExceptionCode=0xc000000d

Registers:
RAX=0x00000000049f20b0, RBX=0x0000000000000001, RCX=0x0000000019648c20, RDX=0x0000000000000001
RSP=0x000000001a7dea20, RBP=0x000000001f36f940, RSI=0x000000001f36fb78, RDI=0x000000001f34fa60
R8 =0x00000000049f20b0, R9 =0x0000000019648c20, R10=0x0000000000000001, R11=0x0000000019648c30
R12=0x00007ffe63d26680, R13=0x0000000000000001, R14=0x000000001f3514e0, R15=0x000000001f3514e0
RIP=0x00007ffe6d8fb2c0, EFLAGS=0x0000000000000206

Top of Stack: (sp=0x000000001a7dea20)
0x000000001a7dea20:   0000000000000057 0000000000000001
0x000000001a7dea30:   000000001f36fb78 000000001f34fa60
0x000000001a7dea40:   00000000c000000d 0000000000000000
0x000000001a7dea50:   00007ffe6d8fb2c0 0000000000000000
0x000000001a7dea60:   0000000000000000 0000000000000000
0x000000001a7dea70:   0000000000000000 0000000000000000
0x000000001a7dea80:   0000000000000000 0000000000000000
0x000000001a7dea90:   0000000000000000 0000000000000000
0x000000001a7deaa0:   0000000000000000 0000000000000000
0x000000001a7deab0:   0000000000000000 0000000000000000
0x000000001a7deac0:   0000000000000000 0000000000000000
0x000000001a7dead0:   0000000000000000 0000000000000000
0x000000001a7deae0:   000004c004f7cdf4 000000001f34fa60
0x000000001a7deaf0:   000000001f36fb78 00007ffe63d24907
0x000000001a7deb00:   000000001f34fa60 000000001f3514e0
0x000000001a7deb10:   00000000f46857d4 0000000000000020 

Instructions: (pc=0x00007ffe6d8fb2c0)
0x00007ffe6d8fb2a0:   b7 f9 ff c7 44 24 20 0d 00 00 c0 b9 57 00 00 00
0x00007ffe6d8fb2b0:   e8 3b 63 f3 ff 90 48 8d 4c 24 20 e8 80 00 f1 ff
0x00007ffe6d8fb2c0:   eb 00 48 8b 8c 24 c0 00 00 00 48 33 cc e8 ae 57
0x00007ffe6d8fb2d0:   f8 ff 48 81 c4 d8 00 00 00 c3 40 55 48 83 ec 20 


Register to memory mapping:

RAX=0x00000000049f20b0 is an unknown value
RBX=0x0000000000000001 is an unknown value
RCX=0x0000000019648c20 is an unknown value
RDX=0x0000000000000001 is an unknown value
RSP=0x000000001a7dea20 is an unknown value
RBP=0x000000001f36f940 is an unknown value
RSI=0x000000001f36fb78 is an unknown value
RDI=0x000000001f34fa60 is an unknown value
R8 =0x00000000049f20b0 is an unknown value
R9 =0x0000000019648c20 is an unknown value
R10=0x0000000000000001 is an unknown value
R11=0x0000000019648c30 is an unknown value
R12=0x00007ffe63d26680 is an unknown value
R13=0x0000000000000001 is an unknown value
R14=0x000000001f3514e0 is an unknown value
R15=0x000000001f3514e0 is an unknown value


Stack: [0x000000001a6e0000,0x000000001a7e0000],  sp=0x000000001a7dea20,  free space=1018k
Native frames: (J=compiled Java code, j=interpreted, Vv=VM code, C=native code)
C  [ntdll.dll+0x10b2c0]
C  [RTWorkQ.DLL+0x4907]
C  [RTWorkQ.DLL+0x9e46]
C  [RTWorkQ.DLL+0x7565]
C  [MFPlat.DLL+0x1d05b]
C  [MFReadWrite.dll+0x16348]
C  [MFReadWrite.dll+0xfb0d]
C  [MFReadWrite.dll+0xf863]
C  [mfksproxy.dll+0x194d0]
C  [mfksproxy.dll+0x18069]
C  [mfksproxy.dll+0x6eeb]
C  [quartz.dll+0x42e19]
C  [quartz.dll+0x553ef]
C  [quartz.dll+0x57932]
C  [quartz.dll+0x56d75]
C  [opencv_java2410.dll+0x2aaa1e]
C  [opencv_java2410.dll+0x5f43d0]
C  [opencv_java2410.dll+0x508e75]
C  [opencv_java2410.dll+0x4fc0f6]
C  [opencv_java2410.dll+0x4fc269]
C  [ntdll.dll+0x11493]
C  [ntdll.dll+0x406b5]
C  [ntdll.dll+0x40574]
C  [KERNEL32.DLL+0xf06a]
C  [msvcr100.dll+0x20ccd]
V  [jvm.dll+0x213235]
V  [jvm.dll+0x24c2a7]
V  [jvm.dll+0x24b546]
V  [jvm.dll+0x24b9e1]
V  [jvm.dll+0x24bbfe]
V  [jvm.dll+0x29cc1a]
C  [msvcr100.dll+0x21d9f]
C  [msvcr100.dll+0x21e3b]
C  [KERNEL32.DLL+0x11fe4]
C  [ntdll.dll+0x6efb1]

VM_Operation (0x000000001c8dd310): Exit, mode: safepoint, requested by thread 0x000000001b2ab000


---------------  P R O C E S S  ---------------

Java Threads: ( => current thread )
  0x000000001dd7f800 JavaThread "TimerQueue" daemon [_thread_blocked, id=3572, stack(0x000000001ef30000,0x000000001f030000)]
  0x0000000004a00800 JavaThread "DestroyJavaVM" [_thread_blocked, id=13388, stack(0x0000000004870000,0x0000000004970000)]
  0x000000001b2ab000 JavaThread "AWT-EventQueue-0" [_thread_blocked, id=2912, stack(0x000000001c7e0000,0x000000001c8e0000)]
  0x000000001b2a1000 JavaThread "AWT-Shutdown" [_thread_blocked, id=18536, stack(0x000000001bab0000,0x000000001bbb0000)]
  0x000000001b2a0800 JavaThread "Java2D Disposer" daemon [_thread_blocked, id=6928, stack(0x000000001b9b0000,0x000000001bab0000)]
  0x00000000196dc000 JavaThread "Service Thread" daemon [_thread_blocked, id=3912, stack(0x000000001b3d0000,0x000000001b4d0000)]
  0x000000001aed8800 JavaThread "C1 CompilerThread2" daemon [_thread_blocked, id=16052, stack(0x000000001b2d0000,0x000000001b3d0000)]
  0x00000000196d5800 JavaThread "C2 CompilerThread1" daemon [_thread_blocked, id=19944, stack(0x000000001add0000,0x000000001aed0000)]
  0x000000001967f000 JavaThread "C2 CompilerThread0" daemon [_thread_blocked, id=24828, stack(0x000000001acd0000,0x000000001add0000)]
  0x000000001967e000 JavaThread "Attach Listener" daemon [_thread_blocked, id=464, stack(0x000000001abd0000,0x000000001acd0000)]
  0x000000001967c800 JavaThread "Signal Dispatcher" daemon [_thread_blocked, id=11672, stack(0x000000001aad0000,0x000000001abd0000)]
  0x000000001966a800 JavaThread "Finalizer" daemon [_thread_blocked, id=14664, stack(0x000000001a8e0000,0x000000001a9e0000)]
  0x0000000004aef000 JavaThread "Reference Handler" daemon [_thread_blocked, id=24368, stack(0x000000001a7e0000,0x000000001a8e0000)]

Other Threads:
=>0x0000000019647800 VMThread [stack: 0x000000001a6e0000,0x000000001a7e0000] [id=23312]

VM state:at safepoint (shutting down)

VM Mutex/Monitor currently owned by a thread:  ([mutex/lock_event])
[0x00000000049fca30] Threads_lock - owner thread: 0x0000000019647800

Heap:
 PSYoungGen      total 38400K, used 30154K [0x00000000d5b80000, 0x00000000d8600000, 0x0000000100000000)
  eden space 33280K, 85% used [0x00000000d5b80000,0x00000000d774b6f0,0x00000000d7c00000)
  from space 5120K, 33% used [0x00000000d7c00000,0x00000000d7da71a0,0x00000000d8100000)
  to   space 5120K, 0% used [0x00000000d8100000,0x00000000d8100000,0x00000000d8600000)
 ParOldGen       total 87552K, used 22992K [0x0000000081200000, 0x0000000086780000, 0x00000000d5b80000)
  object space 87552K, 26% used [0x0000000081200000,0x0000000082874338,0x0000000086780000)
 Metaspace       used 11944K, capacity 12134K, committed 12416K, reserved 1060864K
  class space    used 1456K, capacity 1543K, committed 1664K, reserved 1048576K

Card table byte_map: [0x0000000013ec0000,0x00000000142c0000] byte_map_base: 0x0000000013ab7000

Marking Bits: (ParMarkBitMap*) 0x000000006680c720
 Begin Bits: [0x0000000014970000, 0x0000000016928000)
 End Bits:   [0x0000000016928000, 0x00000000188e0000)

Polling page: 0x0000000004970000

CodeCache: size=245760Kb used=4387Kb max_used=4387Kb free=241372Kb
 bounds [0x0000000004b00000, 0x0000000004f50000, 0x0000000013b00000]
 total_blobs=1841 nmethods=1250 adapters=503
 compilation: enabled

Compilation events (10 events):
Event: 628.325 Thread 0x000000001aed8800 1260       3       sun.util.locale.LocaleUtils::caseIgnoreMatch (73 bytes)
Event: 628.327 Thread 0x000000001aed8800 nmethod 1260 0x0000000004f42650 code [0x0000000004f42860, 0x0000000004f43498]
Event: 633.635 Thread 0x000000001aed8800 1261       3       java.awt.image.BufferedImage::getWidth (8 bytes)
Event: 633.635 Thread 0x000000001aed8800 nmethod 1261 0x0000000004f3d550 code [0x0000000004f3d6a0, 0x0000000004f3d890]
Event: 633.635 Thread 0x000000001aed8800 1263       3       javax.swing.JComponent::rectangleIsObscured (119 bytes)
Event: 633.643 Thread 0x000000001aed8800 nmethod 1263 0x0000000004f43a50 code [0x0000000004f43c60, 0x0000000004f449a8]
Event: 633.643 Thread 0x000000001aed8800 1264   !   3       javax.swing.JComponent::paintChildren (669 bytes)
Event: 633.680 Thread 0x000000001aed8800 nmethod 1264 0x0000000004f44dd0 code [0x0000000004f453a0, 0x0000000004f4a1e8]
Event: 633.680 Thread 0x000000001aed8800 1262       3       java.awt.image.BufferedImage::getHeight (8 bytes)
Event: 633.681 Thread 0x000000001aed8800 nmethod 1262 0x0000000004f3d150 code [0x0000000004f3d2a0, 0x0000000004f3d490]

GC Heap History (2 events):
Event: 584.482 GC heap before
{Heap before GC invocations=1 (full 0):
 PSYoungGen      total 38400K, used 33280K [0x00000000d5b80000, 0x00000000d8600000, 0x0000000100000000)
  eden space 33280K, 100% used [0x00000000d5b80000,0x00000000d7c00000,0x00000000d7c00000)
  from space 5120K, 0% used [0x00000000d8100000,0x00000000d8100000,0x00000000d8600000)
  to   space 5120K, 0% used [0x00000000d7c00000,0x00000000d7c00000,0x00000000d8100000)
 ParOldGen       total 87552K, used 22976K [0x0000000081200000, 0x0000000086780000, 0x00000000d5b80000)
  object space 87552K, 26% used [0x0000000081200000,0x0000000082870338,0x0000000086780000)
 Metaspace       used 10619K, capacity 10854K, committed 11008K, reserved 1058816K
  class space    used 1317K, capacity 1415K, committed 1536K, reserved 1048576K
Event: 584.487 GC heap after
Heap after GC invocations=1 (full 0):
 PSYoungGen      total 38400K, used 1692K [0x00000000d5b80000, 0x00000000d8600000, 0x0000000100000000)
  eden space 33280K, 0% used [0x00000000d5b80000,0x00000000d5b80000,0x00000000d7c00000)
  from space 5120K, 33% used [0x00000000d7c00000,0x00000000d7da71a0,0x00000000d8100000)
  to   space 5120K, 0% used [0x00000000d8100000,0x00000000d8100000,0x00000000d8600000)
 ParOldGen       total 87552K, used 22992K [0x0000000081200000, 0x0000000086780000, 0x00000000d5b80000)
  object space 87552K, 26% used [0x0000000081200000,0x0000000082874338,0x0000000086780000)
 Metaspace       used 10619K, capacity 10854K, committed 11008K, reserved 1058816K
  class space    used 1317K, capacity 1415K, committed 1536K, reserved 1048576K
}

Deoptimization events (10 events):
Event: 45.302 Thread 0x000000001b2ab000 Uncommon trap: reason=unstable_if action=reinterpret pc=0x0000000004d19424 method=leap.ImagePanel.paint(Ljava/awt/Graphics;)V @ 378
Event: 141.366 Thread 0x000000001b2a4000 Uncommon trap: reason=unstable_if action=reinterpret pc=0x0000000004df1014 method=java.util.concurrent.locks.ReentrantLock$NonfairSync.lock()V @ 6
Event: 485.069 Thread 0x000000001b2a4000 Uncommon trap: reason=unstable_if action=reinterpret pc=0x0000000004de8848 method=java.util.concurrent.locks.ReentrantLock$NonfairSync.lock()V @ 6
Event: 601.804 Thread 0x000000001b2ab000 Uncommon trap: reason=unstable_if action=reinterpret pc=0x0000000004df0bc4 method=java.util.concurrent.locks.ReentrantLock$Sync.tryRelease(I)Z @ 28
Event: 601.813 Thread 0x000000001b2ab000 Uncommon trap: reason=unstable_if action=reinterpret pc=0x0000000004de8ac0 method=java.util.concurrent.locks.ReentrantLock$Sync.tryRelease(I)Z @ 28
Event: 602.003 Thread 0x000000001b2ab000 Uncommon trap: reason=bimorphic action=maybe_recompile pc=0x0000000004e65afc method=java.util.HashMap.getNode(ILjava/lang/Object;)Ljava/util/HashMap$Node; @ 126
Event: 602.003 Thread 0x000000001b2ab000 Uncommon trap: reason=bimorphic action=maybe_recompile pc=0x0000000004e65afc method=java.util.HashMap.getNode(ILjava/lang/Object;)Ljava/util/HashMap$Node; @ 126
Event: 602.004 Thread 0x000000001b2ab000 Uncommon trap: reason=bimorphic action=maybe_recompile pc=0x0000000004e65afc method=java.util.HashMap.getNode(ILjava/lang/Object;)Ljava/util/HashMap$Node; @ 126
Event: 602.004 Thread 0x000000001b2ab000 Uncommon trap: reason=bimorphic action=maybe_recompile pc=0x0000000004e65afc method=java.util.HashMap.getNode(ILjava/lang/Object;)Ljava/util/HashMap$Node; @ 126
Event: 620.777 Thread 0x000000001b2ab000 Uncommon trap: reason=unstable_if action=reinterpret pc=0x0000000004e71ffc method=java.awt.Toolkit$SelectiveAWTEventListener.eventDispatched(Ljava/awt/AWTEvent;)V @ 250

Internal exceptions (10 events):
Event: 509.530 Thread 0x000000001b2ab000 Exception <a 'java/lang/NullPointerException'> (0x00000000d774fb28) thrown at [C:\re\workspace\8-2-build-windows-amd64-cygwin\jdk8u131\8869\hotspot\src\share\vm\interpreter\linkResolver.cpp, line 1197]
Event: 509.530 Thread 0x000000001b2ab000 Exception <a 'java/lang/NullPointerException'> (0x00000000d7750288) thrown at [C:\re\workspace\8-2-build-windows-amd64-cygwin\jdk8u131\8869\hotspot\src\share\vm\interpreter\linkResolver.cpp, line 1197]
Event: 509.530 Thread 0x000000001b2ab000 Exception <a 'java/lang/NullPointerException'> (0x00000000d77509e8) thrown at [C:\re\workspace\8-2-build-windows-amd64-cygwin\jdk8u131\8869\hotspot\src\share\vm\interpreter\linkResolver.cpp, line 1197]
Event: 509.530 Thread 0x000000001b2ab000 Exception <a 'java/lang/NullPointerException'> (0x00000000d7751148) thrown at [C:\re\workspace\8-2-build-windows-amd64-cygwin\jdk8u131\8869\hotspot\src\share\vm\interpreter\linkResolver.cpp, line 1197]
Event: 509.530 Thread 0x000000001b2ab000 Exception <a 'java/lang/NullPointerException'> (0x00000000d77518a8) thrown at [C:\re\workspace\8-2-build-windows-amd64-cygwin\jdk8u131\8869\hotspot\src\share\vm\interpreter\linkResolver.cpp, line 1197]
Event: 509.530 Thread 0x000000001b2ab000 Exception <a 'java/lang/NullPointerException'> (0x00000000d7752008) thrown at [C:\re\workspace\8-2-build-windows-amd64-cygwin\jdk8u131\8869\hotspot\src\share\vm\interpreter\linkResolver.cpp, line 1197]
Event: 509.531 Thread 0x000000001b2ab000 Exception <a 'java/lang/NullPointerException'> (0x00000000d7752768) thrown at [C:\re\workspace\8-2-build-windows-amd64-cygwin\jdk8u131\8869\hotspot\src\share\vm\interpreter\linkResolver.cpp, line 1197]
Event: 509.531 Thread 0x000000001b2ab000 Exception <a 'java/lang/NullPointerException'> (0x00000000d7752ec8) thrown at [C:\re\workspace\8-2-build-windows-amd64-cygwin\jdk8u131\8869\hotspot\src\share\vm\interpreter\linkResolver.cpp, line 1197]
Event: 509.531 Thread 0x000000001b2ab000 Exception <a 'java/lang/NullPointerException'> (0x00000000d7753628) thrown at [C:\re\workspace\8-2-build-windows-amd64-cygwin\jdk8u131\8869\hotspot\src\share\vm\interpreter\linkResolver.cpp, line 1197]
Event: 509.531 Thread 0x000000001b2ab000 Exception <a 'java/lang/NullPointerException'> (0x00000000d7753d88) thrown at [C:\re\workspace\8-2-build-windows-amd64-cygwin\jdk8u131\8869\hotspot\src\share\vm\interpreter\linkResolver.cpp, line 1197]

Events (10 events):
Event: 635.200 Executing VM operation: RevokeBias done
Event: 635.201 loading class java/util/WeakHashMap$KeyIterator
Event: 635.201 Thread 0x000000001e14e800 Thread exited: 0x000000001e14e800
Event: 635.206 loading class java/util/WeakHashMap$HashIterator
Event: 635.207 loading class java/util/WeakHashMap$HashIterator done
Event: 635.207 loading class java/util/WeakHashMap$KeyIterator done
Event: 635.208 Thread 0x000000001e14d800 Thread exited: 0x000000001e14d800
Event: 635.291 Thread 0x000000001b2a4000 Thread exited: 0x000000001b2a4000
Event: 635.306 Thread 0x000000001e14f800 Thread exited: 0x000000001e14f800
Event: 635.307 Executing VM operation: Exit


Dynamic libraries:
0x00007ff798fc0000 - 0x00007ff798ff7000 	C:\Program Files\Java\jre1.8.0_131\bin\javaw.exe
0x00007ffe6d7f0000 - 0x00007ffe6d9d0000 	C:\WINDOWS\SYSTEM32\ntdll.dll
0x00007ffe6af80000 - 0x00007ffe6b02e000 	C:\WINDOWS\System32\KERNEL32.DLL
0x00007ffe6a820000 - 0x00007ffe6aa86000 	C:\WINDOWS\System32\KERNELBASE.dll
0x00007ffe6b030000 - 0x00007ffe6b0d1000 	C:\WINDOWS\System32\ADVAPI32.dll
0x00007ffe6b0e0000 - 0x00007ffe6b17d000 	C:\WINDOWS\System32\msvcrt.dll
0x00007ffe6af20000 - 0x00007ffe6af7b000 	C:\WINDOWS\System32\sechost.dll
0x00007ffe6ce30000 - 0x00007ffe6cf4f000 	C:\WINDOWS\System32\RPCRT4.dll
0x00007ffe6b240000 - 0x00007ffe6b3cf000 	C:\WINDOWS\System32\USER32.dll
0x00007ffe69cf0000 - 0x00007ffe69d10000 	C:\WINDOWS\System32\win32u.dll
0x00007ffe6cc90000 - 0x00007ffe6ccb8000 	C:\WINDOWS\System32\GDI32.dll
0x00007ffe69ee0000 - 0x00007ffe6a073000 	C:\WINDOWS\System32\gdi32full.dll
0x00007ffe69d10000 - 0x00007ffe69dab000 	C:\WINDOWS\System32\msvcp_win.dll
0x00007ffe69bf0000 - 0x00007ffe69ce6000 	C:\WINDOWS\System32\ucrtbase.dll
0x00007ffe52240000 - 0x00007ffe524a9000 	C:\WINDOWS\WinSxS\amd64_microsoft.windows.common-controls_6595b64144ccf1df_6.0.16299.192_none_15c8cdae9364c23b\COMCTL32.dll
0x00007ffe6c920000 - 0x00007ffe6cc28000 	C:\WINDOWS\System32\combase.dll
0x00007ffe69e60000 - 0x00007ffe69ed2000 	C:\WINDOWS\System32\bcryptPrimitives.dll
0x00007ffe6b190000 - 0x00007ffe6b1bd000 	C:\WINDOWS\System32\IMM32.DLL
0x00000000675c0000 - 0x0000000067692000 	C:\Program Files\Java\jre1.8.0_131\bin\msvcr100.dll
0x0000000065ff0000 - 0x000000006688c000 	C:\Program Files\Java\jre1.8.0_131\bin\server\jvm.dll
0x00007ffe6ae30000 - 0x00007ffe6ae38000 	C:\WINDOWS\System32\PSAPI.DLL
0x00007ffe4f1d0000 - 0x00007ffe4f1d9000 	C:\WINDOWS\SYSTEM32\WSOCK32.dll
0x00007ffe6cdc0000 - 0x00007ffe6ce2c000 	C:\WINDOWS\System32\WS2_32.dll
0x00007ffe666e0000 - 0x00007ffe66703000 	C:\WINDOWS\SYSTEM32\WINMM.dll
0x00007ffe5fbb0000 - 0x00007ffe5fbba000 	C:\WINDOWS\SYSTEM32\VERSION.dll
0x00007ffe66680000 - 0x00007ffe666aa000 	C:\WINDOWS\SYSTEM32\WINMMBASE.dll
0x00007ffe6a080000 - 0x00007ffe6a0ca000 	C:\WINDOWS\System32\cfgmgr32.dll
0x0000000067760000 - 0x000000006776f000 	C:\Program Files\Java\jre1.8.0_131\bin\verify.dll
0x0000000067730000 - 0x0000000067759000 	C:\Program Files\Java\jre1.8.0_131\bin\java.dll
0x0000000067710000 - 0x0000000067726000 	C:\Program Files\Java\jre1.8.0_131\bin\zip.dll
0x00007ffe6b3d0000 - 0x00007ffe6c806000 	C:\WINDOWS\System32\SHELL32.dll
0x00007ffe6cf70000 - 0x00007ffe6d016000 	C:\WINDOWS\System32\shcore.dll
0x00007ffe6a0d0000 - 0x00007ffe6a817000 	C:\WINDOWS\System32\windows.storage.dll
0x00007ffe6d760000 - 0x00007ffe6d7b1000 	C:\WINDOWS\System32\shlwapi.dll
0x00007ffe69bd0000 - 0x00007ffe69be1000 	C:\WINDOWS\System32\kernel.appcore.dll
0x00007ffe69b60000 - 0x00007ffe69bac000 	C:\WINDOWS\System32\powrprof.dll
0x00007ffe69bb0000 - 0x00007ffe69bcb000 	C:\WINDOWS\System32\profapi.dll
0x0000000065e50000 - 0x0000000065fe8000 	C:\Program Files\Java\jre1.8.0_131\bin\awt.dll
0x00007ffe6ae50000 - 0x00007ffe6af15000 	C:\WINDOWS\System32\OLEAUT32.dll
0x00007ffe67ac0000 - 0x00007ffe67b48000 	C:\WINDOWS\SYSTEM32\apphelp.dll
0x00007ffe67c40000 - 0x00007ffe67cd5000 	C:\WINDOWS\system32\uxtheme.dll
0x00007ffe6acc0000 - 0x00007ffe6ae27000 	C:\WINDOWS\System32\MSCTF.dll
0x00007ffe3e9f0000 - 0x00007ffe3ea99000 	C:\Program Files\Common Files\microsoft shared\ink\tiptsf.dll
0x00007ffe67d10000 - 0x00007ffe67d3a000 	C:\WINDOWS\system32\dwmapi.dll
0x00007ffe6d470000 - 0x00007ffe6d5b9000 	C:\WINDOWS\System32\ole32.dll
0x00007ffe46790000 - 0x00007ffe468ae000 	C:\WINDOWS\system32\opengl32.dll
0x00007ffe5a600000 - 0x00007ffe5a62c000 	C:\WINDOWS\SYSTEM32\GLU32.dll
0x0000000067570000 - 0x00000000675b7000 	C:\Program Files\Java\jre1.8.0_131\bin\fontmanager.dll
0x00000000676f0000 - 0x000000006770a000 	C:\Program Files\Java\jre1.8.0_131\bin\net.dll
0x0000000180000000 - 0x000000018008c000 	C:\WINDOWS\system32\ASProxy64.dll
0x00007ffe693d0000 - 0x00007ffe69436000 	C:\WINDOWS\SYSTEM32\MSWSOCK.dll
0x00007ffe69160000 - 0x00007ffe69199000 	C:\WINDOWS\SYSTEM32\IPHLPAPI.DLL
0x00007ffe69a70000 - 0x00007ffe69aa0000 	C:\WINDOWS\SYSTEM32\SspiCli.dll
0x00000000676d0000 - 0x00000000676e1000 	C:\Program Files\Java\jre1.8.0_131\bin\nio.dll
0x0000000066aa0000 - 0x0000000066ae2000 	C:\Program Files\Java\jre1.8.0_131\bin\t2k.dll
0x00007ffe25110000 - 0x00007ffe25ae1000 	C:\Users\weand\Desktop\Capstone project\CCR\GantryRobot\OpenCV\opencv\build\java\x64\opencv_java2410.dll
0x00007ffe57280000 - 0x00007ffe572a9000 	C:\WINDOWS\SYSTEM32\MSVFW32.dll
0x00007ffe60cc0000 - 0x00007ffe60cd8000 	C:\WINDOWS\SYSTEM32\AVICAP32.dll
0x00007ffe59df0000 - 0x00007ffe59e0f000 	C:\WINDOWS\SYSTEM32\AVIFIL32.dll
0x00007ffe5aa00000 - 0x00007ffe5aa1c000 	C:\WINDOWS\SYSTEM32\MSACM32.dll
0x00007ffe6ccc0000 - 0x00007ffe6cd5e000 	C:\WINDOWS\System32\clbcatq.dll
0x00007ffe65620000 - 0x00007ffe657cb000 	C:\WINDOWS\SYSTEM32\WindowsCodecs.dll
0x00007ffe48af0000 - 0x00007ffe48b3f000 	C:\WINDOWS\system32\dataexchange.dll
0x00007ffe67590000 - 0x00007ffe676d2000 	C:\WINDOWS\system32\dcomp.dll
0x00007ffe66c00000 - 0x00007ffe66ee1000 	C:\WINDOWS\system32\d3d11.dll
0x00007ffe689b0000 - 0x00007ffe68a5f000 	C:\WINDOWS\system32\dxgi.dll
0x00007ffe68030000 - 0x00007ffe681ab000 	C:\WINDOWS\system32\twinapi.appcore.dll
0x00007ffe67fa0000 - 0x00007ffe67fc0000 	C:\WINDOWS\system32\RMCLIENT.dll
0x00007ffe696a0000 - 0x00007ffe696c5000 	C:\WINDOWS\system32\bcrypt.dll
0x00007ffe50c50000 - 0x00007ffe50ce8000 	C:\WINDOWS\System32\TextInputFramework.dll
0x00007ffe64ef0000 - 0x00007ffe651de000 	C:\WINDOWS\System32\CoreUIComponents.dll
0x00007ffe66ef0000 - 0x00007ffe66fcc000 	C:\WINDOWS\System32\CoreMessaging.dll
0x00007ffe68c80000 - 0x00007ffe68cb1000 	C:\WINDOWS\SYSTEM32\ntmarta.dll
0x00007ffe64db0000 - 0x00007ffe64ee6000 	C:\WINDOWS\SYSTEM32\wintypes.dll
0x00007ffe4bc30000 - 0x00007ffe4be36000 	C:\Windows\System32\uiautomationcore.dll
0x00007ffe699a0000 - 0x00007ffe69a3a000 	C:\WINDOWS\SYSTEM32\sxs.dll
0x00007ffe48130000 - 0x00007ffe4819e000 	C:\Windows\System32\OLEACC.dll
0x00007ffe4cfd0000 - 0x00007ffe4d051000 	C:\WINDOWS\SYSTEM32\twinapi.dll
0x00007ffe66530000 - 0x00007ffe66548000 	C:\Windows\System32\devenum.dll
0x00007ffe6d020000 - 0x00007ffe6d46e000 	C:\WINDOWS\System32\setupapi.dll
0x00007ffe69950000 - 0x00007ffe69977000 	C:\WINDOWS\SYSTEM32\DEVOBJ.dll
0x00007ffe6ac60000 - 0x00007ffe6acb8000 	C:\WINDOWS\System32\WINTRUST.dll
0x00007ffe69b40000 - 0x00007ffe69b52000 	C:\WINDOWS\System32\MSASN1.dll
0x00007ffe6aa90000 - 0x00007ffe6ac5e000 	C:\WINDOWS\System32\CRYPT32.dll
0x00007ffe5ae10000 - 0x00007ffe5ae1a000 	C:\WINDOWS\SYSTEM32\msdmo.dll
0x00007ffe56260000 - 0x00007ffe56293000 	C:\Windows\System32\qcap.dll
0x00007ffe42870000 - 0x00007ffe42a2c000 	C:\Windows\System32\quartz.dll
0x00007ffe541d0000 - 0x00007ffe5421e000 	C:\Windows\System32\mfksproxy.dll
0x00007ffe657e0000 - 0x00007ffe657fd000 	C:\Windows\System32\ATL.DLL
0x00007ffe640a0000 - 0x00007ffe640d6000 	C:\Windows\System32\MFSENSORGROUP.dll
0x00007ffe63d80000 - 0x00007ffe63f31000 	C:\Windows\System32\MFPlat.DLL
0x00007ffe63d20000 - 0x00007ffe63d52000 	C:\Windows\System32\RTWorkQ.DLL
0x00007ffe26dd0000 - 0x00007ffe27211000 	C:\Windows\System32\MFCORE.dll
0x00007ffe5ea50000 - 0x00007ffe5ea59000 	C:\Windows\System32\ksuser.dll
0x00007ffe69590000 - 0x00007ffe6959b000 	C:\Windows\System32\CRYPTBASE.DLL
0x00007ffe50410000 - 0x00007ffe50460000 	C:\Windows\System32\FSClient.dll
0x00007ffe65310000 - 0x00007ffe6531a000 	C:\Windows\System32\AVRT.dll
0x00007ffe60f80000 - 0x00007ffe60f8c000 	C:\Windows\System32\vidcap.ax
0x00007ffe5eac0000 - 0x00007ffe5eae6000 	C:\Windows\System32\kswdmcap.ax
0x00007ffe40be0000 - 0x00007ffe40d45000 	C:\Windows\System32\MFC42.dll
0x00007ffe32a50000 - 0x00007ffe32fc2000 	C:\WINDOWS\system32\IntelCameraPlugin64.dll
0x00007ffe66180000 - 0x00007ffe661fb000 	C:\WINDOWS\SYSTEM32\policymanager.dll
0x00007ffe660e0000 - 0x00007ffe66170000 	C:\Windows\System32\msvcp110_win.dll
0x00007ffe446c0000 - 0x00007ffe447ca000 	C:\Windows\System32\MFReadWrite.dll
0x00007ffe481f0000 - 0x00007ffe48290000 	C:\Windows\System32\qedit.dll
0x00007ffe6c810000 - 0x00007ffe6c91a000 	C:\WINDOWS\System32\COMDLG32.dll
0x00007ffe54410000 - 0x00007ffe545ac000 	C:\WINDOWS\WinSxS\amd64_microsoft.windows.gdiplus_6595b64144ccf1df_1.1.16299.192_none_46b3c093edf73c09\gdiplus.dll
0x00007ffe45a50000 - 0x00007ffe45b46000 	C:\Windows\System32\DDRAW.dll
0x00007ffe60f70000 - 0x00007ffe60f78000 	C:\Windows\System32\DCIMAN32.dll
0x00007ffe60ec0000 - 0x00007ffe60ecc000 	C:\WINDOWS\SYSTEM32\msyuv.dll
0x00007ffe695a0000 - 0x00007ffe695b7000 	C:\WINDOWS\SYSTEM32\CRYPTSP.dll
0x00007ffe68fe0000 - 0x00007ffe69013000 	C:\WINDOWS\system32\rsaenh.dll
0x00007ffe69a40000 - 0x00007ffe69a69000 	C:\WINDOWS\SYSTEM32\USERENV.dll
0x00007ffe6b180000 - 0x00007ffe6b188000 	C:\WINDOWS\System32\NSI.dll
0x00007ffe5fec0000 - 0x00007ffe5fed6000 	C:\WINDOWS\SYSTEM32\dhcpcsvc6.DLL
0x00007ffe5ff80000 - 0x00007ffe5ff9a000 	C:\WINDOWS\SYSTEM32\dhcpcsvc.DLL
0x00007ffe68530000 - 0x00007ffe686f8000 	C:\WINDOWS\SYSTEM32\dbghelp.dll

VM Arguments:
jvm_args: -Djava.library.path=C:\Users\weand\Desktop\Capstone project\CCR\GantryRobot\mfz-rxtx-2.2-20081207-win-x64;C:\Users\weand\Desktop\Capstone project\CCR\GantryRobot\OpenCV\opencv\build\java\x64;C:\Users\weand\Desktop\Capstone project\CCR\GantryRobot\LeapMotion\LeapSDK\lib\x64 -Dfile.encoding=Cp1252 
java_command: GantryClaw.ClawGui
java_class_path (initial): C:\Users\weand\workspace\Gantry_1\bin;C:\Users\weand\Desktop\Capstone project\CCR\GantryRobot\mfz-rxtx-2.2-20081207-win-x64\RXTXcomm.jar;C:\Users\weand\Desktop\Capstone project\CCR\GantryRobot\OpenCV\opencv\build\java\opencv-2410.jar;C:\Users\weand\Desktop\Capstone project\CCR\GantryRobot\LeapMotion\LeapSDK\lib\LeapJava.jar
Launcher Type: SUN_STANDARD

Environment Variables:
PATH=C:/Program Files/Java/jre1.8.0_131/bin/server;C:/Program Files/Java/jre1.8.0_131/bin;C:/Program Files/Java/jre1.8.0_131/lib/amd64;C:\ProgramData\Oracle\Java\javapath;C:\Program Files\Microsoft MPI\Bin\;C:\WINDOWS\system32;C:\WINDOWS;C:\WINDOWS\System32\Wbem;C:\WINDOWS\System32\WindowsPowerShell\v1.0\;C:\Program Files (x86)\Skype\Phone\;C:\Program Files\Microsoft SQL Server\130\Tools\Binn\;C:\Program Files\dotnet\;C:\Program Files\Anaconda3;C:\Program Files\Anaconda3\Scripts;C:\Program Files\Anaconda3\Library\bin;C:\Program Files\Git\cmd;C:\Program Files (x86)\GtkSharp\2.12\bin;C:\Program Files\MySQL\MySQL Utilities 1.6\;C:\Users\weand\AppData\Local\Microsoft\WindowsApps;C:\Program Files (x86)\Spiceworks\Nmap;;C:\Users\weand\Downloads\eclipse-java-kepler-SR1-win32-x86_64\eclipse;
USERNAME=weand
OS=Windows_NT
PROCESSOR_IDENTIFIER=Intel64 Family 6 Model 78 Stepping 3, GenuineIntel



---------------  S Y S T E M  ---------------

OS: Windows 10.0 , 64 bit Build 16299 (10.0.16299.15)

CPU:total 4 (initial active 4) (2 cores per cpu, 2 threads per core) family 6 model 78 stepping 3, cmov, cx8, fxsr, mmx, sse, sse2, sse3, ssse3, sse4.1, sse4.2, popcnt, avx, avx2, aes, clmul, erms, rtm, 3dnowpref, lzcnt, ht, tsc, tscinvbit, bmi1, bmi2, adx

Memory: 4k page, physical 8311896k(2333100k free), swap 12371040k(2159512k free)

vm_info: Java HotSpot(TM) 64-Bit Server VM (25.131-b11) for windows-amd64 JRE (1.8.0_131-b11), built on Mar 15 2017 01:23:53 by "java_re" with MS VC++ 10.0 (VS2010)

time: Wed Feb 14 17:00:59 2018
elapsed time: 638 seconds (0d 0h 10m 38s)

