#
# A fatal error has been detected by the Java Runtime Environment:
#
#  Internal Error (0xc000000d), pid=16272, tid=0x0000000000003e88
#
# JRE version: Java(TM) SE Runtime Environment (8.0_131-b11) (build 1.8.0_131-b11)
# Java VM: Java HotSpot(TM) 64-Bit Server VM (25.131-b11 mixed mode windows-amd64 compressed oops)
# Problematic frame:
# C  [ntdll.dll+0x10b2b0]
#
# Failed to write core dump. Minidumps are not enabled by default on client versions of Windows
#
# If you would like to submit a bug report, please visit:
#   http://bugreport.java.com/bugreport/crash.jsp
#

---------------  T H R E A D  ---------------

Current thread (0x0000000019007800):  VMThread [stack: 0x000000001a0a0000,0x000000001a1a0000] [id=16008]

siginfo: ExceptionCode=0xc000000d

Registers:
RAX=0x0000000000072050, RBX=0x0000000000000001, RCX=0x0000000019008b80, RDX=0x0000000000000001
RSP=0x000000001a19e910, RBP=0x000000001de1ed20, RSI=0x000000001de1ef58, RDI=0x000000001de0b9b0
R8 =0x0000000000072050, R9 =0x0000000019008b80, R10=0x0000000000000001, R11=0x0000000019008b90
R12=0x00007ffbcd696680, R13=0x0000000000000001, R14=0x000000001de01480, R15=0x000000001de01480
RIP=0x00007ffbd9aeb2b0, EFLAGS=0x0000000000000206

Top of Stack: (sp=0x000000001a19e910)
0x000000001a19e910:   0000000000000057 0000000000000001
0x000000001a19e920:   000000001de1ef58 000000001de0b9b0
0x000000001a19e930:   00000000c000000d 0000000000000000
0x000000001a19e940:   00007ffbd9aeb2b0 0000000000000000
0x000000001a19e950:   0000000000000000 0000000000000000
0x000000001a19e960:   0000000000000000 0000000000000000
0x000000001a19e970:   0000000000000000 0000000000000000
0x000000001a19e980:   0000000000000000 0000000000000000
0x000000001a19e990:   0000000000000000 0000000000000000
0x000000001a19e9a0:   0000000000000000 0000000000000000
0x000000001a19e9b0:   0000000000000000 0000000000000000
0x000000001a19e9c0:   0000000000000000 0000000000000000
0x000000001a19e9d0:   00006fb1e0fa00d8 000000001de0b9b0
0x000000001a19e9e0:   000000001de1ef58 00007ffbcd694907
0x000000001a19e9f0:   000000001de0b9b0 000000001de01480
0x000000001a19ea00:   00000000f46857d4 0000000000000020 

Instructions: (pc=0x00007ffbd9aeb2b0)
0x00007ffbd9aeb290:   b7 f9 ff c7 44 24 20 0d 00 00 c0 b9 57 00 00 00
0x00007ffbd9aeb2a0:   e8 4b 63 f3 ff 90 48 8d 4c 24 20 e8 90 00 f1 ff
0x00007ffbd9aeb2b0:   eb 00 48 8b 8c 24 c0 00 00 00 48 33 cc e8 ce 57
0x00007ffbd9aeb2c0:   f8 ff 48 81 c4 d8 00 00 00 c3 40 55 48 83 ec 20 


Register to memory mapping:

RAX=0x0000000000072050 is an unknown value
RBX=0x0000000000000001 is an unknown value
RCX=0x0000000019008b80 is an unknown value
RDX=0x0000000000000001 is an unknown value
RSP=0x000000001a19e910 is an unknown value
RBP=0x000000001de1ed20 is an unknown value
RSI=0x000000001de1ef58 is an unknown value
RDI=0x000000001de0b9b0 is an unknown value
R8 =0x0000000000072050 is an unknown value
R9 =0x0000000019008b80 is an unknown value
R10=0x0000000000000001 is an unknown value
R11=0x0000000019008b90 is an unknown value
R12=0x00007ffbcd696680 is an unknown value
R13=0x0000000000000001 is an unknown value
R14=0x000000001de01480 is an unknown value
R15=0x000000001de01480 is an unknown value


Stack: [0x000000001a0a0000,0x000000001a1a0000],  sp=0x000000001a19e910,  free space=1018k
Native frames: (J=compiled Java code, j=interpreted, Vv=VM code, C=native code)
C  [ntdll.dll+0x10b2b0]
C  [RTWorkQ.DLL+0x4907]
C  [RTWorkQ.DLL+0x9e46]
C  [RTWorkQ.DLL+0x7565]
C  [MFPlat.DLL+0x1d05b]
C  [MFReadWrite.dll+0x16348]
C  [MFReadWrite.dll+0xfb0d]
C  [MFReadWrite.dll+0xf863]
C  [mfksproxy.dll+0x194d0]
C  [mfksproxy.dll+0x18069]
C  [mfksproxy.dll+0x6eeb]
C  [quartz.dll+0x42e19]
C  [quartz.dll+0x553ef]
C  [quartz.dll+0x57932]
C  [quartz.dll+0x56d75]
C  [opencv_java2410.dll+0x2aaa1e]
C  [opencv_java2410.dll+0x5f43d0]
C  [opencv_java2410.dll+0x508e75]
C  [opencv_java2410.dll+0x4fc0f6]
C  [opencv_java2410.dll+0x4fc269]
C  [ntdll.dll+0x11493]
C  [ntdll.dll+0x406b5]
C  [ntdll.dll+0x40574]
C  [KERNEL32.DLL+0xf06a]
C  [msvcr100.dll+0x20ccd]
V  [jvm.dll+0x213235]
V  [jvm.dll+0x24c2a7]
V  [jvm.dll+0x24b546]
V  [jvm.dll+0x24b9e1]
V  [jvm.dll+0x24bbfe]
V  [jvm.dll+0x29cc1a]
C  [msvcr100.dll+0x21d9f]
C  [msvcr100.dll+0x21e3b]
C  [KERNEL32.DLL+0x11fe4]
C  [ntdll.dll+0x6efc1]

VM_Operation (0x000000001b6ad0e0): Exit, mode: safepoint, requested by thread 0x000000001adeb000


---------------  P R O C E S S  ---------------

Java Threads: ( => current thread )
  0x000000001ca1f800 JavaThread "TimerQueue" daemon [_thread_blocked, id=2200, stack(0x000000001dce0000,0x000000001dde0000)]
  0x00000000043c0800 JavaThread "DestroyJavaVM" [_thread_blocked, id=9120, stack(0x0000000004220000,0x0000000004320000)]
  0x000000001adeb000 JavaThread "AWT-EventQueue-0" [_thread_blocked, id=17772, stack(0x000000001b5b0000,0x000000001b6b0000)]
  0x000000001ade9000 JavaThread "AWT-Shutdown" [_thread_blocked, id=16540, stack(0x000000001b2d0000,0x000000001b3d0000)]
  0x000000001ade6800 JavaThread "Java2D Disposer" daemon [_thread_blocked, id=11784, stack(0x000000001b1d0000,0x000000001b2d0000)]
  0x000000001909e800 JavaThread "Service Thread" daemon [_thread_blocked, id=12444, stack(0x000000001ae90000,0x000000001af90000)]
  0x0000000019053800 JavaThread "C1 CompilerThread2" daemon [_thread_blocked, id=13488, stack(0x000000001a990000,0x000000001aa90000)]
  0x0000000019044000 JavaThread "C2 CompilerThread1" daemon [_thread_blocked, id=10136, stack(0x000000001a890000,0x000000001a990000)]
  0x000000001903f800 JavaThread "C2 CompilerThread0" daemon [_thread_blocked, id=14432, stack(0x000000001a790000,0x000000001a890000)]
  0x000000001903e000 JavaThread "Attach Listener" daemon [_thread_blocked, id=9368, stack(0x000000001a690000,0x000000001a790000)]
  0x000000001902a800 JavaThread "Finalizer" daemon [_thread_blocked, id=19584, stack(0x000000001a2a0000,0x000000001a3a0000)]
  0x00000000044af000 JavaThread "Reference Handler" daemon [_thread_blocked, id=17432, stack(0x000000001a1a0000,0x000000001a2a0000)]

Other Threads:
=>0x0000000019007800 VMThread [stack: 0x000000001a0a0000,0x000000001a1a0000] [id=16008]

VM state:at safepoint (shutting down)

VM Mutex/Monitor currently owned by a thread:  ([mutex/lock_event])
[0x000000000007c150] Threads_lock - owner thread: 0x0000000019007800

Heap:
 PSYoungGen      total 38400K, used 23179K [0x00000000d5b80000, 0x00000000d8600000, 0x0000000100000000)
  eden space 33280K, 54% used [0x00000000d5b80000,0x00000000d6d24158,0x00000000d7c00000)
  from space 5120K, 99% used [0x00000000d8100000,0x00000000d85feb40,0x00000000d8600000)
  to   space 5120K, 0% used [0x00000000d7c00000,0x00000000d7c00000,0x00000000d8100000)
 ParOldGen       total 87552K, used 5651K [0x0000000081200000, 0x0000000086780000, 0x00000000d5b80000)
  object space 87552K, 6% used [0x0000000081200000,0x0000000081784d60,0x0000000086780000)
 Metaspace       used 12999K, capacity 13196K, committed 13568K, reserved 1060864K
  class space    used 1627K, capacity 1704K, committed 1792K, reserved 1048576K

Card table byte_map: [0x0000000013880000,0x0000000013c80000] byte_map_base: 0x0000000013477000

Marking Bits: (ParMarkBitMap*) 0x0000000071edc720
 Begin Bits: [0x0000000014330000, 0x00000000162e8000)
 End Bits:   [0x00000000162e8000, 0x00000000182a0000)

Polling page: 0x0000000002570000

CodeCache: size=245760Kb used=3602Kb max_used=3604Kb free=242157Kb
 bounds [0x00000000044c0000, 0x0000000004850000, 0x00000000134c0000]
 total_blobs=1703 nmethods=1090 adapters=526
 compilation: enabled

Compilation events (10 events):
Event: 9.123 Thread 0x0000000019053800 1109       3       java.awt.Rectangle::setBounds (21 bytes)
Event: 9.123 Thread 0x0000000019053800 nmethod 1109 0x00000000045d6d50 code [0x00000000045d6ec0, 0x00000000045d71f0]
Event: 9.155 Thread 0x0000000019053800 1110   !   3       java.util.concurrent.locks.AbstractQueuedSynchronizer::acquireQueued (93 bytes)
Event: 9.156 Thread 0x0000000019053800 nmethod 1110 0x00000000045cc250 code [0x00000000045cc480, 0x00000000045ccf98]
Event: 9.226 Thread 0x0000000019053800 1111       3       sun.java2d.SunGraphics2D::isHiDPIImage (29 bytes)
Event: 9.226 Thread 0x0000000019053800 nmethod 1111 0x00000000045ebdd0 code [0x00000000045ebf80, 0x00000000045ec638]
Event: 9.226 Thread 0x0000000019053800 1112       3       sun.awt.image.SurfaceManager::getImageScale (22 bytes)
Event: 9.227 Thread 0x0000000019053800 nmethod 1112 0x0000000004847390 code [0x0000000004847520, 0x0000000004847958]
Event: 9.294 Thread 0x0000000019053800 1113       3       java.security.MessageDigest::update (14 bytes)
Event: 9.294 Thread 0x0000000019053800 nmethod 1113 0x00000000045d0e50 code [0x00000000045d0fc0, 0x00000000045d1208]

GC Heap History (8 events):
Event: 5.178 GC heap before
{Heap before GC invocations=1 (full 0):
 PSYoungGen      total 38400K, used 33280K [0x00000000d5b80000, 0x00000000d8600000, 0x0000000100000000)
  eden space 33280K, 100% used [0x00000000d5b80000,0x00000000d7c00000,0x00000000d7c00000)
  from space 5120K, 0% used [0x00000000d8100000,0x00000000d8100000,0x00000000d8600000)
  to   space 5120K, 0% used [0x00000000d7c00000,0x00000000d7c00000,0x00000000d8100000)
 ParOldGen       total 87552K, used 0K [0x0000000081200000, 0x0000000086780000, 0x00000000d5b80000)
  object space 87552K, 0% used [0x0000000081200000,0x0000000081200000,0x0000000086780000)
 Metaspace       used 12859K, capacity 13068K, committed 13312K, reserved 1060864K
  class space    used 1625K, capacity 1704K, committed 1792K, reserved 1048576K
Event: 5.183 GC heap after
Heap after GC invocations=1 (full 0):
 PSYoungGen      total 38400K, used 5113K [0x00000000d5b80000, 0x00000000d8600000, 0x0000000100000000)
  eden space 33280K, 0% used [0x00000000d5b80000,0x00000000d5b80000,0x00000000d7c00000)
  from space 5120K, 99% used [0x00000000d7c00000,0x00000000d80fe6b0,0x00000000d8100000)
  to   space 5120K, 0% used [0x00000000d8100000,0x00000000d8100000,0x00000000d8600000)
 ParOldGen       total 87552K, used 3739K [0x0000000081200000, 0x0000000086780000, 0x00000000d5b80000)
  object space 87552K, 4% used [0x0000000081200000,0x00000000815a6d40,0x0000000086780000)
 Metaspace       used 12859K, capacity 13068K, committed 13312K, reserved 1060864K
  class space    used 1625K, capacity 1704K, committed 1792K, reserved 1048576K
}
Event: 6.372 GC heap before
{Heap before GC invocations=2 (full 0):
 PSYoungGen      total 38400K, used 38393K [0x00000000d5b80000, 0x00000000d8600000, 0x0000000100000000)
  eden space 33280K, 100% used [0x00000000d5b80000,0x00000000d7c00000,0x00000000d7c00000)
  from space 5120K, 99% used [0x00000000d7c00000,0x00000000d80fe6b0,0x00000000d8100000)
  to   space 5120K, 0% used [0x00000000d8100000,0x00000000d8100000,0x00000000d8600000)
 ParOldGen       total 87552K, used 3739K [0x0000000081200000, 0x0000000086780000, 0x00000000d5b80000)
  object space 87552K, 4% used [0x0000000081200000,0x00000000815a6d40,0x0000000086780000)
 Metaspace       used 12889K, capacity 13132K, committed 13312K, reserved 1060864K
  class space    used 1625K, capacity 1704K, committed 1792K, reserved 1048576K
Event: 6.375 GC heap after
Heap after GC invocations=2 (full 0):
 PSYoungGen      total 38400K, used 3845K [0x00000000d5b80000, 0x00000000d8600000, 0x0000000100000000)
  eden space 33280K, 0% used [0x00000000d5b80000,0x00000000d5b80000,0x00000000d7c00000)
  from space 5120K, 75% used [0x00000000d8100000,0x00000000d84c1460,0x00000000d8600000)
  to   space 5120K, 0% used [0x00000000d7c00000,0x00000000d7c00000,0x00000000d8100000)
 ParOldGen       total 87552K, used 3747K [0x0000000081200000, 0x0000000086780000, 0x00000000d5b80000)
  object space 87552K, 4% used [0x0000000081200000,0x00000000815a8d40,0x0000000086780000)
 Metaspace       used 12889K, capacity 13132K, committed 13312K, reserved 1060864K
  class space    used 1625K, capacity 1704K, committed 1792K, reserved 1048576K
}
Event: 7.499 GC heap before
{Heap before GC invocations=3 (full 0):
 PSYoungGen      total 38400K, used 37125K [0x00000000d5b80000, 0x00000000d8600000, 0x0000000100000000)
  eden space 33280K, 100% used [0x00000000d5b80000,0x00000000d7c00000,0x00000000d7c00000)
  from space 5120K, 75% used [0x00000000d8100000,0x00000000d84c1460,0x00000000d8600000)
  to   space 5120K, 0% used [0x00000000d7c00000,0x00000000d7c00000,0x00000000d8100000)
 ParOldGen       total 87552K, used 3747K [0x0000000081200000, 0x0000000086780000, 0x00000000d5b80000)
  object space 87552K, 4% used [0x0000000081200000,0x00000000815a8d40,0x0000000086780000)
 Metaspace       used 12906K, capacity 13132K, committed 13312K, reserved 1060864K
  class space    used 1625K, capacity 1704K, committed 1792K, reserved 1048576K
Event: 7.501 GC heap after
Heap after GC invocations=3 (full 0):
 PSYoungGen      total 38400K, used 5115K [0x00000000d5b80000, 0x00000000d8600000, 0x0000000100000000)
  eden space 33280K, 0% used [0x00000000d5b80000,0x00000000d5b80000,0x00000000d7c00000)
  from space 5120K, 99% used [0x00000000d7c00000,0x00000000d80fecb8,0x00000000d8100000)
  to   space 5120K, 0% used [0x00000000d8100000,0x00000000d8100000,0x00000000d8600000)
 ParOldGen       total 87552K, used 3811K [0x0000000081200000, 0x0000000086780000, 0x00000000d5b80000)
  object space 87552K, 4% used [0x0000000081200000,0x00000000815b8d40,0x0000000086780000)
 Metaspace       used 12906K, capacity 13132K, committed 13312K, reserved 1060864K
  class space    used 1625K, capacity 1704K, committed 1792K, reserved 1048576K
}
Event: 8.709 GC heap before
{Heap before GC invocations=4 (full 0):
 PSYoungGen      total 38400K, used 38395K [0x00000000d5b80000, 0x00000000d8600000, 0x0000000100000000)
  eden space 33280K, 100% used [0x00000000d5b80000,0x00000000d7c00000,0x00000000d7c00000)
  from space 5120K, 99% used [0x00000000d7c00000,0x00000000d80fecb8,0x00000000d8100000)
  to   space 5120K, 0% used [0x00000000d8100000,0x00000000d8100000,0x00000000d8600000)
 ParOldGen       total 87552K, used 3811K [0x0000000081200000, 0x0000000086780000, 0x00000000d5b80000)
  object space 87552K, 4% used [0x0000000081200000,0x00000000815b8d40,0x0000000086780000)
 Metaspace       used 12981K, capacity 13196K, committed 13568K, reserved 1060864K
  class space    used 1625K, capacity 1704K, committed 1792K, reserved 1048576K
Event: 8.711 GC heap after
Heap after GC invocations=4 (full 0):
 PSYoungGen      total 38400K, used 5114K [0x00000000d5b80000, 0x00000000d8600000, 0x0000000100000000)
  eden space 33280K, 0% used [0x00000000d5b80000,0x00000000d5b80000,0x00000000d7c00000)
  from space 5120K, 99% used [0x00000000d8100000,0x00000000d85feb40,0x00000000d8600000)
  to   space 5120K, 0% used [0x00000000d7c00000,0x00000000d7c00000,0x00000000d8100000)
 ParOldGen       total 87552K, used 5651K [0x0000000081200000, 0x0000000086780000, 0x00000000d5b80000)
  object space 87552K, 6% used [0x0000000081200000,0x0000000081784d60,0x0000000086780000)
 Metaspace       used 12981K, capacity 13196K, committed 13568K, reserved 1060864K
  class space    used 1625K, capacity 1704K, committed 1792K, reserved 1048576K
}

Deoptimization events (5 events):
Event: 0.297 Thread 0x000000001adeb000 Uncommon trap: reason=null_check action=make_not_entrant pc=0x000000000463221c method=java.lang.String.equals(Ljava/lang/Object;)Z @ 8
Event: 4.477 Thread 0x000000001adeb000 Uncommon trap: reason=class_check action=maybe_recompile pc=0x000000000470cea4 method=java.awt.image.BufferedImage.setRGB(III)V @ 12
Event: 4.477 Thread 0x000000001adeb000 Uncommon trap: reason=class_check action=maybe_recompile pc=0x000000000470cea4 method=java.awt.image.BufferedImage.setRGB(III)V @ 12
Event: 4.477 Thread 0x000000001adeb000 Uncommon trap: reason=class_check action=maybe_recompile pc=0x000000000470cea4 method=java.awt.image.BufferedImage.setRGB(III)V @ 12
Event: 4.477 Thread 0x000000001adeb000 Uncommon trap: reason=class_check action=maybe_recompile pc=0x000000000470cea4 method=java.awt.image.BufferedImage.setRGB(III)V @ 12

Internal exceptions (10 events):
Event: 0.042 Thread 0x00000000043c0800 Exception <a 'java/lang/NoSuchMethodError': Method sun.misc.Unsafe.prefetchRead(Ljava/lang/Object;J)V name or signature does not match> (0x00000000d5b87f90) thrown at [C:\re\workspace\8-2-build-windows-amd64-cygwin\jdk8u131\8869\hotspot\src\share\vm\prims
Event: 0.148 Thread 0x00000000043c0800 Exception <a 'java/security/PrivilegedActionException'> (0x00000000d5c13b18) thrown at [C:\re\workspace\8-2-build-windows-amd64-cygwin\jdk8u131\8869\hotspot\src\share\vm\prims\jvm.cpp, line 1390]
Event: 0.148 Thread 0x00000000043c0800 Exception <a 'java/security/PrivilegedActionException'> (0x00000000d5c13d28) thrown at [C:\re\workspace\8-2-build-windows-amd64-cygwin\jdk8u131\8869\hotspot\src\share\vm\prims\jvm.cpp, line 1390]
Event: 0.149 Thread 0x00000000043c0800 Exception <a 'java/security/PrivilegedActionException'> (0x00000000d5c17998) thrown at [C:\re\workspace\8-2-build-windows-amd64-cygwin\jdk8u131\8869\hotspot\src\share\vm\prims\jvm.cpp, line 1390]
Event: 0.149 Thread 0x00000000043c0800 Exception <a 'java/security/PrivilegedActionException'> (0x00000000d5c17ba8) thrown at [C:\re\workspace\8-2-build-windows-amd64-cygwin\jdk8u131\8869\hotspot\src\share\vm\prims\jvm.cpp, line 1390]
Event: 0.156 Thread 0x00000000043c0800 Exception <a 'java/io/FileNotFoundException'> (0x00000000d5c1a0c0) thrown at [C:\re\workspace\8-2-build-windows-amd64-cygwin\jdk8u131\8869\hotspot\src\share\vm\prims\jni.cpp, line 709]
Event: 0.207 Thread 0x00000000043c0800 Exception <a 'java/lang/NoSuchFieldError': method resolution failed> (0x00000000d5d8ea00) thrown at [C:\re\workspace\8-2-build-windows-amd64-cygwin\jdk8u131\8869\hotspot\src\share\vm\prims\methodHandles.cpp, line 1146]
Event: 0.210 Thread 0x00000000043c0800 Exception <a 'java/lang/NoSuchFieldError': method resolution failed> (0x00000000d5d9bdd0) thrown at [C:\re\workspace\8-2-build-windows-amd64-cygwin\jdk8u131\8869\hotspot\src\share\vm\prims\methodHandles.cpp, line 1146]
Event: 0.279 Thread 0x000000001adeb000 Exception <a 'java/io/FileNotFoundException'> (0x00000000d5f72fa0) thrown at [C:\re\workspace\8-2-build-windows-amd64-cygwin\jdk8u131\8869\hotspot\src\share\vm\prims\jni.cpp, line 709]
Event: 0.297 Thread 0x000000001adeb000 Implicit null exception at 0x000000000463205b to 0x000000000463220d

Events (10 events):
Event: 9.324 loading class java/util/WeakHashMap$KeyIterator
Event: 9.324 Thread 0x000000001cc54000 Thread exited: 0x000000001cc54000
Event: 9.324 loading class java/util/WeakHashMap$HashIterator
Event: 9.324 loading class java/util/WeakHashMap$HashIterator done
Event: 9.324 loading class java/util/WeakHashMap$KeyIterator done
Event: 9.324 Thread 0x000000001cc53000 Thread exited: 0x000000001cc53000
Event: 9.346 Thread 0x000000001adea000 Thread exited: 0x000000001adea000
Event: 9.425 Thread 0x000000001cc54800 Thread exited: 0x000000001cc54800
Event: 9.425 Thread 0x000000001903c800 Thread exited: 0x000000001903c800
Event: 9.425 Executing VM operation: Exit


Dynamic libraries:
0x00007ff7ac100000 - 0x00007ff7ac137000 	C:\Program Files\Java\jre1.8.0_131\bin\javaw.exe
0x00007ffbd99e0000 - 0x00007ffbd9bc0000 	C:\WINDOWS\SYSTEM32\ntdll.dll
0x00007ffbd71a0000 - 0x00007ffbd724e000 	C:\WINDOWS\System32\KERNEL32.DLL
0x00007ffbd5de0000 - 0x00007ffbd6046000 	C:\WINDOWS\System32\KERNELBASE.dll
0x00007ffbd9170000 - 0x00007ffbd9211000 	C:\WINDOWS\System32\ADVAPI32.dll
0x00007ffbd6eb0000 - 0x00007ffbd6f4d000 	C:\WINDOWS\System32\msvcrt.dll
0x00007ffbd8810000 - 0x00007ffbd886b000 	C:\WINDOWS\System32\sechost.dll
0x00007ffbd8f60000 - 0x00007ffbd907f000 	C:\WINDOWS\System32\RPCRT4.dll
0x00007ffbd96a0000 - 0x00007ffbd982f000 	C:\WINDOWS\System32\USER32.dll
0x00007ffbd60a0000 - 0x00007ffbd60c0000 	C:\WINDOWS\System32\win32u.dll
0x00007ffbd9830000 - 0x00007ffbd9858000 	C:\WINDOWS\System32\GDI32.dll
0x00007ffbd62e0000 - 0x00007ffbd6473000 	C:\WINDOWS\System32\gdi32full.dll
0x00007ffbd60c0000 - 0x00007ffbd615b000 	C:\WINDOWS\System32\msvcp_win.dll
0x00007ffbd6160000 - 0x00007ffbd6256000 	C:\WINDOWS\System32\ucrtbase.dll
0x00007ffbbc760000 - 0x00007ffbbc9c9000 	C:\WINDOWS\WinSxS\amd64_microsoft.windows.common-controls_6595b64144ccf1df_6.0.16299.248_none_15ced204935f55d7\COMCTL32.dll
0x00007ffbd9390000 - 0x00007ffbd9698000 	C:\WINDOWS\System32\combase.dll
0x00007ffbd6260000 - 0x00007ffbd62d2000 	C:\WINDOWS\System32\bcryptPrimitives.dll
0x00007ffbd98c0000 - 0x00007ffbd98ed000 	C:\WINDOWS\System32\IMM32.DLL
0x0000000072010000 - 0x00000000720e2000 	C:\Program Files\Java\jre1.8.0_131\bin\msvcr100.dll
0x00000000716c0000 - 0x0000000071f5c000 	C:\Program Files\Java\jre1.8.0_131\bin\server\jvm.dll
0x00007ffbd88d0000 - 0x00007ffbd88d8000 	C:\WINDOWS\System32\PSAPI.DLL
0x00007ffbbb0d0000 - 0x00007ffbbb0d9000 	C:\WINDOWS\SYSTEM32\WSOCK32.dll
0x00007ffbd2830000 - 0x00007ffbd2853000 	C:\WINDOWS\SYSTEM32\WINMM.dll
0x00007ffbd7360000 - 0x00007ffbd73cc000 	C:\WINDOWS\System32\WS2_32.dll
0x00007ffbcbe30000 - 0x00007ffbcbe3a000 	C:\WINDOWS\SYSTEM32\VERSION.dll
0x00007ffbd27d0000 - 0x00007ffbd27fa000 	C:\WINDOWS\SYSTEM32\WINMMBASE.dll
0x00007ffbd6050000 - 0x00007ffbd609a000 	C:\WINDOWS\System32\cfgmgr32.dll
0x0000000072350000 - 0x000000007235f000 	C:\Program Files\Java\jre1.8.0_131\bin\verify.dll
0x0000000072320000 - 0x0000000072349000 	C:\Program Files\Java\jre1.8.0_131\bin\java.dll
0x0000000072300000 - 0x0000000072316000 	C:\Program Files\Java\jre1.8.0_131\bin\zip.dll
0x00007ffbd73d0000 - 0x00007ffbd8806000 	C:\WINDOWS\System32\SHELL32.dll
0x00007ffbd9900000 - 0x00007ffbd99a6000 	C:\WINDOWS\System32\shcore.dll
0x00007ffbd6530000 - 0x00007ffbd6c77000 	C:\WINDOWS\System32\windows.storage.dll
0x00007ffbd8d30000 - 0x00007ffbd8d81000 	C:\WINDOWS\System32\shlwapi.dll
0x00007ffbd5d30000 - 0x00007ffbd5d41000 	C:\WINDOWS\System32\kernel.appcore.dll
0x00007ffbd5d70000 - 0x00007ffbd5dbc000 	C:\WINDOWS\System32\powrprof.dll
0x00007ffbd5dc0000 - 0x00007ffbd5ddb000 	C:\WINDOWS\System32\profapi.dll
0x00000000720f0000 - 0x0000000072288000 	C:\Program Files\Java\jre1.8.0_131\bin\awt.dll
0x00007ffbd9080000 - 0x00007ffbd9145000 	C:\WINDOWS\System32\OLEAUT32.dll
0x00007ffbd3c10000 - 0x00007ffbd3c98000 	C:\WINDOWS\SYSTEM32\apphelp.dll
0x00007ffbd3d90000 - 0x00007ffbd3e25000 	C:\WINDOWS\system32\uxtheme.dll
0x00007ffbd9220000 - 0x00007ffbd9387000 	C:\WINDOWS\System32\MSCTF.dll
0x00007ffbab640000 - 0x00007ffbab6e9000 	C:\Program Files\Common Files\microsoft shared\ink\tiptsf.dll
0x00007ffbd40e0000 - 0x00007ffbd410a000 	C:\WINDOWS\system32\dwmapi.dll
0x00007ffbd8e10000 - 0x00007ffbd8f59000 	C:\WINDOWS\System32\ole32.dll
0x00007ffbadac0000 - 0x00007ffbadbde000 	C:\WINDOWS\system32\opengl32.dll
0x00007ffbc93f0000 - 0x00007ffbc941c000 	C:\WINDOWS\SYSTEM32\GLU32.dll
0x0000000071670000 - 0x00000000716b7000 	C:\Program Files\Java\jre1.8.0_131\bin\fontmanager.dll
0x00000000722e0000 - 0x00000000722fa000 	C:\Program Files\Java\jre1.8.0_131\bin\net.dll
0x0000000180000000 - 0x000000018008c000 	C:\WINDOWS\system32\ASProxy64.dll
0x00007ffbd55c0000 - 0x00007ffbd5626000 	C:\WINDOWS\SYSTEM32\MSWSOCK.dll
0x00007ffbd5350000 - 0x00007ffbd5389000 	C:\WINDOWS\SYSTEM32\IPHLPAPI.DLL
0x00007ffbd5c60000 - 0x00007ffbd5c90000 	C:\WINDOWS\SYSTEM32\SspiCli.dll
0x00000000722c0000 - 0x00000000722d1000 	C:\Program Files\Java\jre1.8.0_131\bin\nio.dll
0x0000000071620000 - 0x0000000071662000 	C:\Program Files\Java\jre1.8.0_131\bin\t2k.dll
0x00007ffbc7fe0000 - 0x00007ffbc801e000 	C:\Users\weand\Desktop\Capstone project\CCR\GantryRobot\LeapMotion\LeapSDK\lib\x64\LeapJava.dll
0x00007ffbb82a0000 - 0x00007ffbb838f000 	C:\Program Files\Java\jre1.8.0_131\bin\MSVCR120.dll
0x00007ffbbbfb0000 - 0x00007ffbbc056000 	C:\Program Files\Java\jre1.8.0_131\bin\MSVCP120.dll
0x00007ffba71a0000 - 0x00007ffba730b000 	C:\Users\weand\Desktop\Capstone project\CCR\GantryRobot\LeapMotion\LeapSDK\lib\x64\Leap.dll
0x00007ffbd4e70000 - 0x00007ffbd4ea1000 	C:\WINDOWS\SYSTEM32\ntmarta.dll
0x00007ffb8b090000 - 0x00007ffb8ba61000 	C:\Users\weand\Desktop\Capstone project\CCR\GantryRobot\OpenCV\opencv\build\java\x64\opencv_java2410.dll
0x00007ffbca7d0000 - 0x00007ffbca7e8000 	C:\WINDOWS\SYSTEM32\AVICAP32.dll
0x00007ffbc9500000 - 0x00007ffbc951f000 	C:\WINDOWS\SYSTEM32\AVIFIL32.dll
0x00007ffbc9420000 - 0x00007ffbc9449000 	C:\WINDOWS\SYSTEM32\MSVFW32.dll
0x00007ffbcd340000 - 0x00007ffbcd35c000 	C:\WINDOWS\SYSTEM32\MSACM32.dll
0x00007ffbd6f50000 - 0x00007ffbd6fee000 	C:\WINDOWS\System32\clbcatq.dll
0x00007ffbd22d0000 - 0x00007ffbd247b000 	C:\WINDOWS\SYSTEM32\WindowsCodecs.dll
0x00007ffbb06c0000 - 0x00007ffbb070f000 	C:\WINDOWS\system32\dataexchange.dll
0x00007ffbd36e0000 - 0x00007ffbd3822000 	C:\WINDOWS\system32\dcomp.dll
0x00007ffbd2d50000 - 0x00007ffbd3032000 	C:\WINDOWS\system32\d3d11.dll
0x00007ffbd4ba0000 - 0x00007ffbd4c4f000 	C:\WINDOWS\system32\dxgi.dll
0x00007ffbd4260000 - 0x00007ffbd43db000 	C:\WINDOWS\system32\twinapi.appcore.dll
0x00007ffbd41d0000 - 0x00007ffbd41f0000 	C:\WINDOWS\system32\RMCLIENT.dll
0x00007ffbd5890000 - 0x00007ffbd58b5000 	C:\WINDOWS\system32\bcrypt.dll
0x00007ffbb5800000 - 0x00007ffbb5898000 	C:\WINDOWS\System32\TextInputFramework.dll
0x00007ffbd3600000 - 0x00007ffbd36dc000 	C:\WINDOWS\System32\CoreMessaging.dll
0x00007ffbd1ea0000 - 0x00007ffbd218e000 	C:\WINDOWS\System32\CoreUIComponents.dll
0x00007ffbd1d60000 - 0x00007ffbd1e96000 	C:\WINDOWS\SYSTEM32\wintypes.dll
0x00007ffbb3d40000 - 0x00007ffbb3f46000 	C:\Windows\System32\uiautomationcore.dll
0x00007ffbd5b90000 - 0x00007ffbd5c2a000 	C:\WINDOWS\SYSTEM32\sxs.dll
0x00007ffbb0d00000 - 0x00007ffbb0d6e000 	C:\Windows\System32\OLEACC.dll
0x00007ffbb52a0000 - 0x00007ffbb5321000 	C:\WINDOWS\SYSTEM32\twinapi.dll
0x00007ffbc94b0000 - 0x00007ffbc94c8000 	C:\Windows\System32\devenum.dll
0x00007ffbd88e0000 - 0x00007ffbd8d2e000 	C:\WINDOWS\System32\setupapi.dll
0x00007ffbd5b40000 - 0x00007ffbd5b67000 	C:\WINDOWS\SYSTEM32\DEVOBJ.dll
0x00007ffbd6c80000 - 0x00007ffbd6cd8000 	C:\WINDOWS\System32\WINTRUST.dll
0x00007ffbd5d50000 - 0x00007ffbd5d62000 	C:\WINDOWS\System32\MSASN1.dll
0x00007ffbd6ce0000 - 0x00007ffbd6eae000 	C:\WINDOWS\System32\CRYPT32.dll
0x00007ffbb0710000 - 0x00007ffbb071a000 	C:\WINDOWS\SYSTEM32\msdmo.dll
0x00007ffbc5920000 - 0x00007ffbc5953000 	C:\Windows\System32\qcap.dll
0x00007ffba3080000 - 0x00007ffba323c000 	C:\Windows\System32\quartz.dll
0x00007ffbc3730000 - 0x00007ffbc377e000 	C:\Windows\System32\mfksproxy.dll
0x00007ffbcd890000 - 0x00007ffbcd8c6000 	C:\Windows\System32\MFSENSORGROUP.dll
0x00007ffbcdb20000 - 0x00007ffbcdb3d000 	C:\Windows\System32\ATL.DLL
0x00007ffbcd6d0000 - 0x00007ffbcd881000 	C:\Windows\System32\MFPlat.DLL
0x00007ffbcd690000 - 0x00007ffbcd6c2000 	C:\Windows\System32\RTWorkQ.DLL
0x00007ffbccc10000 - 0x00007ffbcd057000 	C:\Windows\System32\MFCORE.dll
0x00007ffbccc00000 - 0x00007ffbccc09000 	C:\Windows\System32\ksuser.dll
0x00007ffbd57a0000 - 0x00007ffbd57ab000 	C:\Windows\System32\CRYPTBASE.DLL
0x00007ffbb1890000 - 0x00007ffbb18e0000 	C:\Windows\System32\FSClient.dll
0x00007ffbd22c0000 - 0x00007ffbd22ca000 	C:\Windows\System32\AVRT.dll
0x00007ffbc9710000 - 0x00007ffbc971c000 	C:\Windows\System32\vidcap.ax
0x00007ffbbdd50000 - 0x00007ffbbdd76000 	C:\Windows\System32\kswdmcap.ax
0x00007ffb9c1a0000 - 0x00007ffb9c305000 	C:\Windows\System32\MFC42.dll
0x00007ffb99740000 - 0x00007ffb99cb2000 	C:\WINDOWS\system32\IntelCameraPlugin64.dll
0x00007ffbd1b90000 - 0x00007ffbd1c0a000 	C:\WINDOWS\SYSTEM32\policymanager.dll
0x00007ffbd1a30000 - 0x00007ffbd1ac0000 	C:\Windows\System32\msvcp110_win.dll
0x00007ffb9c7a0000 - 0x00007ffb9c8aa000 	C:\Windows\System32\MFReadWrite.dll
0x00007ffbad760000 - 0x00007ffbad800000 	C:\Windows\System32\qedit.dll
0x00007ffbd7250000 - 0x00007ffbd735a000 	C:\WINDOWS\System32\COMDLG32.dll
0x00007ffbba4f0000 - 0x00007ffbba68c000 	C:\WINDOWS\WinSxS\amd64_microsoft.windows.gdiplus_6595b64144ccf1df_1.1.16299.248_none_46b9c4e9edf1cfa5\gdiplus.dll
0x00007ffba70a0000 - 0x00007ffba7196000 	C:\Windows\System32\DDRAW.dll
0x00007ffbd28c0000 - 0x00007ffbd28c8000 	C:\Windows\System32\DCIMAN32.dll
0x00007ffbd2880000 - 0x00007ffbd288c000 	C:\WINDOWS\SYSTEM32\msyuv.dll
0x00007ffbd5780000 - 0x00007ffbd5797000 	C:\WINDOWS\SYSTEM32\CRYPTSP.dll
0x00007ffbd51d0000 - 0x00007ffbd5203000 	C:\WINDOWS\system32\rsaenh.dll
0x00007ffbd5c30000 - 0x00007ffbd5c59000 	C:\WINDOWS\SYSTEM32\USERENV.dll
0x00007ffbd6ff0000 - 0x00007ffbd6ff8000 	C:\WINDOWS\System32\NSI.dll
0x00007ffbcbc40000 - 0x00007ffbcbc56000 	C:\WINDOWS\SYSTEM32\dhcpcsvc6.DLL
0x00007ffbcbf30000 - 0x00007ffbcbf4a000 	C:\WINDOWS\SYSTEM32\dhcpcsvc.DLL
0x00007ffbd4720000 - 0x00007ffbd48e8000 	C:\WINDOWS\SYSTEM32\dbghelp.dll

VM Arguments:
jvm_args: -Djava.library.path=C:\Users\weand\Desktop\Capstone project\CCR\GantryRobot\mfz-rxtx-2.2-20081207-win-x64;C:\Users\weand\Desktop\Capstone project\CCR\GantryRobot\OpenCV\opencv\build\java\x64;C:\Users\weand\Desktop\Capstone project\CCR\GantryRobot\LeapMotion\LeapSDK\lib\x64 -Dfile.encoding=Cp1252 
java_command: leap.RXTXGui
java_class_path (initial): C:\Users\weand\workspace\Gantry_1\bin;C:\Users\weand\Desktop\Capstone project\CCR\GantryRobot\mfz-rxtx-2.2-20081207-win-x64\RXTXcomm.jar;C:\Users\weand\Desktop\Capstone project\CCR\GantryRobot\OpenCV\opencv\build\java\opencv-2410.jar;C:\Users\weand\Desktop\Capstone project\CCR\GantryRobot\LeapMotion\LeapSDK\lib\LeapJava.jar
Launcher Type: SUN_STANDARD

Environment Variables:
PATH=C:\Users\weand\Desktop\Capstone project\CCR\GantryRobot\LeapMotion\LeapSDK\lib\x64;n;C:/Program Files/Java/jre1.8.0_131/lib/amd64;C:\ProgramData\Oracle\Java\javapath;C:\Program Files\Microsoft MPI\Bin\;C:\WINDOWS\system32;C:\WINDOWS;C:\WINDOWS\System32\Wbem;C:\WINDOWS\System32\WindowsPowerShell\v1.0\;C:\Program Files (x86)\Skype\Phone\;C:\Program Files\Microsoft SQL Server\130\Tools\Binn\;C:\Program Files\dotnet\;C:\Program Files (x86)\GtkSharp\2.12\bin;C:\Program Files\MySQL\MySQL Utilities 1.6\;C:\Program Files\Git\cmd;C:\Users\weand\AppData\Local\Microsoft\WindowsApps;C:\Program Files (x86)\Spiceworks\Nmap;;C:\Users\weand\Downloads\eclipse-java-kepler-SR1-win32-x86_64\eclipse;C:/Program Files/Java/jre1.8.0_131/bin/server;C:/Program Files/Java/jre1.8.0_131/bin;C:/Program Files/Java/jre1.8.0_131/lib/amd64;C:\ProgramData\Oracle\Java\javapath;C:\Program Files\Microsoft MPI\Bin\;C:\WINDOWS\system32;C:\WINDOWS;C:\WINDOWS\System32\Wbem;C:\WINDOWS\System32\WindowsPowerShell\v1.0\;C:\Program Files (x86)\Skype\Phone\;C:\Program Files\Microsoft SQL Server\130\Tools\Binn\;C:\Program Files\dotnet\;C:\Program Files (x86)\GtkSharp\2.12\bin;C:\Program Files\MySQL\MySQL Utilities 1.6\;C:\Program Files\Git\cmd;C:\Users\weand\AppData\Local\Microsoft\WindowsApps;C:\Program Files (x86)\Spiceworks\Nmap;;C:\Users\weand\Downloads\eclipse-java-kepler-SR1-win32-x86_64\eclipse;
USERNAME=weand
OS=Windows_NT
PROCESSOR_IDENTIFIER=Intel64 Family 6 Model 78 Stepping 3, GenuineIntel



---------------  S Y S T E M  ---------------

OS: Windows 10.0 , 64 bit Build 16299 (10.0.16299.15)

CPU:total 4 (initial active 4) (2 cores per cpu, 2 threads per core) family 6 model 78 stepping 3, cmov, cx8, fxsr, mmx, sse, sse2, sse3, ssse3, sse4.1, sse4.2, popcnt, avx, avx2, aes, clmul, erms, rtm, 3dnowpref, lzcnt, ht, tsc, tscinvbit, bmi1, bmi2, adx

Memory: 4k page, physical 8311896k(2121156k free), swap 12768344k(2884568k free)

vm_info: Java HotSpot(TM) 64-Bit Server VM (25.131-b11) for windows-amd64 JRE (1.8.0_131-b11), built on Mar 15 2017 01:23:53 by "java_re" with MS VC++ 10.0 (VS2010)

time: Tue Mar 20 14:14:31 2018
elapsed time: 10 seconds (0d 0h 0m 10s)

