#
# A fatal error has been detected by the Java Runtime Environment:
#
#  Internal Error (0xc000000d), pid=17844, tid=0x0000000000000430
#
# JRE version: Java(TM) SE Runtime Environment (8.0_131-b11) (build 1.8.0_131-b11)
# Java VM: Java HotSpot(TM) 64-Bit Server VM (25.131-b11 mixed mode windows-amd64 compressed oops)
# Problematic frame:
# C  [ntdll.dll+0x10b2b0]
#
# Failed to write core dump. Minidumps are not enabled by default on client versions of Windows
#
# If you would like to submit a bug report, please visit:
#   http://bugreport.java.com/bugreport/crash.jsp
#

---------------  T H R E A D  ---------------

Current thread (0x0000000019c27800):  VMThread [stack: 0x000000001acc0000,0x000000001adc0000] [id=1072]

siginfo: ExceptionCode=0xc000000d

Registers:
RAX=0x00000000034e2050, RBX=0x0000000000000000, RCX=0x0000000019c28bf0, RDX=0x0000000000000001
RSP=0x000000001adbed70, RBP=0x000000001ebdef80, RSI=0x000000001ebdf1b8, RDI=0x000000001ebcbad0
R8 =0x00000000034e2050, R9 =0x0000000019c28bf0, R10=0x0000000000000001, R11=0x0000000019c28c00
R12=0x00007ffbcd696680, R13=0x0000000000000001, R14=0x000000001ebc0f70, R15=0x000000001ebc0f70
RIP=0x00007ffbd9aeb2b0, EFLAGS=0x0000000000000202

Top of Stack: (sp=0x000000001adbed70)
0x000000001adbed70:   0000000000000057 0000000000000000
0x000000001adbed80:   000000001ebdf1b8 000000001ebcbad0
0x000000001adbed90:   00000000c000000d 0000000000000000
0x000000001adbeda0:   00007ffbd9aeb2b0 0000000000000000
0x000000001adbedb0:   0000000000000000 0000000000000000
0x000000001adbedc0:   0000000000000000 0000000000000000
0x000000001adbedd0:   0000000000000000 0000000000000000
0x000000001adbede0:   0000000000000000 0000000000000000
0x000000001adbedf0:   0000000000000000 0000000000000000
0x000000001adbee00:   0000000000000000 0000000000000000
0x000000001adbee10:   0000000000000000 0000000000000000
0x000000001adbee20:   0000000000000000 0000000000000000
0x000000001adbee30:   0000ce63a2f66f6b 000000001ebcbad0
0x000000001adbee40:   000000001ebdf1b8 00007ffbcd694907
0x000000001adbee50:   000000001ebcbad0 000000001ebc0f70
0x000000001adbee60:   00000000f46857d4 0000000000000020 

Instructions: (pc=0x00007ffbd9aeb2b0)
0x00007ffbd9aeb290:   b7 f9 ff c7 44 24 20 0d 00 00 c0 b9 57 00 00 00
0x00007ffbd9aeb2a0:   e8 4b 63 f3 ff 90 48 8d 4c 24 20 e8 90 00 f1 ff
0x00007ffbd9aeb2b0:   eb 00 48 8b 8c 24 c0 00 00 00 48 33 cc e8 ce 57
0x00007ffbd9aeb2c0:   f8 ff 48 81 c4 d8 00 00 00 c3 40 55 48 83 ec 20 


Register to memory mapping:

RAX=0x00000000034e2050 is an unknown value
RBX=0x0000000000000000 is an unknown value
RCX=0x0000000019c28bf0 is an unknown value
RDX=0x0000000000000001 is an unknown value
RSP=0x000000001adbed70 is an unknown value
RBP=0x000000001ebdef80 is an unknown value
RSI=0x000000001ebdf1b8 is an unknown value
RDI=0x000000001ebcbad0 is an unknown value
R8 =0x00000000034e2050 is an unknown value
R9 =0x0000000019c28bf0 is an unknown value
R10=0x0000000000000001 is an unknown value
R11=0x0000000019c28c00 is an unknown value
R12=0x00007ffbcd696680 is an unknown value
R13=0x0000000000000001 is an unknown value
R14=0x000000001ebc0f70 is an unknown value
R15=0x000000001ebc0f70 is an unknown value


Stack: [0x000000001acc0000,0x000000001adc0000],  sp=0x000000001adbed70,  free space=1019k
Native frames: (J=compiled Java code, j=interpreted, Vv=VM code, C=native code)
C  [ntdll.dll+0x10b2b0]
C  [RTWorkQ.DLL+0x4907]
C  [RTWorkQ.DLL+0x9e46]
C  [RTWorkQ.DLL+0x7565]
C  [MFPlat.DLL+0x1d05b]
C  [MFReadWrite.dll+0x16348]
C  [MFReadWrite.dll+0xfb0d]
C  [MFReadWrite.dll+0xf863]
C  [mfksproxy.dll+0x194d0]
C  [mfksproxy.dll+0x18069]
C  [mfksproxy.dll+0x6eeb]
C  [quartz.dll+0x42e19]
C  [quartz.dll+0x553ef]
C  [quartz.dll+0x57932]
C  [quartz.dll+0x56d75]
C  [opencv_java2410.dll+0x2aaa1e]
C  [opencv_java2410.dll+0x5f43d0]
C  [opencv_java2410.dll+0x508e75]
C  [opencv_java2410.dll+0x4fc0f6]
C  [opencv_java2410.dll+0x4fc269]
C  [ntdll.dll+0x11493]
C  [ntdll.dll+0x406b5]
C  [ntdll.dll+0x40574]
C  [KERNEL32.DLL+0xf06a]
C  [msvcr100.dll+0x20ccd]
V  [jvm.dll+0x213235]
V  [jvm.dll+0x24c2a7]
V  [jvm.dll+0x24b546]
V  [jvm.dll+0x24b9e1]
V  [jvm.dll+0x24bbfe]
V  [jvm.dll+0x29cc1a]
C  [msvcr100.dll+0x21d9f]
C  [msvcr100.dll+0x21e3b]
C  [KERNEL32.DLL+0x11fe4]
C  [ntdll.dll+0x6efc1]

VM_Operation (0x000000001c5cd330): Exit, mode: safepoint, requested by thread 0x000000001b988800


---------------  P R O C E S S  ---------------

Java Threads: ( => current thread )
  0x000000001d976800 JavaThread "TimerQueue" daemon [_thread_blocked, id=17376, stack(0x000000001eaa0000,0x000000001eba0000)]
  0x0000000004fe0800 JavaThread "DestroyJavaVM" [_thread_blocked, id=13772, stack(0x0000000004ee0000,0x0000000004fe0000)]
  0x000000001b988800 JavaThread "AWT-EventQueue-0" [_thread_blocked, id=848, stack(0x000000001c4d0000,0x000000001c5d0000)]
  0x000000001b983000 JavaThread "AWT-Shutdown" [_thread_blocked, id=17828, stack(0x000000001c190000,0x000000001c290000)]
  0x000000001b980800 JavaThread "Java2D Disposer" daemon [_thread_blocked, id=3832, stack(0x000000001c090000,0x000000001c190000)]
  0x000000001b5b6000 JavaThread "Service Thread" daemon [_thread_blocked, id=5112, stack(0x000000001bab0000,0x000000001bbb0000)]
  0x000000001b5b2000 JavaThread "C1 CompilerThread2" daemon [_thread_blocked, id=4204, stack(0x000000001b9b0000,0x000000001bab0000)]
  0x0000000019cba000 JavaThread "C2 CompilerThread1" daemon [_thread_blocked, id=5224, stack(0x000000001b4b0000,0x000000001b5b0000)]
  0x0000000019c60000 JavaThread "C2 CompilerThread0" daemon [_thread_blocked, id=13272, stack(0x000000001b3b0000,0x000000001b4b0000)]
  0x0000000019c5e800 JavaThread "Attach Listener" daemon [_thread_blocked, id=7840, stack(0x000000001b2b0000,0x000000001b3b0000)]
  0x0000000019c5d800 JavaThread "Signal Dispatcher" daemon [_thread_blocked, id=15556, stack(0x000000001b1b0000,0x000000001b2b0000)]
  0x0000000019c4a800 JavaThread "Finalizer" daemon [_thread_blocked, id=8388, stack(0x000000001aec0000,0x000000001afc0000)]
  0x00000000050cf000 JavaThread "Reference Handler" daemon [_thread_blocked, id=7020, stack(0x000000001adc0000,0x000000001aec0000)]

Other Threads:
=>0x0000000019c27800 VMThread [stack: 0x000000001acc0000,0x000000001adc0000] [id=1072]

VM state:at safepoint (shutting down)

VM Mutex/Monitor currently owned by a thread:  ([mutex/lock_event])
[0x00000000034ec150] Threads_lock - owner thread: 0x0000000019c27800

Heap:
 PSYoungGen      total 30720K, used 28539K [0x00000000d5b80000, 0x00000000d8080000, 0x0000000100000000)
  eden space 27648K, 92% used [0x00000000d5b80000,0x00000000d749bf20,0x00000000d7680000)
  from space 3072K, 92% used [0x00000000d7700000,0x00000000d79c3030,0x00000000d7a00000)
  to   space 5120K, 0% used [0x00000000d7b80000,0x00000000d7b80000,0x00000000d8080000)
 ParOldGen       total 87552K, used 18946K [0x0000000081200000, 0x0000000086780000, 0x00000000d5b80000)
  object space 87552K, 21% used [0x0000000081200000,0x0000000082480838,0x0000000086780000)
 Metaspace       used 13669K, capacity 13876K, committed 14080K, reserved 1060864K
  class space    used 1656K, capacity 1736K, committed 1792K, reserved 1048576K

Card table byte_map: [0x00000000144a0000,0x00000000148a0000] byte_map_base: 0x0000000014097000

Marking Bits: (ParMarkBitMap*) 0x0000000071edc720
 Begin Bits: [0x0000000014f50000, 0x0000000016f08000)
 End Bits:   [0x0000000016f08000, 0x0000000018ec0000)

Polling page: 0x00000000034a0000

CodeCache: size=245760Kb used=5548Kb max_used=5560Kb free=240211Kb
 bounds [0x00000000050e0000, 0x0000000005660000, 0x00000000140e0000]
 total_blobs=2279 nmethods=1660 adapters=531
 compilation: enabled

Compilation events (10 events):
Event: 844.392 Thread 0x000000001b5b2000 1777       1       sun.awt.NullComponentPeer::handleEvent (1 bytes)
Event: 844.393 Thread 0x000000001b5b2000 nmethod 1777 0x0000000005357890 code [0x00000000053579e0, 0x0000000005357af0]
Event: 844.641 Thread 0x000000001b5b2000 1778       3       sun.java2d.pipe.ValidatePipe::copyImage (37 bytes)
Event: 844.644 Thread 0x000000001b5b2000 nmethod 1778 0x0000000005648e90 code [0x0000000005649040, 0x00000000056496a8]
Event: 844.729 Thread 0x0000000019c60000 1779       4       java.awt.Component::contains (7 bytes)
Event: 844.732 Thread 0x0000000019c60000 nmethod 1779 0x00000000055af810 code [0x00000000055af940, 0x00000000055af9b8]
Event: 844.954 Thread 0x000000001b5b2000 1780       3       javax.swing.SwingUtilities::computeUnion (149 bytes)
Event: 844.955 Thread 0x000000001b5b2000 nmethod 1780 0x0000000005648910 code [0x0000000005648a80, 0x0000000005648d30]
Event: 888.504 Thread 0x0000000019c60000 1781       4       java.awt.Toolkit$SelectiveAWTEventListener::eventDispatched (745 bytes)
Event: 888.515 Thread 0x0000000019c60000 nmethod 1781 0x0000000005551710 code [0x0000000005551880, 0x0000000005551e48]

GC Heap History (10 events):
Event: 739.953 GC heap before
{Heap before GC invocations=11 (full 0):
 PSYoungGen      total 33792K, used 32667K [0x00000000d5b80000, 0x00000000d8200000, 0x0000000100000000)
  eden space 30208K, 97% used [0x00000000d5b80000,0x00000000d783b980,0x00000000d7900000)
  from space 3584K, 90% used [0x00000000d7e80000,0x00000000d81ab648,0x00000000d8200000)
  to   space 4608K, 0% used [0x00000000d7900000,0x00000000d7900000,0x00000000d7d80000)
 ParOldGen       total 87552K, used 18858K [0x0000000081200000, 0x0000000086780000, 0x00000000d5b80000)
  object space 87552K, 21% used [0x0000000081200000,0x000000008246a838,0x0000000086780000)
 Metaspace       used 13574K, capacity 13748K, committed 14080K, reserved 1060864K
  class space    used 1653K, capacity 1736K, committed 1792K, reserved 1048576K
Event: 739.954 GC heap after
Heap after GC invocations=11 (full 0):
 PSYoungGen      total 32256K, used 2340K [0x00000000d5b80000, 0x00000000d8180000, 0x0000000100000000)
  eden space 29696K, 0% used [0x00000000d5b80000,0x00000000d5b80000,0x00000000d7880000)
  from space 2560K, 91% used [0x00000000d7900000,0x00000000d7b493b8,0x00000000d7b80000)
  to   space 4608K, 0% used [0x00000000d7d00000,0x00000000d7d00000,0x00000000d8180000)
 ParOldGen       total 87552K, used 18874K [0x0000000081200000, 0x0000000086780000, 0x00000000d5b80000)
  object space 87552K, 21% used [0x0000000081200000,0x000000008246e838,0x0000000086780000)
 Metaspace       used 13574K, capacity 13748K, committed 14080K, reserved 1060864K
  class space    used 1653K, capacity 1736K, committed 1792K, reserved 1048576K
}
Event: 741.437 GC heap before
{Heap before GC invocations=12 (full 0):
 PSYoungGen      total 32256K, used 31677K [0x00000000d5b80000, 0x00000000d8180000, 0x0000000100000000)
  eden space 29696K, 98% used [0x00000000d5b80000,0x00000000d78261f0,0x00000000d7880000)
  from space 2560K, 91% used [0x00000000d7900000,0x00000000d7b493b8,0x00000000d7b80000)
  to   space 4608K, 0% used [0x00000000d7d00000,0x00000000d7d00000,0x00000000d8180000)
 ParOldGen       total 87552K, used 18874K [0x0000000081200000, 0x0000000086780000, 0x00000000d5b80000)
  object space 87552K, 21% used [0x0000000081200000,0x000000008246e838,0x0000000086780000)
 Metaspace       used 13585K, capacity 13748K, committed 14080K, reserved 1060864K
  class space    used 1653K, capacity 1736K, committed 1792K, reserved 1048576K
Event: 741.439 GC heap after
Heap after GC invocations=12 (full 0):
 PSYoungGen      total 33280K, used 3244K [0x00000000d5b80000, 0x00000000d8100000, 0x0000000100000000)
  eden space 29184K, 0% used [0x00000000d5b80000,0x00000000d5b80000,0x00000000d7800000)
  from space 4096K, 79% used [0x00000000d7d00000,0x00000000d802b3e8,0x00000000d8100000)
  to   space 4608K, 0% used [0x00000000d7800000,0x00000000d7800000,0x00000000d7c80000)
 ParOldGen       total 87552K, used 18890K [0x0000000081200000, 0x0000000086780000, 0x00000000d5b80000)
  object space 87552K, 21% used [0x0000000081200000,0x0000000082472838,0x0000000086780000)
 Metaspace       used 13585K, capacity 13748K, committed 14080K, reserved 1060864K
  class space    used 1653K, capacity 1736K, committed 1792K, reserved 1048576K
}
Event: 743.327 GC heap before
{Heap before GC invocations=13 (full 0):
 PSYoungGen      total 33280K, used 32428K [0x00000000d5b80000, 0x00000000d8100000, 0x0000000100000000)
  eden space 29184K, 100% used [0x00000000d5b80000,0x00000000d7800000,0x00000000d7800000)
  from space 4096K, 79% used [0x00000000d7d00000,0x00000000d802b3e8,0x00000000d8100000)
  to   space 4608K, 0% used [0x00000000d7800000,0x00000000d7800000,0x00000000d7c80000)
 ParOldGen       total 87552K, used 18890K [0x0000000081200000, 0x0000000086780000, 0x00000000d5b80000)
  object space 87552K, 21% used [0x0000000081200000,0x0000000082472838,0x0000000086780000)
 Metaspace       used 13592K, capacity 13748K, committed 14080K, reserved 1060864K
  class space    used 1653K, capacity 1736K, committed 1792K, reserved 1048576K
Event: 743.328 GC heap after
Heap after GC invocations=13 (full 0):
 PSYoungGen      total 30720K, used 1896K [0x00000000d5b80000, 0x00000000d8080000, 0x0000000100000000)
  eden space 28672K, 0% used [0x00000000d5b80000,0x00000000d5b80000,0x00000000d7780000)
  from space 2048K, 92% used [0x00000000d7800000,0x00000000d79da020,0x00000000d7a00000)
  to   space 4608K, 0% used [0x00000000d7c00000,0x00000000d7c00000,0x00000000d8080000)
 ParOldGen       total 87552K, used 18906K [0x0000000081200000, 0x0000000086780000, 0x00000000d5b80000)
  object space 87552K, 21% used [0x0000000081200000,0x0000000082476838,0x0000000086780000)
 Metaspace       used 13592K, capacity 13748K, committed 14080K, reserved 1060864K
  class space    used 1653K, capacity 1736K, committed 1792K, reserved 1048576K
}
Event: 745.485 GC heap before
{Heap before GC invocations=14 (full 0):
 PSYoungGen      total 30720K, used 30568K [0x00000000d5b80000, 0x00000000d8080000, 0x0000000100000000)
  eden space 28672K, 100% used [0x00000000d5b80000,0x00000000d7780000,0x00000000d7780000)
  from space 2048K, 92% used [0x00000000d7800000,0x00000000d79da020,0x00000000d7a00000)
  to   space 4608K, 0% used [0x00000000d7c00000,0x00000000d7c00000,0x00000000d8080000)
 ParOldGen       total 87552K, used 18906K [0x0000000081200000, 0x0000000086780000, 0x00000000d5b80000)
  object space 87552K, 21% used [0x0000000081200000,0x0000000082476838,0x0000000086780000)
 Metaspace       used 13601K, capacity 13812K, committed 14080K, reserved 1060864K
  class space    used 1653K, capacity 1736K, committed 1792K, reserved 1048576K
Event: 745.487 GC heap after
Heap after GC invocations=14 (full 0):
 PSYoungGen      total 32768K, used 4178K [0x00000000d5b80000, 0x00000000d8100000, 0x0000000100000000)
  eden space 28160K, 0% used [0x00000000d5b80000,0x00000000d5b80000,0x00000000d7700000)
  from space 4608K, 90% used [0x00000000d7c00000,0x00000000d8014b20,0x00000000d8080000)
  to   space 5120K, 0% used [0x00000000d7700000,0x00000000d7700000,0x00000000d7c00000)
 ParOldGen       total 87552K, used 18930K [0x0000000081200000, 0x0000000086780000, 0x00000000d5b80000)
  object space 87552K, 21% used [0x0000000081200000,0x000000008247c838,0x0000000086780000)
 Metaspace       used 13601K, capacity 13812K, committed 14080K, reserved 1060864K
  class space    used 1653K, capacity 1736K, committed 1792K, reserved 1048576K
}
Event: 746.870 GC heap before
{Heap before GC invocations=15 (full 0):
 PSYoungGen      total 32768K, used 32338K [0x00000000d5b80000, 0x00000000d8100000, 0x0000000100000000)
  eden space 28160K, 100% used [0x00000000d5b80000,0x00000000d7700000,0x00000000d7700000)
  from space 4608K, 90% used [0x00000000d7c00000,0x00000000d8014b20,0x00000000d8080000)
  to   space 5120K, 0% used [0x00000000d7700000,0x00000000d7700000,0x00000000d7c00000)
 ParOldGen       total 87552K, used 18930K [0x0000000081200000, 0x0000000086780000, 0x00000000d5b80000)
  object space 87552K, 21% used [0x0000000081200000,0x000000008247c838,0x0000000086780000)
 Metaspace       used 13615K, capacity 13812K, committed 14080K, reserved 1060864K
  class space    used 1653K, capacity 1736K, committed 1792K, reserved 1048576K
Event: 746.871 GC heap after
Heap after GC invocations=15 (full 0):
 PSYoungGen      total 30720K, used 2828K [0x00000000d5b80000, 0x00000000d8080000, 0x0000000100000000)
  eden space 27648K, 0% used [0x00000000d5b80000,0x00000000d5b80000,0x00000000d7680000)
  from space 3072K, 92% used [0x00000000d7700000,0x00000000d79c3030,0x00000000d7a00000)
  to   space 5120K, 0% used [0x00000000d7b80000,0x00000000d7b80000,0x00000000d8080000)
 ParOldGen       total 87552K, used 18946K [0x0000000081200000, 0x0000000086780000, 0x00000000d5b80000)
  object space 87552K, 21% used [0x0000000081200000,0x0000000082480838,0x0000000086780000)
 Metaspace       used 13615K, capacity 13812K, committed 14080K, reserved 1060864K
  class space    used 1653K, capacity 1736K, committed 1792K, reserved 1048576K
}

Deoptimization events (8 events):
Event: 0.642 Thread 0x000000001b988800 Uncommon trap: reason=null_check action=make_not_entrant pc=0x0000000005252d1c method=java.lang.String.equals(Ljava/lang/Object;)Z @ 8
Event: 8.885 Thread 0x000000001b988800 Uncommon trap: reason=unstable_if action=reinterpret pc=0x0000000005340ba4 method=leap.ImagePanel.paint(Ljava/awt/Graphics;)V @ 378
Event: 720.556 Thread 0x000000001b988800 Uncommon trap: reason=class_check action=maybe_recompile pc=0x00000000054f73b4 method=java.util.HashMap.putVal(ILjava/lang/Object;Ljava/lang/Object;ZZ)Ljava/lang/Object; @ 253
Event: 720.556 Thread 0x000000001b988800 Uncommon trap: reason=class_check action=maybe_recompile pc=0x00000000054f73b4 method=java.util.HashMap.putVal(ILjava/lang/Object;Ljava/lang/Object;ZZ)Ljava/lang/Object; @ 253
Event: 720.556 Thread 0x000000001b988800 Uncommon trap: reason=class_check action=maybe_recompile pc=0x00000000054f73b4 method=java.util.HashMap.putVal(ILjava/lang/Object;Ljava/lang/Object;ZZ)Ljava/lang/Object; @ 253
Event: 720.556 Thread 0x000000001b988800 Uncommon trap: reason=class_check action=maybe_recompile pc=0x00000000054f73b4 method=java.util.HashMap.putVal(ILjava/lang/Object;Ljava/lang/Object;ZZ)Ljava/lang/Object; @ 253
Event: 720.556 Thread 0x000000001b988800 Uncommon trap: reason=class_check action=maybe_recompile pc=0x00000000054ebe80 method=java.util.HashMap.putVal(ILjava/lang/Object;Ljava/lang/Object;ZZ)Ljava/lang/Object; @ 253
Event: 727.643 Thread 0x000000001b988800 Uncommon trap: reason=unstable_if action=reinterpret pc=0x000000000556f440 method=sun.awt.image.ByteInterleavedRaster.getByteData(IIII[B)[B @ 97

Internal exceptions (10 events):
Event: 781.394 Thread 0x000000001b988800 Exception <a 'java/lang/NullPointerException'> (0x00000000d7267f18) thrown at [C:\re\workspace\8-2-build-windows-amd64-cygwin\jdk8u131\8869\hotspot\src\share\vm\interpreter\linkResolver.cpp, line 1197]
Event: 781.394 Thread 0x000000001b988800 Exception <a 'java/lang/NullPointerException'> (0x00000000d7268678) thrown at [C:\re\workspace\8-2-build-windows-amd64-cygwin\jdk8u131\8869\hotspot\src\share\vm\interpreter\linkResolver.cpp, line 1197]
Event: 781.395 Thread 0x000000001b988800 Exception <a 'java/lang/NullPointerException'> (0x00000000d7268dd8) thrown at [C:\re\workspace\8-2-build-windows-amd64-cygwin\jdk8u131\8869\hotspot\src\share\vm\interpreter\linkResolver.cpp, line 1197]
Event: 781.395 Thread 0x000000001b988800 Exception <a 'java/lang/NullPointerException'> (0x00000000d7269538) thrown at [C:\re\workspace\8-2-build-windows-amd64-cygwin\jdk8u131\8869\hotspot\src\share\vm\interpreter\linkResolver.cpp, line 1197]
Event: 781.396 Thread 0x000000001b988800 Exception <a 'java/lang/NullPointerException'> (0x00000000d7269c98) thrown at [C:\re\workspace\8-2-build-windows-amd64-cygwin\jdk8u131\8869\hotspot\src\share\vm\interpreter\linkResolver.cpp, line 1197]
Event: 781.396 Thread 0x000000001b988800 Exception <a 'java/lang/NullPointerException'> (0x00000000d726a3f8) thrown at [C:\re\workspace\8-2-build-windows-amd64-cygwin\jdk8u131\8869\hotspot\src\share\vm\interpreter\linkResolver.cpp, line 1197]
Event: 781.396 Thread 0x000000001b988800 Exception <a 'java/lang/NullPointerException'> (0x00000000d726ab58) thrown at [C:\re\workspace\8-2-build-windows-amd64-cygwin\jdk8u131\8869\hotspot\src\share\vm\interpreter\linkResolver.cpp, line 1197]
Event: 781.397 Thread 0x000000001b988800 Exception <a 'java/lang/NullPointerException'> (0x00000000d726b2b8) thrown at [C:\re\workspace\8-2-build-windows-amd64-cygwin\jdk8u131\8869\hotspot\src\share\vm\interpreter\linkResolver.cpp, line 1197]
Event: 781.397 Thread 0x000000001b988800 Exception <a 'java/lang/NullPointerException'> (0x00000000d726ba18) thrown at [C:\re\workspace\8-2-build-windows-amd64-cygwin\jdk8u131\8869\hotspot\src\share\vm\interpreter\linkResolver.cpp, line 1197]
Event: 781.398 Thread 0x000000001b988800 Exception <a 'java/lang/NullPointerException'> (0x00000000d726c178) thrown at [C:\re\workspace\8-2-build-windows-amd64-cygwin\jdk8u131\8869\hotspot\src\share\vm\interpreter\linkResolver.cpp, line 1197]

Events (10 events):
Event: 890.469 Executing VM operation: RevokeBias done
Event: 890.469 loading class java/util/WeakHashMap$KeyIterator
Event: 890.469 Thread 0x000000001dbd8800 Thread exited: 0x000000001dbd8800
Event: 890.470 loading class java/util/WeakHashMap$HashIterator
Event: 890.471 loading class java/util/WeakHashMap$HashIterator done
Event: 890.471 loading class java/util/WeakHashMap$KeyIterator done
Event: 890.472 Thread 0x000000001dbd7800 Thread exited: 0x000000001dbd7800
Event: 890.536 Thread 0x000000001b987800 Thread exited: 0x000000001b987800
Event: 890.572 Thread 0x000000001dbd7000 Thread exited: 0x000000001dbd7000
Event: 890.572 Executing VM operation: Exit


Dynamic libraries:
0x00007ff7a4e40000 - 0x00007ff7a4e77000 	C:\Program Files\Java\jre1.8.0_131\bin\javaw.exe
0x00007ffbd99e0000 - 0x00007ffbd9bc0000 	C:\WINDOWS\SYSTEM32\ntdll.dll
0x00007ffbd71a0000 - 0x00007ffbd724e000 	C:\WINDOWS\System32\KERNEL32.DLL
0x00007ffbd5de0000 - 0x00007ffbd6046000 	C:\WINDOWS\System32\KERNELBASE.dll
0x00007ffbd9170000 - 0x00007ffbd9211000 	C:\WINDOWS\System32\ADVAPI32.dll
0x00007ffbd6eb0000 - 0x00007ffbd6f4d000 	C:\WINDOWS\System32\msvcrt.dll
0x00007ffbd8810000 - 0x00007ffbd886b000 	C:\WINDOWS\System32\sechost.dll
0x00007ffbd8f60000 - 0x00007ffbd907f000 	C:\WINDOWS\System32\RPCRT4.dll
0x00007ffbd96a0000 - 0x00007ffbd982f000 	C:\WINDOWS\System32\USER32.dll
0x00007ffbd60a0000 - 0x00007ffbd60c0000 	C:\WINDOWS\System32\win32u.dll
0x00007ffbd9830000 - 0x00007ffbd9858000 	C:\WINDOWS\System32\GDI32.dll
0x00007ffbd62e0000 - 0x00007ffbd6473000 	C:\WINDOWS\System32\gdi32full.dll
0x00007ffbd60c0000 - 0x00007ffbd615b000 	C:\WINDOWS\System32\msvcp_win.dll
0x00007ffbd6160000 - 0x00007ffbd6256000 	C:\WINDOWS\System32\ucrtbase.dll
0x00007ffbbc760000 - 0x00007ffbbc9c9000 	C:\WINDOWS\WinSxS\amd64_microsoft.windows.common-controls_6595b64144ccf1df_6.0.16299.248_none_15ced204935f55d7\COMCTL32.dll
0x00007ffbd9390000 - 0x00007ffbd9698000 	C:\WINDOWS\System32\combase.dll
0x00007ffbd6260000 - 0x00007ffbd62d2000 	C:\WINDOWS\System32\bcryptPrimitives.dll
0x00007ffbd98c0000 - 0x00007ffbd98ed000 	C:\WINDOWS\System32\IMM32.DLL
0x00000000721b0000 - 0x0000000072282000 	C:\Program Files\Java\jre1.8.0_131\bin\msvcr100.dll
0x00000000716c0000 - 0x0000000071f5c000 	C:\Program Files\Java\jre1.8.0_131\bin\server\jvm.dll
0x00007ffbd88d0000 - 0x00007ffbd88d8000 	C:\WINDOWS\System32\PSAPI.DLL
0x00007ffbd2830000 - 0x00007ffbd2853000 	C:\WINDOWS\SYSTEM32\WINMM.dll
0x00007ffbcbe30000 - 0x00007ffbcbe3a000 	C:\WINDOWS\SYSTEM32\VERSION.dll
0x00007ffbd27d0000 - 0x00007ffbd27fa000 	C:\WINDOWS\SYSTEM32\WINMMBASE.dll
0x00007ffbd6050000 - 0x00007ffbd609a000 	C:\WINDOWS\System32\cfgmgr32.dll
0x00007ffbbb0d0000 - 0x00007ffbbb0d9000 	C:\WINDOWS\SYSTEM32\WSOCK32.dll
0x00000000033f0000 - 0x000000000345c000 	C:\WINDOWS\System32\ws2_32.DLL
0x0000000072350000 - 0x000000007235f000 	C:\Program Files\Java\jre1.8.0_131\bin\verify.dll
0x0000000072320000 - 0x0000000072349000 	C:\Program Files\Java\jre1.8.0_131\bin\java.dll
0x0000000072300000 - 0x0000000072316000 	C:\Program Files\Java\jre1.8.0_131\bin\zip.dll
0x00007ffbd73d0000 - 0x00007ffbd8806000 	C:\WINDOWS\System32\SHELL32.dll
0x00007ffbd9900000 - 0x00007ffbd99a6000 	C:\WINDOWS\System32\shcore.dll
0x00007ffbd6530000 - 0x00007ffbd6c77000 	C:\WINDOWS\System32\windows.storage.dll
0x00007ffbd8d30000 - 0x00007ffbd8d81000 	C:\WINDOWS\System32\shlwapi.dll
0x00007ffbd5d30000 - 0x00007ffbd5d41000 	C:\WINDOWS\System32\kernel.appcore.dll
0x00007ffbd5d70000 - 0x00007ffbd5dbc000 	C:\WINDOWS\System32\powrprof.dll
0x00007ffbd5dc0000 - 0x00007ffbd5ddb000 	C:\WINDOWS\System32\profapi.dll
0x0000000072010000 - 0x00000000721a8000 	C:\Program Files\Java\jre1.8.0_131\bin\awt.dll
0x00007ffbd9080000 - 0x00007ffbd9145000 	C:\WINDOWS\System32\OLEAUT32.dll
0x00007ffbd3c10000 - 0x00007ffbd3c98000 	C:\WINDOWS\SYSTEM32\apphelp.dll
0x00007ffbd3d90000 - 0x00007ffbd3e25000 	C:\WINDOWS\system32\uxtheme.dll
0x00007ffbd9220000 - 0x00007ffbd9387000 	C:\WINDOWS\System32\MSCTF.dll
0x00007ffbab640000 - 0x00007ffbab6e9000 	C:\Program Files\Common Files\microsoft shared\ink\tiptsf.dll
0x00007ffbd40e0000 - 0x00007ffbd410a000 	C:\WINDOWS\system32\dwmapi.dll
0x00007ffbd8e10000 - 0x00007ffbd8f59000 	C:\WINDOWS\System32\ole32.dll
0x00007ffbc5aa0000 - 0x00007ffbc5bbe000 	C:\WINDOWS\system32\opengl32.dll
0x00007ffbc9210000 - 0x00007ffbc923c000 	C:\WINDOWS\SYSTEM32\GLU32.dll
0x0000000071670000 - 0x00000000716b7000 	C:\Program Files\Java\jre1.8.0_131\bin\fontmanager.dll
0x00000000722e0000 - 0x00000000722fa000 	C:\Program Files\Java\jre1.8.0_131\bin\net.dll
0x0000000180000000 - 0x000000018008c000 	C:\WINDOWS\system32\ASProxy64.dll
0x00007ffbd5350000 - 0x00007ffbd5389000 	C:\WINDOWS\SYSTEM32\IPHLPAPI.DLL
0x00007ffbd55c0000 - 0x00007ffbd5626000 	C:\WINDOWS\SYSTEM32\MSWSOCK.dll
0x00007ffbd5c60000 - 0x00007ffbd5c90000 	C:\WINDOWS\SYSTEM32\SspiCli.dll
0x00000000722c0000 - 0x00000000722d1000 	C:\Program Files\Java\jre1.8.0_131\bin\nio.dll
0x0000000071620000 - 0x0000000071662000 	C:\Program Files\Java\jre1.8.0_131\bin\t2k.dll
0x00007ffbc63e0000 - 0x00007ffbc641e000 	C:\Users\weand\Desktop\Capstone project\CCR\GantryRobot\LeapMotion\LeapSDK\lib\x64\LeapJava.dll
0x00007ffbc59f0000 - 0x00007ffbc5a96000 	C:\Program Files\Java\jre1.8.0_131\bin\MSVCP120.dll
0x00007ffbbbfc0000 - 0x00007ffbbc0af000 	C:\Program Files\Java\jre1.8.0_131\bin\MSVCR120.dll
0x00007ffbad8c0000 - 0x00007ffbada2b000 	C:\Users\weand\Desktop\Capstone project\CCR\GantryRobot\LeapMotion\LeapSDK\lib\x64\Leap.dll
0x00007ffbd4e70000 - 0x00007ffbd4ea1000 	C:\WINDOWS\SYSTEM32\ntmarta.dll
0x00007ffb8c740000 - 0x00007ffb8d111000 	C:\Users\weand\Desktop\Capstone project\CCR\GantryRobot\OpenCV\opencv\build\java\x64\opencv_java2410.dll
0x00007ffbc63b0000 - 0x00007ffbc63d9000 	C:\WINDOWS\SYSTEM32\MSVFW32.dll
0x00007ffbcda70000 - 0x00007ffbcda8f000 	C:\WINDOWS\SYSTEM32\AVIFIL32.dll
0x00007ffbc9060000 - 0x00007ffbc9078000 	C:\WINDOWS\SYSTEM32\AVICAP32.dll
0x00007ffbcd340000 - 0x00007ffbcd35c000 	C:\WINDOWS\SYSTEM32\MSACM32.dll
0x00007ffbd6f50000 - 0x00007ffbd6fee000 	C:\WINDOWS\System32\clbcatq.dll
0x00007ffbd22d0000 - 0x00007ffbd247b000 	C:\WINDOWS\SYSTEM32\WindowsCodecs.dll
0x00007ffbb06c0000 - 0x00007ffbb070f000 	C:\WINDOWS\system32\dataexchange.dll
0x00007ffbd2d50000 - 0x00007ffbd3032000 	C:\WINDOWS\system32\d3d11.dll
0x00007ffbd36e0000 - 0x00007ffbd3822000 	C:\WINDOWS\system32\dcomp.dll
0x00007ffbd4ba0000 - 0x00007ffbd4c4f000 	C:\WINDOWS\system32\dxgi.dll
0x00007ffbd4260000 - 0x00007ffbd43db000 	C:\WINDOWS\system32\twinapi.appcore.dll
0x00007ffbd5890000 - 0x00007ffbd58b5000 	C:\WINDOWS\system32\bcrypt.dll
0x00007ffbd41d0000 - 0x00007ffbd41f0000 	C:\WINDOWS\system32\RMCLIENT.dll
0x00007ffbb5800000 - 0x00007ffbb5898000 	C:\WINDOWS\System32\TextInputFramework.dll
0x00007ffbd1ea0000 - 0x00007ffbd218e000 	C:\WINDOWS\System32\CoreUIComponents.dll
0x00007ffbd3600000 - 0x00007ffbd36dc000 	C:\WINDOWS\System32\CoreMessaging.dll
0x00007ffbd1d60000 - 0x00007ffbd1e96000 	C:\WINDOWS\SYSTEM32\wintypes.dll
0x00007ffbb3d40000 - 0x00007ffbb3f46000 	C:\Windows\System32\uiautomationcore.dll
0x00007ffbd5b90000 - 0x00007ffbd5c2a000 	C:\WINDOWS\SYSTEM32\sxs.dll
0x00007ffbb0d00000 - 0x00007ffbb0d6e000 	C:\Windows\System32\OLEACC.dll
0x00007ffbb52a0000 - 0x00007ffbb5321000 	C:\WINDOWS\SYSTEM32\twinapi.dll
0x00007ffbc9240000 - 0x00007ffbc9258000 	C:\Windows\System32\devenum.dll
0x00007ffbd88e0000 - 0x00007ffbd8d2e000 	C:\WINDOWS\System32\setupapi.dll
0x00007ffbd5b40000 - 0x00007ffbd5b67000 	C:\WINDOWS\SYSTEM32\DEVOBJ.dll
0x00007ffbd6c80000 - 0x00007ffbd6cd8000 	C:\WINDOWS\System32\WINTRUST.dll
0x00007ffbd5d50000 - 0x00007ffbd5d62000 	C:\WINDOWS\System32\MSASN1.dll
0x00007ffbd6ce0000 - 0x00007ffbd6eae000 	C:\WINDOWS\System32\CRYPT32.dll
0x00007ffbb0710000 - 0x00007ffbb071a000 	C:\WINDOWS\SYSTEM32\msdmo.dll
0x00007ffbbde60000 - 0x00007ffbbde93000 	C:\Windows\System32\qcap.dll
0x00007ffba55c0000 - 0x00007ffba577c000 	C:\Windows\System32\quartz.dll
0x00007ffbb9960000 - 0x00007ffbb99ae000 	C:\Windows\System32\mfksproxy.dll
0x00007ffbcdb20000 - 0x00007ffbcdb3d000 	C:\Windows\System32\ATL.DLL
0x00007ffbcd890000 - 0x00007ffbcd8c6000 	C:\Windows\System32\MFSENSORGROUP.dll
0x00007ffbcd6d0000 - 0x00007ffbcd881000 	C:\Windows\System32\MFPlat.DLL
0x00007ffbcd690000 - 0x00007ffbcd6c2000 	C:\Windows\System32\RTWorkQ.DLL
0x00007ffbccc10000 - 0x00007ffbcd057000 	C:\Windows\System32\MFCORE.dll
0x00007ffbccc00000 - 0x00007ffbccc09000 	C:\Windows\System32\ksuser.dll
0x00007ffbd57a0000 - 0x00007ffbd57ab000 	C:\Windows\System32\CRYPTBASE.DLL
0x00007ffbb9910000 - 0x00007ffbb9960000 	C:\Windows\System32\FSClient.dll
0x00007ffbd22c0000 - 0x00007ffbd22ca000 	C:\Windows\System32\AVRT.dll
0x00007ffbd40d0000 - 0x00007ffbd40dc000 	C:\Windows\System32\vidcap.ax
0x00007ffbc5930000 - 0x00007ffbc5956000 	C:\Windows\System32\kswdmcap.ax
0x00007ffbad2c0000 - 0x00007ffbad425000 	C:\Windows\System32\MFC42.dll
0x00007ffb99740000 - 0x00007ffb99cb2000 	C:\WINDOWS\system32\IntelCameraPlugin64.dll
0x00007ffbd1b90000 - 0x00007ffbd1c0a000 	C:\WINDOWS\SYSTEM32\policymanager.dll
0x00007ffbd1a30000 - 0x00007ffbd1ac0000 	C:\Windows\System32\msvcp110_win.dll
0x00007ffb9c7a0000 - 0x00007ffb9c8aa000 	C:\Windows\System32\MFReadWrite.dll
0x00007ffbab1c0000 - 0x00007ffbab260000 	C:\Windows\System32\qedit.dll
0x00007ffbd7250000 - 0x00007ffbd735a000 	C:\WINDOWS\System32\COMDLG32.dll
0x00007ffbba4f0000 - 0x00007ffbba68c000 	C:\WINDOWS\WinSxS\amd64_microsoft.windows.gdiplus_6595b64144ccf1df_1.1.16299.248_none_46b9c4e9edf1cfa5\gdiplus.dll
0x00007ffba5b80000 - 0x00007ffba5c76000 	C:\Windows\System32\DDRAW.dll
0x00007ffbd2890000 - 0x00007ffbd2898000 	C:\Windows\System32\DCIMAN32.dll
0x00007ffbcd930000 - 0x00007ffbcd93c000 	C:\WINDOWS\SYSTEM32\msyuv.dll
0x00007ffbd5780000 - 0x00007ffbd5797000 	C:\WINDOWS\SYSTEM32\CRYPTSP.dll
0x00007ffbd51d0000 - 0x00007ffbd5203000 	C:\WINDOWS\system32\rsaenh.dll
0x00007ffbd5c30000 - 0x00007ffbd5c59000 	C:\WINDOWS\SYSTEM32\USERENV.dll
0x00007ffbd6ff0000 - 0x00007ffbd6ff8000 	C:\WINDOWS\System32\NSI.dll
0x00007ffbcbc40000 - 0x00007ffbcbc56000 	C:\WINDOWS\SYSTEM32\dhcpcsvc6.DLL
0x00007ffbcbf30000 - 0x00007ffbcbf4a000 	C:\WINDOWS\SYSTEM32\dhcpcsvc.DLL
0x00007ffbd4720000 - 0x00007ffbd48e8000 	C:\WINDOWS\SYSTEM32\dbghelp.dll

VM Arguments:
jvm_args: -Djava.library.path=C:\Users\weand\Desktop\Capstone project\CCR\GantryRobot\mfz-rxtx-2.2-20081207-win-x64;C:\Users\weand\Desktop\Capstone project\CCR\GantryRobot\OpenCV\opencv\build\java\x64;C:\Users\weand\Desktop\Capstone project\CCR\GantryRobot\LeapMotion\LeapSDK\lib\x64 -Dfile.encoding=Cp1252 
java_command: leap.RXTXGui
java_class_path (initial): C:\Users\weand\workspace\Gantry_1\bin;C:\Users\weand\Desktop\Capstone project\CCR\GantryRobot\mfz-rxtx-2.2-20081207-win-x64\RXTXcomm.jar;C:\Users\weand\Desktop\Capstone project\CCR\GantryRobot\OpenCV\opencv\build\java\opencv-2410.jar;C:\Users\weand\Desktop\Capstone project\CCR\GantryRobot\LeapMotion\LeapSDK\lib\LeapJava.jar
Launcher Type: SUN_STANDARD

Environment Variables:
PATH=C:\Users\weand\Desktop\Capstone project\CCR\GantryRobot\LeapMotion\LeapSDK\lib\x64;n;C:/Program Files/Java/jre1.8.0_131/lib/amd64;C:\ProgramData\Oracle\Java\javapath;C:\Program Files\Microsoft MPI\Bin\;C:\WINDOWS\system32;C:\WINDOWS;C:\WINDOWS\System32\Wbem;C:\WINDOWS\System32\WindowsPowerShell\v1.0\;C:\Program Files (x86)\Skype\Phone\;C:\Program Files\Microsoft SQL Server\130\Tools\Binn\;C:\Program Files\dotnet\;C:\Program Files (x86)\GtkSharp\2.12\bin;C:\Program Files\MySQL\MySQL Utilities 1.6\;C:\Program Files\Git\cmd;C:\Users\weand\AppData\Local\Microsoft\WindowsApps;C:\Program Files (x86)\Spiceworks\Nmap;;C:\Users\weand\Downloads\eclipse-java-kepler-SR1-win32-x86_64\eclipse;C:/Program Files/Java/jre1.8.0_131/bin/server;C:/Program Files/Java/jre1.8.0_131/bin;C:/Program Files/Java/jre1.8.0_131/lib/amd64;C:\ProgramData\Oracle\Java\javapath;C:\Program Files\Microsoft MPI\Bin\;C:\WINDOWS\system32;C:\WINDOWS;C:\WINDOWS\System32\Wbem;C:\WINDOWS\System32\WindowsPowerShell\v1.0\;C:\Program Files (x86)\Skype\Phone\;C:\Program Files\Microsoft SQL Server\130\Tools\Binn\;C:\Program Files\dotnet\;C:\Program Files (x86)\GtkSharp\2.12\bin;C:\Program Files\MySQL\MySQL Utilities 1.6\;C:\Program Files\Git\cmd;C:\Users\weand\AppData\Local\Microsoft\WindowsApps;C:\Program Files (x86)\Spiceworks\Nmap;;C:\Users\weand\Downloads\eclipse-java-kepler-SR1-win32-x86_64\eclipse;
USERNAME=weand
OS=Windows_NT
PROCESSOR_IDENTIFIER=Intel64 Family 6 Model 78 Stepping 3, GenuineIntel



---------------  S Y S T E M  ---------------

OS: Windows 10.0 , 64 bit Build 16299 (10.0.16299.15)

CPU:total 4 (initial active 4) (2 cores per cpu, 2 threads per core) family 6 model 78 stepping 3, cmov, cx8, fxsr, mmx, sse, sse2, sse3, ssse3, sse4.1, sse4.2, popcnt, avx, avx2, aes, clmul, erms, rtm, 3dnowpref, lzcnt, ht, tsc, tscinvbit, bmi1, bmi2, adx

Memory: 4k page, physical 8311896k(2845420k free), swap 12768344k(4935964k free)

vm_info: Java HotSpot(TM) 64-Bit Server VM (25.131-b11) for windows-amd64 JRE (1.8.0_131-b11), built on Mar 15 2017 01:23:53 by "java_re" with MS VC++ 10.0 (VS2010)

time: Tue Mar 13 17:33:48 2018
elapsed time: 893 seconds (0d 0h 14m 53s)

