#
# A fatal error has been detected by the Java Runtime Environment:
#
#  Internal Error (0xc000000d), pid=1836, tid=0x00000000000040d4
#
# JRE version: Java(TM) SE Runtime Environment (8.0_131-b11) (build 1.8.0_131-b11)
# Java VM: Java HotSpot(TM) 64-Bit Server VM (25.131-b11 mixed mode windows-amd64 compressed oops)
# Problematic frame:
# C  [ntdll.dll+0x10b2b0]
#
# Failed to write core dump. Minidumps are not enabled by default on client versions of Windows
#
# If you would like to submit a bug report, please visit:
#   http://bugreport.java.com/bugreport/crash.jsp
#

---------------  T H R E A D  ---------------

Current thread (0x00000000199e7800):  VMThread [stack: 0x000000001aa70000,0x000000001ab70000] [id=16596]

siginfo: ExceptionCode=0xc000000d

Registers:
RAX=0x0000000003062050, RBX=0x0000000000000000, RCX=0x0000000004e5c070, RDX=0x0000000000000001
RSP=0x000000001ab6ecb0, RBP=0x000000001e83ed20, RSI=0x000000001e83ef58, RDI=0x000000001e82bb00
R8 =0x0000000003062050, R9 =0x0000000004e5c070, R10=0x0000000000000001, R11=0x0000000004e5c080
R12=0x00007ffbcd696680, R13=0x0000000000000001, R14=0x000000001e8211c0, R15=0x000000001e8211c0
RIP=0x00007ffbd9aeb2b0, EFLAGS=0x0000000000000202

Top of Stack: (sp=0x000000001ab6ecb0)
0x000000001ab6ecb0:   0000000000000057 0000000000000000
0x000000001ab6ecc0:   000000001e83ef58 000000001e82bb00
0x000000001ab6ecd0:   00000000c000000d 0000000000000000
0x000000001ab6ece0:   00007ffbd9aeb2b0 0000000000000000
0x000000001ab6ecf0:   0000000000000000 0000000000000000
0x000000001ab6ed00:   0000000000000000 0000000000000000
0x000000001ab6ed10:   0000000000000000 0000000000000000
0x000000001ab6ed20:   0000000000000000 0000000000000000
0x000000001ab6ed30:   0000000000000000 0000000000000000
0x000000001ab6ed40:   0000000000000000 0000000000000000
0x000000001ab6ed50:   0000000000000000 0000000000000000
0x000000001ab6ed60:   0000000000000000 0000000000000000
0x000000001ab6ed70:   0000a3db10365ccd 000000001e82bb00
0x000000001ab6ed80:   000000001e83ef58 00007ffbcd694907
0x000000001ab6ed90:   000000001e82bb00 000000001e8211c0
0x000000001ab6eda0:   00000000f46857d4 0000000000000020 

Instructions: (pc=0x00007ffbd9aeb2b0)
0x00007ffbd9aeb290:   b7 f9 ff c7 44 24 20 0d 00 00 c0 b9 57 00 00 00
0x00007ffbd9aeb2a0:   e8 4b 63 f3 ff 90 48 8d 4c 24 20 e8 90 00 f1 ff
0x00007ffbd9aeb2b0:   eb 00 48 8b 8c 24 c0 00 00 00 48 33 cc e8 ce 57
0x00007ffbd9aeb2c0:   f8 ff 48 81 c4 d8 00 00 00 c3 40 55 48 83 ec 20 


Register to memory mapping:

RAX=0x0000000003062050 is an unknown value
RBX=0x0000000000000000 is an unknown value
RCX=0x0000000004e5c070 is an unknown value
RDX=0x0000000000000001 is an unknown value
RSP=0x000000001ab6ecb0 is an unknown value
RBP=0x000000001e83ed20 is an unknown value
RSI=0x000000001e83ef58 is an unknown value
RDI=0x000000001e82bb00 is an unknown value
R8 =0x0000000003062050 is an unknown value
R9 =0x0000000004e5c070 is an unknown value
R10=0x0000000000000001 is an unknown value
R11=0x0000000004e5c080 is an unknown value
R12=0x00007ffbcd696680 is an unknown value
R13=0x0000000000000001 is an unknown value
R14=0x000000001e8211c0 is an unknown value
R15=0x000000001e8211c0 is an unknown value


Stack: [0x000000001aa70000,0x000000001ab70000],  sp=0x000000001ab6ecb0,  free space=1019k
Native frames: (J=compiled Java code, j=interpreted, Vv=VM code, C=native code)
C  [ntdll.dll+0x10b2b0]
C  [RTWorkQ.DLL+0x4907]
C  [RTWorkQ.DLL+0x9e46]
C  [RTWorkQ.DLL+0x7565]
C  [MFPlat.DLL+0x1d05b]
C  [MFReadWrite.dll+0x16348]
C  [MFReadWrite.dll+0xfb0d]
C  [MFReadWrite.dll+0xf863]
C  [mfksproxy.dll+0x194d0]
C  [mfksproxy.dll+0x18069]
C  [mfksproxy.dll+0x6eeb]
C  [quartz.dll+0x42e19]
C  [quartz.dll+0x553ef]
C  [quartz.dll+0x57932]
C  [quartz.dll+0x56d75]
C  [opencv_java2410.dll+0x2aaa1e]
C  [opencv_java2410.dll+0x5f43d0]
C  [opencv_java2410.dll+0x508e75]
C  [opencv_java2410.dll+0x4fc0f6]
C  [opencv_java2410.dll+0x4fc269]
C  [ntdll.dll+0x11493]
C  [ntdll.dll+0x406b5]
C  [ntdll.dll+0x40574]
C  [KERNEL32.DLL+0xf06a]
C  [msvcr100.dll+0x20ccd]
V  [jvm.dll+0x213235]
V  [jvm.dll+0x24c2a7]
V  [jvm.dll+0x24b546]
V  [jvm.dll+0x24b9e1]
V  [jvm.dll+0x24bbfe]
V  [jvm.dll+0x29cc1a]
C  [msvcr100.dll+0x21d9f]
C  [msvcr100.dll+0x21e3b]
C  [KERNEL32.DLL+0x11fe4]
C  [ntdll.dll+0x6efc1]

VM_Operation (0x000000001c16d010): Exit, mode: safepoint, requested by thread 0x000000001b852800


---------------  P R O C E S S  ---------------

Java Threads: ( => current thread )
  0x000000001c21a000 JavaThread "TimerQueue" daemon [_thread_blocked, id=15496, stack(0x000000001e700000,0x000000001e800000)]
  0x0000000004d70800 JavaThread "DestroyJavaVM" [_thread_blocked, id=19896, stack(0x0000000004c70000,0x0000000004d70000)]
  0x000000001b852800 JavaThread "AWT-EventQueue-0" [_thread_blocked, id=4396, stack(0x000000001c070000,0x000000001c170000)]
  0x000000001b84f000 JavaThread "AWT-Shutdown" [_thread_blocked, id=16056, stack(0x000000001bca0000,0x000000001bda0000)]
  0x000000001b84c800 JavaThread "Java2D Disposer" daemon [_thread_blocked, id=10020, stack(0x000000001bba0000,0x000000001bca0000)]
  0x000000001b480800 JavaThread "Service Thread" daemon [_thread_blocked, id=108, stack(0x000000001b860000,0x000000001b960000)]
  0x0000000019a2a800 JavaThread "C1 CompilerThread2" daemon [_thread_blocked, id=2692, stack(0x000000001b360000,0x000000001b460000)]
  0x0000000019a23800 JavaThread "C2 CompilerThread1" daemon [_thread_blocked, id=14400, stack(0x000000001b260000,0x000000001b360000)]
  0x0000000019a1f000 JavaThread "C2 CompilerThread0" daemon [_thread_blocked, id=11652, stack(0x000000001b160000,0x000000001b260000)]
  0x0000000019a1e000 JavaThread "Attach Listener" daemon [_thread_blocked, id=14396, stack(0x000000001b060000,0x000000001b160000)]
  0x0000000019a1d000 JavaThread "Signal Dispatcher" daemon [_thread_blocked, id=17612, stack(0x000000001af60000,0x000000001b060000)]
  0x0000000004e6c000 JavaThread "Finalizer" daemon [_thread_blocked, id=5420, stack(0x000000001ac70000,0x000000001ad70000)]
  0x00000000199e9000 JavaThread "Reference Handler" daemon [_thread_blocked, id=12988, stack(0x000000001ab70000,0x000000001ac70000)]

Other Threads:
=>0x00000000199e7800 VMThread [stack: 0x000000001aa70000,0x000000001ab70000] [id=16596]

VM state:at safepoint (shutting down)

VM Mutex/Monitor currently owned by a thread:  ([mutex/lock_event])
[0x000000000306c7d0] Threads_lock - owner thread: 0x00000000199e7800

Heap:
 PSYoungGen      total 32768K, used 8914K [0x00000000d5b80000, 0x00000000d8880000, 0x0000000100000000)
  eden space 27648K, 13% used [0x00000000d5b80000,0x00000000d5f47878,0x00000000d7680000)
  from space 5120K, 98% used [0x00000000d7700000,0x00000000d7bed278,0x00000000d7c00000)
  to   space 9216K, 0% used [0x00000000d7f80000,0x00000000d7f80000,0x00000000d8880000)
 ParOldGen       total 87040K, used 25220K [0x0000000081200000, 0x0000000086700000, 0x00000000d5b80000)
  object space 87040K, 28% used [0x0000000081200000,0x0000000082aa1078,0x0000000086700000)
 Metaspace       used 13418K, capacity 13652K, committed 13824K, reserved 1060864K
  class space    used 1646K, capacity 1704K, committed 1792K, reserved 1048576K

Card table byte_map: [0x0000000014230000,0x0000000014630000] byte_map_base: 0x0000000013e27000

Marking Bits: (ParMarkBitMap*) 0x0000000071edc720
 Begin Bits: [0x0000000014ce0000, 0x0000000016c98000)
 End Bits:   [0x0000000016c98000, 0x0000000018c50000)

Polling page: 0x0000000003030000

CodeCache: size=245760Kb used=4769Kb max_used=4769Kb free=240990Kb
 bounds [0x0000000004e70000, 0x0000000005320000, 0x0000000013e70000]
 total_blobs=2057 nmethods=1442 adapters=527
 compilation: enabled

Compilation events (10 events):
Event: 25.725 Thread 0x0000000019a1f000 nmethod 1525 0x000000000508ded0 code [0x000000000508e000, 0x000000000508e058]
Event: 25.725 Thread 0x0000000019a2a800 nmethod 1527 0x000000000531b610 code [0x000000000531b7a0, 0x000000000531bd08]
Event: 25.725 Thread 0x0000000019a2a800 1526       3       javax.swing.JComponent::paintImmediately (155 bytes)
Event: 25.726 Thread 0x0000000019a2a800 nmethod 1526 0x0000000005319c90 code [0x0000000005319ee0, 0x000000000531b078]
Event: 26.305 Thread 0x0000000019a2a800 1528       1       java.lang.ThreadLocal::getMap (5 bytes)
Event: 26.305 Thread 0x0000000019a2a800 nmethod 1528 0x0000000005319990 code [0x0000000005319ae0, 0x0000000005319bf0]
Event: 26.511 Thread 0x0000000019a2a800 1529       3       java.io.File::<init> (47 bytes)
Event: 26.511 Thread 0x0000000019a2a800 nmethod 1529 0x0000000005319250 code [0x00000000053193e0, 0x0000000005319768]
Event: 26.840 Thread 0x0000000019a2a800 1530  s    3       sun.java2d.loops.GraphicsPrimitiveMgr::locate (56 bytes)
Event: 26.840 Thread 0x0000000019a2a800 nmethod 1530 0x000000000531be90 code [0x000000000531c040, 0x000000000531c5f8]

GC Heap History (10 events):
Event: 22.402 GC heap before
{Heap before GC invocations=12 (full 1):
 PSYoungGen      total 39424K, used 34417K [0x00000000d5b80000, 0x00000000d8c00000, 0x0000000100000000)
  eden space 30208K, 100% used [0x00000000d5b80000,0x00000000d7900000,0x00000000d7900000)
  from space 9216K, 45% used [0x00000000d8300000,0x00000000d871c460,0x00000000d8c00000)
  to   space 9728K, 0% used [0x00000000d7900000,0x00000000d7900000,0x00000000d8280000)
 ParOldGen       total 87040K, used 24200K [0x0000000081200000, 0x0000000086700000, 0x00000000d5b80000)
  object space 87040K, 27% used [0x0000000081200000,0x00000000829a2068,0x0000000086700000)
 Metaspace       used 13374K, capacity 13580K, committed 13824K, reserved 1060864K
  class space    used 1644K, capacity 1704K, committed 1792K, reserved 1048576K
Event: 22.403 GC heap after
Heap after GC invocations=12 (full 1):
 PSYoungGen      total 39424K, used 2313K [0x00000000d5b80000, 0x00000000d8c80000, 0x0000000100000000)
  eden space 29696K, 0% used [0x00000000d5b80000,0x00000000d5b80000,0x00000000d7880000)
  from space 9728K, 23% used [0x00000000d7900000,0x00000000d7b424c8,0x00000000d8280000)
  to   space 10240K, 0% used [0x00000000d8280000,0x00000000d8280000,0x00000000d8c80000)
 ParOldGen       total 87040K, used 25180K [0x0000000081200000, 0x0000000086700000, 0x00000000d5b80000)
  object space 87040K, 28% used [0x0000000081200000,0x0000000082a97078,0x0000000086700000)
 Metaspace       used 13374K, capacity 13580K, committed 13824K, reserved 1060864K
  class space    used 1644K, capacity 1704K, committed 1792K, reserved 1048576K
}
Event: 23.491 GC heap before
{Heap before GC invocations=13 (full 1):
 PSYoungGen      total 39424K, used 32009K [0x00000000d5b80000, 0x00000000d8c80000, 0x0000000100000000)
  eden space 29696K, 100% used [0x00000000d5b80000,0x00000000d7880000,0x00000000d7880000)
  from space 9728K, 23% used [0x00000000d7900000,0x00000000d7b424c8,0x00000000d8280000)
  to   space 10240K, 0% used [0x00000000d8280000,0x00000000d8280000,0x00000000d8c80000)
 ParOldGen       total 87040K, used 25180K [0x0000000081200000, 0x0000000086700000, 0x00000000d5b80000)
  object space 87040K, 28% used [0x0000000081200000,0x0000000082a97078,0x0000000086700000)
 Metaspace       used 13385K, capacity 13588K, committed 13824K, reserved 1060864K
  class space    used 1644K, capacity 1704K, committed 1792K, reserved 1048576K
Event: 23.493 GC heap after
Heap after GC invocations=13 (full 1):
 PSYoungGen      total 38912K, used 4177K [0x00000000d5b80000, 0x00000000d8c00000, 0x0000000100000000)
  eden space 29184K, 0% used [0x00000000d5b80000,0x00000000d5b80000,0x00000000d7800000)
  from space 9728K, 42% used [0x00000000d8280000,0x00000000d8694488,0x00000000d8c00000)
  to   space 10240K, 0% used [0x00000000d7800000,0x00000000d7800000,0x00000000d8200000)
 ParOldGen       total 87040K, used 25196K [0x0000000081200000, 0x0000000086700000, 0x00000000d5b80000)
  object space 87040K, 28% used [0x0000000081200000,0x0000000082a9b078,0x0000000086700000)
 Metaspace       used 13385K, capacity 13588K, committed 13824K, reserved 1060864K
  class space    used 1644K, capacity 1704K, committed 1792K, reserved 1048576K
}
Event: 24.590 GC heap before
{Heap before GC invocations=14 (full 1):
 PSYoungGen      total 38912K, used 33205K [0x00000000d5b80000, 0x00000000d8c00000, 0x0000000100000000)
  eden space 29184K, 99% used [0x00000000d5b80000,0x00000000d77d9018,0x00000000d7800000)
  from space 9728K, 42% used [0x00000000d8280000,0x00000000d8694488,0x00000000d8c00000)
  to   space 10240K, 0% used [0x00000000d7800000,0x00000000d7800000,0x00000000d8200000)
 ParOldGen       total 87040K, used 25196K [0x0000000081200000, 0x0000000086700000, 0x00000000d5b80000)
  object space 87040K, 28% used [0x0000000081200000,0x0000000082a9b078,0x0000000086700000)
 Metaspace       used 13393K, capacity 13588K, committed 13824K, reserved 1060864K
  class space    used 1644K, capacity 1704K, committed 1792K, reserved 1048576K
Event: 24.591 GC heap after
Heap after GC invocations=14 (full 1):
 PSYoungGen      total 32256K, used 3245K [0x00000000d5b80000, 0x00000000d8a80000, 0x0000000100000000)
  eden space 28672K, 0% used [0x00000000d5b80000,0x00000000d5b80000,0x00000000d7780000)
  from space 3584K, 90% used [0x00000000d7800000,0x00000000d7b2b578,0x00000000d7b80000)
  to   space 9728K, 0% used [0x00000000d8100000,0x00000000d8100000,0x00000000d8a80000)
 ParOldGen       total 87040K, used 25204K [0x0000000081200000, 0x0000000086700000, 0x00000000d5b80000)
  object space 87040K, 28% used [0x0000000081200000,0x0000000082a9d078,0x0000000086700000)
 Metaspace       used 13393K, capacity 13588K, committed 13824K, reserved 1060864K
  class space    used 1644K, capacity 1704K, committed 1792K, reserved 1048576K
}
Event: 25.702 GC heap before
{Heap before GC invocations=15 (full 1):
 PSYoungGen      total 32256K, used 31917K [0x00000000d5b80000, 0x00000000d8a80000, 0x0000000100000000)
  eden space 28672K, 100% used [0x00000000d5b80000,0x00000000d7780000,0x00000000d7780000)
  from space 3584K, 90% used [0x00000000d7800000,0x00000000d7b2b578,0x00000000d7b80000)
  to   space 9728K, 0% used [0x00000000d8100000,0x00000000d8100000,0x00000000d8a80000)
 ParOldGen       total 87040K, used 25204K [0x0000000081200000, 0x0000000086700000, 0x00000000d5b80000)
  object space 87040K, 28% used [0x0000000081200000,0x0000000082a9d078,0x0000000086700000)
 Metaspace       used 13408K, capacity 13652K, committed 13824K, reserved 1060864K
  class space    used 1644K, capacity 1704K, committed 1792K, reserved 1048576K
Event: 25.703 GC heap after
Heap after GC invocations=15 (full 1):
 PSYoungGen      total 37376K, used 3244K [0x00000000d5b80000, 0x00000000d8a00000, 0x0000000100000000)
  eden space 28160K, 0% used [0x00000000d5b80000,0x00000000d5b80000,0x00000000d7700000)
  from space 9216K, 35% used [0x00000000d8100000,0x00000000d842b350,0x00000000d8a00000)
  to   space 9728K, 0% used [0x00000000d7700000,0x00000000d7700000,0x00000000d8080000)
 ParOldGen       total 87040K, used 25220K [0x0000000081200000, 0x0000000086700000, 0x00000000d5b80000)
  object space 87040K, 28% used [0x0000000081200000,0x0000000082aa1078,0x0000000086700000)
 Metaspace       used 13408K, capacity 13652K, committed 13824K, reserved 1060864K
  class space    used 1644K, capacity 1704K, committed 1792K, reserved 1048576K
}
Event: 26.726 GC heap before
{Heap before GC invocations=16 (full 1):
 PSYoungGen      total 37376K, used 31404K [0x00000000d5b80000, 0x00000000d8a00000, 0x0000000100000000)
  eden space 28160K, 100% used [0x00000000d5b80000,0x00000000d7700000,0x00000000d7700000)
  from space 9216K, 35% used [0x00000000d8100000,0x00000000d842b350,0x00000000d8a00000)
  to   space 9728K, 0% used [0x00000000d7700000,0x00000000d7700000,0x00000000d8080000)
 ParOldGen       total 87040K, used 25220K [0x0000000081200000, 0x0000000086700000, 0x00000000d5b80000)
  object space 87040K, 28% used [0x0000000081200000,0x0000000082aa1078,0x0000000086700000)
 Metaspace       used 13411K, capacity 13652K, committed 13824K, reserved 1060864K
  class space    used 1644K, capacity 1704K, committed 1792K, reserved 1048576K
Event: 26.728 GC heap after
Heap after GC invocations=16 (full 1):
 PSYoungGen      total 32768K, used 5044K [0x00000000d5b80000, 0x00000000d8880000, 0x0000000100000000)
  eden space 27648K, 0% used [0x00000000d5b80000,0x00000000d5b80000,0x00000000d7680000)
  from space 5120K, 98% used [0x00000000d7700000,0x00000000d7bed278,0x00000000d7c00000)
  to   space 9216K, 0% used [0x00000000d7f80000,0x00000000d7f80000,0x00000000d8880000)
 ParOldGen       total 87040K, used 25220K [0x0000000081200000, 0x0000000086700000, 0x00000000d5b80000)
  object space 87040K, 28% used [0x0000000081200000,0x0000000082aa1078,0x0000000086700000)
 Metaspace       used 13411K, capacity 13652K, committed 13824K, reserved 1060864K
  class space    used 1644K, capacity 1704K, committed 1792K, reserved 1048576K
}

Deoptimization events (5 events):
Event: 0.279 Thread 0x000000001b852800 Uncommon trap: reason=null_check action=make_not_entrant pc=0x0000000004fd965c method=java.lang.String.equals(Ljava/lang/Object;)Z @ 8
Event: 4.807 Thread 0x000000001b852800 Uncommon trap: reason=class_check action=maybe_recompile pc=0x00000000050b18e4 method=java.awt.image.BufferedImage.setRGB(III)V @ 12
Event: 4.807 Thread 0x000000001b852800 Uncommon trap: reason=class_check action=maybe_recompile pc=0x00000000050b18e4 method=java.awt.image.BufferedImage.setRGB(III)V @ 12
Event: 4.807 Thread 0x000000001b852800 Uncommon trap: reason=class_check action=maybe_recompile pc=0x00000000050b18e4 method=java.awt.image.BufferedImage.setRGB(III)V @ 12
Event: 4.807 Thread 0x000000001b852800 Uncommon trap: reason=class_check action=maybe_recompile pc=0x00000000050b18e4 method=java.awt.image.BufferedImage.setRGB(III)V @ 12

Internal exceptions (10 events):
Event: 0.040 Thread 0x0000000004d70800 Exception <a 'java/lang/NoSuchMethodError': Method sun.misc.Unsafe.prefetchRead(Ljava/lang/Object;J)V name or signature does not match> (0x00000000d5b87f90) thrown at [C:\re\workspace\8-2-build-windows-amd64-cygwin\jdk8u131\8869\hotspot\src\share\vm\prims
Event: 0.132 Thread 0x0000000004d70800 Exception <a 'java/security/PrivilegedActionException'> (0x00000000d5c13b18) thrown at [C:\re\workspace\8-2-build-windows-amd64-cygwin\jdk8u131\8869\hotspot\src\share\vm\prims\jvm.cpp, line 1390]
Event: 0.132 Thread 0x0000000004d70800 Exception <a 'java/security/PrivilegedActionException'> (0x00000000d5c13d28) thrown at [C:\re\workspace\8-2-build-windows-amd64-cygwin\jdk8u131\8869\hotspot\src\share\vm\prims\jvm.cpp, line 1390]
Event: 0.133 Thread 0x0000000004d70800 Exception <a 'java/security/PrivilegedActionException'> (0x00000000d5c17998) thrown at [C:\re\workspace\8-2-build-windows-amd64-cygwin\jdk8u131\8869\hotspot\src\share\vm\prims\jvm.cpp, line 1390]
Event: 0.133 Thread 0x0000000004d70800 Exception <a 'java/security/PrivilegedActionException'> (0x00000000d5c17ba8) thrown at [C:\re\workspace\8-2-build-windows-amd64-cygwin\jdk8u131\8869\hotspot\src\share\vm\prims\jvm.cpp, line 1390]
Event: 0.139 Thread 0x0000000004d70800 Exception <a 'java/io/FileNotFoundException'> (0x00000000d5c1a0c0) thrown at [C:\re\workspace\8-2-build-windows-amd64-cygwin\jdk8u131\8869\hotspot\src\share\vm\prims\jni.cpp, line 709]
Event: 0.185 Thread 0x0000000004d70800 Exception <a 'java/lang/NoSuchFieldError': method resolution failed> (0x00000000d5d8ea00) thrown at [C:\re\workspace\8-2-build-windows-amd64-cygwin\jdk8u131\8869\hotspot\src\share\vm\prims\methodHandles.cpp, line 1146]
Event: 0.187 Thread 0x0000000004d70800 Exception <a 'java/lang/NoSuchFieldError': method resolution failed> (0x00000000d5d9bdd0) thrown at [C:\re\workspace\8-2-build-windows-amd64-cygwin\jdk8u131\8869\hotspot\src\share\vm\prims\methodHandles.cpp, line 1146]
Event: 0.260 Thread 0x000000001b852800 Exception <a 'java/io/FileNotFoundException'> (0x00000000d5f72fa0) thrown at [C:\re\workspace\8-2-build-windows-amd64-cygwin\jdk8u131\8869\hotspot\src\share\vm\prims\jni.cpp, line 709]
Event: 0.279 Thread 0x000000001b852800 Implicit null exception at 0x0000000004fd949b to 0x0000000004fd964d

Events (10 events):
Event: 26.841 Executing VM operation: RevokeBias
Event: 26.841 Executing VM operation: RevokeBias done
Event: 26.842 loading class java/util/WeakHashMap$KeyIterator
Event: 26.842 loading class java/util/WeakHashMap$HashIterator
Event: 26.842 loading class java/util/WeakHashMap$HashIterator done
Event: 26.842 loading class java/util/WeakHashMap$KeyIterator done
Event: 26.842 Thread 0x000000001b7b0800 Thread exited: 0x000000001b7b0800
Event: 26.864 Thread 0x000000001b850800 Thread exited: 0x000000001b850800
Event: 26.943 Thread 0x000000001b7b5000 Thread exited: 0x000000001b7b5000
Event: 26.944 Executing VM operation: Exit


Dynamic libraries:
0x00007ff7ac100000 - 0x00007ff7ac137000 	C:\Program Files\Java\jre1.8.0_131\bin\javaw.exe
0x00007ffbd99e0000 - 0x00007ffbd9bc0000 	C:\WINDOWS\SYSTEM32\ntdll.dll
0x00007ffbd71a0000 - 0x00007ffbd724e000 	C:\WINDOWS\System32\KERNEL32.DLL
0x00007ffbd5de0000 - 0x00007ffbd6046000 	C:\WINDOWS\System32\KERNELBASE.dll
0x00007ffbd9170000 - 0x00007ffbd9211000 	C:\WINDOWS\System32\ADVAPI32.dll
0x00007ffbd6eb0000 - 0x00007ffbd6f4d000 	C:\WINDOWS\System32\msvcrt.dll
0x00007ffbd8810000 - 0x00007ffbd886b000 	C:\WINDOWS\System32\sechost.dll
0x00007ffbd8f60000 - 0x00007ffbd907f000 	C:\WINDOWS\System32\RPCRT4.dll
0x00007ffbd96a0000 - 0x00007ffbd982f000 	C:\WINDOWS\System32\USER32.dll
0x00007ffbd60a0000 - 0x00007ffbd60c0000 	C:\WINDOWS\System32\win32u.dll
0x00007ffbd9830000 - 0x00007ffbd9858000 	C:\WINDOWS\System32\GDI32.dll
0x00007ffbd62e0000 - 0x00007ffbd6473000 	C:\WINDOWS\System32\gdi32full.dll
0x00007ffbd60c0000 - 0x00007ffbd615b000 	C:\WINDOWS\System32\msvcp_win.dll
0x00007ffbd6160000 - 0x00007ffbd6256000 	C:\WINDOWS\System32\ucrtbase.dll
0x00007ffbbc760000 - 0x00007ffbbc9c9000 	C:\WINDOWS\WinSxS\amd64_microsoft.windows.common-controls_6595b64144ccf1df_6.0.16299.248_none_15ced204935f55d7\COMCTL32.dll
0x00007ffbd9390000 - 0x00007ffbd9698000 	C:\WINDOWS\System32\combase.dll
0x00007ffbd6260000 - 0x00007ffbd62d2000 	C:\WINDOWS\System32\bcryptPrimitives.dll
0x00007ffbd98c0000 - 0x00007ffbd98ed000 	C:\WINDOWS\System32\IMM32.DLL
0x0000000072010000 - 0x00000000720e2000 	C:\Program Files\Java\jre1.8.0_131\bin\msvcr100.dll
0x00000000716c0000 - 0x0000000071f5c000 	C:\Program Files\Java\jre1.8.0_131\bin\server\jvm.dll
0x00007ffbd88d0000 - 0x00007ffbd88d8000 	C:\WINDOWS\System32\PSAPI.DLL
0x00007ffbbb0d0000 - 0x00007ffbbb0d9000 	C:\WINDOWS\SYSTEM32\WSOCK32.dll
0x00007ffbd2830000 - 0x00007ffbd2853000 	C:\WINDOWS\SYSTEM32\WINMM.dll
0x00007ffbd7360000 - 0x00007ffbd73cc000 	C:\WINDOWS\System32\WS2_32.dll
0x00007ffbcbe30000 - 0x00007ffbcbe3a000 	C:\WINDOWS\SYSTEM32\VERSION.dll
0x00007ffbd27d0000 - 0x00007ffbd27fa000 	C:\WINDOWS\SYSTEM32\WINMMBASE.dll
0x00007ffbd6050000 - 0x00007ffbd609a000 	C:\WINDOWS\System32\cfgmgr32.dll
0x0000000072350000 - 0x000000007235f000 	C:\Program Files\Java\jre1.8.0_131\bin\verify.dll
0x0000000072320000 - 0x0000000072349000 	C:\Program Files\Java\jre1.8.0_131\bin\java.dll
0x0000000072300000 - 0x0000000072316000 	C:\Program Files\Java\jre1.8.0_131\bin\zip.dll
0x00007ffbd73d0000 - 0x00007ffbd8806000 	C:\WINDOWS\System32\SHELL32.dll
0x00007ffbd9900000 - 0x00007ffbd99a6000 	C:\WINDOWS\System32\shcore.dll
0x00007ffbd6530000 - 0x00007ffbd6c77000 	C:\WINDOWS\System32\windows.storage.dll
0x00007ffbd8d30000 - 0x00007ffbd8d81000 	C:\WINDOWS\System32\shlwapi.dll
0x00007ffbd5d30000 - 0x00007ffbd5d41000 	C:\WINDOWS\System32\kernel.appcore.dll
0x00007ffbd5d70000 - 0x00007ffbd5dbc000 	C:\WINDOWS\System32\powrprof.dll
0x00007ffbd5dc0000 - 0x00007ffbd5ddb000 	C:\WINDOWS\System32\profapi.dll
0x00000000720f0000 - 0x0000000072288000 	C:\Program Files\Java\jre1.8.0_131\bin\awt.dll
0x00007ffbd9080000 - 0x00007ffbd9145000 	C:\WINDOWS\System32\OLEAUT32.dll
0x00007ffbd3c10000 - 0x00007ffbd3c98000 	C:\WINDOWS\SYSTEM32\apphelp.dll
0x00007ffbd3d90000 - 0x00007ffbd3e25000 	C:\WINDOWS\system32\uxtheme.dll
0x00007ffbd9220000 - 0x00007ffbd9387000 	C:\WINDOWS\System32\MSCTF.dll
0x00007ffbab640000 - 0x00007ffbab6e9000 	C:\Program Files\Common Files\microsoft shared\ink\tiptsf.dll
0x00007ffbd40e0000 - 0x00007ffbd410a000 	C:\WINDOWS\system32\dwmapi.dll
0x00007ffbd8e10000 - 0x00007ffbd8f59000 	C:\WINDOWS\System32\ole32.dll
0x00007ffbadac0000 - 0x00007ffbadbde000 	C:\WINDOWS\system32\opengl32.dll
0x00007ffbc93f0000 - 0x00007ffbc941c000 	C:\WINDOWS\SYSTEM32\GLU32.dll
0x0000000071670000 - 0x00000000716b7000 	C:\Program Files\Java\jre1.8.0_131\bin\fontmanager.dll
0x00000000722e0000 - 0x00000000722fa000 	C:\Program Files\Java\jre1.8.0_131\bin\net.dll
0x0000000180000000 - 0x000000018008c000 	C:\WINDOWS\system32\ASProxy64.dll
0x00007ffbd55c0000 - 0x00007ffbd5626000 	C:\WINDOWS\SYSTEM32\MSWSOCK.dll
0x00007ffbd5350000 - 0x00007ffbd5389000 	C:\WINDOWS\SYSTEM32\IPHLPAPI.DLL
0x00007ffbd5c60000 - 0x00007ffbd5c90000 	C:\WINDOWS\SYSTEM32\SspiCli.dll
0x00000000722c0000 - 0x00000000722d1000 	C:\Program Files\Java\jre1.8.0_131\bin\nio.dll
0x0000000071620000 - 0x0000000071662000 	C:\Program Files\Java\jre1.8.0_131\bin\t2k.dll
0x00007ffbc7fe0000 - 0x00007ffbc801e000 	C:\Users\weand\Desktop\Capstone project\CCR\GantryRobot\LeapMotion\LeapSDK\lib\x64\LeapJava.dll
0x00007ffbbbfb0000 - 0x00007ffbbc056000 	C:\Program Files\Java\jre1.8.0_131\bin\MSVCP120.dll
0x00007ffbb82a0000 - 0x00007ffbb838f000 	C:\Program Files\Java\jre1.8.0_131\bin\MSVCR120.dll
0x00007ffba71a0000 - 0x00007ffba730b000 	C:\Users\weand\Desktop\Capstone project\CCR\GantryRobot\LeapMotion\LeapSDK\lib\x64\Leap.dll
0x00007ffbd4e70000 - 0x00007ffbd4ea1000 	C:\WINDOWS\SYSTEM32\ntmarta.dll
0x00007ffb8b090000 - 0x00007ffb8ba61000 	C:\Users\weand\Desktop\Capstone project\CCR\GantryRobot\OpenCV\opencv\build\java\x64\opencv_java2410.dll
0x00007ffbca7d0000 - 0x00007ffbca7ef000 	C:\WINDOWS\SYSTEM32\AVIFIL32.dll
0x00007ffbc94f0000 - 0x00007ffbc9519000 	C:\WINDOWS\SYSTEM32\MSVFW32.dll
0x00007ffbc94b0000 - 0x00007ffbc94c8000 	C:\WINDOWS\SYSTEM32\AVICAP32.dll
0x00007ffbcd340000 - 0x00007ffbcd35c000 	C:\WINDOWS\SYSTEM32\MSACM32.dll
0x00007ffbd6f50000 - 0x00007ffbd6fee000 	C:\WINDOWS\System32\clbcatq.dll
0x00007ffbd22d0000 - 0x00007ffbd247b000 	C:\WINDOWS\SYSTEM32\WindowsCodecs.dll
0x00007ffbb06c0000 - 0x00007ffbb070f000 	C:\WINDOWS\system32\dataexchange.dll
0x00007ffbd2d50000 - 0x00007ffbd3032000 	C:\WINDOWS\system32\d3d11.dll
0x00007ffbd36e0000 - 0x00007ffbd3822000 	C:\WINDOWS\system32\dcomp.dll
0x00007ffbd4ba0000 - 0x00007ffbd4c4f000 	C:\WINDOWS\system32\dxgi.dll
0x00007ffbd4260000 - 0x00007ffbd43db000 	C:\WINDOWS\system32\twinapi.appcore.dll
0x00007ffbd41d0000 - 0x00007ffbd41f0000 	C:\WINDOWS\system32\RMCLIENT.dll
0x00007ffbd5890000 - 0x00007ffbd58b5000 	C:\WINDOWS\system32\bcrypt.dll
0x00007ffbb5800000 - 0x00007ffbb5898000 	C:\WINDOWS\System32\TextInputFramework.dll
0x00007ffbd1ea0000 - 0x00007ffbd218e000 	C:\WINDOWS\System32\CoreUIComponents.dll
0x00007ffbd3600000 - 0x00007ffbd36dc000 	C:\WINDOWS\System32\CoreMessaging.dll
0x00007ffbd1d60000 - 0x00007ffbd1e96000 	C:\WINDOWS\SYSTEM32\wintypes.dll
0x00007ffbb3d40000 - 0x00007ffbb3f46000 	C:\Windows\System32\uiautomationcore.dll
0x00007ffbd5b90000 - 0x00007ffbd5c2a000 	C:\WINDOWS\SYSTEM32\sxs.dll
0x00007ffbb0d00000 - 0x00007ffbb0d6e000 	C:\Windows\System32\OLEACC.dll
0x00007ffbb52a0000 - 0x00007ffbb5321000 	C:\WINDOWS\SYSTEM32\twinapi.dll
0x00007ffbc9430000 - 0x00007ffbc9448000 	C:\Windows\System32\devenum.dll
0x00007ffbd88e0000 - 0x00007ffbd8d2e000 	C:\WINDOWS\System32\setupapi.dll
0x00007ffbd5b40000 - 0x00007ffbd5b67000 	C:\WINDOWS\SYSTEM32\DEVOBJ.dll
0x00007ffbd6c80000 - 0x00007ffbd6cd8000 	C:\WINDOWS\System32\WINTRUST.dll
0x00007ffbd5d50000 - 0x00007ffbd5d62000 	C:\WINDOWS\System32\MSASN1.dll
0x00007ffbd6ce0000 - 0x00007ffbd6eae000 	C:\WINDOWS\System32\CRYPT32.dll
0x00007ffbb0710000 - 0x00007ffbb071a000 	C:\WINDOWS\SYSTEM32\msdmo.dll
0x00007ffbc5920000 - 0x00007ffbc5953000 	C:\Windows\System32\qcap.dll
0x00007ffba3080000 - 0x00007ffba323c000 	C:\Windows\System32\quartz.dll
0x00007ffbc3730000 - 0x00007ffbc377e000 	C:\Windows\System32\mfksproxy.dll
0x00007ffbcd890000 - 0x00007ffbcd8c6000 	C:\Windows\System32\MFSENSORGROUP.dll
0x00007ffbcdb20000 - 0x00007ffbcdb3d000 	C:\Windows\System32\ATL.DLL
0x00007ffbcd6d0000 - 0x00007ffbcd881000 	C:\Windows\System32\MFPlat.DLL
0x00007ffbcd690000 - 0x00007ffbcd6c2000 	C:\Windows\System32\RTWorkQ.DLL
0x00007ffbccc10000 - 0x00007ffbcd057000 	C:\Windows\System32\MFCORE.dll
0x00007ffbccc00000 - 0x00007ffbccc09000 	C:\Windows\System32\ksuser.dll
0x00007ffbd57a0000 - 0x00007ffbd57ab000 	C:\Windows\System32\CRYPTBASE.DLL
0x00007ffbb1890000 - 0x00007ffbb18e0000 	C:\Windows\System32\FSClient.dll
0x00007ffbd22c0000 - 0x00007ffbd22ca000 	C:\Windows\System32\AVRT.dll
0x00007ffbc9710000 - 0x00007ffbc971c000 	C:\Windows\System32\vidcap.ax
0x00007ffbbdd50000 - 0x00007ffbbdd76000 	C:\Windows\System32\kswdmcap.ax
0x00007ffb9c1a0000 - 0x00007ffb9c305000 	C:\Windows\System32\MFC42.dll
0x00007ffb99740000 - 0x00007ffb99cb2000 	C:\WINDOWS\system32\IntelCameraPlugin64.dll
0x00007ffbd1b90000 - 0x00007ffbd1c0a000 	C:\WINDOWS\SYSTEM32\policymanager.dll
0x00007ffbd1a30000 - 0x00007ffbd1ac0000 	C:\Windows\System32\msvcp110_win.dll
0x00007ffb9c7a0000 - 0x00007ffb9c8aa000 	C:\Windows\System32\MFReadWrite.dll
0x00007ffbad760000 - 0x00007ffbad800000 	C:\Windows\System32\qedit.dll
0x00007ffbd7250000 - 0x00007ffbd735a000 	C:\WINDOWS\System32\COMDLG32.dll
0x00007ffbba4f0000 - 0x00007ffbba68c000 	C:\WINDOWS\WinSxS\amd64_microsoft.windows.gdiplus_6595b64144ccf1df_1.1.16299.248_none_46b9c4e9edf1cfa5\gdiplus.dll
0x00007ffba70a0000 - 0x00007ffba7196000 	C:\Windows\System32\DDRAW.dll
0x00007ffbd28c0000 - 0x00007ffbd28c8000 	C:\Windows\System32\DCIMAN32.dll
0x00007ffbd2880000 - 0x00007ffbd288c000 	C:\WINDOWS\SYSTEM32\msyuv.dll
0x00007ffbd5780000 - 0x00007ffbd5797000 	C:\WINDOWS\SYSTEM32\CRYPTSP.dll
0x00007ffbd51d0000 - 0x00007ffbd5203000 	C:\WINDOWS\system32\rsaenh.dll
0x00007ffbd5c30000 - 0x00007ffbd5c59000 	C:\WINDOWS\SYSTEM32\USERENV.dll
0x00007ffbd6ff0000 - 0x00007ffbd6ff8000 	C:\WINDOWS\System32\NSI.dll
0x00007ffbcbc40000 - 0x00007ffbcbc56000 	C:\WINDOWS\SYSTEM32\dhcpcsvc6.DLL
0x00007ffbcbf30000 - 0x00007ffbcbf4a000 	C:\WINDOWS\SYSTEM32\dhcpcsvc.DLL
0x00007ffbd4720000 - 0x00007ffbd48e8000 	C:\WINDOWS\SYSTEM32\dbghelp.dll

VM Arguments:
jvm_args: -Djava.library.path=C:\Users\weand\Desktop\Capstone project\CCR\GantryRobot\mfz-rxtx-2.2-20081207-win-x64;C:\Users\weand\Desktop\Capstone project\CCR\GantryRobot\OpenCV\opencv\build\java\x64;C:\Users\weand\Desktop\Capstone project\CCR\GantryRobot\LeapMotion\LeapSDK\lib\x64 -Dfile.encoding=Cp1252 
java_command: leap.RXTXGui
java_class_path (initial): C:\Users\weand\workspace\Gantry_1\bin;C:\Users\weand\Desktop\Capstone project\CCR\GantryRobot\mfz-rxtx-2.2-20081207-win-x64\RXTXcomm.jar;C:\Users\weand\Desktop\Capstone project\CCR\GantryRobot\OpenCV\opencv\build\java\opencv-2410.jar;C:\Users\weand\Desktop\Capstone project\CCR\GantryRobot\LeapMotion\LeapSDK\lib\LeapJava.jar
Launcher Type: SUN_STANDARD

Environment Variables:
PATH=C:\Users\weand\Desktop\Capstone project\CCR\GantryRobot\LeapMotion\LeapSDK\lib\x64;n;C:/Program Files/Java/jre1.8.0_131/lib/amd64;C:\ProgramData\Oracle\Java\javapath;C:\Program Files\Microsoft MPI\Bin\;C:\WINDOWS\system32;C:\WINDOWS;C:\WINDOWS\System32\Wbem;C:\WINDOWS\System32\WindowsPowerShell\v1.0\;C:\Program Files (x86)\Skype\Phone\;C:\Program Files\Microsoft SQL Server\130\Tools\Binn\;C:\Program Files\dotnet\;C:\Program Files (x86)\GtkSharp\2.12\bin;C:\Program Files\MySQL\MySQL Utilities 1.6\;C:\Program Files\Git\cmd;C:\Users\weand\AppData\Local\Microsoft\WindowsApps;C:\Program Files (x86)\Spiceworks\Nmap;;C:\Users\weand\Downloads\eclipse-java-kepler-SR1-win32-x86_64\eclipse;C:/Program Files/Java/jre1.8.0_131/bin/server;C:/Program Files/Java/jre1.8.0_131/bin;C:/Program Files/Java/jre1.8.0_131/lib/amd64;C:\ProgramData\Oracle\Java\javapath;C:\Program Files\Microsoft MPI\Bin\;C:\WINDOWS\system32;C:\WINDOWS;C:\WINDOWS\System32\Wbem;C:\WINDOWS\System32\WindowsPowerShell\v1.0\;C:\Program Files (x86)\Skype\Phone\;C:\Program Files\Microsoft SQL Server\130\Tools\Binn\;C:\Program Files\dotnet\;C:\Program Files (x86)\GtkSharp\2.12\bin;C:\Program Files\MySQL\MySQL Utilities 1.6\;C:\Program Files\Git\cmd;C:\Users\weand\AppData\Local\Microsoft\WindowsApps;C:\Program Files (x86)\Spiceworks\Nmap;;C:\Users\weand\Downloads\eclipse-java-kepler-SR1-win32-x86_64\eclipse;
USERNAME=weand
OS=Windows_NT
PROCESSOR_IDENTIFIER=Intel64 Family 6 Model 78 Stepping 3, GenuineIntel



---------------  S Y S T E M  ---------------

OS: Windows 10.0 , 64 bit Build 16299 (10.0.16299.15)

CPU:total 4 (initial active 4) (2 cores per cpu, 2 threads per core) family 6 model 78 stepping 3, cmov, cx8, fxsr, mmx, sse, sse2, sse3, ssse3, sse4.1, sse4.2, popcnt, avx, avx2, aes, clmul, erms, rtm, 3dnowpref, lzcnt, ht, tsc, tscinvbit, bmi1, bmi2, adx

Memory: 4k page, physical 8311896k(2051380k free), swap 12768344k(2811444k free)

vm_info: Java HotSpot(TM) 64-Bit Server VM (25.131-b11) for windows-amd64 JRE (1.8.0_131-b11), built on Mar 15 2017 01:23:53 by "java_re" with MS VC++ 10.0 (VS2010)

time: Tue Mar 20 14:15:10 2018
elapsed time: 28 seconds (0d 0h 0m 28s)

