#
# A fatal error has been detected by the Java Runtime Environment:
#
#  Internal Error (0xc000000d), pid=6284, tid=0x00000000000027e0
#
# JRE version: Java(TM) SE Runtime Environment (8.0_131-b11) (build 1.8.0_131-b11)
# Java VM: Java HotSpot(TM) 64-Bit Server VM (25.131-b11 mixed mode windows-amd64 compressed oops)
# Problematic frame:
# C  [ntdll.dll+0x10b2b0]
#
# Failed to write core dump. Minidumps are not enabled by default on client versions of Windows
#
# If you would like to submit a bug report, please visit:
#   http://bugreport.java.com/bugreport/crash.jsp
#

---------------  T H R E A D  ---------------

Current thread (0x0000000019a27800):  VMThread [stack: 0x000000001aae0000,0x000000001abe0000] [id=10208]

siginfo: ExceptionCode=0xc000000d

Registers:
RAX=0x0000000004ed2050, RBX=0x0000000000000001, RCX=0x0000000019a28bf0, RDX=0x0000000000000001
RSP=0x000000001abded00, RBP=0x000000001eb9e590, RSI=0x000000001eb9e7c8, RDI=0x000000001eb8be80
R8 =0x0000000004ed2050, R9 =0x0000000019a28bf0, R10=0x0000000000000001, R11=0x0000000019a28c00
R12=0x00007ff910ec6680, R13=0x0000000000000001, R14=0x000000001eb7f9a0, R15=0x000000001eb7f9a0
RIP=0x00007ff9191fb2b0, EFLAGS=0x0000000000000206

Top of Stack: (sp=0x000000001abded00)
0x000000001abded00:   0000000000000057 0000000000000001
0x000000001abded10:   000000001eb9e7c8 000000001eb8be80
0x000000001abded20:   00000000c000000d 0000000000000000
0x000000001abded30:   00007ff9191fb2b0 0000000000000000
0x000000001abded40:   0000000000000000 0000000000000000
0x000000001abded50:   0000000000000000 0000000000000000
0x000000001abded60:   0000000000000000 0000000000000000
0x000000001abded70:   0000000000000000 0000000000000000
0x000000001abded80:   0000000000000000 0000000000000000
0x000000001abded90:   0000000000000000 0000000000000000
0x000000001abdeda0:   0000000000000000 0000000000000000
0x000000001abdedb0:   0000000000000000 0000000000000000
0x000000001abdedc0:   0000e2824db6eaf8 000000001eb8be80
0x000000001abdedd0:   000000001eb9e7c8 00007ff910ec4907
0x000000001abdede0:   000000001eb8be80 000000001eb7f9a0
0x000000001abdedf0:   00000000f46857d4 0000000000000020 

Instructions: (pc=0x00007ff9191fb2b0)
0x00007ff9191fb290:   b7 f9 ff c7 44 24 20 0d 00 00 c0 b9 57 00 00 00
0x00007ff9191fb2a0:   e8 4b 63 f3 ff 90 48 8d 4c 24 20 e8 90 00 f1 ff
0x00007ff9191fb2b0:   eb 00 48 8b 8c 24 c0 00 00 00 48 33 cc e8 ce 57
0x00007ff9191fb2c0:   f8 ff 48 81 c4 d8 00 00 00 c3 40 55 48 83 ec 20 


Register to memory mapping:

RAX=0x0000000004ed2050 is an unknown value
RBX=0x0000000000000001 is an unknown value
RCX=0x0000000019a28bf0 is an unknown value
RDX=0x0000000000000001 is an unknown value
RSP=0x000000001abded00 is an unknown value
RBP=0x000000001eb9e590 is an unknown value
RSI=0x000000001eb9e7c8 is an unknown value
RDI=0x000000001eb8be80 is an unknown value
R8 =0x0000000004ed2050 is an unknown value
R9 =0x0000000019a28bf0 is an unknown value
R10=0x0000000000000001 is an unknown value
R11=0x0000000019a28c00 is an unknown value
R12=0x00007ff910ec6680 is an unknown value
R13=0x0000000000000001 is an unknown value
R14=0x000000001eb7f9a0 is an unknown value
R15=0x000000001eb7f9a0 is an unknown value


Stack: [0x000000001aae0000,0x000000001abe0000],  sp=0x000000001abded00,  free space=1019k
Native frames: (J=compiled Java code, j=interpreted, Vv=VM code, C=native code)
C  [ntdll.dll+0x10b2b0]
C  [RTWorkQ.DLL+0x4907]
C  [RTWorkQ.DLL+0x9e46]
C  [RTWorkQ.DLL+0x7565]
C  [MFPlat.DLL+0x1d65b]
C  [MFReadWrite.dll+0x16348]
C  [MFReadWrite.dll+0xfb0d]
C  [MFReadWrite.dll+0xf863]
C  [mfksproxy.dll+0x194d0]
C  [mfksproxy.dll+0x18069]
C  [mfksproxy.dll+0x6eeb]
C  [quartz.dll+0x42e19]
C  [quartz.dll+0x553ef]
C  [quartz.dll+0x57932]
C  [quartz.dll+0x56d75]
C  [opencv_java2410.dll+0x2aaa1e]
C  [opencv_java2410.dll+0x5f43d0]
C  [opencv_java2410.dll+0x508e75]
C  [opencv_java2410.dll+0x4fc0f6]
C  [opencv_java2410.dll+0x4fc269]
C  [ntdll.dll+0x11493]
C  [ntdll.dll+0x406b5]
C  [ntdll.dll+0x40574]
C  [KERNEL32.DLL+0xf06a]
C  [msvcr100.dll+0x20ccd]
V  [jvm.dll+0x213235]
V  [jvm.dll+0x24c2a7]
V  [jvm.dll+0x24b546]
V  [jvm.dll+0x24b9e1]
V  [jvm.dll+0x24bbfe]
V  [jvm.dll+0x29cc1a]
C  [msvcr100.dll+0x21d9f]
C  [msvcr100.dll+0x21e3b]
C  [KERNEL32.DLL+0x11fe4]
C  [ntdll.dll+0x6efc1]

VM_Operation (0x000000001c3ccd50): Exit, mode: safepoint, requested by thread 0x000000001b89f800


---------------  P R O C E S S  ---------------

Java Threads: ( => current thread )
  0x000000001d870800 JavaThread "TimerQueue" daemon [_thread_blocked, id=1516, stack(0x000000001ea60000,0x000000001eb60000)]
  0x0000000004d30800 JavaThread "DestroyJavaVM" [_thread_blocked, id=16068, stack(0x0000000004c00000,0x0000000004d00000)]
  0x000000001b89f800 JavaThread "AWT-EventQueue-0" [_thread_blocked, id=4356, stack(0x000000001c2d0000,0x000000001c3d0000)]
  0x000000001b89e000 JavaThread "AWT-Shutdown" [_thread_blocked, id=936, stack(0x000000001bfb0000,0x000000001c0b0000)]
  0x000000001b89b800 JavaThread "Java2D Disposer" daemon [_thread_blocked, id=10688, stack(0x000000001beb0000,0x000000001bfb0000)]
  0x0000000019abc000 JavaThread "Service Thread" daemon [_thread_blocked, id=14764, stack(0x000000001b8d0000,0x000000001b9d0000)]
  0x0000000019a6a000 JavaThread "C1 CompilerThread2" daemon [_thread_blocked, id=9684, stack(0x000000001b3d0000,0x000000001b4d0000)]
  0x0000000019a63000 JavaThread "C2 CompilerThread1" daemon [_thread_blocked, id=1492, stack(0x000000001b2d0000,0x000000001b3d0000)]
  0x0000000019a5e800 JavaThread "C2 CompilerThread0" daemon [_thread_blocked, id=16020, stack(0x000000001b1d0000,0x000000001b2d0000)]
  0x0000000019a5d000 JavaThread "Attach Listener" daemon [_thread_blocked, id=15452, stack(0x000000001b0d0000,0x000000001b1d0000)]
  0x0000000019a4a800 JavaThread "Finalizer" daemon [_thread_blocked, id=9368, stack(0x000000001ace0000,0x000000001ade0000)]
  0x0000000004e1f000 JavaThread "Reference Handler" daemon [_thread_blocked, id=796, stack(0x000000001abe0000,0x000000001ace0000)]

Other Threads:
=>0x0000000019a27800 VMThread [stack: 0x000000001aae0000,0x000000001abe0000] [id=10208]

VM state:at safepoint (shutting down)

VM Mutex/Monitor currently owned by a thread:  ([mutex/lock_event])
[0x0000000004edcbd0] Threads_lock - owner thread: 0x0000000019a27800

Heap:
 PSYoungGen      total 27648K, used 19662K [0x00000000d5b80000, 0x00000000d7a00000, 0x0000000100000000)
  eden space 24064K, 69% used [0x00000000d5b80000,0x00000000d6be8aa0,0x00000000d7300000)
  from space 3584K, 79% used [0x00000000d7300000,0x00000000d75cb030,0x00000000d7680000)
  to   space 3584K, 0% used [0x00000000d7680000,0x00000000d7680000,0x00000000d7a00000)
 ParOldGen       total 87552K, used 18133K [0x0000000081200000, 0x0000000086780000, 0x00000000d5b80000)
  object space 87552K, 20% used [0x0000000081200000,0x00000000823b5438,0x0000000086780000)
 Metaspace       used 12991K, capacity 13236K, committed 13568K, reserved 1060864K
  class space    used 1576K, capacity 1672K, committed 1792K, reserved 1048576K

Card table byte_map: [0x00000000142a0000,0x00000000146a0000] byte_map_base: 0x0000000013e97000

Marking Bits: (ParMarkBitMap*) 0x00000000730fc720
 Begin Bits: [0x0000000014d50000, 0x0000000016d08000)
 End Bits:   [0x0000000016d08000, 0x0000000018cc0000)

Polling page: 0x0000000004d00000

CodeCache: size=245760Kb used=4850Kb max_used=4900Kb free=240909Kb
 bounds [0x0000000004ee0000, 0x00000000053c0000, 0x0000000013ee0000]
 total_blobs=2097 nmethods=1414 adapters=595
 compilation: enabled

Compilation events (10 events):
Event: 86.321 Thread 0x0000000019a6a000 1482   !   3       java.awt.KeyboardFocusManager::processCurrentLightweightRequests (345 bytes)
Event: 86.323 Thread 0x0000000019a6a000 nmethod 1482 0x00000000053af010 code [0x00000000053af440, 0x00000000053b1c78]
Event: 86.814 Thread 0x0000000019a6a000 1483       3       java.awt.Window::eventEnabled (138 bytes)
Event: 86.814 Thread 0x0000000019a6a000 nmethod 1483 0x00000000051538d0 code [0x0000000005153a40, 0x0000000005153e48]
Event: 87.068 Thread 0x0000000019a6a000 1484   !   3       java.awt.KeyboardFocusManager::retargetFocusEvent (244 bytes)
Event: 87.069 Thread 0x0000000019a6a000 nmethod 1484 0x000000000518efd0 code [0x000000000518f440, 0x0000000005192398]
Event: 87.117 Thread 0x0000000019a6a000 1485       3       sun.awt.windows.WComponentPeer::handleJavaMouseEvent (76 bytes)
Event: 87.118 Thread 0x0000000019a6a000 nmethod 1485 0x00000000051cb6d0 code [0x00000000051cb900, 0x00000000051cc738]
Event: 88.058 Thread 0x0000000019a5e800 1486       4       java.awt.Component::getGraphics (124 bytes)
Event: 88.081 Thread 0x0000000019a5e800 nmethod 1486 0x00000000051d3310 code [0x00000000051d3580, 0x00000000051d4750]

GC Heap History (10 events):
Event: 82.414 GC heap before
{Heap before GC invocations=55 (full 0):
 PSYoungGen      total 27648K, used 26762K [0x00000000d5b80000, 0x00000000d7a00000, 0x0000000100000000)
  eden space 24064K, 99% used [0x00000000d5b80000,0x00000000d72d7908,0x00000000d7300000)
  from space 3584K, 79% used [0x00000000d7680000,0x00000000d794b030,0x00000000d7a00000)
  to   space 3584K, 0% used [0x00000000d7300000,0x00000000d7300000,0x00000000d7680000)
 ParOldGen       total 87552K, used 18069K [0x0000000081200000, 0x0000000086780000, 0x00000000d5b80000)
  object space 87552K, 20% used [0x0000000081200000,0x00000000823a5438,0x0000000086780000)
 Metaspace       used 12980K, capacity 13236K, committed 13568K, reserved 1060864K
  class space    used 1576K, capacity 1672K, committed 1792K, reserved 1048576K
Event: 82.415 GC heap after
Heap after GC invocations=55 (full 0):
 PSYoungGen      total 27648K, used 2860K [0x00000000d5b80000, 0x00000000d7a00000, 0x0000000100000000)
  eden space 24064K, 0% used [0x00000000d5b80000,0x00000000d5b80000,0x00000000d7300000)
  from space 3584K, 79% used [0x00000000d7300000,0x00000000d75cb030,0x00000000d7680000)
  to   space 3584K, 0% used [0x00000000d7680000,0x00000000d7680000,0x00000000d7a00000)
 ParOldGen       total 87552K, used 18085K [0x0000000081200000, 0x0000000086780000, 0x00000000d5b80000)
  object space 87552K, 20% used [0x0000000081200000,0x00000000823a9438,0x0000000086780000)
 Metaspace       used 12980K, capacity 13236K, committed 13568K, reserved 1060864K
  class space    used 1576K, capacity 1672K, committed 1792K, reserved 1048576K
}
Event: 83.728 GC heap before
{Heap before GC invocations=56 (full 0):
 PSYoungGen      total 27648K, used 26756K [0x00000000d5b80000, 0x00000000d7a00000, 0x0000000100000000)
  eden space 24064K, 99% used [0x00000000d5b80000,0x00000000d72d6160,0x00000000d7300000)
  from space 3584K, 79% used [0x00000000d7300000,0x00000000d75cb030,0x00000000d7680000)
  to   space 3584K, 0% used [0x00000000d7680000,0x00000000d7680000,0x00000000d7a00000)
 ParOldGen       total 87552K, used 18085K [0x0000000081200000, 0x0000000086780000, 0x00000000d5b80000)
  object space 87552K, 20% used [0x0000000081200000,0x00000000823a9438,0x0000000086780000)
 Metaspace       used 12980K, capacity 13236K, committed 13568K, reserved 1060864K
  class space    used 1576K, capacity 1672K, committed 1792K, reserved 1048576K
Event: 83.729 GC heap after
Heap after GC invocations=56 (full 0):
 PSYoungGen      total 27648K, used 2860K [0x00000000d5b80000, 0x00000000d7a00000, 0x0000000100000000)
  eden space 24064K, 0% used [0x00000000d5b80000,0x00000000d5b80000,0x00000000d7300000)
  from space 3584K, 79% used [0x00000000d7680000,0x00000000d794b030,0x00000000d7a00000)
  to   space 3584K, 0% used [0x00000000d7300000,0x00000000d7300000,0x00000000d7680000)
 ParOldGen       total 87552K, used 18093K [0x0000000081200000, 0x0000000086780000, 0x00000000d5b80000)
  object space 87552K, 20% used [0x0000000081200000,0x00000000823ab438,0x0000000086780000)
 Metaspace       used 12980K, capacity 13236K, committed 13568K, reserved 1060864K
  class space    used 1576K, capacity 1672K, committed 1792K, reserved 1048576K
}
Event: 85.040 GC heap before
{Heap before GC invocations=57 (full 0):
 PSYoungGen      total 27648K, used 26775K [0x00000000d5b80000, 0x00000000d7a00000, 0x0000000100000000)
  eden space 24064K, 99% used [0x00000000d5b80000,0x00000000d72daef0,0x00000000d7300000)
  from space 3584K, 79% used [0x00000000d7680000,0x00000000d794b030,0x00000000d7a00000)
  to   space 3584K, 0% used [0x00000000d7300000,0x00000000d7300000,0x00000000d7680000)
 ParOldGen       total 87552K, used 18093K [0x0000000081200000, 0x0000000086780000, 0x00000000d5b80000)
  object space 87552K, 20% used [0x0000000081200000,0x00000000823ab438,0x0000000086780000)
 Metaspace       used 12980K, capacity 13236K, committed 13568K, reserved 1060864K
  class space    used 1576K, capacity 1672K, committed 1792K, reserved 1048576K
Event: 85.040 GC heap after
Heap after GC invocations=57 (full 0):
 PSYoungGen      total 27648K, used 2860K [0x00000000d5b80000, 0x00000000d7a00000, 0x0000000100000000)
  eden space 24064K, 0% used [0x00000000d5b80000,0x00000000d5b80000,0x00000000d7300000)
  from space 3584K, 79% used [0x00000000d7300000,0x00000000d75cb030,0x00000000d7680000)
  to   space 3584K, 0% used [0x00000000d7680000,0x00000000d7680000,0x00000000d7a00000)
 ParOldGen       total 87552K, used 18101K [0x0000000081200000, 0x0000000086780000, 0x00000000d5b80000)
  object space 87552K, 20% used [0x0000000081200000,0x00000000823ad438,0x0000000086780000)
 Metaspace       used 12980K, capacity 13236K, committed 13568K, reserved 1060864K
  class space    used 1576K, capacity 1672K, committed 1792K, reserved 1048576K
}
Event: 86.348 GC heap before
{Heap before GC invocations=58 (full 0):
 PSYoungGen      total 27648K, used 26782K [0x00000000d5b80000, 0x00000000d7a00000, 0x0000000100000000)
  eden space 24064K, 99% used [0x00000000d5b80000,0x00000000d72dca48,0x00000000d7300000)
  from space 3584K, 79% used [0x00000000d7300000,0x00000000d75cb030,0x00000000d7680000)
  to   space 3584K, 0% used [0x00000000d7680000,0x00000000d7680000,0x00000000d7a00000)
 ParOldGen       total 87552K, used 18101K [0x0000000081200000, 0x0000000086780000, 0x00000000d5b80000)
  object space 87552K, 20% used [0x0000000081200000,0x00000000823ad438,0x0000000086780000)
 Metaspace       used 12983K, capacity 13236K, committed 13568K, reserved 1060864K
  class space    used 1576K, capacity 1672K, committed 1792K, reserved 1048576K
Event: 86.349 GC heap after
Heap after GC invocations=58 (full 0):
 PSYoungGen      total 27648K, used 2860K [0x00000000d5b80000, 0x00000000d7a00000, 0x0000000100000000)
  eden space 24064K, 0% used [0x00000000d5b80000,0x00000000d5b80000,0x00000000d7300000)
  from space 3584K, 79% used [0x00000000d7680000,0x00000000d794b030,0x00000000d7a00000)
  to   space 3584K, 0% used [0x00000000d7300000,0x00000000d7300000,0x00000000d7680000)
 ParOldGen       total 87552K, used 18117K [0x0000000081200000, 0x0000000086780000, 0x00000000d5b80000)
  object space 87552K, 20% used [0x0000000081200000,0x00000000823b1438,0x0000000086780000)
 Metaspace       used 12983K, capacity 13236K, committed 13568K, reserved 1060864K
  class space    used 1576K, capacity 1672K, committed 1792K, reserved 1048576K
}
Event: 87.651 GC heap before
{Heap before GC invocations=59 (full 0):
 PSYoungGen      total 27648K, used 26762K [0x00000000d5b80000, 0x00000000d7a00000, 0x0000000100000000)
  eden space 24064K, 99% used [0x00000000d5b80000,0x00000000d72d7a78,0x00000000d7300000)
  from space 3584K, 79% used [0x00000000d7680000,0x00000000d794b030,0x00000000d7a00000)
  to   space 3584K, 0% used [0x00000000d7300000,0x00000000d7300000,0x00000000d7680000)
 ParOldGen       total 87552K, used 18117K [0x0000000081200000, 0x0000000086780000, 0x00000000d5b80000)
  object space 87552K, 20% used [0x0000000081200000,0x00000000823b1438,0x0000000086780000)
 Metaspace       used 12991K, capacity 13236K, committed 13568K, reserved 1060864K
  class space    used 1576K, capacity 1672K, committed 1792K, reserved 1048576K
Event: 87.652 GC heap after
Heap after GC invocations=59 (full 0):
 PSYoungGen      total 27648K, used 2860K [0x00000000d5b80000, 0x00000000d7a00000, 0x0000000100000000)
  eden space 24064K, 0% used [0x00000000d5b80000,0x00000000d5b80000,0x00000000d7300000)
  from space 3584K, 79% used [0x00000000d7300000,0x00000000d75cb030,0x00000000d7680000)
  to   space 3584K, 0% used [0x00000000d7680000,0x00000000d7680000,0x00000000d7a00000)
 ParOldGen       total 87552K, used 18133K [0x0000000081200000, 0x0000000086780000, 0x00000000d5b80000)
  object space 87552K, 20% used [0x0000000081200000,0x00000000823b5438,0x0000000086780000)
 Metaspace       used 12991K, capacity 13236K, committed 13568K, reserved 1060864K
  class space    used 1576K, capacity 1672K, committed 1792K, reserved 1048576K
}

Deoptimization events (3 events):
Event: 0.283 Thread 0x000000001b89f800 Uncommon trap: reason=null_check action=make_not_entrant pc=0x000000000504bdf8 method=java.lang.String.equals(Ljava/lang/Object;)Z @ 8
Event: 5.360 Thread 0x000000001b89f800 Uncommon trap: reason=unstable_if action=reinterpret pc=0x00000000051cfda0 method=GantryClaw.ClawImagePanel.matToBufferedImage(Lorg/opencv/core/Mat;)Ljava/awt/image/BufferedImage; @ 120
Event: 5.362 Thread 0x000000001b89f800 Uncommon trap: reason=unstable_if action=reinterpret pc=0x00000000051ce184 method=sun.awt.image.ByteInterleavedRaster.putByteData(IIII[B)V @ 446

Internal exceptions (10 events):
Event: 85.771 Thread 0x000000001b7bf800 Implicit null exception at 0x000000000533d509 to 0x000000000533e707
Event: 85.771 Thread 0x000000001b7bf800 Exception <a 'java/lang/NullPointerException'> (0x00000000d6a0caf0) thrown at [C:\re\workspace\8-2-build-windows-amd64-cygwin\jdk8u131\8869\hotspot\src\share\vm\runtime\sharedRuntime.cpp, line 605]
Event: 85.771 Thread 0x000000001b7bf800 Implicit null exception at 0x000000000533d509 to 0x000000000533e707
Event: 85.771 Thread 0x000000001b7bf800 Exception <a 'java/lang/NullPointerException'> (0x00000000d6a0d088) thrown at [C:\re\workspace\8-2-build-windows-amd64-cygwin\jdk8u131\8869\hotspot\src\share\vm\runtime\sharedRuntime.cpp, line 605]
Event: 85.771 Thread 0x000000001b7bf800 Implicit null exception at 0x000000000533d509 to 0x000000000533e707
Event: 85.771 Thread 0x000000001b7bf800 Exception <a 'java/lang/NullPointerException'> (0x00000000d6a0d600) thrown at [C:\re\workspace\8-2-build-windows-amd64-cygwin\jdk8u131\8869\hotspot\src\share\vm\runtime\sharedRuntime.cpp, line 605]
Event: 85.771 Thread 0x000000001b7bf800 Implicit null exception at 0x000000000533d509 to 0x000000000533e707
Event: 85.771 Thread 0x000000001b7bf800 Exception <a 'java/lang/NullPointerException'> (0x00000000d6a0db90) thrown at [C:\re\workspace\8-2-build-windows-amd64-cygwin\jdk8u131\8869\hotspot\src\share\vm\runtime\sharedRuntime.cpp, line 605]
Event: 85.771 Thread 0x000000001b7bf800 Implicit null exception at 0x000000000533d509 to 0x000000000533e707
Event: 85.771 Thread 0x000000001b7bf800 Exception <a 'java/lang/NullPointerException'> (0x00000000d6a0e128) thrown at [C:\re\workspace\8-2-build-windows-amd64-cygwin\jdk8u131\8869\hotspot\src\share\vm\runtime\sharedRuntime.cpp, line 605]

Events (10 events):
Event: 87.118 Thread 0x0000000019a6a000 flushing nmethod 0x000000000525e910
Event: 87.651 Executing VM operation: ParallelGCFailedAllocation
Event: 87.652 Executing VM operation: ParallelGCFailedAllocation done
Event: 88.517 Thread 0x000000001b7bf800 Thread added: 0x000000001b7bf800
Event: 88.517 Thread 0x000000001dbeb000 Thread added: 0x000000001dbeb000
Event: 88.517 Thread 0x000000001b7bf800 Thread exited: 0x000000001b7bf800
Event: 88.536 Thread 0x000000001b89e800 Thread exited: 0x000000001b89e800
Event: 88.619 Thread 0x000000001dbeb000 Thread exited: 0x000000001dbeb000
Event: 88.619 Thread 0x0000000019a5c000 Thread exited: 0x0000000019a5c000
Event: 88.619 Executing VM operation: Exit


Dynamic libraries:
0x00007ff6440f0000 - 0x00007ff644127000 	C:\Program Files\Java\jre1.8.0_131\bin\javaw.exe
0x00007ff9190f0000 - 0x00007ff9192d0000 	C:\WINDOWS\SYSTEM32\ntdll.dll
0x00007ff917bc0000 - 0x00007ff917c6e000 	C:\WINDOWS\System32\KERNEL32.DLL
0x00007ff916350000 - 0x00007ff9165b6000 	C:\WINDOWS\System32\KERNELBASE.dll
0x00007ff918060000 - 0x00007ff918101000 	C:\WINDOWS\System32\ADVAPI32.dll
0x00007ff917ce0000 - 0x00007ff917d7d000 	C:\WINDOWS\System32\msvcrt.dll
0x00007ff917c80000 - 0x00007ff917cdb000 	C:\WINDOWS\System32\sechost.dll
0x00007ff917f40000 - 0x00007ff91805f000 	C:\WINDOWS\System32\RPCRT4.dll
0x00007ff918530000 - 0x00007ff9186bf000 	C:\WINDOWS\System32\USER32.dll
0x00007ff916280000 - 0x00007ff9162a0000 	C:\WINDOWS\System32\win32u.dll
0x00007ff918d20000 - 0x00007ff918d48000 	C:\WINDOWS\System32\GDI32.dll
0x00007ff9157c0000 - 0x00007ff915953000 	C:\WINDOWS\System32\gdi32full.dll
0x00007ff915620000 - 0x00007ff9156bb000 	C:\WINDOWS\System32\msvcp_win.dll
0x00007ff9156c0000 - 0x00007ff9157b6000 	C:\WINDOWS\System32\ucrtbase.dll
0x00007ff8fc2b0000 - 0x00007ff8fc519000 	C:\WINDOWS\WinSxS\amd64_microsoft.windows.common-controls_6595b64144ccf1df_6.0.16299.309_none_15cfd4c4935e6b11\COMCTL32.dll
0x00007ff918d50000 - 0x00007ff919058000 	C:\WINDOWS\System32\combase.dll
0x00007ff9155a0000 - 0x00007ff915612000 	C:\WINDOWS\System32\bcryptPrimitives.dll
0x00007ff9181e0000 - 0x00007ff91820d000 	C:\WINDOWS\System32\IMM32.DLL
0x0000000073ec0000 - 0x0000000073f92000 	C:\Program Files\Java\jre1.8.0_131\bin\msvcr100.dll
0x00000000728e0000 - 0x000000007317c000 	C:\Program Files\Java\jre1.8.0_131\bin\server\jvm.dll
0x00007ff917c70000 - 0x00007ff917c78000 	C:\WINDOWS\System32\PSAPI.DLL
0x00007ff8ff750000 - 0x00007ff8ff759000 	C:\WINDOWS\SYSTEM32\WSOCK32.dll
0x00007ff90fce0000 - 0x00007ff90fd03000 	C:\WINDOWS\SYSTEM32\WINMM.dll
0x00007ff917ed0000 - 0x00007ff917f3c000 	C:\WINDOWS\System32\WS2_32.dll
0x00007ff90f8f0000 - 0x00007ff90f8fa000 	C:\WINDOWS\SYSTEM32\VERSION.dll
0x00007ff90f9d0000 - 0x00007ff90f9fa000 	C:\WINDOWS\SYSTEM32\WINMMBASE.dll
0x00007ff9154f0000 - 0x00007ff91553a000 	C:\WINDOWS\System32\cfgmgr32.dll
0x0000000074120000 - 0x000000007412f000 	C:\Program Files\Java\jre1.8.0_131\bin\verify.dll
0x00000000740f0000 - 0x0000000074119000 	C:\Program Files\Java\jre1.8.0_131\bin\java.dll
0x00000000740d0000 - 0x00000000740e6000 	C:\Program Files\Java\jre1.8.0_131\bin\zip.dll
0x00007ff9165e0000 - 0x00007ff917a16000 	C:\WINDOWS\System32\SHELL32.dll
0x00007ff918210000 - 0x00007ff9182b6000 	C:\WINDOWS\System32\shcore.dll
0x00007ff915960000 - 0x00007ff9160a7000 	C:\WINDOWS\System32\windows.storage.dll
0x00007ff918cc0000 - 0x00007ff918d11000 	C:\WINDOWS\System32\shlwapi.dll
0x00007ff9154b0000 - 0x00007ff9154c1000 	C:\WINDOWS\System32\kernel.appcore.dll
0x00007ff915460000 - 0x00007ff9154ac000 	C:\WINDOWS\System32\powrprof.dll
0x00007ff915440000 - 0x00007ff91545b000 	C:\WINDOWS\System32\profapi.dll
0x0000000072740000 - 0x00000000728d8000 	C:\Program Files\Java\jre1.8.0_131\bin\awt.dll
0x00007ff918110000 - 0x00007ff9181d5000 	C:\WINDOWS\System32\OLEAUT32.dll
0x00007ff9138b0000 - 0x00007ff913938000 	C:\WINDOWS\SYSTEM32\apphelp.dll
0x00007ff913a30000 - 0x00007ff913ac5000 	C:\WINDOWS\system32\uxtheme.dll
0x00007ff9183c0000 - 0x00007ff918527000 	C:\WINDOWS\System32\MSCTF.dll
0x00007ff8eb150000 - 0x00007ff8eb1f9000 	C:\Program Files\Common Files\microsoft shared\ink\tiptsf.dll
0x00007ff913ca0000 - 0x00007ff913cca000 	C:\WINDOWS\system32\dwmapi.dll
0x00007ff917d80000 - 0x00007ff917ec9000 	C:\WINDOWS\System32\ole32.dll
0x00007ff8ffa30000 - 0x00007ff8ffb4e000 	C:\WINDOWS\system32\opengl32.dll
0x00007ff90caa0000 - 0x00007ff90cacc000 	C:\WINDOWS\SYSTEM32\GLU32.dll
0x0000000073e70000 - 0x0000000073eb7000 	C:\Program Files\Java\jre1.8.0_131\bin\fontmanager.dll
0x00000000740b0000 - 0x00000000740ca000 	C:\Program Files\Java\jre1.8.0_131\bin\net.dll
0x0000000180000000 - 0x000000018008c000 	C:\WINDOWS\system32\ASProxy64.dll
0x00007ff914cd0000 - 0x00007ff914d36000 	C:\WINDOWS\SYSTEM32\MSWSOCK.dll
0x00007ff914a60000 - 0x00007ff914a99000 	C:\WINDOWS\SYSTEM32\IPHLPAPI.DLL
0x00007ff915340000 - 0x00007ff915370000 	C:\WINDOWS\SYSTEM32\SspiCli.dll
0x0000000074090000 - 0x00000000740a1000 	C:\Program Files\Java\jre1.8.0_131\bin\nio.dll
0x0000000073e20000 - 0x0000000073e62000 	C:\Program Files\Java\jre1.8.0_131\bin\t2k.dll
0x00007ff90aa60000 - 0x00007ff90aa9e000 	C:\Users\weand\Desktop\Capstone project\CCR\GantryRobot\LeapMotion\LeapSDK\lib\x64\LeapJava.dll
0x00007ff8f3eb0000 - 0x00007ff8f3f9f000 	C:\Program Files\Java\jre1.8.0_131\bin\MSVCR120.dll
0x00007ff8f67e0000 - 0x00007ff8f6886000 	C:\Program Files\Java\jre1.8.0_131\bin\MSVCP120.dll
0x00007ff8f21f0000 - 0x00007ff8f235b000 	C:\Users\weand\Desktop\Capstone project\CCR\GantryRobot\LeapMotion\LeapSDK\lib\x64\Leap.dll
0x00007ff914570000 - 0x00007ff9145a1000 	C:\WINDOWS\SYSTEM32\ntmarta.dll
0x00007ff8c3380000 - 0x00007ff8c3d51000 	C:\Users\weand\Desktop\Capstone project\CCR\GantryRobot\OpenCV\opencv\build\java\x64\opencv_java2410.dll
0x00007ff90ca70000 - 0x00007ff90ca99000 	C:\WINDOWS\SYSTEM32\MSVFW32.dll
0x00007ff90aa40000 - 0x00007ff90aa5f000 	C:\WINDOWS\SYSTEM32\AVIFIL32.dll
0x00007ff90aa20000 - 0x00007ff90aa38000 	C:\WINDOWS\SYSTEM32\AVICAP32.dll
0x00007ff8eea30000 - 0x00007ff8eea4c000 	C:\WINDOWS\SYSTEM32\MSACM32.dll
0x00007ff9182c0000 - 0x00007ff91835e000 	C:\WINDOWS\System32\clbcatq.dll
0x00007ff90a450000 - 0x00007ff90a5fb000 	C:\WINDOWS\SYSTEM32\WindowsCodecs.dll
0x00007ff8ec390000 - 0x00007ff8ec3df000 	C:\WINDOWS\system32\dataexchange.dll
0x00007ff913380000 - 0x00007ff9134c2000 	C:\WINDOWS\system32\dcomp.dll
0x00007ff9125c0000 - 0x00007ff9128a2000 	C:\WINDOWS\system32\d3d11.dll
0x00007ff9142a0000 - 0x00007ff91434f000 	C:\WINDOWS\system32\dxgi.dll
0x00007ff913e20000 - 0x00007ff913f9b000 	C:\WINDOWS\system32\twinapi.appcore.dll
0x00007ff913d90000 - 0x00007ff913db0000 	C:\WINDOWS\system32\RMCLIENT.dll
0x00007ff914fa0000 - 0x00007ff914fc5000 	C:\WINDOWS\system32\bcrypt.dll
0x00007ff905b90000 - 0x00007ff905c28000 	C:\WINDOWS\System32\TextInputFramework.dll
0x00007ff909fd0000 - 0x00007ff90a2be000 	C:\WINDOWS\System32\CoreUIComponents.dll
0x00007ff9132a0000 - 0x00007ff91337c000 	C:\WINDOWS\System32\CoreMessaging.dll
0x00007ff911e20000 - 0x00007ff911f56000 	C:\WINDOWS\SYSTEM32\wintypes.dll
0x00007ff904910000 - 0x00007ff904b16000 	C:\Windows\System32\uiautomationcore.dll
0x00007ff9152a0000 - 0x00007ff91533a000 	C:\WINDOWS\SYSTEM32\sxs.dll
0x00007ff8ec900000 - 0x00007ff8ec96e000 	C:\Windows\System32\OLEACC.dll
0x00007ff8f4fa0000 - 0x00007ff8f5021000 	C:\WINDOWS\SYSTEM32\twinapi.dll
0x00007ff90a9c0000 - 0x00007ff90a9d8000 	C:\Windows\System32\devenum.dll
0x00007ff918860000 - 0x00007ff918cae000 	C:\WINDOWS\System32\setupapi.dll
0x00007ff915250000 - 0x00007ff915277000 	C:\WINDOWS\SYSTEM32\DEVOBJ.dll
0x00007ff915540000 - 0x00007ff915598000 	C:\WINDOWS\System32\WINTRUST.dll
0x00007ff9154d0000 - 0x00007ff9154e2000 	C:\WINDOWS\System32\MSASN1.dll
0x00007ff9160b0000 - 0x00007ff91627e000 	C:\WINDOWS\System32\CRYPT32.dll
0x00007ff8f5620000 - 0x00007ff8f562a000 	C:\WINDOWS\SYSTEM32\msdmo.dll
0x00007ff90a8e0000 - 0x00007ff90a913000 	C:\Windows\System32\qcap.dll
0x00007ff8e7060000 - 0x00007ff8e721c000 	C:\Windows\System32\quartz.dll
0x00007ff9061a0000 - 0x00007ff9061ee000 	C:\Windows\System32\mfksproxy.dll
0x00007ff9114e0000 - 0x00007ff9114fd000 	C:\Windows\System32\ATL.DLL
0x00007ff9110d0000 - 0x00007ff911106000 	C:\Windows\System32\MFSENSORGROUP.dll
0x00007ff910f10000 - 0x00007ff9110c3000 	C:\Windows\System32\MFPlat.DLL
0x00007ff910ec0000 - 0x00007ff910ef2000 	C:\Windows\System32\RTWorkQ.DLL
0x00007ff8f2b70000 - 0x00007ff8f2fb7000 	C:\Windows\System32\MFCORE.dll
0x00007ff8f5430000 - 0x00007ff8f5439000 	C:\Windows\System32\ksuser.dll
0x00007ff914eb0000 - 0x00007ff914ebb000 	C:\Windows\System32\CRYPTBASE.DLL
0x00007ff902dd0000 - 0x00007ff902e20000 	C:\Windows\System32\FSClient.dll
0x00007ff910eb0000 - 0x00007ff910eba000 	C:\Windows\System32\AVRT.dll
0x00007ff9111b0000 - 0x00007ff9111bc000 	C:\Windows\System32\vidcap.ax
0x00007ff90a8b0000 - 0x00007ff90a8d6000 	C:\Windows\System32\kswdmcap.ax
0x00007ff8d83d0000 - 0x00007ff8d8535000 	C:\Windows\System32\MFC42.dll
0x00007ff8d28d0000 - 0x00007ff8d2e42000 	C:\WINDOWS\system32\IntelCameraPlugin64.dll
0x00007ff9123d0000 - 0x00007ff91244a000 	C:\WINDOWS\SYSTEM32\policymanager.dll
0x00007ff912340000 - 0x00007ff9123d0000 	C:\Windows\System32\msvcp110_win.dll
0x00007ff8f1f90000 - 0x00007ff8f209a000 	C:\Windows\System32\MFReadWrite.dll
0x00007ff9025f0000 - 0x00007ff902690000 	C:\Windows\System32\qedit.dll
0x00007ff9186c0000 - 0x00007ff9187ca000 	C:\WINDOWS\System32\COMDLG32.dll
0x00007ff8ff1c0000 - 0x00007ff8ff35c000 	C:\WINDOWS\WinSxS\amd64_microsoft.windows.gdiplus_6595b64144ccf1df_1.1.16299.309_none_46bac7a9edf0e4df\gdiplus.dll
0x00007ff8d8c10000 - 0x00007ff8d8d06000 	C:\Windows\System32\DDRAW.dll
0x00007ff910720000 - 0x00007ff910728000 	C:\Windows\System32\DCIMAN32.dll
0x00007ff910700000 - 0x00007ff91070c000 	C:\WINDOWS\SYSTEM32\msyuv.dll
0x00007ff910ca0000 - 0x00007ff910e68000 	C:\WINDOWS\SYSTEM32\dbghelp.dll

VM Arguments:
jvm_args: -Djava.library.path=C:\Users\weand\Desktop\Capstone project\CCR\GantryRobot\mfz-rxtx-2.2-20081207-win-x64;C:\Users\weand\Desktop\Capstone project\CCR\GantryRobot\OpenCV\opencv\build\java\x64;C:\Users\weand\Desktop\Capstone project\CCR\GantryRobot\LeapMotion\LeapSDK\lib\x64 -Dfile.encoding=Cp1252 
java_command: leap.RXTXGui
java_class_path (initial): C:\Users\weand\workspace\Gantry_1\bin;C:\Users\weand\Desktop\Capstone project\CCR\GantryRobot\mfz-rxtx-2.2-20081207-win-x64\RXTXcomm.jar;C:\Users\weand\Desktop\Capstone project\CCR\GantryRobot\OpenCV\opencv\build\java\opencv-2410.jar;C:\Users\weand\Desktop\Capstone project\CCR\GantryRobot\LeapMotion\LeapSDK\lib\LeapJava.jar
Launcher Type: SUN_STANDARD

Environment Variables:
PATH=C:\Users\weand\Desktop\Capstone project\CCR\GantryRobot\LeapMotion\LeapSDK\lib\x64;n;C:/Program Files/Java/jre1.8.0_131/lib/amd64;C:\ProgramData\Oracle\Java\javapath;C:\Program Files\Microsoft MPI\Bin\;C:\WINDOWS\system32;C:\WINDOWS;C:\WINDOWS\System32\Wbem;C:\WINDOWS\System32\WindowsPowerShell\v1.0\;C:\Program Files (x86)\Skype\Phone\;C:\Program Files\Microsoft SQL Server\130\Tools\Binn\;C:\Program Files\dotnet\;C:\Program Files (x86)\GtkSharp\2.12\bin;C:\Program Files\MySQL\MySQL Utilities 1.6\;C:\Program Files\Git\cmd;C:\Users\weand\AppData\Local\Microsoft\WindowsApps;C:\Program Files (x86)\Spiceworks\Nmap;;C:\Users\weand\Downloads\eclipse-java-kepler-SR1-win32-x86_64\eclipse;C:/Program Files/Java/jre1.8.0_131/bin/server;C:/Program Files/Java/jre1.8.0_131/bin;C:/Program Files/Java/jre1.8.0_131/lib/amd64;C:\ProgramData\Oracle\Java\javapath;C:\Program Files\Microsoft MPI\Bin\;C:\WINDOWS\system32;C:\WINDOWS;C:\WINDOWS\System32\Wbem;C:\WINDOWS\System32\WindowsPowerShell\v1.0\;C:\Program Files (x86)\Skype\Phone\;C:\Program Files\Microsoft SQL Server\130\Tools\Binn\;C:\Program Files\dotnet\;C:\Program Files (x86)\GtkSharp\2.12\bin;C:\Program Files\MySQL\MySQL Utilities 1.6\;C:\Program Files\Git\cmd;C:\Users\weand\AppData\Local\Microsoft\WindowsApps;C:\Program Files (x86)\Spiceworks\Nmap;;C:\Users\weand\Downloads\eclipse-java-kepler-SR1-win32-x86_64\eclipse;
USERNAME=weand
OS=Windows_NT
PROCESSOR_IDENTIFIER=Intel64 Family 6 Model 78 Stepping 3, GenuineIntel



---------------  S Y S T E M  ---------------

OS: Windows 10.0 , 64 bit Build 16299 (10.0.16299.15)

CPU:total 4 (initial active 4) (2 cores per cpu, 2 threads per core) family 6 model 78 stepping 3, cmov, cx8, fxsr, mmx, sse, sse2, sse3, ssse3, sse4.1, sse4.2, popcnt, avx, avx2, aes, clmul, erms, rtm, 3dnowpref, lzcnt, ht, tsc, tscinvbit, bmi1, bmi2, adx

Memory: 4k page, physical 8311896k(2212944k free), swap 13030488k(5078200k free)

vm_info: Java HotSpot(TM) 64-Bit Server VM (25.131-b11) for windows-amd64 JRE (1.8.0_131-b11), built on Mar 15 2017 01:23:53 by "java_re" with MS VC++ 10.0 (VS2010)

time: Sun Mar 25 16:35:23 2018
elapsed time: 89 seconds (0d 0h 1m 29s)

