#
# A fatal error has been detected by the Java Runtime Environment:
#
#  Internal Error (0xc000000d), pid=3528, tid=0x00000000000027fc
#
# JRE version: Java(TM) SE Runtime Environment (8.0_131-b11) (build 1.8.0_131-b11)
# Java VM: Java HotSpot(TM) 64-Bit Server VM (25.131-b11 mixed mode windows-amd64 compressed oops)
# Problematic frame:
# C  [ntdll.dll+0x10b2b0]
#
# Failed to write core dump. Minidumps are not enabled by default on client versions of Windows
#
# If you would like to submit a bug report, please visit:
#   http://bugreport.java.com/bugreport/crash.jsp
#

---------------  T H R E A D  ---------------

Current thread (0x0000000019016800):  VMThread [stack: 0x000000001a0b0000,0x000000001a1b0000] [id=10236]

siginfo: ExceptionCode=0xc000000d

Registers:
RAX=0x00000000042b2050, RBX=0x0000000000000001, RCX=0x0000000019017bb0, RDX=0x0000000000000001
RSP=0x000000001a1ae850, RBP=0x000000001dd0ebf0, RSI=0x000000001dd0ee28, RDI=0x000000001dcfb9c0
R8 =0x00000000042b2050, R9 =0x0000000019017bb0, R10=0x0000000000000001, R11=0x0000000019017bc0
R12=0x00007ffbcd696680, R13=0x0000000000000001, R14=0x000000001dcf0830, R15=0x000000001dcf0830
RIP=0x00007ffbd9aeb2b0, EFLAGS=0x0000000000000202

Top of Stack: (sp=0x000000001a1ae850)
0x000000001a1ae850:   0000000000000057 0000000000000001
0x000000001a1ae860:   000000001dd0ee28 000000001dcfb9c0
0x000000001a1ae870:   00000000c000000d 0000000000000000
0x000000001a1ae880:   00007ffbd9aeb2b0 0000000000000000
0x000000001a1ae890:   0000000000000000 0000000000000000
0x000000001a1ae8a0:   0000000000000000 0000000000000000
0x000000001a1ae8b0:   0000000000000000 0000000000000000
0x000000001a1ae8c0:   0000000000000000 0000000000000000
0x000000001a1ae8d0:   0000000000000000 0000000000000000
0x000000001a1ae8e0:   0000000000000000 0000000000000000
0x000000001a1ae8f0:   0000000000000000 0000000000000000
0x000000001a1ae900:   0000000000000000 0000000000000000
0x000000001a1ae910:   00002262544cf0f6 000000001dcfb9c0
0x000000001a1ae920:   000000001dd0ee28 00007ffbcd694907
0x000000001a1ae930:   000000001dcfb9c0 000000001dcf0830
0x000000001a1ae940:   00000000f46857d4 0000000000000020 

Instructions: (pc=0x00007ffbd9aeb2b0)
0x00007ffbd9aeb290:   b7 f9 ff c7 44 24 20 0d 00 00 c0 b9 57 00 00 00
0x00007ffbd9aeb2a0:   e8 4b 63 f3 ff 90 48 8d 4c 24 20 e8 90 00 f1 ff
0x00007ffbd9aeb2b0:   eb 00 48 8b 8c 24 c0 00 00 00 48 33 cc e8 ce 57
0x00007ffbd9aeb2c0:   f8 ff 48 81 c4 d8 00 00 00 c3 40 55 48 83 ec 20 


Register to memory mapping:

RAX=0x00000000042b2050 is an unknown value
RBX=0x0000000000000001 is an unknown value
RCX=0x0000000019017bb0 is an unknown value
RDX=0x0000000000000001 is an unknown value
RSP=0x000000001a1ae850 is an unknown value
RBP=0x000000001dd0ebf0 is an unknown value
RSI=0x000000001dd0ee28 is an unknown value
RDI=0x000000001dcfb9c0 is an unknown value
R8 =0x00000000042b2050 is an unknown value
R9 =0x0000000019017bb0 is an unknown value
R10=0x0000000000000001 is an unknown value
R11=0x0000000019017bc0 is an unknown value
R12=0x00007ffbcd696680 is an unknown value
R13=0x0000000000000001 is an unknown value
R14=0x000000001dcf0830 is an unknown value
R15=0x000000001dcf0830 is an unknown value


Stack: [0x000000001a0b0000,0x000000001a1b0000],  sp=0x000000001a1ae850,  free space=1018k
Native frames: (J=compiled Java code, j=interpreted, Vv=VM code, C=native code)
C  [ntdll.dll+0x10b2b0]
C  [RTWorkQ.DLL+0x4907]
C  [RTWorkQ.DLL+0x9e46]
C  [RTWorkQ.DLL+0x7565]
C  [MFPlat.DLL+0x1d05b]
C  [MFReadWrite.dll+0x16348]
C  [MFReadWrite.dll+0xfb0d]
C  [MFReadWrite.dll+0xf863]
C  [mfksproxy.dll+0x194d0]
C  [mfksproxy.dll+0x18069]
C  [mfksproxy.dll+0x6eeb]
C  [quartz.dll+0x42e19]
C  [quartz.dll+0x553ef]
C  [quartz.dll+0x57932]
C  [quartz.dll+0x56d75]
C  [opencv_java2410.dll+0x2aaa1e]
C  [opencv_java2410.dll+0x5f43d0]
C  [opencv_java2410.dll+0x508e75]
C  [opencv_java2410.dll+0x4fc0f6]
C  [opencv_java2410.dll+0x4fc269]
C  [ntdll.dll+0x11493]
C  [ntdll.dll+0x406b5]
C  [ntdll.dll+0x40574]
C  [KERNEL32.DLL+0xf06a]
C  [msvcr100.dll+0x20ccd]
V  [jvm.dll+0x213235]
V  [jvm.dll+0x24c2a7]
V  [jvm.dll+0x24b546]
V  [jvm.dll+0x24b9e1]
V  [jvm.dll+0x24bbfe]
V  [jvm.dll+0x29cc1a]
C  [msvcr100.dll+0x21d9f]
C  [msvcr100.dll+0x21e3b]
C  [KERNEL32.DLL+0x11fe4]
C  [ntdll.dll+0x6efc1]

VM_Operation (0x000000001b6bd130): Exit, mode: safepoint, requested by thread 0x000000001ae33800


---------------  P R O C E S S  ---------------

Java Threads: ( => current thread )
  0x000000001ca75800 JavaThread "TimerQueue" daemon [_thread_blocked, id=13692, stack(0x000000001dbd0000,0x000000001dcd0000)]
  0x00000000043d0800 JavaThread "DestroyJavaVM" [_thread_blocked, id=18284, stack(0x00000000042c0000,0x00000000043c0000)]
  0x000000001ae33800 JavaThread "AWT-EventQueue-0" [_thread_blocked, id=18860, stack(0x000000001b5c0000,0x000000001b6c0000)]
  0x000000001ae8a000 JavaThread "AWT-Shutdown" [_thread_blocked, id=9836, stack(0x000000001b2e0000,0x000000001b3e0000)]
  0x000000001ae89800 JavaThread "Java2D Disposer" daemon [_thread_blocked, id=15864, stack(0x000000001b1e0000,0x000000001b2e0000)]
  0x00000000190ac000 JavaThread "Service Thread" daemon [_thread_blocked, id=6492, stack(0x000000001aea0000,0x000000001afa0000)]
  0x000000001905a000 JavaThread "C1 CompilerThread2" daemon [_thread_blocked, id=14312, stack(0x000000001a9a0000,0x000000001aaa0000)]
  0x0000000019053000 JavaThread "C2 CompilerThread1" daemon [_thread_blocked, id=8652, stack(0x000000001a8a0000,0x000000001a9a0000)]
  0x000000001904e800 JavaThread "C2 CompilerThread0" daemon [_thread_blocked, id=18684, stack(0x000000001a7a0000,0x000000001a8a0000)]
  0x000000001904d000 JavaThread "Attach Listener" daemon [_thread_blocked, id=14684, stack(0x000000001a6a0000,0x000000001a7a0000)]
  0x000000001903a800 JavaThread "Finalizer" daemon [_thread_blocked, id=8276, stack(0x000000001a2b0000,0x000000001a3b0000)]
  0x0000000019019000 JavaThread "Reference Handler" daemon [_thread_blocked, id=12696, stack(0x000000001a1b0000,0x000000001a2b0000)]

Other Threads:
=>0x0000000019016800 VMThread [stack: 0x000000001a0b0000,0x000000001a1b0000] [id=10236]

VM state:at safepoint (shutting down)

VM Mutex/Monitor currently owned by a thread:  ([mutex/lock_event])
[0x00000000042bc4d0] Threads_lock - owner thread: 0x0000000019016800

Heap:
 PSYoungGen      total 30208K, used 9717K [0x00000000d5b80000, 0x00000000d8480000, 0x0000000100000000)
  eden space 25600K, 21% used [0x00000000d5b80000,0x00000000d60f29d0,0x00000000d7480000)
  from space 4608K, 89% used [0x00000000d7500000,0x00000000d790aa38,0x00000000d7980000)
  to   space 8192K, 0% used [0x00000000d7c80000,0x00000000d7c80000,0x00000000d8480000)
 ParOldGen       total 87552K, used 23142K [0x0000000081200000, 0x0000000086780000, 0x00000000d5b80000)
  object space 87552K, 26% used [0x0000000081200000,0x0000000082899b90,0x0000000086780000)
 Metaspace       used 13346K, capacity 13580K, committed 13824K, reserved 1060864K
  class space    used 1645K, capacity 1704K, committed 1792K, reserved 1048576K

Card table byte_map: [0x0000000013890000,0x0000000013c90000] byte_map_base: 0x0000000013487000

Marking Bits: (ParMarkBitMap*) 0x0000000071edc720
 Begin Bits: [0x0000000014340000, 0x00000000162f8000)
 End Bits:   [0x00000000162f8000, 0x00000000182b0000)

Polling page: 0x00000000029a0000

CodeCache: size=245760Kb used=4544Kb max_used=4595Kb free=241215Kb
 bounds [0x00000000044d0000, 0x0000000004960000, 0x00000000134d0000]
 total_blobs=2016 nmethods=1401 adapters=527
 compilation: enabled

Compilation events (10 events):
Event: 24.956 Thread 0x000000001905a000 nmethod 1456 0x00000000045fbf90 code [0x00000000045fc120, 0x00000000045fc5c8]
Event: 24.956 Thread 0x000000001905a000 1457       3       java.util.zip.ZStreamRef::clear (6 bytes)
Event: 24.956 Thread 0x000000001905a000 nmethod 1457 0x00000000045fbc10 code [0x00000000045fbd60, 0x00000000045fbed0]
Event: 25.000 Thread 0x000000001904e800 1458       4       java.awt.image.ComponentSampleModel::getNumDataElements (5 bytes)
Event: 25.000 Thread 0x000000001904e800 nmethod 1458 0x00000000046f5510 code [0x00000000046f5640, 0x00000000046f5698]
Event: 25.219 Thread 0x000000001905a000 1459       3       org.opencv.core.Mat::finalize (12 bytes)
Event: 25.219 Thread 0x000000001905a000 nmethod 1459 0x0000000004657a50 code [0x0000000004657bc0, 0x0000000004657da8]
Event: 25.221 Thread 0x0000000019053000 1461       4       javax.swing.TimerQueue::now (8 bytes)
Event: 25.222 Thread 0x0000000019053000 nmethod 1461 0x00000000047191d0 code [0x0000000004719300, 0x0000000004719358]
Event: 25.300 Thread 0x000000001904e800 1462   !   4       com.sun.imageio.plugins.png.PNGImageReader::decodePass (1201 bytes)

GC Heap History (10 events):
Event: 22.415 GC heap before
{Heap before GC invocations=15 (full 0):
 PSYoungGen      total 34816K, used 33231K [0x00000000d5b80000, 0x00000000d8600000, 0x0000000100000000)
  eden space 28160K, 100% used [0x00000000d5b80000,0x00000000d7700000,0x00000000d7700000)
  from space 6656K, 76% used [0x00000000d7f80000,0x00000000d8473d18,0x00000000d8600000)
  to   space 7680K, 0% used [0x00000000d7700000,0x00000000d7700000,0x00000000d7e80000)
 ParOldGen       total 87552K, used 23086K [0x0000000081200000, 0x0000000086780000, 0x00000000d5b80000)
  object space 87552K, 26% used [0x0000000081200000,0x000000008288bb90,0x0000000086780000)
 Metaspace       used 13320K, capacity 13516K, committed 13824K, reserved 1060864K
  class space    used 1643K, capacity 1704K, committed 1792K, reserved 1048576K
Event: 22.417 GC heap after
Heap after GC invocations=15 (full 0):
 PSYoungGen      total 33792K, used 5938K [0x00000000d5b80000, 0x00000000d8580000, 0x0000000100000000)
  eden space 27648K, 0% used [0x00000000d5b80000,0x00000000d5b80000,0x00000000d7680000)
  from space 6144K, 96% used [0x00000000d7700000,0x00000000d7cccb08,0x00000000d7d00000)
  to   space 7680K, 0% used [0x00000000d7e00000,0x00000000d7e00000,0x00000000d8580000)
 ParOldGen       total 87552K, used 23094K [0x0000000081200000, 0x0000000086780000, 0x00000000d5b80000)
  object space 87552K, 26% used [0x0000000081200000,0x000000008288db90,0x0000000086780000)
 Metaspace       used 13320K, capacity 13516K, committed 13824K, reserved 1060864K
  class space    used 1643K, capacity 1704K, committed 1792K, reserved 1048576K
}
Event: 23.132 GC heap before
{Heap before GC invocations=16 (full 0):
 PSYoungGen      total 33792K, used 33586K [0x00000000d5b80000, 0x00000000d8580000, 0x0000000100000000)
  eden space 27648K, 100% used [0x00000000d5b80000,0x00000000d7680000,0x00000000d7680000)
  from space 6144K, 96% used [0x00000000d7700000,0x00000000d7cccb08,0x00000000d7d00000)
  to   space 7680K, 0% used [0x00000000d7e00000,0x00000000d7e00000,0x00000000d8580000)
 ParOldGen       total 87552K, used 23094K [0x0000000081200000, 0x0000000086780000, 0x00000000d5b80000)
  object space 87552K, 26% used [0x0000000081200000,0x000000008288db90,0x0000000086780000)
 Metaspace       used 13326K, capacity 13516K, committed 13824K, reserved 1060864K
  class space    used 1643K, capacity 1704K, committed 1792K, reserved 1048576K
Event: 23.134 GC heap after
Heap after GC invocations=16 (full 0):
 PSYoungGen      total 34304K, used 4138K [0x00000000d5b80000, 0x00000000d8500000, 0x0000000100000000)
  eden space 27136K, 0% used [0x00000000d5b80000,0x00000000d5b80000,0x00000000d7600000)
  from space 7168K, 57% used [0x00000000d7e00000,0x00000000d820ab00,0x00000000d8500000)
  to   space 7680K, 0% used [0x00000000d7600000,0x00000000d7600000,0x00000000d7d80000)
 ParOldGen       total 87552K, used 23110K [0x0000000081200000, 0x0000000086780000, 0x00000000d5b80000)
  object space 87552K, 26% used [0x0000000081200000,0x0000000082891b90,0x0000000086780000)
 Metaspace       used 13326K, capacity 13516K, committed 13824K, reserved 1060864K
  class space    used 1643K, capacity 1704K, committed 1792K, reserved 1048576K
}
Event: 23.840 GC heap before
{Heap before GC invocations=17 (full 0):
 PSYoungGen      total 34304K, used 31274K [0x00000000d5b80000, 0x00000000d8500000, 0x0000000100000000)
  eden space 27136K, 100% used [0x00000000d5b80000,0x00000000d7600000,0x00000000d7600000)
  from space 7168K, 57% used [0x00000000d7e00000,0x00000000d820ab00,0x00000000d8500000)
  to   space 7680K, 0% used [0x00000000d7600000,0x00000000d7600000,0x00000000d7d80000)
 ParOldGen       total 87552K, used 23110K [0x0000000081200000, 0x0000000086780000, 0x00000000d5b80000)
  object space 87552K, 26% used [0x0000000081200000,0x0000000082891b90,0x0000000086780000)
 Metaspace       used 13327K, capacity 13516K, committed 13824K, reserved 1060864K
  class space    used 1643K, capacity 1704K, committed 1792K, reserved 1048576K
Event: 23.841 GC heap after
Heap after GC invocations=17 (full 0):
 PSYoungGen      total 34304K, used 3206K [0x00000000d5b80000, 0x00000000d8580000, 0x0000000100000000)
  eden space 26624K, 0% used [0x00000000d5b80000,0x00000000d5b80000,0x00000000d7580000)
  from space 7680K, 41% used [0x00000000d7600000,0x00000000d7921b08,0x00000000d7d80000)
  to   space 8192K, 0% used [0x00000000d7d80000,0x00000000d7d80000,0x00000000d8580000)
 ParOldGen       total 87552K, used 23118K [0x0000000081200000, 0x0000000086780000, 0x00000000d5b80000)
  object space 87552K, 26% used [0x0000000081200000,0x0000000082893b90,0x0000000086780000)
 Metaspace       used 13327K, capacity 13516K, committed 13824K, reserved 1060864K
  class space    used 1643K, capacity 1704K, committed 1792K, reserved 1048576K
}
Event: 24.523 GC heap before
{Heap before GC invocations=18 (full 0):
 PSYoungGen      total 34304K, used 29830K [0x00000000d5b80000, 0x00000000d8580000, 0x0000000100000000)
  eden space 26624K, 100% used [0x00000000d5b80000,0x00000000d7580000,0x00000000d7580000)
  from space 7680K, 41% used [0x00000000d7600000,0x00000000d7921b08,0x00000000d7d80000)
  to   space 8192K, 0% used [0x00000000d7d80000,0x00000000d7d80000,0x00000000d8580000)
 ParOldGen       total 87552K, used 23118K [0x0000000081200000, 0x0000000086780000, 0x00000000d5b80000)
  object space 87552K, 26% used [0x0000000081200000,0x0000000082893b90,0x0000000086780000)
 Metaspace       used 13337K, capacity 13580K, committed 13824K, reserved 1060864K
  class space    used 1643K, capacity 1704K, committed 1792K, reserved 1048576K
Event: 24.524 GC heap after
Heap after GC invocations=18 (full 0):
 PSYoungGen      total 33792K, used 6838K [0x00000000d5b80000, 0x00000000d8500000, 0x0000000100000000)
  eden space 26112K, 0% used [0x00000000d5b80000,0x00000000d5b80000,0x00000000d7500000)
  from space 7680K, 89% used [0x00000000d7d80000,0x00000000d842dba0,0x00000000d8500000)
  to   space 8192K, 0% used [0x00000000d7500000,0x00000000d7500000,0x00000000d7d00000)
 ParOldGen       total 87552K, used 23134K [0x0000000081200000, 0x0000000086780000, 0x00000000d5b80000)
  object space 87552K, 26% used [0x0000000081200000,0x0000000082897b90,0x0000000086780000)
 Metaspace       used 13337K, capacity 13580K, committed 13824K, reserved 1060864K
  class space    used 1643K, capacity 1704K, committed 1792K, reserved 1048576K
}
Event: 25.217 GC heap before
{Heap before GC invocations=19 (full 0):
 PSYoungGen      total 33792K, used 32385K [0x00000000d5b80000, 0x00000000d8500000, 0x0000000100000000)
  eden space 26112K, 97% used [0x00000000d5b80000,0x00000000d7472ad0,0x00000000d7500000)
  from space 7680K, 89% used [0x00000000d7d80000,0x00000000d842dba0,0x00000000d8500000)
  to   space 8192K, 0% used [0x00000000d7500000,0x00000000d7500000,0x00000000d7d00000)
 ParOldGen       total 87552K, used 23134K [0x0000000081200000, 0x0000000086780000, 0x00000000d5b80000)
  object space 87552K, 26% used [0x0000000081200000,0x0000000082897b90,0x0000000086780000)
 Metaspace       used 13338K, capacity 13580K, committed 13824K, reserved 1060864K
  class space    used 1643K, capacity 1704K, committed 1792K, reserved 1048576K
Event: 25.218 GC heap after
Heap after GC invocations=19 (full 0):
 PSYoungGen      total 30208K, used 4138K [0x00000000d5b80000, 0x00000000d8480000, 0x0000000100000000)
  eden space 25600K, 0% used [0x00000000d5b80000,0x00000000d5b80000,0x00000000d7480000)
  from space 4608K, 89% used [0x00000000d7500000,0x00000000d790aa38,0x00000000d7980000)
  to   space 8192K, 0% used [0x00000000d7c80000,0x00000000d7c80000,0x00000000d8480000)
 ParOldGen       total 87552K, used 23142K [0x0000000081200000, 0x0000000086780000, 0x00000000d5b80000)
  object space 87552K, 26% used [0x0000000081200000,0x0000000082899b90,0x0000000086780000)
 Metaspace       used 13338K, capacity 13580K, committed 13824K, reserved 1060864K
  class space    used 1643K, capacity 1704K, committed 1792K, reserved 1048576K
}

Deoptimization events (1 events):
Event: 0.287 Thread 0x000000001ae33800 Uncommon trap: reason=null_check action=make_not_entrant pc=0x000000000464765c method=java.lang.String.equals(Ljava/lang/Object;)Z @ 8

Internal exceptions (10 events):
Event: 0.042 Thread 0x00000000043d0800 Exception <a 'java/lang/NoSuchMethodError': Method sun.misc.Unsafe.prefetchRead(Ljava/lang/Object;J)V name or signature does not match> (0x00000000d5b87f90) thrown at [C:\re\workspace\8-2-build-windows-amd64-cygwin\jdk8u131\8869\hotspot\src\share\vm\prims
Event: 0.130 Thread 0x00000000043d0800 Exception <a 'java/security/PrivilegedActionException'> (0x00000000d5c13678) thrown at [C:\re\workspace\8-2-build-windows-amd64-cygwin\jdk8u131\8869\hotspot\src\share\vm\prims\jvm.cpp, line 1390]
Event: 0.130 Thread 0x00000000043d0800 Exception <a 'java/security/PrivilegedActionException'> (0x00000000d5c13888) thrown at [C:\re\workspace\8-2-build-windows-amd64-cygwin\jdk8u131\8869\hotspot\src\share\vm\prims\jvm.cpp, line 1390]
Event: 0.131 Thread 0x00000000043d0800 Exception <a 'java/security/PrivilegedActionException'> (0x00000000d5c174f8) thrown at [C:\re\workspace\8-2-build-windows-amd64-cygwin\jdk8u131\8869\hotspot\src\share\vm\prims\jvm.cpp, line 1390]
Event: 0.131 Thread 0x00000000043d0800 Exception <a 'java/security/PrivilegedActionException'> (0x00000000d5c17708) thrown at [C:\re\workspace\8-2-build-windows-amd64-cygwin\jdk8u131\8869\hotspot\src\share\vm\prims\jvm.cpp, line 1390]
Event: 0.137 Thread 0x00000000043d0800 Exception <a 'java/io/FileNotFoundException'> (0x00000000d5c19c20) thrown at [C:\re\workspace\8-2-build-windows-amd64-cygwin\jdk8u131\8869\hotspot\src\share\vm\prims\jni.cpp, line 709]
Event: 0.190 Thread 0x00000000043d0800 Exception <a 'java/lang/NoSuchFieldError': method resolution failed> (0x00000000d5d8e558) thrown at [C:\re\workspace\8-2-build-windows-amd64-cygwin\jdk8u131\8869\hotspot\src\share\vm\prims\methodHandles.cpp, line 1146]
Event: 0.193 Thread 0x00000000043d0800 Exception <a 'java/lang/NoSuchFieldError': method resolution failed> (0x00000000d5d9b928) thrown at [C:\re\workspace\8-2-build-windows-amd64-cygwin\jdk8u131\8869\hotspot\src\share\vm\prims\methodHandles.cpp, line 1146]
Event: 0.269 Thread 0x000000001ae33800 Exception <a 'java/io/FileNotFoundException'> (0x00000000d5f73318) thrown at [C:\re\workspace\8-2-build-windows-amd64-cygwin\jdk8u131\8869\hotspot\src\share\vm\prims\jni.cpp, line 709]
Event: 0.287 Thread 0x000000001ae33800 Implicit null exception at 0x000000000464749b to 0x000000000464764d

Events (10 events):
Event: 25.315 Executing VM operation: RevokeBias done
Event: 25.315 loading class java/util/WeakHashMap$KeyIterator
Event: 25.315 loading class java/util/WeakHashMap$HashIterator
Event: 25.315 loading class java/util/WeakHashMap$HashIterator done
Event: 25.316 loading class java/util/WeakHashMap$KeyIterator done
Event: 25.316 Thread 0x000000001ccea000 Thread exited: 0x000000001ccea000
Event: 25.335 Thread 0x000000001ae32800 Thread exited: 0x000000001ae32800
Event: 25.416 Thread 0x000000001cce9000 Thread exited: 0x000000001cce9000
Event: 25.417 Thread 0x000000001904c000 Thread exited: 0x000000001904c000
Event: 25.417 Executing VM operation: Exit


Dynamic libraries:
0x00007ff7ac100000 - 0x00007ff7ac137000 	C:\Program Files\Java\jre1.8.0_131\bin\javaw.exe
0x00007ffbd99e0000 - 0x00007ffbd9bc0000 	C:\WINDOWS\SYSTEM32\ntdll.dll
0x00007ffbd71a0000 - 0x00007ffbd724e000 	C:\WINDOWS\System32\KERNEL32.DLL
0x00007ffbd5de0000 - 0x00007ffbd6046000 	C:\WINDOWS\System32\KERNELBASE.dll
0x00007ffbd9170000 - 0x00007ffbd9211000 	C:\WINDOWS\System32\ADVAPI32.dll
0x00007ffbd6eb0000 - 0x00007ffbd6f4d000 	C:\WINDOWS\System32\msvcrt.dll
0x00007ffbd8810000 - 0x00007ffbd886b000 	C:\WINDOWS\System32\sechost.dll
0x00007ffbd8f60000 - 0x00007ffbd907f000 	C:\WINDOWS\System32\RPCRT4.dll
0x00007ffbd96a0000 - 0x00007ffbd982f000 	C:\WINDOWS\System32\USER32.dll
0x00007ffbd60a0000 - 0x00007ffbd60c0000 	C:\WINDOWS\System32\win32u.dll
0x00007ffbd9830000 - 0x00007ffbd9858000 	C:\WINDOWS\System32\GDI32.dll
0x00007ffbd62e0000 - 0x00007ffbd6473000 	C:\WINDOWS\System32\gdi32full.dll
0x00007ffbd60c0000 - 0x00007ffbd615b000 	C:\WINDOWS\System32\msvcp_win.dll
0x00007ffbd6160000 - 0x00007ffbd6256000 	C:\WINDOWS\System32\ucrtbase.dll
0x00007ffbbc760000 - 0x00007ffbbc9c9000 	C:\WINDOWS\WinSxS\amd64_microsoft.windows.common-controls_6595b64144ccf1df_6.0.16299.248_none_15ced204935f55d7\COMCTL32.dll
0x00007ffbd9390000 - 0x00007ffbd9698000 	C:\WINDOWS\System32\combase.dll
0x00007ffbd6260000 - 0x00007ffbd62d2000 	C:\WINDOWS\System32\bcryptPrimitives.dll
0x00007ffbd98c0000 - 0x00007ffbd98ed000 	C:\WINDOWS\System32\IMM32.DLL
0x0000000072010000 - 0x00000000720e2000 	C:\Program Files\Java\jre1.8.0_131\bin\msvcr100.dll
0x00000000716c0000 - 0x0000000071f5c000 	C:\Program Files\Java\jre1.8.0_131\bin\server\jvm.dll
0x00007ffbd88d0000 - 0x00007ffbd88d8000 	C:\WINDOWS\System32\PSAPI.DLL
0x00007ffbd2830000 - 0x00007ffbd2853000 	C:\WINDOWS\SYSTEM32\WINMM.dll
0x00007ffbcbe30000 - 0x00007ffbcbe3a000 	C:\WINDOWS\SYSTEM32\VERSION.dll
0x00007ffbd27d0000 - 0x00007ffbd27fa000 	C:\WINDOWS\SYSTEM32\WINMMBASE.dll
0x00007ffbd6050000 - 0x00007ffbd609a000 	C:\WINDOWS\System32\cfgmgr32.dll
0x00007ffbbb0d0000 - 0x00007ffbbb0d9000 	C:\WINDOWS\SYSTEM32\WSOCK32.dll
0x00007ffbd7360000 - 0x00007ffbd73cc000 	C:\WINDOWS\System32\WS2_32.dll
0x0000000072350000 - 0x000000007235f000 	C:\Program Files\Java\jre1.8.0_131\bin\verify.dll
0x0000000072320000 - 0x0000000072349000 	C:\Program Files\Java\jre1.8.0_131\bin\java.dll
0x0000000072300000 - 0x0000000072316000 	C:\Program Files\Java\jre1.8.0_131\bin\zip.dll
0x00007ffbd73d0000 - 0x00007ffbd8806000 	C:\WINDOWS\System32\SHELL32.dll
0x00007ffbd9900000 - 0x00007ffbd99a6000 	C:\WINDOWS\System32\shcore.dll
0x00007ffbd6530000 - 0x00007ffbd6c77000 	C:\WINDOWS\System32\windows.storage.dll
0x00007ffbd8d30000 - 0x00007ffbd8d81000 	C:\WINDOWS\System32\shlwapi.dll
0x00007ffbd5d30000 - 0x00007ffbd5d41000 	C:\WINDOWS\System32\kernel.appcore.dll
0x00007ffbd5d70000 - 0x00007ffbd5dbc000 	C:\WINDOWS\System32\powrprof.dll
0x00007ffbd5dc0000 - 0x00007ffbd5ddb000 	C:\WINDOWS\System32\profapi.dll
0x00000000720f0000 - 0x0000000072288000 	C:\Program Files\Java\jre1.8.0_131\bin\awt.dll
0x00007ffbd9080000 - 0x00007ffbd9145000 	C:\WINDOWS\System32\OLEAUT32.dll
0x00007ffbd3c10000 - 0x00007ffbd3c98000 	C:\WINDOWS\SYSTEM32\apphelp.dll
0x00007ffbd3d90000 - 0x00007ffbd3e25000 	C:\WINDOWS\system32\uxtheme.dll
0x00007ffbd9220000 - 0x00007ffbd9387000 	C:\WINDOWS\System32\MSCTF.dll
0x00007ffbab640000 - 0x00007ffbab6e9000 	C:\Program Files\Common Files\microsoft shared\ink\tiptsf.dll
0x00007ffbd40e0000 - 0x00007ffbd410a000 	C:\WINDOWS\system32\dwmapi.dll
0x00007ffbd8e10000 - 0x00007ffbd8f59000 	C:\WINDOWS\System32\ole32.dll
0x00007ffbadac0000 - 0x00007ffbadbde000 	C:\WINDOWS\system32\opengl32.dll
0x00007ffbc93f0000 - 0x00007ffbc941c000 	C:\WINDOWS\SYSTEM32\GLU32.dll
0x0000000071670000 - 0x00000000716b7000 	C:\Program Files\Java\jre1.8.0_131\bin\fontmanager.dll
0x00000000722e0000 - 0x00000000722fa000 	C:\Program Files\Java\jre1.8.0_131\bin\net.dll
0x0000000180000000 - 0x000000018008c000 	C:\WINDOWS\system32\ASProxy64.dll
0x00007ffbd55c0000 - 0x00007ffbd5626000 	C:\WINDOWS\SYSTEM32\MSWSOCK.dll
0x00007ffbd5350000 - 0x00007ffbd5389000 	C:\WINDOWS\SYSTEM32\IPHLPAPI.DLL
0x00007ffbd5c60000 - 0x00007ffbd5c90000 	C:\WINDOWS\SYSTEM32\SspiCli.dll
0x00000000722c0000 - 0x00000000722d1000 	C:\Program Files\Java\jre1.8.0_131\bin\nio.dll
0x0000000071620000 - 0x0000000071662000 	C:\Program Files\Java\jre1.8.0_131\bin\t2k.dll
0x00007ffbc5920000 - 0x00007ffbc595e000 	C:\Users\weand\Desktop\Capstone project\CCR\GantryRobot\LeapMotion\LeapSDK\lib\x64\LeapJava.dll
0x00007ffba7220000 - 0x00007ffba730f000 	C:\Program Files\Java\jre1.8.0_131\bin\MSVCR120.dll
0x00007ffbbbfa0000 - 0x00007ffbbc046000 	C:\Program Files\Java\jre1.8.0_131\bin\MSVCP120.dll
0x00007ffba70b0000 - 0x00007ffba721b000 	C:\Users\weand\Desktop\Capstone project\CCR\GantryRobot\LeapMotion\LeapSDK\lib\x64\Leap.dll
0x00007ffbd4e70000 - 0x00007ffbd4ea1000 	C:\WINDOWS\SYSTEM32\ntmarta.dll
0x00007ffb8b090000 - 0x00007ffb8ba61000 	C:\Users\weand\Desktop\Capstone project\CCR\GantryRobot\OpenCV\opencv\build\java\x64\opencv_java2410.dll
0x00007ffbc9000000 - 0x00007ffbc9018000 	C:\WINDOWS\SYSTEM32\AVICAP32.dll
0x00007ffbc8e00000 - 0x00007ffbc8e1f000 	C:\WINDOWS\SYSTEM32\AVIFIL32.dll
0x00007ffbc9420000 - 0x00007ffbc9449000 	C:\WINDOWS\SYSTEM32\MSVFW32.dll
0x00007ffbcd340000 - 0x00007ffbcd35c000 	C:\WINDOWS\SYSTEM32\MSACM32.dll
0x00007ffbd6f50000 - 0x00007ffbd6fee000 	C:\WINDOWS\System32\clbcatq.dll
0x00007ffbd22d0000 - 0x00007ffbd247b000 	C:\WINDOWS\SYSTEM32\WindowsCodecs.dll
0x00007ffbb06c0000 - 0x00007ffbb070f000 	C:\WINDOWS\system32\dataexchange.dll
0x00007ffbd36e0000 - 0x00007ffbd3822000 	C:\WINDOWS\system32\dcomp.dll
0x00007ffbd2d50000 - 0x00007ffbd3032000 	C:\WINDOWS\system32\d3d11.dll
0x00007ffbd4ba0000 - 0x00007ffbd4c4f000 	C:\WINDOWS\system32\dxgi.dll
0x00007ffbd4260000 - 0x00007ffbd43db000 	C:\WINDOWS\system32\twinapi.appcore.dll
0x00007ffbd41d0000 - 0x00007ffbd41f0000 	C:\WINDOWS\system32\RMCLIENT.dll
0x00007ffbd5890000 - 0x00007ffbd58b5000 	C:\WINDOWS\system32\bcrypt.dll
0x00007ffbb5800000 - 0x00007ffbb5898000 	C:\WINDOWS\System32\TextInputFramework.dll
0x00007ffbd3600000 - 0x00007ffbd36dc000 	C:\WINDOWS\System32\CoreMessaging.dll
0x00007ffbd1ea0000 - 0x00007ffbd218e000 	C:\WINDOWS\System32\CoreUIComponents.dll
0x00007ffbd1d60000 - 0x00007ffbd1e96000 	C:\WINDOWS\SYSTEM32\wintypes.dll
0x00007ffbb3d40000 - 0x00007ffbb3f46000 	C:\Windows\System32\uiautomationcore.dll
0x00007ffbd5b90000 - 0x00007ffbd5c2a000 	C:\WINDOWS\SYSTEM32\sxs.dll
0x00007ffbb0d00000 - 0x00007ffbb0d6e000 	C:\Windows\System32\OLEACC.dll
0x00007ffbb52a0000 - 0x00007ffbb5321000 	C:\WINDOWS\SYSTEM32\twinapi.dll
0x00007ffbc5a40000 - 0x00007ffbc5a58000 	C:\Windows\System32\devenum.dll
0x00007ffbd88e0000 - 0x00007ffbd8d2e000 	C:\WINDOWS\System32\setupapi.dll
0x00007ffbd5b40000 - 0x00007ffbd5b67000 	C:\WINDOWS\SYSTEM32\DEVOBJ.dll
0x00007ffbd6c80000 - 0x00007ffbd6cd8000 	C:\WINDOWS\System32\WINTRUST.dll
0x00007ffbd5d50000 - 0x00007ffbd5d62000 	C:\WINDOWS\System32\MSASN1.dll
0x00007ffbd6ce0000 - 0x00007ffbd6eae000 	C:\WINDOWS\System32\CRYPT32.dll
0x00007ffbb0710000 - 0x00007ffbb071a000 	C:\WINDOWS\SYSTEM32\msdmo.dll
0x00007ffbc58e0000 - 0x00007ffbc5913000 	C:\Windows\System32\qcap.dll
0x00007ffba65d0000 - 0x00007ffba678c000 	C:\Windows\System32\quartz.dll
0x00007ffbbd3d0000 - 0x00007ffbbd41e000 	C:\Windows\System32\mfksproxy.dll
0x00007ffbcdb20000 - 0x00007ffbcdb3d000 	C:\Windows\System32\ATL.DLL
0x00007ffbcd890000 - 0x00007ffbcd8c6000 	C:\Windows\System32\MFSENSORGROUP.dll
0x00007ffbcd6d0000 - 0x00007ffbcd881000 	C:\Windows\System32\MFPlat.DLL
0x00007ffbcd690000 - 0x00007ffbcd6c2000 	C:\Windows\System32\RTWorkQ.DLL
0x00007ffbccc10000 - 0x00007ffbcd057000 	C:\Windows\System32\MFCORE.dll
0x00007ffbccc00000 - 0x00007ffbccc09000 	C:\Windows\System32\ksuser.dll
0x00007ffbd57a0000 - 0x00007ffbd57ab000 	C:\Windows\System32\CRYPTBASE.DLL
0x00007ffbb1890000 - 0x00007ffbb18e0000 	C:\Windows\System32\FSClient.dll
0x00007ffbd22c0000 - 0x00007ffbd22ca000 	C:\Windows\System32\AVRT.dll
0x00007ffbc9710000 - 0x00007ffbc971c000 	C:\Windows\System32\vidcap.ax
0x00007ffbbdd50000 - 0x00007ffbbdd76000 	C:\Windows\System32\kswdmcap.ax
0x00007ffb9c1a0000 - 0x00007ffb9c305000 	C:\Windows\System32\MFC42.dll
0x00007ffb99740000 - 0x00007ffb99cb2000 	C:\WINDOWS\system32\IntelCameraPlugin64.dll
0x00007ffbd1b90000 - 0x00007ffbd1c0a000 	C:\WINDOWS\SYSTEM32\policymanager.dll
0x00007ffbd1a30000 - 0x00007ffbd1ac0000 	C:\Windows\System32\msvcp110_win.dll
0x00007ffb9c7a0000 - 0x00007ffb9c8aa000 	C:\Windows\System32\MFReadWrite.dll
0x00007ffba57d0000 - 0x00007ffba5870000 	C:\Windows\System32\qedit.dll
0x00007ffbd7250000 - 0x00007ffbd735a000 	C:\WINDOWS\System32\COMDLG32.dll
0x00007ffbba4f0000 - 0x00007ffbba68c000 	C:\WINDOWS\WinSxS\amd64_microsoft.windows.gdiplus_6595b64144ccf1df_1.1.16299.248_none_46b9c4e9edf1cfa5\gdiplus.dll
0x00007ffba53f0000 - 0x00007ffba54e6000 	C:\Windows\System32\DDRAW.dll
0x00007ffbd2880000 - 0x00007ffbd2888000 	C:\Windows\System32\DCIMAN32.dll
0x00007ffbc94b0000 - 0x00007ffbc94bc000 	C:\WINDOWS\SYSTEM32\msyuv.dll
0x00007ffbd5780000 - 0x00007ffbd5797000 	C:\WINDOWS\SYSTEM32\CRYPTSP.dll
0x00007ffbd51d0000 - 0x00007ffbd5203000 	C:\WINDOWS\system32\rsaenh.dll
0x00007ffbd5c30000 - 0x00007ffbd5c59000 	C:\WINDOWS\SYSTEM32\USERENV.dll
0x00007ffbd6ff0000 - 0x00007ffbd6ff8000 	C:\WINDOWS\System32\NSI.dll
0x00007ffbcbc40000 - 0x00007ffbcbc56000 	C:\WINDOWS\SYSTEM32\dhcpcsvc6.DLL
0x00007ffbcbf30000 - 0x00007ffbcbf4a000 	C:\WINDOWS\SYSTEM32\dhcpcsvc.DLL
0x00007ffbd4720000 - 0x00007ffbd48e8000 	C:\WINDOWS\SYSTEM32\dbghelp.dll

VM Arguments:
jvm_args: -Djava.library.path=C:\Users\weand\Desktop\Capstone project\CCR\GantryRobot\mfz-rxtx-2.2-20081207-win-x64;C:\Users\weand\Desktop\Capstone project\CCR\GantryRobot\OpenCV\opencv\build\java\x64;C:\Users\weand\Desktop\Capstone project\CCR\GantryRobot\LeapMotion\LeapSDK\lib\x64 -Dfile.encoding=Cp1252 
java_command: leap.RXTXGui
java_class_path (initial): C:\Users\weand\workspace\Gantry_1\bin;C:\Users\weand\Desktop\Capstone project\CCR\GantryRobot\mfz-rxtx-2.2-20081207-win-x64\RXTXcomm.jar;C:\Users\weand\Desktop\Capstone project\CCR\GantryRobot\OpenCV\opencv\build\java\opencv-2410.jar;C:\Users\weand\Desktop\Capstone project\CCR\GantryRobot\LeapMotion\LeapSDK\lib\LeapJava.jar
Launcher Type: SUN_STANDARD

Environment Variables:
PATH=C:\Users\weand\Desktop\Capstone project\CCR\GantryRobot\LeapMotion\LeapSDK\lib\x64;n;C:/Program Files/Java/jre1.8.0_131/lib/amd64;C:\ProgramData\Oracle\Java\javapath;C:\Program Files\Microsoft MPI\Bin\;C:\WINDOWS\system32;C:\WINDOWS;C:\WINDOWS\System32\Wbem;C:\WINDOWS\System32\WindowsPowerShell\v1.0\;C:\Program Files (x86)\Skype\Phone\;C:\Program Files\Microsoft SQL Server\130\Tools\Binn\;C:\Program Files\dotnet\;C:\Program Files (x86)\GtkSharp\2.12\bin;C:\Program Files\MySQL\MySQL Utilities 1.6\;C:\Program Files\Git\cmd;C:\Users\weand\AppData\Local\Microsoft\WindowsApps;C:\Program Files (x86)\Spiceworks\Nmap;;C:\Users\weand\Downloads\eclipse-java-kepler-SR1-win32-x86_64\eclipse;C:/Program Files/Java/jre1.8.0_131/bin/server;C:/Program Files/Java/jre1.8.0_131/bin;C:/Program Files/Java/jre1.8.0_131/lib/amd64;C:\ProgramData\Oracle\Java\javapath;C:\Program Files\Microsoft MPI\Bin\;C:\WINDOWS\system32;C:\WINDOWS;C:\WINDOWS\System32\Wbem;C:\WINDOWS\System32\WindowsPowerShell\v1.0\;C:\Program Files (x86)\Skype\Phone\;C:\Program Files\Microsoft SQL Server\130\Tools\Binn\;C:\Program Files\dotnet\;C:\Program Files (x86)\GtkSharp\2.12\bin;C:\Program Files\MySQL\MySQL Utilities 1.6\;C:\Program Files\Git\cmd;C:\Users\weand\AppData\Local\Microsoft\WindowsApps;C:\Program Files (x86)\Spiceworks\Nmap;;C:\Users\weand\Downloads\eclipse-java-kepler-SR1-win32-x86_64\eclipse;
USERNAME=weand
OS=Windows_NT
PROCESSOR_IDENTIFIER=Intel64 Family 6 Model 78 Stepping 3, GenuineIntel



---------------  S Y S T E M  ---------------

OS: Windows 10.0 , 64 bit Build 16299 (10.0.16299.15)

CPU:total 4 (initial active 4) (2 cores per cpu, 2 threads per core) family 6 model 78 stepping 3, cmov, cx8, fxsr, mmx, sse, sse2, sse3, ssse3, sse4.1, sse4.2, popcnt, avx, avx2, aes, clmul, erms, rtm, 3dnowpref, lzcnt, ht, tsc, tscinvbit, bmi1, bmi2, adx

Memory: 4k page, physical 8311896k(2032232k free), swap 12768344k(2867160k free)

vm_info: Java HotSpot(TM) 64-Bit Server VM (25.131-b11) for windows-amd64 JRE (1.8.0_131-b11), built on Mar 15 2017 01:23:53 by "java_re" with MS VC++ 10.0 (VS2010)

time: Thu Mar 15 10:56:11 2018
elapsed time: 27 seconds (0d 0h 0m 27s)

