#
# A fatal error has been detected by the Java Runtime Environment:
#
#  Internal Error (0xc000000d), pid=1120, tid=0x0000000000004424
#
# JRE version: Java(TM) SE Runtime Environment (8.0_131-b11) (build 1.8.0_131-b11)
# Java VM: Java HotSpot(TM) 64-Bit Server VM (25.131-b11 mixed mode windows-amd64 compressed oops)
# Problematic frame:
# C  [ntdll.dll+0x10b2b0]
#
# Failed to write core dump. Minidumps are not enabled by default on client versions of Windows
#
# If you would like to submit a bug report, please visit:
#   http://bugreport.java.com/bugreport/crash.jsp
#

---------------  T H R E A D  ---------------

Current thread (0x0000000018fc7800):  VMThread [stack: 0x000000001a060000,0x000000001a160000] [id=17444]

siginfo: ExceptionCode=0xc000000d

Registers:
RAX=0x0000000004302050, RBX=0x0000000000000001, RCX=0x0000000018fc8c30, RDX=0x0000000000000001
RSP=0x000000001a15eb60, RBP=0x000000001dd7fa80, RSI=0x000000001dd7fcb8, RDI=0x000000001dd6bb00
R8 =0x0000000004302050, R9 =0x0000000018fc8c30, R10=0x0000000071cc2c01, R11=0x0000000018fc8c40
R12=0x00007ffbcd696680, R13=0x0000000000000001, R14=0x000000001dd60190, R15=0x000000001dd60190
RIP=0x00007ffbd9aeb2b0, EFLAGS=0x0000000000000206

Top of Stack: (sp=0x000000001a15eb60)
0x000000001a15eb60:   0000000000000057 0000000000000001
0x000000001a15eb70:   000000001dd7fcb8 000000001dd6bb00
0x000000001a15eb80:   00000000c000000d 0000000000000000
0x000000001a15eb90:   00007ffbd9aeb2b0 0000000000000000
0x000000001a15eba0:   0000000000000000 0000000000000000
0x000000001a15ebb0:   0000000000000000 0000000000000000
0x000000001a15ebc0:   0000000000000000 0000000000000000
0x000000001a15ebd0:   0000000000000000 0000000000000000
0x000000001a15ebe0:   0000000000000000 0000000000000000
0x000000001a15ebf0:   0000000000000000 0000000000000000
0x000000001a15ec00:   0000000000000000 0000000000000000
0x000000001a15ec10:   0000000000000000 0000000000000000
0x000000001a15ec20:   00003e65a75d9239 000000001dd6bb00
0x000000001a15ec30:   000000001dd7fcb8 00007ffbcd694907
0x000000001a15ec40:   000000001dd6bb00 000000001dd60190
0x000000001a15ec50:   00000000f46857d4 0000000000000020 

Instructions: (pc=0x00007ffbd9aeb2b0)
0x00007ffbd9aeb290:   b7 f9 ff c7 44 24 20 0d 00 00 c0 b9 57 00 00 00
0x00007ffbd9aeb2a0:   e8 4b 63 f3 ff 90 48 8d 4c 24 20 e8 90 00 f1 ff
0x00007ffbd9aeb2b0:   eb 00 48 8b 8c 24 c0 00 00 00 48 33 cc e8 ce 57
0x00007ffbd9aeb2c0:   f8 ff 48 81 c4 d8 00 00 00 c3 40 55 48 83 ec 20 


Register to memory mapping:

RAX=0x0000000004302050 is an unknown value
RBX=0x0000000000000001 is an unknown value
RCX=0x0000000018fc8c30 is an unknown value
RDX=0x0000000000000001 is an unknown value
RSP=0x000000001a15eb60 is an unknown value
RBP=0x000000001dd7fa80 is an unknown value
RSI=0x000000001dd7fcb8 is an unknown value
RDI=0x000000001dd6bb00 is an unknown value
R8 =0x0000000004302050 is an unknown value
R9 =0x0000000018fc8c30 is an unknown value
R10=0x0000000071cc2c01 is an unknown value
R11=0x0000000018fc8c40 is an unknown value
R12=0x00007ffbcd696680 is an unknown value
R13=0x0000000000000001 is an unknown value
R14=0x000000001dd60190 is an unknown value
R15=0x000000001dd60190 is an unknown value


Stack: [0x000000001a060000,0x000000001a160000],  sp=0x000000001a15eb60,  free space=1018k
Native frames: (J=compiled Java code, j=interpreted, Vv=VM code, C=native code)
C  [ntdll.dll+0x10b2b0]
C  [RTWorkQ.DLL+0x4907]
C  [RTWorkQ.DLL+0x9e46]
C  [RTWorkQ.DLL+0x7565]
C  [MFPlat.DLL+0x1d05b]
C  [MFReadWrite.dll+0x16348]
C  [MFReadWrite.dll+0xfb0d]
C  [MFReadWrite.dll+0xf863]
C  [mfksproxy.dll+0x194d0]
C  [mfksproxy.dll+0x18069]
C  [mfksproxy.dll+0x6eeb]
C  [quartz.dll+0x42e19]
C  [quartz.dll+0x553ef]
C  [quartz.dll+0x57932]
C  [quartz.dll+0x56d75]
C  [opencv_java2410.dll+0x2aaa1e]
C  [opencv_java2410.dll+0x5f43d0]
C  [opencv_java2410.dll+0x508e75]
C  [opencv_java2410.dll+0x4fc0f6]
C  [opencv_java2410.dll+0x4fc269]
C  [ntdll.dll+0x11493]
C  [ntdll.dll+0x406b5]
C  [ntdll.dll+0x40574]
C  [KERNEL32.DLL+0xf06a]
C  [msvcr100.dll+0x20ccd]
V  [jvm.dll+0x213235]
V  [jvm.dll+0x24c2a7]
V  [jvm.dll+0x24b546]
V  [jvm.dll+0x24b9e1]
V  [jvm.dll+0x24bbfe]
V  [jvm.dll+0x29cc1a]
C  [msvcr100.dll+0x21d9f]
C  [msvcr100.dll+0x21e3b]
C  [KERNEL32.DLL+0x11fe4]
C  [ntdll.dll+0x6efc1]

VM_Operation (0x000000001b74d250): Exit, mode: safepoint, requested by thread 0x000000001add0800


---------------  P R O C E S S  ---------------

Java Threads: ( => current thread )
  0x000000001caf2800 JavaThread "TimerQueue" daemon [_thread_blocked, id=15376, stack(0x000000001dc40000,0x000000001dd40000)]
  0x0000000004380800 JavaThread "DestroyJavaVM" [_thread_blocked, id=12100, stack(0x0000000004180000,0x0000000004280000)]
  0x000000001add0800 JavaThread "AWT-EventQueue-0" [_thread_blocked, id=15848, stack(0x000000001b650000,0x000000001b750000)]
  0x000000001adcc800 JavaThread "AWT-Shutdown" [_thread_blocked, id=8928, stack(0x000000001b290000,0x000000001b390000)]
  0x000000001addc800 JavaThread "Java2D Disposer" daemon [_thread_blocked, id=15452, stack(0x000000001b190000,0x000000001b290000)]
  0x000000001aa70800 JavaThread "Service Thread" daemon [_thread_blocked, id=19220, stack(0x000000001ae50000,0x000000001af50000)]
  0x000000001900b000 JavaThread "C1 CompilerThread2" daemon [_thread_blocked, id=17536, stack(0x000000001a950000,0x000000001aa50000)]
  0x0000000019004000 JavaThread "C2 CompilerThread1" daemon [_thread_blocked, id=4660, stack(0x000000001a850000,0x000000001a950000)]
  0x0000000018fff800 JavaThread "C2 CompilerThread0" daemon [_thread_blocked, id=3576, stack(0x000000001a750000,0x000000001a850000)]
  0x0000000018ffe000 JavaThread "Attach Listener" daemon [_thread_blocked, id=1636, stack(0x000000001a650000,0x000000001a750000)]
  0x0000000018ffc800 JavaThread "Signal Dispatcher" daemon [_thread_blocked, id=14840, stack(0x000000001a550000,0x000000001a650000)]
  0x0000000018fea800 JavaThread "Finalizer" daemon [_thread_blocked, id=2416, stack(0x000000001a260000,0x000000001a360000)]
  0x000000000446f000 JavaThread "Reference Handler" daemon [_thread_blocked, id=5792, stack(0x000000001a160000,0x000000001a260000)]

Other Threads:
=>0x0000000018fc7800 VMThread [stack: 0x000000001a060000,0x000000001a160000] [id=17444]

VM state:at safepoint (shutting down)

VM Mutex/Monitor currently owned by a thread:  ([mutex/lock_event])
[0x000000000430c4d0] Threads_lock - owner thread: 0x0000000018fc7800

Heap:
 PSYoungGen      total 28160K, used 3460K [0x00000000d5b80000, 0x00000000d7d80000, 0x0000000100000000)
  eden space 21504K, 5% used [0x00000000d5b80000,0x00000000d5ca0cd0,0x00000000d7080000)
  from space 6656K, 34% used [0x00000000d7700000,0x00000000d7940508,0x00000000d7d80000)
  to   space 6656K, 0% used [0x00000000d7080000,0x00000000d7080000,0x00000000d7700000)
 ParOldGen       total 87552K, used 38271K [0x0000000081200000, 0x0000000086780000, 0x00000000d5b80000)
  object space 87552K, 43% used [0x0000000081200000,0x000000008375fd28,0x0000000086780000)
 Metaspace       used 13800K, capacity 14036K, committed 14336K, reserved 1062912K
  class space    used 1647K, capacity 1704K, committed 1792K, reserved 1048576K

Card table byte_map: [0x0000000013840000,0x0000000013c40000] byte_map_base: 0x0000000013437000

Marking Bits: (ParMarkBitMap*) 0x0000000071edc720
 Begin Bits: [0x00000000142f0000, 0x00000000162a8000)
 End Bits:   [0x00000000162a8000, 0x0000000018260000)

Polling page: 0x0000000002950000

CodeCache: size=245760Kb used=6345Kb max_used=6358Kb free=239414Kb
 bounds [0x0000000004480000, 0x0000000004ac0000, 0x0000000013480000]
 total_blobs=2474 nmethods=1859 adapters=527
 compilation: enabled

Compilation events (10 events):
Event: 54.248 Thread 0x0000000018fff800 1975       4       java.awt.Rectangle::translate (197 bytes)
Event: 54.249 Thread 0x0000000018fff800 nmethod 1975 0x00000000046ea190 code [0x00000000046ea2e0, 0x00000000046ea3d8]
Event: 54.895 Thread 0x0000000019004000 1976       4       java.lang.Long::valueOf (36 bytes)
Event: 54.896 Thread 0x0000000018fff800 1977   !   4       javax.imageio.stream.ImageInputStreamImpl::mark (35 bytes)
Event: 54.896 Thread 0x0000000019004000 nmethod 1976 0x0000000004ab4310 code [0x0000000004ab4440, 0x0000000004ab4518]
Event: 54.901 Thread 0x0000000018fff800 nmethod 1977 0x0000000004ab4b10 code [0x0000000004ab4ca0, 0x0000000004ab56f8]
Event: 55.895 Thread 0x0000000019004000 1978       4       javax.imageio.stream.ImageInputStreamImpl::reset (69 bytes)
Event: 55.904 Thread 0x0000000019004000 nmethod 1978 0x0000000004ab9e90 code [0x0000000004aba020, 0x0000000004aba9d8]
Event: 56.227 Thread 0x0000000018fff800 1979       4       sun.java2d.pipe.Region::isInsideQuickCheck (57 bytes)
Event: 56.228 Thread 0x0000000018fff800 nmethod 1979 0x0000000004ab4850 code [0x0000000004ab4980, 0x0000000004ab4a58]

GC Heap History (10 events):
Event: 55.286 GC heap before
{Heap before GC invocations=64 (full 0):
 PSYoungGen      total 27648K, used 24332K [0x00000000d5b80000, 0x00000000d7c80000, 0x0000000100000000)
  eden space 21504K, 100% used [0x00000000d5b80000,0x00000000d7080000,0x00000000d7080000)
  from space 6144K, 46% used [0x00000000d7080000,0x00000000d7343030,0x00000000d7680000)
  to   space 6144K, 0% used [0x00000000d7680000,0x00000000d7680000,0x00000000d7c80000)
 ParOldGen       total 87552K, used 38215K [0x0000000081200000, 0x0000000086780000, 0x00000000d5b80000)
  object space 87552K, 43% used [0x0000000081200000,0x0000000083751d28,0x0000000086780000)
 Metaspace       used 13793K, capacity 14036K, committed 14336K, reserved 1062912K
  class space    used 1646K, capacity 1704K, committed 1792K, reserved 1048576K
Event: 55.287 GC heap after
Heap after GC invocations=64 (full 0):
 PSYoungGen      total 27648K, used 3206K [0x00000000d5b80000, 0x00000000d7c80000, 0x0000000100000000)
  eden space 21504K, 0% used [0x00000000d5b80000,0x00000000d5b80000,0x00000000d7080000)
  from space 6144K, 52% used [0x00000000d7680000,0x00000000d79a1b88,0x00000000d7c80000)
  to   space 6144K, 0% used [0x00000000d7080000,0x00000000d7080000,0x00000000d7680000)
 ParOldGen       total 87552K, used 38215K [0x0000000081200000, 0x0000000086780000, 0x00000000d5b80000)
  object space 87552K, 43% used [0x0000000081200000,0x0000000083751d28,0x0000000086780000)
 Metaspace       used 13793K, capacity 14036K, committed 14336K, reserved 1062912K
  class space    used 1646K, capacity 1704K, committed 1792K, reserved 1048576K
}
Event: 55.914 GC heap before
{Heap before GC invocations=65 (full 0):
 PSYoungGen      total 27648K, used 24710K [0x00000000d5b80000, 0x00000000d7c80000, 0x0000000100000000)
  eden space 21504K, 100% used [0x00000000d5b80000,0x00000000d7080000,0x00000000d7080000)
  from space 6144K, 52% used [0x00000000d7680000,0x00000000d79a1b88,0x00000000d7c80000)
  to   space 6144K, 0% used [0x00000000d7080000,0x00000000d7080000,0x00000000d7680000)
 ParOldGen       total 87552K, used 38215K [0x0000000081200000, 0x0000000086780000, 0x00000000d5b80000)
  object space 87552K, 43% used [0x0000000081200000,0x0000000083751d28,0x0000000086780000)
 Metaspace       used 13793K, capacity 14036K, committed 14336K, reserved 1062912K
  class space    used 1646K, capacity 1704K, committed 1792K, reserved 1048576K
Event: 55.915 GC heap after
Heap after GC invocations=65 (full 0):
 PSYoungGen      total 27648K, used 4106K [0x00000000d5b80000, 0x00000000d7c80000, 0x0000000100000000)
  eden space 21504K, 0% used [0x00000000d5b80000,0x00000000d5b80000,0x00000000d7080000)
  from space 6144K, 66% used [0x00000000d7080000,0x00000000d7482b08,0x00000000d7680000)
  to   space 6144K, 0% used [0x00000000d7680000,0x00000000d7680000,0x00000000d7c80000)
 ParOldGen       total 87552K, used 38231K [0x0000000081200000, 0x0000000086780000, 0x00000000d5b80000)
  object space 87552K, 43% used [0x0000000081200000,0x0000000083755d28,0x0000000086780000)
 Metaspace       used 13793K, capacity 14036K, committed 14336K, reserved 1062912K
  class space    used 1646K, capacity 1704K, committed 1792K, reserved 1048576K
}
Event: 56.507 GC heap before
{Heap before GC invocations=66 (full 0):
 PSYoungGen      total 27648K, used 25610K [0x00000000d5b80000, 0x00000000d7c80000, 0x0000000100000000)
  eden space 21504K, 100% used [0x00000000d5b80000,0x00000000d7080000,0x00000000d7080000)
  from space 6144K, 66% used [0x00000000d7080000,0x00000000d7482b08,0x00000000d7680000)
  to   space 6144K, 0% used [0x00000000d7680000,0x00000000d7680000,0x00000000d7c80000)
 ParOldGen       total 87552K, used 38231K [0x0000000081200000, 0x0000000086780000, 0x00000000d5b80000)
  object space 87552K, 43% used [0x0000000081200000,0x0000000083755d28,0x0000000086780000)
 Metaspace       used 13793K, capacity 14036K, committed 14336K, reserved 1062912K
  class space    used 1646K, capacity 1704K, committed 1792K, reserved 1048576K
Event: 56.508 GC heap after
Heap after GC invocations=66 (full 0):
 PSYoungGen      total 27648K, used 5006K [0x00000000d5b80000, 0x00000000d7c80000, 0x0000000100000000)
  eden space 21504K, 0% used [0x00000000d5b80000,0x00000000d5b80000,0x00000000d7080000)
  from space 6144K, 81% used [0x00000000d7680000,0x00000000d7b638a8,0x00000000d7c80000)
  to   space 6144K, 0% used [0x00000000d7080000,0x00000000d7080000,0x00000000d7680000)
 ParOldGen       total 87552K, used 38247K [0x0000000081200000, 0x0000000086780000, 0x00000000d5b80000)
  object space 87552K, 43% used [0x0000000081200000,0x0000000083759d28,0x0000000086780000)
 Metaspace       used 13793K, capacity 14036K, committed 14336K, reserved 1062912K
  class space    used 1646K, capacity 1704K, committed 1792K, reserved 1048576K
}
Event: 57.119 GC heap before
{Heap before GC invocations=67 (full 0):
 PSYoungGen      total 27648K, used 26510K [0x00000000d5b80000, 0x00000000d7c80000, 0x0000000100000000)
  eden space 21504K, 100% used [0x00000000d5b80000,0x00000000d7080000,0x00000000d7080000)
  from space 6144K, 81% used [0x00000000d7680000,0x00000000d7b638a8,0x00000000d7c80000)
  to   space 6144K, 0% used [0x00000000d7080000,0x00000000d7080000,0x00000000d7680000)
 ParOldGen       total 87552K, used 38247K [0x0000000081200000, 0x0000000086780000, 0x00000000d5b80000)
  object space 87552K, 43% used [0x0000000081200000,0x0000000083759d28,0x0000000086780000)
 Metaspace       used 13793K, capacity 14036K, committed 14336K, reserved 1062912K
  class space    used 1646K, capacity 1704K, committed 1792K, reserved 1048576K
Event: 57.120 GC heap after
Heap after GC invocations=67 (full 0):
 PSYoungGen      total 27648K, used 5006K [0x00000000d5b80000, 0x00000000d7d80000, 0x0000000100000000)
  eden space 21504K, 0% used [0x00000000d5b80000,0x00000000d5b80000,0x00000000d7080000)
  from space 6144K, 81% used [0x00000000d7080000,0x00000000d7563928,0x00000000d7680000)
  to   space 6656K, 0% used [0x00000000d7700000,0x00000000d7700000,0x00000000d7d80000)
 ParOldGen       total 87552K, used 38255K [0x0000000081200000, 0x0000000086780000, 0x00000000d5b80000)
  object space 87552K, 43% used [0x0000000081200000,0x000000008375bd28,0x0000000086780000)
 Metaspace       used 13793K, capacity 14036K, committed 14336K, reserved 1062912K
  class space    used 1646K, capacity 1704K, committed 1792K, reserved 1048576K
}
Event: 57.793 GC heap before
{Heap before GC invocations=68 (full 0):
 PSYoungGen      total 27648K, used 26510K [0x00000000d5b80000, 0x00000000d7d80000, 0x0000000100000000)
  eden space 21504K, 100% used [0x00000000d5b80000,0x00000000d7080000,0x00000000d7080000)
  from space 6144K, 81% used [0x00000000d7080000,0x00000000d7563928,0x00000000d7680000)
  to   space 6656K, 0% used [0x00000000d7700000,0x00000000d7700000,0x00000000d7d80000)
 ParOldGen       total 87552K, used 38255K [0x0000000081200000, 0x0000000086780000, 0x00000000d5b80000)
  object space 87552K, 43% used [0x0000000081200000,0x000000008375bd28,0x0000000086780000)
 Metaspace       used 13793K, capacity 14036K, committed 14336K, reserved 1062912K
  class space    used 1646K, capacity 1704K, committed 1792K, reserved 1048576K
Event: 57.794 GC heap after
Heap after GC invocations=68 (full 0):
 PSYoungGen      total 28160K, used 2305K [0x00000000d5b80000, 0x00000000d7d80000, 0x0000000100000000)
  eden space 21504K, 0% used [0x00000000d5b80000,0x00000000d5b80000,0x00000000d7080000)
  from space 6656K, 34% used [0x00000000d7700000,0x00000000d7940508,0x00000000d7d80000)
  to   space 6656K, 0% used [0x00000000d7080000,0x00000000d7080000,0x00000000d7700000)
 ParOldGen       total 87552K, used 38271K [0x0000000081200000, 0x0000000086780000, 0x00000000d5b80000)
  object space 87552K, 43% used [0x0000000081200000,0x000000008375fd28,0x0000000086780000)
 Metaspace       used 13793K, capacity 14036K, committed 14336K, reserved 1062912K
  class space    used 1646K, capacity 1704K, committed 1792K, reserved 1048576K
}

Deoptimization events (3 events):
Event: 0.321 Thread 0x000000001add0800 Uncommon trap: reason=null_check action=make_not_entrant pc=0x00000000045f3b9c method=java.lang.String.equals(Ljava/lang/Object;)Z @ 8
Event: 4.613 Thread 0x000000001add0800 Uncommon trap: reason=unstable_if action=reinterpret pc=0x00000000046dc224 method=leap.ImagePanel.paint(Ljava/awt/Graphics;)V @ 378
Event: 38.538 Thread 0x000000001adcd800 Uncommon trap: reason=unstable_if action=reinterpret pc=0x0000000004a33c94 method=java.util.concurrent.locks.AbstractQueuedSynchronizer.acquireQueued(Ljava/util/concurrent/locks/AbstractQueuedSynchronizer$Node;I)Z @ 17

Internal exceptions (10 events):
Event: 0.041 Thread 0x0000000004380800 Exception <a 'java/lang/NoSuchMethodError': Method sun.misc.Unsafe.prefetchRead(Ljava/lang/Object;J)V name or signature does not match> (0x00000000d5b87f90) thrown at [C:\re\workspace\8-2-build-windows-amd64-cygwin\jdk8u131\8869\hotspot\src\share\vm\prims
Event: 0.136 Thread 0x0000000004380800 Exception <a 'java/security/PrivilegedActionException'> (0x00000000d5c13678) thrown at [C:\re\workspace\8-2-build-windows-amd64-cygwin\jdk8u131\8869\hotspot\src\share\vm\prims\jvm.cpp, line 1390]
Event: 0.136 Thread 0x0000000004380800 Exception <a 'java/security/PrivilegedActionException'> (0x00000000d5c13888) thrown at [C:\re\workspace\8-2-build-windows-amd64-cygwin\jdk8u131\8869\hotspot\src\share\vm\prims\jvm.cpp, line 1390]
Event: 0.137 Thread 0x0000000004380800 Exception <a 'java/security/PrivilegedActionException'> (0x00000000d5c174f8) thrown at [C:\re\workspace\8-2-build-windows-amd64-cygwin\jdk8u131\8869\hotspot\src\share\vm\prims\jvm.cpp, line 1390]
Event: 0.137 Thread 0x0000000004380800 Exception <a 'java/security/PrivilegedActionException'> (0x00000000d5c17708) thrown at [C:\re\workspace\8-2-build-windows-amd64-cygwin\jdk8u131\8869\hotspot\src\share\vm\prims\jvm.cpp, line 1390]
Event: 0.142 Thread 0x0000000004380800 Exception <a 'java/io/FileNotFoundException'> (0x00000000d5c19c20) thrown at [C:\re\workspace\8-2-build-windows-amd64-cygwin\jdk8u131\8869\hotspot\src\share\vm\prims\jni.cpp, line 709]
Event: 0.216 Thread 0x0000000004380800 Exception <a 'java/lang/NoSuchFieldError': method resolution failed> (0x00000000d5d8e558) thrown at [C:\re\workspace\8-2-build-windows-amd64-cygwin\jdk8u131\8869\hotspot\src\share\vm\prims\methodHandles.cpp, line 1146]
Event: 0.218 Thread 0x0000000004380800 Exception <a 'java/lang/NoSuchFieldError': method resolution failed> (0x00000000d5d9b928) thrown at [C:\re\workspace\8-2-build-windows-amd64-cygwin\jdk8u131\8869\hotspot\src\share\vm\prims\methodHandles.cpp, line 1146]
Event: 0.300 Thread 0x000000001add0800 Exception <a 'java/io/FileNotFoundException'> (0x00000000d5f73318) thrown at [C:\re\workspace\8-2-build-windows-amd64-cygwin\jdk8u131\8869\hotspot\src\share\vm\prims\jni.cpp, line 709]
Event: 0.321 Thread 0x000000001add0800 Implicit null exception at 0x00000000045f39db to 0x00000000045f3b8d

Events (10 events):
Event: 57.811 Executing VM operation: RevokeBias
Event: 57.811 Executing VM operation: RevokeBias done
Event: 57.811 loading class java/util/WeakHashMap$KeyIterator
Event: 57.811 loading class java/util/WeakHashMap$HashIterator
Event: 57.811 loading class java/util/WeakHashMap$HashIterator done
Event: 57.811 loading class java/util/WeakHashMap$KeyIterator done
Event: 57.811 Thread 0x000000001ab2a800 Thread exited: 0x000000001ab2a800
Event: 57.829 Thread 0x000000001adcd800 Thread exited: 0x000000001adcd800
Event: 57.911 Thread 0x000000001ab3d800 Thread exited: 0x000000001ab3d800
Event: 57.911 Executing VM operation: Exit


Dynamic libraries:
0x00007ff7ac100000 - 0x00007ff7ac137000 	C:\Program Files\Java\jre1.8.0_131\bin\javaw.exe
0x00007ffbd99e0000 - 0x00007ffbd9bc0000 	C:\WINDOWS\SYSTEM32\ntdll.dll
0x00007ffbd71a0000 - 0x00007ffbd724e000 	C:\WINDOWS\System32\KERNEL32.DLL
0x00007ffbd5de0000 - 0x00007ffbd6046000 	C:\WINDOWS\System32\KERNELBASE.dll
0x00007ffbd9170000 - 0x00007ffbd9211000 	C:\WINDOWS\System32\ADVAPI32.dll
0x00007ffbd6eb0000 - 0x00007ffbd6f4d000 	C:\WINDOWS\System32\msvcrt.dll
0x00007ffbd8810000 - 0x00007ffbd886b000 	C:\WINDOWS\System32\sechost.dll
0x00007ffbd8f60000 - 0x00007ffbd907f000 	C:\WINDOWS\System32\RPCRT4.dll
0x00007ffbd96a0000 - 0x00007ffbd982f000 	C:\WINDOWS\System32\USER32.dll
0x00007ffbd60a0000 - 0x00007ffbd60c0000 	C:\WINDOWS\System32\win32u.dll
0x00007ffbd9830000 - 0x00007ffbd9858000 	C:\WINDOWS\System32\GDI32.dll
0x00007ffbd62e0000 - 0x00007ffbd6473000 	C:\WINDOWS\System32\gdi32full.dll
0x00007ffbd60c0000 - 0x00007ffbd615b000 	C:\WINDOWS\System32\msvcp_win.dll
0x00007ffbd6160000 - 0x00007ffbd6256000 	C:\WINDOWS\System32\ucrtbase.dll
0x00007ffbbc760000 - 0x00007ffbbc9c9000 	C:\WINDOWS\WinSxS\amd64_microsoft.windows.common-controls_6595b64144ccf1df_6.0.16299.248_none_15ced204935f55d7\COMCTL32.dll
0x00007ffbd9390000 - 0x00007ffbd9698000 	C:\WINDOWS\System32\combase.dll
0x00007ffbd6260000 - 0x00007ffbd62d2000 	C:\WINDOWS\System32\bcryptPrimitives.dll
0x00007ffbd98c0000 - 0x00007ffbd98ed000 	C:\WINDOWS\System32\IMM32.DLL
0x0000000072010000 - 0x00000000720e2000 	C:\Program Files\Java\jre1.8.0_131\bin\msvcr100.dll
0x00000000716c0000 - 0x0000000071f5c000 	C:\Program Files\Java\jre1.8.0_131\bin\server\jvm.dll
0x00007ffbd88d0000 - 0x00007ffbd88d8000 	C:\WINDOWS\System32\PSAPI.DLL
0x00007ffbbb0d0000 - 0x00007ffbbb0d9000 	C:\WINDOWS\SYSTEM32\WSOCK32.dll
0x00007ffbd2830000 - 0x00007ffbd2853000 	C:\WINDOWS\SYSTEM32\WINMM.dll
0x00007ffbd7360000 - 0x00007ffbd73cc000 	C:\WINDOWS\System32\WS2_32.dll
0x00007ffbcbe30000 - 0x00007ffbcbe3a000 	C:\WINDOWS\SYSTEM32\VERSION.dll
0x00007ffbd27d0000 - 0x00007ffbd27fa000 	C:\WINDOWS\SYSTEM32\WINMMBASE.dll
0x00007ffbd6050000 - 0x00007ffbd609a000 	C:\WINDOWS\System32\cfgmgr32.dll
0x0000000072350000 - 0x000000007235f000 	C:\Program Files\Java\jre1.8.0_131\bin\verify.dll
0x0000000072320000 - 0x0000000072349000 	C:\Program Files\Java\jre1.8.0_131\bin\java.dll
0x0000000072300000 - 0x0000000072316000 	C:\Program Files\Java\jre1.8.0_131\bin\zip.dll
0x00007ffbd73d0000 - 0x00007ffbd8806000 	C:\WINDOWS\System32\SHELL32.dll
0x00007ffbd9900000 - 0x00007ffbd99a6000 	C:\WINDOWS\System32\shcore.dll
0x00007ffbd6530000 - 0x00007ffbd6c77000 	C:\WINDOWS\System32\windows.storage.dll
0x00007ffbd8d30000 - 0x00007ffbd8d81000 	C:\WINDOWS\System32\shlwapi.dll
0x00007ffbd5d30000 - 0x00007ffbd5d41000 	C:\WINDOWS\System32\kernel.appcore.dll
0x00007ffbd5d70000 - 0x00007ffbd5dbc000 	C:\WINDOWS\System32\powrprof.dll
0x00007ffbd5dc0000 - 0x00007ffbd5ddb000 	C:\WINDOWS\System32\profapi.dll
0x00000000720f0000 - 0x0000000072288000 	C:\Program Files\Java\jre1.8.0_131\bin\awt.dll
0x00007ffbd9080000 - 0x00007ffbd9145000 	C:\WINDOWS\System32\OLEAUT32.dll
0x00007ffbd3c10000 - 0x00007ffbd3c98000 	C:\WINDOWS\SYSTEM32\apphelp.dll
0x00007ffbd3d90000 - 0x00007ffbd3e25000 	C:\WINDOWS\system32\uxtheme.dll
0x00007ffbd9220000 - 0x00007ffbd9387000 	C:\WINDOWS\System32\MSCTF.dll
0x00007ffbab640000 - 0x00007ffbab6e9000 	C:\Program Files\Common Files\microsoft shared\ink\tiptsf.dll
0x00007ffbd40e0000 - 0x00007ffbd410a000 	C:\WINDOWS\system32\dwmapi.dll
0x00007ffbd8e10000 - 0x00007ffbd8f59000 	C:\WINDOWS\System32\ole32.dll
0x00007ffbadac0000 - 0x00007ffbadbde000 	C:\WINDOWS\system32\opengl32.dll
0x00007ffbc93f0000 - 0x00007ffbc941c000 	C:\WINDOWS\SYSTEM32\GLU32.dll
0x0000000071670000 - 0x00000000716b7000 	C:\Program Files\Java\jre1.8.0_131\bin\fontmanager.dll
0x00000000722e0000 - 0x00000000722fa000 	C:\Program Files\Java\jre1.8.0_131\bin\net.dll
0x0000000180000000 - 0x000000018008c000 	C:\WINDOWS\system32\ASProxy64.dll
0x00007ffbd55c0000 - 0x00007ffbd5626000 	C:\WINDOWS\SYSTEM32\MSWSOCK.dll
0x00007ffbd5350000 - 0x00007ffbd5389000 	C:\WINDOWS\SYSTEM32\IPHLPAPI.DLL
0x00007ffbd5c60000 - 0x00007ffbd5c90000 	C:\WINDOWS\SYSTEM32\SspiCli.dll
0x00000000722c0000 - 0x00000000722d1000 	C:\Program Files\Java\jre1.8.0_131\bin\nio.dll
0x0000000071620000 - 0x0000000071662000 	C:\Program Files\Java\jre1.8.0_131\bin\t2k.dll
0x00007ffbc5920000 - 0x00007ffbc595e000 	C:\Users\weand\Desktop\Capstone project\CCR\GantryRobot\LeapMotion\LeapSDK\lib\x64\LeapJava.dll
0x00007ffba7220000 - 0x00007ffba730f000 	C:\Program Files\Java\jre1.8.0_131\bin\MSVCR120.dll
0x00007ffbbbfa0000 - 0x00007ffbbc046000 	C:\Program Files\Java\jre1.8.0_131\bin\MSVCP120.dll
0x00007ffba70b0000 - 0x00007ffba721b000 	C:\Users\weand\Desktop\Capstone project\CCR\GantryRobot\LeapMotion\LeapSDK\lib\x64\Leap.dll
0x00007ffbd4e70000 - 0x00007ffbd4ea1000 	C:\WINDOWS\SYSTEM32\ntmarta.dll
0x00007ffb8b090000 - 0x00007ffb8ba61000 	C:\Users\weand\Desktop\Capstone project\CCR\GantryRobot\OpenCV\opencv\build\java\x64\opencv_java2410.dll
0x00007ffbc9000000 - 0x00007ffbc9018000 	C:\WINDOWS\SYSTEM32\AVICAP32.dll
0x00007ffbc9420000 - 0x00007ffbc9449000 	C:\WINDOWS\SYSTEM32\MSVFW32.dll
0x00007ffbc8e00000 - 0x00007ffbc8e1f000 	C:\WINDOWS\SYSTEM32\AVIFIL32.dll
0x00007ffbcd340000 - 0x00007ffbcd35c000 	C:\WINDOWS\SYSTEM32\MSACM32.dll
0x00007ffbd6f50000 - 0x00007ffbd6fee000 	C:\WINDOWS\System32\clbcatq.dll
0x00007ffbd22d0000 - 0x00007ffbd247b000 	C:\WINDOWS\SYSTEM32\WindowsCodecs.dll
0x00007ffbb06c0000 - 0x00007ffbb070f000 	C:\WINDOWS\system32\dataexchange.dll
0x00007ffbd2d50000 - 0x00007ffbd3032000 	C:\WINDOWS\system32\d3d11.dll
0x00007ffbd36e0000 - 0x00007ffbd3822000 	C:\WINDOWS\system32\dcomp.dll
0x00007ffbd4ba0000 - 0x00007ffbd4c4f000 	C:\WINDOWS\system32\dxgi.dll
0x00007ffbd4260000 - 0x00007ffbd43db000 	C:\WINDOWS\system32\twinapi.appcore.dll
0x00007ffbd41d0000 - 0x00007ffbd41f0000 	C:\WINDOWS\system32\RMCLIENT.dll
0x00007ffbd5890000 - 0x00007ffbd58b5000 	C:\WINDOWS\system32\bcrypt.dll
0x00007ffbb5800000 - 0x00007ffbb5898000 	C:\WINDOWS\System32\TextInputFramework.dll
0x00007ffbd3600000 - 0x00007ffbd36dc000 	C:\WINDOWS\System32\CoreMessaging.dll
0x00007ffbd1ea0000 - 0x00007ffbd218e000 	C:\WINDOWS\System32\CoreUIComponents.dll
0x00007ffbd1d60000 - 0x00007ffbd1e96000 	C:\WINDOWS\SYSTEM32\wintypes.dll
0x00007ffbb3d40000 - 0x00007ffbb3f46000 	C:\Windows\System32\uiautomationcore.dll
0x00007ffbd5b90000 - 0x00007ffbd5c2a000 	C:\WINDOWS\SYSTEM32\sxs.dll
0x00007ffbb0d00000 - 0x00007ffbb0d6e000 	C:\Windows\System32\OLEACC.dll
0x00007ffbb52a0000 - 0x00007ffbb5321000 	C:\WINDOWS\SYSTEM32\twinapi.dll
0x00007ffbc5b30000 - 0x00007ffbc5b48000 	C:\Windows\System32\devenum.dll
0x00007ffbd88e0000 - 0x00007ffbd8d2e000 	C:\WINDOWS\System32\setupapi.dll
0x00007ffbd5b40000 - 0x00007ffbd5b67000 	C:\WINDOWS\SYSTEM32\DEVOBJ.dll
0x00007ffbd6c80000 - 0x00007ffbd6cd8000 	C:\WINDOWS\System32\WINTRUST.dll
0x00007ffbd5d50000 - 0x00007ffbd5d62000 	C:\WINDOWS\System32\MSASN1.dll
0x00007ffbd6ce0000 - 0x00007ffbd6eae000 	C:\WINDOWS\System32\CRYPT32.dll
0x00007ffbb0710000 - 0x00007ffbb071a000 	C:\WINDOWS\SYSTEM32\msdmo.dll
0x00007ffbc5840000 - 0x00007ffbc5873000 	C:\Windows\System32\qcap.dll
0x00007ffba65d0000 - 0x00007ffba678c000 	C:\Windows\System32\quartz.dll
0x00007ffbbd3d0000 - 0x00007ffbbd41e000 	C:\Windows\System32\mfksproxy.dll
0x00007ffbcdb20000 - 0x00007ffbcdb3d000 	C:\Windows\System32\ATL.DLL
0x00007ffbcd890000 - 0x00007ffbcd8c6000 	C:\Windows\System32\MFSENSORGROUP.dll
0x00007ffbcd6d0000 - 0x00007ffbcd881000 	C:\Windows\System32\MFPlat.DLL
0x00007ffbcd690000 - 0x00007ffbcd6c2000 	C:\Windows\System32\RTWorkQ.DLL
0x00007ffbccc10000 - 0x00007ffbcd057000 	C:\Windows\System32\MFCORE.dll
0x00007ffbccc00000 - 0x00007ffbccc09000 	C:\Windows\System32\ksuser.dll
0x00007ffbd57a0000 - 0x00007ffbd57ab000 	C:\Windows\System32\CRYPTBASE.DLL
0x00007ffbb1890000 - 0x00007ffbb18e0000 	C:\Windows\System32\FSClient.dll
0x00007ffbd22c0000 - 0x00007ffbd22ca000 	C:\Windows\System32\AVRT.dll
0x00007ffbc9710000 - 0x00007ffbc971c000 	C:\Windows\System32\vidcap.ax
0x00007ffbbdd50000 - 0x00007ffbbdd76000 	C:\Windows\System32\kswdmcap.ax
0x00007ffb9c1a0000 - 0x00007ffb9c305000 	C:\Windows\System32\MFC42.dll
0x00007ffb99740000 - 0x00007ffb99cb2000 	C:\WINDOWS\system32\IntelCameraPlugin64.dll
0x00007ffbd1b90000 - 0x00007ffbd1c0a000 	C:\WINDOWS\SYSTEM32\policymanager.dll
0x00007ffbd1a30000 - 0x00007ffbd1ac0000 	C:\Windows\System32\msvcp110_win.dll
0x00007ffb9c7a0000 - 0x00007ffb9c8aa000 	C:\Windows\System32\MFReadWrite.dll
0x00007ffba57d0000 - 0x00007ffba5870000 	C:\Windows\System32\qedit.dll
0x00007ffbd7250000 - 0x00007ffbd735a000 	C:\WINDOWS\System32\COMDLG32.dll
0x00007ffbba4f0000 - 0x00007ffbba68c000 	C:\WINDOWS\WinSxS\amd64_microsoft.windows.gdiplus_6595b64144ccf1df_1.1.16299.248_none_46b9c4e9edf1cfa5\gdiplus.dll
0x00007ffba53f0000 - 0x00007ffba54e6000 	C:\Windows\System32\DDRAW.dll
0x00007ffbd2880000 - 0x00007ffbd2888000 	C:\Windows\System32\DCIMAN32.dll
0x00007ffbcda70000 - 0x00007ffbcda7c000 	C:\WINDOWS\SYSTEM32\msyuv.dll
0x00007ffbd5780000 - 0x00007ffbd5797000 	C:\WINDOWS\SYSTEM32\CRYPTSP.dll
0x00007ffbd51d0000 - 0x00007ffbd5203000 	C:\WINDOWS\system32\rsaenh.dll
0x00007ffbd5c30000 - 0x00007ffbd5c59000 	C:\WINDOWS\SYSTEM32\USERENV.dll
0x00007ffbd6ff0000 - 0x00007ffbd6ff8000 	C:\WINDOWS\System32\NSI.dll
0x00007ffbcbc40000 - 0x00007ffbcbc56000 	C:\WINDOWS\SYSTEM32\dhcpcsvc6.DLL
0x00007ffbcbf30000 - 0x00007ffbcbf4a000 	C:\WINDOWS\SYSTEM32\dhcpcsvc.DLL
0x00007ffbd4720000 - 0x00007ffbd48e8000 	C:\WINDOWS\SYSTEM32\dbghelp.dll

VM Arguments:
jvm_args: -Djava.library.path=C:\Users\weand\Desktop\Capstone project\CCR\GantryRobot\mfz-rxtx-2.2-20081207-win-x64;C:\Users\weand\Desktop\Capstone project\CCR\GantryRobot\OpenCV\opencv\build\java\x64;C:\Users\weand\Desktop\Capstone project\CCR\GantryRobot\LeapMotion\LeapSDK\lib\x64 -Dfile.encoding=Cp1252 
java_command: leap.RXTXGui
java_class_path (initial): C:\Users\weand\workspace\Gantry_1\bin;C:\Users\weand\Desktop\Capstone project\CCR\GantryRobot\mfz-rxtx-2.2-20081207-win-x64\RXTXcomm.jar;C:\Users\weand\Desktop\Capstone project\CCR\GantryRobot\OpenCV\opencv\build\java\opencv-2410.jar;C:\Users\weand\Desktop\Capstone project\CCR\GantryRobot\LeapMotion\LeapSDK\lib\LeapJava.jar
Launcher Type: SUN_STANDARD

Environment Variables:
PATH=C:\Users\weand\Desktop\Capstone project\CCR\GantryRobot\LeapMotion\LeapSDK\lib\x64;n;C:/Program Files/Java/jre1.8.0_131/lib/amd64;C:\ProgramData\Oracle\Java\javapath;C:\Program Files\Microsoft MPI\Bin\;C:\WINDOWS\system32;C:\WINDOWS;C:\WINDOWS\System32\Wbem;C:\WINDOWS\System32\WindowsPowerShell\v1.0\;C:\Program Files (x86)\Skype\Phone\;C:\Program Files\Microsoft SQL Server\130\Tools\Binn\;C:\Program Files\dotnet\;C:\Program Files (x86)\GtkSharp\2.12\bin;C:\Program Files\MySQL\MySQL Utilities 1.6\;C:\Program Files\Git\cmd;C:\Users\weand\AppData\Local\Microsoft\WindowsApps;C:\Program Files (x86)\Spiceworks\Nmap;;C:\Users\weand\Downloads\eclipse-java-kepler-SR1-win32-x86_64\eclipse;C:/Program Files/Java/jre1.8.0_131/bin/server;C:/Program Files/Java/jre1.8.0_131/bin;C:/Program Files/Java/jre1.8.0_131/lib/amd64;C:\ProgramData\Oracle\Java\javapath;C:\Program Files\Microsoft MPI\Bin\;C:\WINDOWS\system32;C:\WINDOWS;C:\WINDOWS\System32\Wbem;C:\WINDOWS\System32\WindowsPowerShell\v1.0\;C:\Program Files (x86)\Skype\Phone\;C:\Program Files\Microsoft SQL Server\130\Tools\Binn\;C:\Program Files\dotnet\;C:\Program Files (x86)\GtkSharp\2.12\bin;C:\Program Files\MySQL\MySQL Utilities 1.6\;C:\Program Files\Git\cmd;C:\Users\weand\AppData\Local\Microsoft\WindowsApps;C:\Program Files (x86)\Spiceworks\Nmap;;C:\Users\weand\Downloads\eclipse-java-kepler-SR1-win32-x86_64\eclipse;
USERNAME=weand
OS=Windows_NT
PROCESSOR_IDENTIFIER=Intel64 Family 6 Model 78 Stepping 3, GenuineIntel



---------------  S Y S T E M  ---------------

OS: Windows 10.0 , 64 bit Build 16299 (10.0.16299.15)

CPU:total 4 (initial active 4) (2 cores per cpu, 2 threads per core) family 6 model 78 stepping 3, cmov, cx8, fxsr, mmx, sse, sse2, sse3, ssse3, sse4.1, sse4.2, popcnt, avx, avx2, aes, clmul, erms, rtm, 3dnowpref, lzcnt, ht, tsc, tscinvbit, bmi1, bmi2, adx

Memory: 4k page, physical 8311896k(2059052k free), swap 12768344k(2754148k free)

vm_info: Java HotSpot(TM) 64-Bit Server VM (25.131-b11) for windows-amd64 JRE (1.8.0_131-b11), built on Mar 15 2017 01:23:53 by "java_re" with MS VC++ 10.0 (VS2010)

time: Thu Mar 15 11:07:40 2018
elapsed time: 59 seconds (0d 0h 0m 59s)

