#
# A fatal error has been detected by the Java Runtime Environment:
#
#  Internal Error (0xc000000d), pid=11920, tid=0x00000000000039e8
#
# JRE version: Java(TM) SE Runtime Environment (8.0_131-b11) (build 1.8.0_131-b11)
# Java VM: Java HotSpot(TM) 64-Bit Server VM (25.131-b11 mixed mode windows-amd64 compressed oops)
# Problematic frame:
# C  [ntdll.dll+0x10b2c0]
#
# Failed to write core dump. Minidumps are not enabled by default on client versions of Windows
#
# If you would like to submit a bug report, please visit:
#   http://bugreport.java.com/bugreport/crash.jsp
#

---------------  T H R E A D  ---------------

Current thread (0x0000000019b87800):  VMThread [stack: 0x000000001ac30000,0x000000001ad30000] [id=14824]

siginfo: ExceptionCode=0xc000000d

Registers:
RAX=0x0000000004f320b0, RBX=0x0000000000000000, RCX=0x0000000019b88c60, RDX=0x0000000000000001
RSP=0x000000001ad2e880, RBP=0x000000001f71ec50, RSI=0x000000001f71ee88, RDI=0x000000001f70bc50
R8 =0x0000000004f320b0, R9 =0x0000000019b88c60, R10=0x0000000000000001, R11=0x0000000019b88c70
R12=0x00007ffe63d26680, R13=0x0000000000000001, R14=0x000000001f700720, R15=0x000000001f700720
RIP=0x00007ffe6d8fb2c0, EFLAGS=0x0000000000000206

Top of Stack: (sp=0x000000001ad2e880)
0x000000001ad2e880:   0000000000000057 0000000000000000
0x000000001ad2e890:   000000001f71ee88 000000001f70bc50
0x000000001ad2e8a0:   00000000c000000d 0000000000000000
0x000000001ad2e8b0:   00007ffe6d8fb2c0 0000000000000000
0x000000001ad2e8c0:   0000000000000000 0000000000000000
0x000000001ad2e8d0:   0000000000000000 0000000000000000
0x000000001ad2e8e0:   0000000000000000 0000000000000000
0x000000001ad2e8f0:   0000000000000000 0000000000000000
0x000000001ad2e900:   0000000000000000 0000000000000000
0x000000001ad2e910:   0000000000000000 0000000000000000
0x000000001ad2e920:   0000000000000000 0000000000000000
0x000000001ad2e930:   0000000000000000 0000000000000000
0x000000001ad2e940:   0000f70276e3d2e9 000000001f70bc50
0x000000001ad2e950:   000000001f71ee88 00007ffe63d24907
0x000000001ad2e960:   000000001f70bc50 000000001f700720
0x000000001ad2e970:   00000000f46857d4 0000000000000020 

Instructions: (pc=0x00007ffe6d8fb2c0)
0x00007ffe6d8fb2a0:   b7 f9 ff c7 44 24 20 0d 00 00 c0 b9 57 00 00 00
0x00007ffe6d8fb2b0:   e8 3b 63 f3 ff 90 48 8d 4c 24 20 e8 80 00 f1 ff
0x00007ffe6d8fb2c0:   eb 00 48 8b 8c 24 c0 00 00 00 48 33 cc e8 ae 57
0x00007ffe6d8fb2d0:   f8 ff 48 81 c4 d8 00 00 00 c3 40 55 48 83 ec 20 


Register to memory mapping:

RAX=0x0000000004f320b0 is an unknown value
RBX=0x0000000000000000 is an unknown value
RCX=0x0000000019b88c60 is an unknown value
RDX=0x0000000000000001 is an unknown value
RSP=0x000000001ad2e880 is an unknown value
RBP=0x000000001f71ec50 is an unknown value
RSI=0x000000001f71ee88 is an unknown value
RDI=0x000000001f70bc50 is an unknown value
R8 =0x0000000004f320b0 is an unknown value
R9 =0x0000000019b88c60 is an unknown value
R10=0x0000000000000001 is an unknown value
R11=0x0000000019b88c70 is an unknown value
R12=0x00007ffe63d26680 is an unknown value
R13=0x0000000000000001 is an unknown value
R14=0x000000001f700720 is an unknown value
R15=0x000000001f700720 is an unknown value


Stack: [0x000000001ac30000,0x000000001ad30000],  sp=0x000000001ad2e880,  free space=1018k
Native frames: (J=compiled Java code, j=interpreted, Vv=VM code, C=native code)
C  [ntdll.dll+0x10b2c0]
C  [RTWorkQ.DLL+0x4907]
C  [RTWorkQ.DLL+0x9e46]
C  [RTWorkQ.DLL+0x7565]
C  [MFPlat.DLL+0x1d05b]
C  [MFReadWrite.dll+0x16348]
C  [MFReadWrite.dll+0xfb0d]
C  [MFReadWrite.dll+0xf863]
C  [mfksproxy.dll+0x194d0]
C  [mfksproxy.dll+0x18069]
C  [mfksproxy.dll+0x6eeb]
C  [quartz.dll+0x42e19]
C  [quartz.dll+0x553ef]
C  [quartz.dll+0x57932]
C  [quartz.dll+0x56d75]
C  [opencv_java2410.dll+0x2aaa1e]
C  [opencv_java2410.dll+0x5f43d0]
C  [opencv_java2410.dll+0x508e75]
C  [opencv_java2410.dll+0x4fc0f6]
C  [opencv_java2410.dll+0x4fc269]
C  [ntdll.dll+0x11493]
C  [ntdll.dll+0x406b5]
C  [ntdll.dll+0x40574]
C  [KERNEL32.DLL+0xf06a]
C  [msvcr100.dll+0x20ccd]
V  [jvm.dll+0x213235]
V  [jvm.dll+0x24c2a7]
V  [jvm.dll+0x24b546]
V  [jvm.dll+0x24b9e1]
V  [jvm.dll+0x24bbfe]
V  [jvm.dll+0x29cc1a]
C  [msvcr100.dll+0x21d9f]
C  [msvcr100.dll+0x21e3b]
C  [KERNEL32.DLL+0x11fe4]
C  [ntdll.dll+0x6efb1]

VM_Operation (0x000000001ccfd1b0): Exit, mode: safepoint, requested by thread 0x000000001b8ff800


---------------  P R O C E S S  ---------------

Java Threads: ( => current thread )
  0x000000001e0a3000 JavaThread "TimerQueue" daemon [_thread_blocked, id=17616, stack(0x000000001f230000,0x000000001f330000)]
  0x0000000004f40800 JavaThread "DestroyJavaVM" [_thread_blocked, id=22840, stack(0x0000000004d80000,0x0000000004e80000)]
  0x000000001b8ff800 JavaThread "AWT-EventQueue-0" [_thread_blocked, id=14084, stack(0x000000001cc00000,0x000000001cd00000)]
  0x000000001b8fd800 JavaThread "AWT-Shutdown" [_thread_blocked, id=9952, stack(0x000000001c000000,0x000000001c100000)]
  0x000000001b8f8800 JavaThread "Java2D Disposer" daemon [_thread_blocked, id=19508, stack(0x000000001bf00000,0x000000001c000000)]
  0x0000000019c1e800 JavaThread "Service Thread" daemon [_thread_blocked, id=15620, stack(0x000000001b920000,0x000000001ba20000)]
  0x0000000019c0e800 JavaThread "C1 CompilerThread2" daemon [_thread_blocked, id=13540, stack(0x000000001b420000,0x000000001b520000)]
  0x0000000019bd9800 JavaThread "C2 CompilerThread1" daemon [_thread_blocked, id=20904, stack(0x000000001b320000,0x000000001b420000)]
  0x0000000019bbf800 JavaThread "C2 CompilerThread0" daemon [_thread_blocked, id=22820, stack(0x000000001b220000,0x000000001b320000)]
  0x0000000019bbe000 JavaThread "Attach Listener" daemon [_thread_blocked, id=25176, stack(0x000000001b120000,0x000000001b220000)]
  0x0000000019bbc800 JavaThread "Signal Dispatcher" daemon [_thread_blocked, id=16984, stack(0x000000001b020000,0x000000001b120000)]
  0x000000000503b000 JavaThread "Finalizer" daemon [_thread_blocked, id=13512, stack(0x000000001ae30000,0x000000001af30000)]
  0x0000000005030000 JavaThread "Reference Handler" daemon [_thread_blocked, id=24104, stack(0x000000001ad30000,0x000000001ae30000)]

Other Threads:
=>0x0000000019b87800 VMThread [stack: 0x000000001ac30000,0x000000001ad30000] [id=14824]

VM state:at safepoint (shutting down)

VM Mutex/Monitor currently owned by a thread:  ([mutex/lock_event])
[0x0000000004f3c5b0] Threads_lock - owner thread: 0x0000000019b87800

Heap:
 PSYoungGen      total 38400K, used 33529K [0x00000000d5b80000, 0x00000000d8600000, 0x0000000100000000)
  eden space 33280K, 88% used [0x00000000d5b80000,0x00000000d7866930,0x00000000d7c00000)
  from space 5120K, 76% used [0x00000000d7c00000,0x00000000d7fd7b60,0x00000000d8100000)
  to   space 5120K, 0% used [0x00000000d8100000,0x00000000d8100000,0x00000000d8600000)
 ParOldGen       total 87552K, used 16578K [0x0000000081200000, 0x0000000086780000, 0x00000000d5b80000)
  object space 87552K, 18% used [0x0000000081200000,0x0000000082230bc8,0x0000000086780000)
 Metaspace       used 11704K, capacity 11878K, committed 12160K, reserved 1060864K
  class space    used 1460K, capacity 1543K, committed 1664K, reserved 1048576K

Card table byte_map: [0x0000000014400000,0x0000000014800000] byte_map_base: 0x0000000013ff7000

Marking Bits: (ParMarkBitMap*) 0x0000000065dcc720
 Begin Bits: [0x0000000014eb0000, 0x0000000016e68000)
 End Bits:   [0x0000000016e68000, 0x0000000018e20000)

Polling page: 0x0000000003120000

CodeCache: size=245760Kb used=3399Kb max_used=3407Kb free=242360Kb
 bounds [0x0000000005040000, 0x00000000053a0000, 0x0000000014040000]
 total_blobs=1578 nmethods=984 adapters=507
 compilation: enabled

Compilation events (10 events):
Event: 10.820 Thread 0x0000000019c0e800  990       3       javax.imageio.spi.DigraphNode::getOutNodes (10 bytes)
Event: 10.820 Thread 0x0000000019c0e800 nmethod 990 0x0000000005394fd0 code [0x0000000005395140, 0x0000000005395368]
Event: 10.846 Thread 0x0000000019c0e800  991       1       java.io.InputStream::close (1 bytes)
Event: 10.846 Thread 0x0000000019c0e800 nmethod 991 0x0000000005395410 code [0x0000000005395560, 0x0000000005395670]
Event: 10.977 Thread 0x0000000019c0e800  992       1       java.util.IdentityHashMap::size (5 bytes)
Event: 10.977 Thread 0x0000000019c0e800 nmethod 992 0x00000000053956d0 code [0x0000000005395820, 0x0000000005395930]
Event: 11.084 Thread 0x0000000019c0e800  993       3       java.awt.geom.AffineTransform::translate (547 bytes)
Event: 11.085 Thread 0x0000000019c0e800 nmethod 993 0x0000000005395990 code [0x0000000005395b40, 0x00000000053966c8]
Event: 11.194 Thread 0x0000000019c0e800  994       3       java.awt.EventQueue::coalesceEvent (86 bytes)
Event: 11.195 Thread 0x0000000019c0e800 nmethod 994 0x0000000005396810 code [0x0000000005396a00, 0x0000000005397718]

GC Heap History (6 events):
Event: 6.440 GC heap before
{Heap before GC invocations=1 (full 0):
 PSYoungGen      total 38400K, used 33200K [0x00000000d5b80000, 0x00000000d8600000, 0x0000000100000000)
  eden space 33280K, 99% used [0x00000000d5b80000,0x00000000d7bec2d8,0x00000000d7c00000)
  from space 5120K, 0% used [0x00000000d8100000,0x00000000d8100000,0x00000000d8600000)
  to   space 5120K, 0% used [0x00000000d7c00000,0x00000000d7c00000,0x00000000d8100000)
 ParOldGen       total 87552K, used 0K [0x0000000081200000, 0x0000000086780000, 0x00000000d5b80000)
  object space 87552K, 0% used [0x0000000081200000,0x0000000081200000,0x0000000086780000)
 Metaspace       used 11463K, capacity 11654K, committed 11776K, reserved 1058816K
  class space    used 1444K, capacity 1511K, committed 1536K, reserved 1048576K
Event: 6.452 GC heap after
Heap after GC invocations=1 (full 0):
 PSYoungGen      total 38400K, used 3094K [0x00000000d5b80000, 0x00000000d8600000, 0x0000000100000000)
  eden space 33280K, 0% used [0x00000000d5b80000,0x00000000d5b80000,0x00000000d7c00000)
  from space 5120K, 60% used [0x00000000d7c00000,0x00000000d7f05bc8,0x00000000d8100000)
  to   space 5120K, 0% used [0x00000000d8100000,0x00000000d8100000,0x00000000d8600000)
 ParOldGen       total 87552K, used 16562K [0x0000000081200000, 0x0000000086780000, 0x00000000d5b80000)
  object space 87552K, 18% used [0x0000000081200000,0x000000008222cbc8,0x0000000086780000)
 Metaspace       used 11463K, capacity 11654K, committed 11776K, reserved 1058816K
  class space    used 1444K, capacity 1511K, committed 1536K, reserved 1048576K
}
Event: 8.172 GC heap before
{Heap before GC invocations=2 (full 0):
 PSYoungGen      total 38400K, used 36374K [0x00000000d5b80000, 0x00000000d8600000, 0x0000000100000000)
  eden space 33280K, 100% used [0x00000000d5b80000,0x00000000d7c00000,0x00000000d7c00000)
  from space 5120K, 60% used [0x00000000d7c00000,0x00000000d7f05bc8,0x00000000d8100000)
  to   space 5120K, 0% used [0x00000000d8100000,0x00000000d8100000,0x00000000d8600000)
 ParOldGen       total 87552K, used 16562K [0x0000000081200000, 0x0000000086780000, 0x00000000d5b80000)
  object space 87552K, 18% used [0x0000000081200000,0x000000008222cbc8,0x0000000086780000)
 Metaspace       used 11632K, capacity 11814K, committed 12160K, reserved 1060864K
  class space    used 1458K, capacity 1543K, committed 1664K, reserved 1048576K
Event: 8.176 GC heap after
Heap after GC invocations=2 (full 0):
 PSYoungGen      total 38400K, used 4524K [0x00000000d5b80000, 0x00000000d8600000, 0x0000000100000000)
  eden space 33280K, 0% used [0x00000000d5b80000,0x00000000d5b80000,0x00000000d7c00000)
  from space 5120K, 88% used [0x00000000d8100000,0x00000000d856b030,0x00000000d8600000)
  to   space 5120K, 0% used [0x00000000d7c00000,0x00000000d7c00000,0x00000000d8100000)
 ParOldGen       total 87552K, used 16570K [0x0000000081200000, 0x0000000086780000, 0x00000000d5b80000)
  object space 87552K, 18% used [0x0000000081200000,0x000000008222ebc8,0x0000000086780000)
 Metaspace       used 11632K, capacity 11814K, committed 12160K, reserved 1060864K
  class space    used 1458K, capacity 1543K, committed 1664K, reserved 1048576K
}
Event: 9.893 GC heap before
{Heap before GC invocations=3 (full 0):
 PSYoungGen      total 38400K, used 37804K [0x00000000d5b80000, 0x00000000d8600000, 0x0000000100000000)
  eden space 33280K, 100% used [0x00000000d5b80000,0x00000000d7c00000,0x00000000d7c00000)
  from space 5120K, 88% used [0x00000000d8100000,0x00000000d856b030,0x00000000d8600000)
  to   space 5120K, 0% used [0x00000000d7c00000,0x00000000d7c00000,0x00000000d8100000)
 ParOldGen       total 87552K, used 16570K [0x0000000081200000, 0x0000000086780000, 0x00000000d5b80000)
  object space 87552K, 18% used [0x0000000081200000,0x000000008222ebc8,0x0000000086780000)
 Metaspace       used 11668K, capacity 11878K, committed 12160K, reserved 1060864K
  class space    used 1458K, capacity 1543K, committed 1664K, reserved 1048576K
Event: 9.897 GC heap after
Heap after GC invocations=3 (full 0):
 PSYoungGen      total 38400K, used 3934K [0x00000000d5b80000, 0x00000000d8600000, 0x0000000100000000)
  eden space 33280K, 0% used [0x00000000d5b80000,0x00000000d5b80000,0x00000000d7c00000)
  from space 5120K, 76% used [0x00000000d7c00000,0x00000000d7fd7b60,0x00000000d8100000)
  to   space 5120K, 0% used [0x00000000d8100000,0x00000000d8100000,0x00000000d8600000)
 ParOldGen       total 87552K, used 16578K [0x0000000081200000, 0x0000000086780000, 0x00000000d5b80000)
  object space 87552K, 18% used [0x0000000081200000,0x0000000082230bc8,0x0000000086780000)
 Metaspace       used 11668K, capacity 11878K, committed 12160K, reserved 1060864K
  class space    used 1458K, capacity 1543K, committed 1664K, reserved 1048576K
}

Deoptimization events (2 events):
Event: 0.480 Thread 0x000000001b8ff800 Uncommon trap: reason=null_check action=make_not_entrant pc=0x00000000051b4e9c method=java.lang.String.equals(Ljava/lang/Object;)Z @ 8
Event: 6.989 Thread 0x000000001b8ff800 Uncommon trap: reason=unstable_if action=reinterpret pc=0x000000000533d5e0 method=com.sun.imageio.plugins.png.PNGImageWriter.encodePass(Ljavax/imageio/stream/ImageOutputStream;Ljava/awt/image/RenderedImage;IIII)V @ 303

Internal exceptions (10 events):
Event: 0.072 Thread 0x0000000004f40800 Exception <a 'java/lang/NoSuchMethodError': Method sun.misc.Unsafe.prefetchRead(Ljava/lang/Object;J)V name or signature does not match> (0x00000000d5b87f90) thrown at [C:\re\workspace\8-2-build-windows-amd64-cygwin\jdk8u131\8869\hotspot\src\share\vm\prims
Event: 0.240 Thread 0x0000000004f40800 Exception <a 'java/security/PrivilegedActionException'> (0x00000000d5c0c258) thrown at [C:\re\workspace\8-2-build-windows-amd64-cygwin\jdk8u131\8869\hotspot\src\share\vm\prims\jvm.cpp, line 1390]
Event: 0.240 Thread 0x0000000004f40800 Exception <a 'java/security/PrivilegedActionException'> (0x00000000d5c0c468) thrown at [C:\re\workspace\8-2-build-windows-amd64-cygwin\jdk8u131\8869\hotspot\src\share\vm\prims\jvm.cpp, line 1390]
Event: 0.243 Thread 0x0000000004f40800 Exception <a 'java/security/PrivilegedActionException'> (0x00000000d5c100d8) thrown at [C:\re\workspace\8-2-build-windows-amd64-cygwin\jdk8u131\8869\hotspot\src\share\vm\prims\jvm.cpp, line 1390]
Event: 0.243 Thread 0x0000000004f40800 Exception <a 'java/security/PrivilegedActionException'> (0x00000000d5c102e8) thrown at [C:\re\workspace\8-2-build-windows-amd64-cygwin\jdk8u131\8869\hotspot\src\share\vm\prims\jvm.cpp, line 1390]
Event: 0.255 Thread 0x0000000004f40800 Exception <a 'java/io/FileNotFoundException'> (0x00000000d5c12800) thrown at [C:\re\workspace\8-2-build-windows-amd64-cygwin\jdk8u131\8869\hotspot\src\share\vm\prims\jni.cpp, line 709]
Event: 0.340 Thread 0x0000000004f40800 Exception <a 'java/lang/NoSuchFieldError': method resolution failed> (0x00000000d5d87220) thrown at [C:\re\workspace\8-2-build-windows-amd64-cygwin\jdk8u131\8869\hotspot\src\share\vm\prims\methodHandles.cpp, line 1146]
Event: 0.345 Thread 0x0000000004f40800 Exception <a 'java/lang/NoSuchFieldError': method resolution failed> (0x00000000d5d945f0) thrown at [C:\re\workspace\8-2-build-windows-amd64-cygwin\jdk8u131\8869\hotspot\src\share\vm\prims\methodHandles.cpp, line 1146]
Event: 0.452 Thread 0x000000001b8ff800 Exception <a 'java/io/FileNotFoundException'> (0x00000000d5f73198) thrown at [C:\re\workspace\8-2-build-windows-amd64-cygwin\jdk8u131\8869\hotspot\src\share\vm\prims\jni.cpp, line 709]
Event: 0.480 Thread 0x000000001b8ff800 Implicit null exception at 0x00000000051b4cdb to 0x00000000051b4e8d

Events (10 events):
Event: 11.195 Executing VM operation: RevokeBias
Event: 11.196 Executing VM operation: RevokeBias done
Event: 11.196 loading class java/util/WeakHashMap$KeyIterator
Event: 11.196 loading class java/util/WeakHashMap$HashIterator
Event: 11.196 loading class java/util/WeakHashMap$HashIterator done
Event: 11.196 loading class java/util/WeakHashMap$KeyIterator done
Event: 11.196 Thread 0x000000001b75d000 Thread exited: 0x000000001b75d000
Event: 11.216 Thread 0x000000001b8fe000 Thread exited: 0x000000001b8fe000
Event: 11.296 Thread 0x000000001b75e800 Thread exited: 0x000000001b75e800
Event: 11.296 Executing VM operation: Exit


Dynamic libraries:
0x00007ff7d2d90000 - 0x00007ff7d2dc7000 	C:\Program Files\Java\jre1.8.0_131\bin\javaw.exe
0x00007ffe6d7f0000 - 0x00007ffe6d9d0000 	C:\WINDOWS\SYSTEM32\ntdll.dll
0x00007ffe6af80000 - 0x00007ffe6b02e000 	C:\WINDOWS\System32\KERNEL32.DLL
0x00007ffe6a820000 - 0x00007ffe6aa86000 	C:\WINDOWS\System32\KERNELBASE.dll
0x00007ffe6b030000 - 0x00007ffe6b0d1000 	C:\WINDOWS\System32\ADVAPI32.dll
0x00007ffe6b0e0000 - 0x00007ffe6b17d000 	C:\WINDOWS\System32\msvcrt.dll
0x00007ffe6af20000 - 0x00007ffe6af7b000 	C:\WINDOWS\System32\sechost.dll
0x00007ffe6ce30000 - 0x00007ffe6cf4f000 	C:\WINDOWS\System32\RPCRT4.dll
0x00007ffe6b240000 - 0x00007ffe6b3cf000 	C:\WINDOWS\System32\USER32.dll
0x00007ffe69cf0000 - 0x00007ffe69d10000 	C:\WINDOWS\System32\win32u.dll
0x00007ffe6cc90000 - 0x00007ffe6ccb8000 	C:\WINDOWS\System32\GDI32.dll
0x00007ffe69ee0000 - 0x00007ffe6a073000 	C:\WINDOWS\System32\gdi32full.dll
0x00007ffe69d10000 - 0x00007ffe69dab000 	C:\WINDOWS\System32\msvcp_win.dll
0x00007ffe69bf0000 - 0x00007ffe69ce6000 	C:\WINDOWS\System32\ucrtbase.dll
0x00007ffe52240000 - 0x00007ffe524a9000 	C:\WINDOWS\WinSxS\amd64_microsoft.windows.common-controls_6595b64144ccf1df_6.0.16299.192_none_15c8cdae9364c23b\COMCTL32.dll
0x00007ffe6c920000 - 0x00007ffe6cc28000 	C:\WINDOWS\System32\combase.dll
0x00007ffe69e60000 - 0x00007ffe69ed2000 	C:\WINDOWS\System32\bcryptPrimitives.dll
0x00007ffe6b190000 - 0x00007ffe6b1bd000 	C:\WINDOWS\System32\IMM32.DLL
0x0000000065220000 - 0x00000000652f2000 	C:\Program Files\Java\jre1.8.0_131\bin\msvcr100.dll
0x00000000655b0000 - 0x0000000065e4c000 	C:\Program Files\Java\jre1.8.0_131\bin\server\jvm.dll
0x00007ffe6ae30000 - 0x00007ffe6ae38000 	C:\WINDOWS\System32\PSAPI.DLL
0x00007ffe666e0000 - 0x00007ffe66703000 	C:\WINDOWS\SYSTEM32\WINMM.dll
0x00007ffe4f1d0000 - 0x00007ffe4f1d9000 	C:\WINDOWS\SYSTEM32\WSOCK32.dll
0x00007ffe6cdc0000 - 0x00007ffe6ce2c000 	C:\WINDOWS\System32\WS2_32.dll
0x00007ffe5fbb0000 - 0x00007ffe5fbba000 	C:\WINDOWS\SYSTEM32\VERSION.dll
0x00007ffe66680000 - 0x00007ffe666aa000 	C:\WINDOWS\SYSTEM32\winmmbase.dll
0x00007ffe6a080000 - 0x00007ffe6a0ca000 	C:\WINDOWS\System32\cfgmgr32.dll
0x0000000066a30000 - 0x0000000066a3f000 	C:\Program Files\Java\jre1.8.0_131\bin\verify.dll
0x0000000066900000 - 0x0000000066929000 	C:\Program Files\Java\jre1.8.0_131\bin\java.dll
0x00000000668c0000 - 0x00000000668d6000 	C:\Program Files\Java\jre1.8.0_131\bin\zip.dll
0x00007ffe6b3d0000 - 0x00007ffe6c806000 	C:\WINDOWS\System32\SHELL32.dll
0x00007ffe6cf70000 - 0x00007ffe6d016000 	C:\WINDOWS\System32\shcore.dll
0x00007ffe6a0d0000 - 0x00007ffe6a817000 	C:\WINDOWS\System32\windows.storage.dll
0x00007ffe6d760000 - 0x00007ffe6d7b1000 	C:\WINDOWS\System32\shlwapi.dll
0x00007ffe69bd0000 - 0x00007ffe69be1000 	C:\WINDOWS\System32\kernel.appcore.dll
0x00007ffe69b60000 - 0x00007ffe69bac000 	C:\WINDOWS\System32\powrprof.dll
0x00007ffe69bb0000 - 0x00007ffe69bcb000 	C:\WINDOWS\System32\profapi.dll
0x00000000653a0000 - 0x0000000065538000 	C:\Program Files\Java\jre1.8.0_131\bin\awt.dll
0x00007ffe6ae50000 - 0x00007ffe6af15000 	C:\WINDOWS\System32\OLEAUT32.dll
0x00007ffe67ac0000 - 0x00007ffe67b48000 	C:\WINDOWS\SYSTEM32\apphelp.dll
0x00007ffe67c40000 - 0x00007ffe67cd5000 	C:\WINDOWS\system32\uxtheme.dll
0x00007ffe6acc0000 - 0x00007ffe6ae27000 	C:\WINDOWS\System32\MSCTF.dll
0x00007ffe3e9f0000 - 0x00007ffe3ea99000 	C:\Program Files\Common Files\microsoft shared\ink\tiptsf.dll
0x00007ffe67d10000 - 0x00007ffe67d3a000 	C:\WINDOWS\system32\dwmapi.dll
0x00007ffe6d470000 - 0x00007ffe6d5b9000 	C:\WINDOWS\System32\ole32.dll
0x00007ffe42910000 - 0x00007ffe42a2e000 	C:\WINDOWS\system32\opengl32.dll
0x00007ffe5c8c0000 - 0x00007ffe5c8ec000 	C:\WINDOWS\SYSTEM32\GLU32.dll
0x0000000065350000 - 0x0000000065397000 	C:\Program Files\Java\jre1.8.0_131\bin\fontmanager.dll
0x0000000065590000 - 0x00000000655aa000 	C:\Program Files\Java\jre1.8.0_131\bin\net.dll
0x0000000180000000 - 0x000000018008c000 	C:\WINDOWS\system32\ASProxy64.dll
0x00007ffe69160000 - 0x00007ffe69199000 	C:\WINDOWS\SYSTEM32\IPHLPAPI.DLL
0x00007ffe693d0000 - 0x00007ffe69436000 	C:\WINDOWS\SYSTEM32\MSWSOCK.dll
0x00007ffe69a70000 - 0x00007ffe69aa0000 	C:\WINDOWS\SYSTEM32\SspiCli.dll
0x0000000065570000 - 0x0000000065581000 	C:\Program Files\Java\jre1.8.0_131\bin\nio.dll
0x0000000065300000 - 0x0000000065342000 	C:\Program Files\Java\jre1.8.0_131\bin\t2k.dll
0x00007ffe2c960000 - 0x00007ffe2d331000 	C:\Users\weand\Desktop\Capstone project\CCR\GantryRobot\OpenCV\opencv\build\java\x64\opencv_java2410.dll
0x00007ffe5b6f0000 - 0x00007ffe5b708000 	C:\WINDOWS\SYSTEM32\AVICAP32.dll
0x00007ffe5baa0000 - 0x00007ffe5bac9000 	C:\WINDOWS\SYSTEM32\MSVFW32.dll
0x00007ffe5a2a0000 - 0x00007ffe5a2bf000 	C:\WINDOWS\SYSTEM32\AVIFIL32.dll
0x00007ffe5aa00000 - 0x00007ffe5aa1c000 	C:\WINDOWS\SYSTEM32\MSACM32.dll
0x00007ffe6ccc0000 - 0x00007ffe6cd5e000 	C:\WINDOWS\System32\clbcatq.dll
0x00007ffe65620000 - 0x00007ffe657cb000 	C:\WINDOWS\SYSTEM32\WindowsCodecs.dll
0x00007ffe48af0000 - 0x00007ffe48b3f000 	C:\WINDOWS\system32\dataexchange.dll
0x00007ffe66c00000 - 0x00007ffe66ee1000 	C:\WINDOWS\system32\d3d11.dll
0x00007ffe67590000 - 0x00007ffe676d2000 	C:\WINDOWS\system32\dcomp.dll
0x00007ffe689b0000 - 0x00007ffe68a5f000 	C:\WINDOWS\system32\dxgi.dll
0x00007ffe68030000 - 0x00007ffe681ab000 	C:\WINDOWS\system32\twinapi.appcore.dll
0x00007ffe696a0000 - 0x00007ffe696c5000 	C:\WINDOWS\system32\bcrypt.dll
0x00007ffe67fa0000 - 0x00007ffe67fc0000 	C:\WINDOWS\system32\RMCLIENT.dll
0x00007ffe50c50000 - 0x00007ffe50ce8000 	C:\WINDOWS\System32\TextInputFramework.dll
0x00007ffe64ef0000 - 0x00007ffe651de000 	C:\WINDOWS\System32\CoreUIComponents.dll
0x00007ffe66ef0000 - 0x00007ffe66fcc000 	C:\WINDOWS\System32\CoreMessaging.dll
0x00007ffe68c80000 - 0x00007ffe68cb1000 	C:\WINDOWS\SYSTEM32\ntmarta.dll
0x00007ffe64db0000 - 0x00007ffe64ee6000 	C:\WINDOWS\SYSTEM32\wintypes.dll
0x00007ffe4bc30000 - 0x00007ffe4be36000 	C:\Windows\System32\uiautomationcore.dll
0x00007ffe699a0000 - 0x00007ffe69a3a000 	C:\WINDOWS\SYSTEM32\sxs.dll
0x00007ffe48130000 - 0x00007ffe4819e000 	C:\Windows\System32\OLEACC.dll
0x00007ffe4cfd0000 - 0x00007ffe4d051000 	C:\WINDOWS\SYSTEM32\twinapi.dll
0x00007ffe59500000 - 0x00007ffe59518000 	C:\Windows\System32\devenum.dll
0x00007ffe6d020000 - 0x00007ffe6d46e000 	C:\WINDOWS\System32\setupapi.dll
0x00007ffe69950000 - 0x00007ffe69977000 	C:\WINDOWS\SYSTEM32\DEVOBJ.dll
0x00007ffe6ac60000 - 0x00007ffe6acb8000 	C:\WINDOWS\System32\WINTRUST.dll
0x00007ffe69b40000 - 0x00007ffe69b52000 	C:\WINDOWS\System32\MSASN1.dll
0x00007ffe6aa90000 - 0x00007ffe6ac5e000 	C:\WINDOWS\System32\CRYPT32.dll
0x00007ffe5ae10000 - 0x00007ffe5ae1a000 	C:\WINDOWS\SYSTEM32\msdmo.dll
0x00007ffe55760000 - 0x00007ffe55793000 	C:\Windows\System32\qcap.dll
0x00007ffe44990000 - 0x00007ffe44b4c000 	C:\Windows\System32\quartz.dll
0x00007ffe54ac0000 - 0x00007ffe54b0e000 	C:\Windows\System32\mfksproxy.dll
0x00007ffe657e0000 - 0x00007ffe657fd000 	C:\Windows\System32\ATL.DLL
0x00007ffe640a0000 - 0x00007ffe640d6000 	C:\Windows\System32\MFSENSORGROUP.dll
0x00007ffe63d80000 - 0x00007ffe63f31000 	C:\Windows\System32\MFPlat.DLL
0x00007ffe63d20000 - 0x00007ffe63d52000 	C:\Windows\System32\RTWorkQ.DLL
0x00007ffe26dd0000 - 0x00007ffe27211000 	C:\Windows\System32\MFCORE.dll
0x00007ffe5ea50000 - 0x00007ffe5ea59000 	C:\Windows\System32\ksuser.dll
0x00007ffe69590000 - 0x00007ffe6959b000 	C:\Windows\System32\CRYPTBASE.DLL
0x00007ffe541d0000 - 0x00007ffe54220000 	C:\Windows\System32\FSClient.dll
0x00007ffe65310000 - 0x00007ffe6531a000 	C:\Windows\System32\AVRT.dll
0x00007ffe60ed0000 - 0x00007ffe60edc000 	C:\Windows\System32\vidcap.ax
0x00007ffe57280000 - 0x00007ffe572a6000 	C:\Windows\System32\kswdmcap.ax
0x00007ffe337b0000 - 0x00007ffe33915000 	C:\Windows\System32\MFC42.dll
0x00007ffe303d0000 - 0x00007ffe30942000 	C:\WINDOWS\system32\IntelCameraPlugin64.dll
0x00007ffe66180000 - 0x00007ffe661fb000 	C:\WINDOWS\SYSTEM32\policymanager.dll
0x00007ffe660e0000 - 0x00007ffe66170000 	C:\Windows\System32\msvcp110_win.dll
0x00007ffe446c0000 - 0x00007ffe447ca000 	C:\Windows\System32\MFReadWrite.dll
0x00007ffe46150000 - 0x00007ffe461f0000 	C:\Windows\System32\qedit.dll
0x00007ffe6c810000 - 0x00007ffe6c91a000 	C:\WINDOWS\System32\COMDLG32.dll
0x00007ffe54410000 - 0x00007ffe545ac000 	C:\WINDOWS\WinSxS\amd64_microsoft.windows.gdiplus_6595b64144ccf1df_1.1.16299.192_none_46b3c093edf73c09\gdiplus.dll
0x00007ffe44510000 - 0x00007ffe44606000 	C:\Windows\System32\DDRAW.dll
0x00007ffe60cc0000 - 0x00007ffe60cc8000 	C:\Windows\System32\DCIMAN32.dll
0x00007ffe609b0000 - 0x00007ffe609bc000 	C:\WINDOWS\SYSTEM32\msyuv.dll
0x00007ffe695a0000 - 0x00007ffe695b7000 	C:\WINDOWS\SYSTEM32\CRYPTSP.dll
0x00007ffe68fe0000 - 0x00007ffe69013000 	C:\WINDOWS\system32\rsaenh.dll
0x00007ffe69a40000 - 0x00007ffe69a69000 	C:\WINDOWS\SYSTEM32\USERENV.dll
0x00007ffe6b180000 - 0x00007ffe6b188000 	C:\WINDOWS\System32\NSI.dll
0x00007ffe5fec0000 - 0x00007ffe5fed6000 	C:\WINDOWS\SYSTEM32\dhcpcsvc6.DLL
0x00007ffe5ff80000 - 0x00007ffe5ff9a000 	C:\WINDOWS\SYSTEM32\dhcpcsvc.DLL
0x00007ffe68530000 - 0x00007ffe686f8000 	C:\WINDOWS\SYSTEM32\dbghelp.dll

VM Arguments:
jvm_args: -Djava.library.path=C:\Users\weand\Desktop\Capstone project\CCR\GantryRobot\mfz-rxtx-2.2-20081207-win-x64;C:\Users\weand\Desktop\Capstone project\CCR\GantryRobot\OpenCV\opencv\build\java\x64;C:\Users\weand\Desktop\Capstone project\CCR\GantryRobot\LeapMotion\LeapSDK\lib\x64 -Dfile.encoding=Cp1252 
java_command: GantryClaw.ClawGui
java_class_path (initial): C:\Users\weand\workspace\Gantry_1\bin;C:\Users\weand\Desktop\Capstone project\CCR\GantryRobot\mfz-rxtx-2.2-20081207-win-x64\RXTXcomm.jar;C:\Users\weand\Desktop\Capstone project\CCR\GantryRobot\OpenCV\opencv\build\java\opencv-2410.jar;C:\Users\weand\Desktop\Capstone project\CCR\GantryRobot\LeapMotion\LeapSDK\lib\LeapJava.jar
Launcher Type: SUN_STANDARD

Environment Variables:
PATH=C:/Program Files/Java/jre1.8.0_131/bin/server;C:/Program Files/Java/jre1.8.0_131/bin;C:/Program Files/Java/jre1.8.0_131/lib/amd64;C:\ProgramData\Oracle\Java\javapath;C:\Program Files\Microsoft MPI\Bin\;C:\WINDOWS\system32;C:\WINDOWS;C:\WINDOWS\System32\Wbem;C:\WINDOWS\System32\WindowsPowerShell\v1.0\;C:\Program Files (x86)\Skype\Phone\;C:\Program Files\Microsoft SQL Server\130\Tools\Binn\;C:\Program Files\dotnet\;C:\Program Files\Anaconda3;C:\Program Files\Anaconda3\Scripts;C:\Program Files\Anaconda3\Library\bin;C:\Program Files\Git\cmd;C:\Program Files (x86)\GtkSharp\2.12\bin;C:\Program Files\MySQL\MySQL Utilities 1.6\;C:\Users\weand\AppData\Local\Microsoft\WindowsApps;C:\Program Files (x86)\Spiceworks\Nmap;;C:\Users\weand\Downloads\eclipse-java-kepler-SR1-win32-x86_64\eclipse;
USERNAME=weand
OS=Windows_NT
PROCESSOR_IDENTIFIER=Intel64 Family 6 Model 78 Stepping 3, GenuineIntel



---------------  S Y S T E M  ---------------

OS: Windows 10.0 , 64 bit Build 16299 (10.0.16299.15)

CPU:total 4 (initial active 4) (2 cores per cpu, 2 threads per core) family 6 model 78 stepping 3, cmov, cx8, fxsr, mmx, sse, sse2, sse3, ssse3, sse4.1, sse4.2, popcnt, avx, avx2, aes, clmul, erms, rtm, 3dnowpref, lzcnt, ht, tsc, tscinvbit, bmi1, bmi2, adx

Memory: 4k page, physical 8311896k(1513136k free), swap 12833420k(1549008k free)

vm_info: Java HotSpot(TM) 64-Bit Server VM (25.131-b11) for windows-amd64 JRE (1.8.0_131-b11), built on Mar 15 2017 01:23:53 by "java_re" with MS VC++ 10.0 (VS2010)

time: Wed Feb 14 10:28:37 2018
elapsed time: 13 seconds (0d 0h 0m 13s)

