#
# A fatal error has been detected by the Java Runtime Environment:
#
#  Internal Error (0xc000000d), pid=9468, tid=0x0000000000002744
#
# JRE version: Java(TM) SE Runtime Environment (8.0_131-b11) (build 1.8.0_131-b11)
# Java VM: Java HotSpot(TM) 64-Bit Server VM (25.131-b11 mixed mode windows-amd64 compressed oops)
# Problematic frame:
# C  [ntdll.dll+0x10b2b0]
#
# Failed to write core dump. Minidumps are not enabled by default on client versions of Windows
#
# If you would like to submit a bug report, please visit:
#   http://bugreport.java.com/bugreport/crash.jsp
#

---------------  T H R E A D  ---------------

Current thread (0x0000000019717800):  VMThread [stack: 0x000000001a7c0000,0x000000001a8c0000] [id=10052]

siginfo: ExceptionCode=0xc000000d

Registers:
RAX=0x0000000004ac2050, RBX=0x0000000000000001, RCX=0x0000000019718bf0, RDX=0x0000000000000001
RSP=0x000000001a8bedd0, RBP=0x000000001e58f210, RSI=0x000000001e58f448, RDI=0x000000001e57bd90
R8 =0x0000000004ac2050, R9 =0x0000000019718bf0, R10=0x0000000000000001, R11=0x0000000019718c00
R12=0x00007ff910ec6680, R13=0x0000000000000001, R14=0x000000001e570d40, R15=0x000000001e570d40
RIP=0x00007ff9191fb2b0, EFLAGS=0x0000000000000202

Top of Stack: (sp=0x000000001a8bedd0)
0x000000001a8bedd0:   0000000000000057 0000000000000001
0x000000001a8bede0:   000000001e58f448 000000001e57bd90
0x000000001a8bedf0:   00000000c000000d 0000000000000000
0x000000001a8bee00:   00007ff9191fb2b0 0000000000000000
0x000000001a8bee10:   0000000000000000 0000000000000000
0x000000001a8bee20:   0000000000000000 0000000000000000
0x000000001a8bee30:   0000000000000000 0000000000000000
0x000000001a8bee40:   0000000000000000 0000000000000000
0x000000001a8bee50:   0000000000000000 0000000000000000
0x000000001a8bee60:   0000000000000000 0000000000000000
0x000000001a8bee70:   0000000000000000 0000000000000000
0x000000001a8bee80:   0000000000000000 0000000000000000
0x000000001a8bee90:   0000f966fab8080f 000000001e57bd90
0x000000001a8beea0:   000000001e58f448 00007ff910ec4907
0x000000001a8beeb0:   000000001e57bd90 000000001e570d40
0x000000001a8beec0:   00000000f46857d4 0000000000000020 

Instructions: (pc=0x00007ff9191fb2b0)
0x00007ff9191fb290:   b7 f9 ff c7 44 24 20 0d 00 00 c0 b9 57 00 00 00
0x00007ff9191fb2a0:   e8 4b 63 f3 ff 90 48 8d 4c 24 20 e8 90 00 f1 ff
0x00007ff9191fb2b0:   eb 00 48 8b 8c 24 c0 00 00 00 48 33 cc e8 ce 57
0x00007ff9191fb2c0:   f8 ff 48 81 c4 d8 00 00 00 c3 40 55 48 83 ec 20 


Register to memory mapping:

RAX=0x0000000004ac2050 is an unknown value
RBX=0x0000000000000001 is an unknown value
RCX=0x0000000019718bf0 is an unknown value
RDX=0x0000000000000001 is an unknown value
RSP=0x000000001a8bedd0 is an unknown value
RBP=0x000000001e58f210 is an unknown value
RSI=0x000000001e58f448 is an unknown value
RDI=0x000000001e57bd90 is an unknown value
R8 =0x0000000004ac2050 is an unknown value
R9 =0x0000000019718bf0 is an unknown value
R10=0x0000000000000001 is an unknown value
R11=0x0000000019718c00 is an unknown value
R12=0x00007ff910ec6680 is an unknown value
R13=0x0000000000000001 is an unknown value
R14=0x000000001e570d40 is an unknown value
R15=0x000000001e570d40 is an unknown value


Stack: [0x000000001a7c0000,0x000000001a8c0000],  sp=0x000000001a8bedd0,  free space=1019k
Native frames: (J=compiled Java code, j=interpreted, Vv=VM code, C=native code)
C  [ntdll.dll+0x10b2b0]
C  [RTWorkQ.DLL+0x4907]
C  [RTWorkQ.DLL+0x9e46]
C  [RTWorkQ.DLL+0x7565]
C  [MFPlat.DLL+0x1d65b]
C  [MFReadWrite.dll+0x16348]
C  [MFReadWrite.dll+0xfb0d]
C  [MFReadWrite.dll+0xf863]
C  [mfksproxy.dll+0x194d0]
C  [mfksproxy.dll+0x18069]
C  [mfksproxy.dll+0x6eeb]
C  [quartz.dll+0x42e19]
C  [quartz.dll+0x553ef]
C  [quartz.dll+0x57932]
C  [quartz.dll+0x56d75]
C  [opencv_java2410.dll+0x2aaa1e]
C  [opencv_java2410.dll+0x5f43d0]
C  [opencv_java2410.dll+0x508e75]
C  [opencv_java2410.dll+0x4fc0f6]
C  [opencv_java2410.dll+0x4fc269]
C  [ntdll.dll+0x11493]
C  [ntdll.dll+0x406b5]
C  [ntdll.dll+0x40574]
C  [KERNEL32.DLL+0xf06a]
C  [msvcr100.dll+0x20ccd]
V  [jvm.dll+0x213235]
V  [jvm.dll+0x24c2a7]
V  [jvm.dll+0x24b546]
V  [jvm.dll+0x24b9e1]
V  [jvm.dll+0x24bbfe]
V  [jvm.dll+0x29cc1a]
C  [msvcr100.dll+0x21d9f]
C  [msvcr100.dll+0x21e3b]
C  [KERNEL32.DLL+0x11fe4]
C  [ntdll.dll+0x6efc1]

VM_Operation (0x000000001beacc00): Exit, mode: safepoint, requested by thread 0x000000001b580000


---------------  P R O C E S S  ---------------

Java Threads: ( => current thread )
  0x000000001d34f800 JavaThread "TimerQueue" daemon [_thread_blocked, id=14940, stack(0x000000001e450000,0x000000001e550000)]
  0x0000000004ad0800 JavaThread "DestroyJavaVM" [_thread_blocked, id=1540, stack(0x0000000004900000,0x0000000004a00000)]
  0x000000001b580000 JavaThread "AWT-EventQueue-0" [_thread_blocked, id=12736, stack(0x000000001bdb0000,0x000000001beb0000)]
  0x000000001b57e000 JavaThread "AWT-Shutdown" [_thread_blocked, id=14836, stack(0x000000001b9f0000,0x000000001baf0000)]
  0x000000001b57b800 JavaThread "Java2D Disposer" daemon [_thread_blocked, id=13956, stack(0x000000001b8f0000,0x000000001b9f0000)]
  0x00000000197ae800 JavaThread "Service Thread" daemon [_thread_blocked, id=9964, stack(0x000000001b5b0000,0x000000001b6b0000)]
  0x0000000019762000 JavaThread "C1 CompilerThread2" daemon [_thread_blocked, id=896, stack(0x000000001b0b0000,0x000000001b1b0000)]
  0x0000000019753800 JavaThread "C2 CompilerThread1" daemon [_thread_blocked, id=13028, stack(0x000000001afb0000,0x000000001b0b0000)]
  0x000000001974e800 JavaThread "C2 CompilerThread0" daemon [_thread_blocked, id=12296, stack(0x000000001aeb0000,0x000000001afb0000)]
  0x000000001974d000 JavaThread "Attach Listener" daemon [_thread_blocked, id=4252, stack(0x000000001adb0000,0x000000001aeb0000)]
  0x000000001974c000 JavaThread "Signal Dispatcher" daemon [_thread_blocked, id=4328, stack(0x000000001acb0000,0x000000001adb0000)]
  0x000000001973a800 JavaThread "Finalizer" daemon [_thread_blocked, id=10724, stack(0x000000001a9c0000,0x000000001aac0000)]
  0x0000000004bbf000 JavaThread "Reference Handler" daemon [_thread_blocked, id=1836, stack(0x000000001a8c0000,0x000000001a9c0000)]

Other Threads:
=>0x0000000019717800 VMThread [stack: 0x000000001a7c0000,0x000000001a8c0000] [id=10052]

VM state:at safepoint (shutting down)

VM Mutex/Monitor currently owned by a thread:  ([mutex/lock_event])
[0x0000000004accb50] Threads_lock - owner thread: 0x0000000019717800

Heap:
 PSYoungGen      total 38400K, used 8999K [0x00000000d5b80000, 0x00000000d8600000, 0x0000000100000000)
  eden space 33280K, 11% used [0x00000000d5b80000,0x00000000d5f51bc0,0x00000000d7c00000)
  from space 5120K, 99% used [0x00000000d8100000,0x00000000d85f8050,0x00000000d8600000)
  to   space 5120K, 0% used [0x00000000d7c00000,0x00000000d7c00000,0x00000000d8100000)
 ParOldGen       total 87552K, used 15890K [0x0000000081200000, 0x0000000086780000, 0x00000000d5b80000)
  object space 87552K, 18% used [0x0000000081200000,0x0000000082184ae0,0x0000000086780000)
 Metaspace       used 12532K, capacity 12716K, committed 13056K, reserved 1060864K
  class space    used 1569K, capacity 1672K, committed 1792K, reserved 1048576K

Card table byte_map: [0x0000000013f90000,0x0000000014390000] byte_map_base: 0x0000000013b87000

Marking Bits: (ParMarkBitMap*) 0x00000000730fc720
 Begin Bits: [0x0000000014a40000, 0x00000000169f8000)
 End Bits:   [0x00000000169f8000, 0x00000000189b0000)

Polling page: 0x0000000003090000

CodeCache: size=245760Kb used=3694Kb max_used=3694Kb free=242065Kb
 bounds [0x0000000004bd0000, 0x0000000004f70000, 0x0000000013bd0000]
 total_blobs=1622 nmethods=1024 adapters=511
 compilation: enabled

Compilation events (10 events):
Event: 10.331 Thread 0x0000000019762000 1020       3       java.awt.geom.AffineTransform::<init> (15 bytes)
Event: 10.332 Thread 0x0000000019762000 nmethod 1020 0x0000000004f634d0 code [0x0000000004f63620, 0x0000000004f637f0]
Event: 10.435 Thread 0x0000000019762000 1021       3       sun.java2d.SunGraphics2D::constrain (216 bytes)
Event: 10.437 Thread 0x0000000019762000 nmethod 1021 0x0000000004f6a1d0 code [0x0000000004f6a480, 0x0000000004f6b788]
Event: 10.437 Thread 0x0000000019762000 1022       3       sun.awt.image.BufImgSurfaceData::getRenderLoops (26 bytes)
Event: 10.437 Thread 0x0000000019762000 nmethod 1022 0x0000000004f63090 code [0x0000000004f63200, 0x0000000004f63408]
Event: 10.437 Thread 0x0000000019762000 1023       3       java.util.IdentityHashMap::clear (39 bytes)
Event: 10.437 Thread 0x0000000019762000 nmethod 1023 0x0000000004f62a90 code [0x0000000004f62c00, 0x0000000004f62f50]
Event: 10.533 Thread 0x0000000019762000 1024       3       sun.java2d.SunGraphics2D::transformShape (97 bytes)
Event: 10.534 Thread 0x0000000019762000 nmethod 1024 0x0000000004f6c190 code [0x0000000004f6c400, 0x0000000004f6d398]

GC Heap History (4 events):
Event: 8.714 GC heap before
{Heap before GC invocations=1 (full 0):
 PSYoungGen      total 38400K, used 32498K [0x00000000d5b80000, 0x00000000d8600000, 0x0000000100000000)
  eden space 33280K, 97% used [0x00000000d5b80000,0x00000000d7b3c818,0x00000000d7c00000)
  from space 5120K, 0% used [0x00000000d8100000,0x00000000d8100000,0x00000000d8600000)
  to   space 5120K, 0% used [0x00000000d7c00000,0x00000000d7c00000,0x00000000d8100000)
 ParOldGen       total 87552K, used 0K [0x0000000081200000, 0x0000000086780000, 0x00000000d5b80000)
  object space 87552K, 0% used [0x0000000081200000,0x0000000081200000,0x0000000086780000)
 Metaspace       used 12498K, capacity 12716K, committed 13056K, reserved 1060864K
  class space    used 1569K, capacity 1672K, committed 1792K, reserved 1048576K
Event: 8.722 GC heap after
Heap after GC invocations=1 (full 0):
 PSYoungGen      total 38400K, used 4110K [0x00000000d5b80000, 0x00000000d8600000, 0x0000000100000000)
  eden space 33280K, 0% used [0x00000000d5b80000,0x00000000d5b80000,0x00000000d7c00000)
  from space 5120K, 80% used [0x00000000d7c00000,0x00000000d8003a10,0x00000000d8100000)
  to   space 5120K, 0% used [0x00000000d8100000,0x00000000d8100000,0x00000000d8600000)
 ParOldGen       total 87552K, used 15311K [0x0000000081200000, 0x0000000086780000, 0x00000000d5b80000)
  object space 87552K, 17% used [0x0000000081200000,0x00000000820f3d70,0x0000000086780000)
 Metaspace       used 12498K, capacity 12716K, committed 13056K, reserved 1060864K
  class space    used 1569K, capacity 1672K, committed 1792K, reserved 1048576K
}
Event: 10.429 GC heap before
{Heap before GC invocations=2 (full 0):
 PSYoungGen      total 38400K, used 36970K [0x00000000d5b80000, 0x00000000d8600000, 0x0000000100000000)
  eden space 33280K, 98% used [0x00000000d5b80000,0x00000000d7b96e68,0x00000000d7c00000)
  from space 5120K, 80% used [0x00000000d7c00000,0x00000000d8003a10,0x00000000d8100000)
  to   space 5120K, 0% used [0x00000000d8100000,0x00000000d8100000,0x00000000d8600000)
 ParOldGen       total 87552K, used 15311K [0x0000000081200000, 0x0000000086780000, 0x00000000d5b80000)
  object space 87552K, 17% used [0x0000000081200000,0x00000000820f3d70,0x0000000086780000)
 Metaspace       used 12522K, capacity 12716K, committed 13056K, reserved 1060864K
  class space    used 1569K, capacity 1672K, committed 1792K, reserved 1048576K
Event: 10.433 GC heap after
Heap after GC invocations=2 (full 0):
 PSYoungGen      total 38400K, used 5088K [0x00000000d5b80000, 0x00000000d8600000, 0x0000000100000000)
  eden space 33280K, 0% used [0x00000000d5b80000,0x00000000d5b80000,0x00000000d7c00000)
  from space 5120K, 99% used [0x00000000d8100000,0x00000000d85f8050,0x00000000d8600000)
  to   space 5120K, 0% used [0x00000000d7c00000,0x00000000d7c00000,0x00000000d8100000)
 ParOldGen       total 87552K, used 15890K [0x0000000081200000, 0x0000000086780000, 0x00000000d5b80000)
  object space 87552K, 18% used [0x0000000081200000,0x0000000082184ae0,0x0000000086780000)
 Metaspace       used 12522K, capacity 12716K, committed 13056K, reserved 1060864K
  class space    used 1569K, capacity 1672K, committed 1792K, reserved 1048576K
}

Deoptimization events (3 events):
Event: 0.322 Thread 0x000000001b580000 Uncommon trap: reason=null_check action=make_not_entrant pc=0x0000000004d4135c method=java.lang.String.equals(Ljava/lang/Object;)Z @ 8
Event: 8.412 Thread 0x000000001b580000 Uncommon trap: reason=unstable_if action=reinterpret pc=0x0000000004f319a0 method=GantryClaw.ClawImagePanel.matToBufferedImage(Lorg/opencv/core/Mat;)Ljava/awt/image/BufferedImage; @ 120
Event: 8.414 Thread 0x000000001b580000 Uncommon trap: reason=unstable_if action=reinterpret pc=0x0000000004f39484 method=sun.awt.image.ByteInterleavedRaster.putByteData(IIII[B)V @ 446

Internal exceptions (10 events):
Event: 0.055 Thread 0x0000000004ad0800 Exception <a 'java/lang/NoSuchMethodError': Method sun.misc.Unsafe.prefetchRead(Ljava/lang/Object;J)V name or signature does not match> (0x00000000d5b87f90) thrown at [C:\re\workspace\8-2-build-windows-amd64-cygwin\jdk8u131\8869\hotspot\src\share\vm\prims
Event: 0.152 Thread 0x0000000004ad0800 Exception <a 'java/security/PrivilegedActionException'> (0x00000000d5c13b18) thrown at [C:\re\workspace\8-2-build-windows-amd64-cygwin\jdk8u131\8869\hotspot\src\share\vm\prims\jvm.cpp, line 1390]
Event: 0.152 Thread 0x0000000004ad0800 Exception <a 'java/security/PrivilegedActionException'> (0x00000000d5c13d28) thrown at [C:\re\workspace\8-2-build-windows-amd64-cygwin\jdk8u131\8869\hotspot\src\share\vm\prims\jvm.cpp, line 1390]
Event: 0.153 Thread 0x0000000004ad0800 Exception <a 'java/security/PrivilegedActionException'> (0x00000000d5c17998) thrown at [C:\re\workspace\8-2-build-windows-amd64-cygwin\jdk8u131\8869\hotspot\src\share\vm\prims\jvm.cpp, line 1390]
Event: 0.153 Thread 0x0000000004ad0800 Exception <a 'java/security/PrivilegedActionException'> (0x00000000d5c17ba8) thrown at [C:\re\workspace\8-2-build-windows-amd64-cygwin\jdk8u131\8869\hotspot\src\share\vm\prims\jvm.cpp, line 1390]
Event: 0.158 Thread 0x0000000004ad0800 Exception <a 'java/io/FileNotFoundException'> (0x00000000d5c1a0c0) thrown at [C:\re\workspace\8-2-build-windows-amd64-cygwin\jdk8u131\8869\hotspot\src\share\vm\prims\jni.cpp, line 709]
Event: 0.220 Thread 0x0000000004ad0800 Exception <a 'java/lang/NoSuchFieldError': method resolution failed> (0x00000000d5d8ea00) thrown at [C:\re\workspace\8-2-build-windows-amd64-cygwin\jdk8u131\8869\hotspot\src\share\vm\prims\methodHandles.cpp, line 1146]
Event: 0.222 Thread 0x0000000004ad0800 Exception <a 'java/lang/NoSuchFieldError': method resolution failed> (0x00000000d5d9bdd0) thrown at [C:\re\workspace\8-2-build-windows-amd64-cygwin\jdk8u131\8869\hotspot\src\share\vm\prims\methodHandles.cpp, line 1146]
Event: 0.304 Thread 0x000000001b580000 Exception <a 'java/io/FileNotFoundException'> (0x00000000d5f72fa0) thrown at [C:\re\workspace\8-2-build-windows-amd64-cygwin\jdk8u131\8869\hotspot\src\share\vm\prims\jni.cpp, line 709]
Event: 0.322 Thread 0x000000001b580000 Implicit null exception at 0x0000000004d4119b to 0x0000000004d4134d

Events (10 events):
Event: 8.727 Executing VM operation: BulkRevokeBias
Event: 8.727 Executing VM operation: BulkRevokeBias done
Event: 10.429 Executing VM operation: ParallelGCFailedAllocation
Event: 10.433 Executing VM operation: ParallelGCFailedAllocation done
Event: 10.570 Thread 0x000000001d66f800 Thread added: 0x000000001d66f800
Event: 10.570 Thread 0x000000001d670800 Thread added: 0x000000001d670800
Event: 10.570 Thread 0x000000001d66f800 Thread exited: 0x000000001d66f800
Event: 10.590 Thread 0x000000001b57e800 Thread exited: 0x000000001b57e800
Event: 10.671 Thread 0x000000001d670800 Thread exited: 0x000000001d670800
Event: 10.672 Executing VM operation: Exit


Dynamic libraries:
0x00007ff6440f0000 - 0x00007ff644127000 	C:\Program Files\Java\jre1.8.0_131\bin\javaw.exe
0x00007ff9190f0000 - 0x00007ff9192d0000 	C:\WINDOWS\SYSTEM32\ntdll.dll
0x00007ff917bc0000 - 0x00007ff917c6e000 	C:\WINDOWS\System32\KERNEL32.DLL
0x00007ff916350000 - 0x00007ff9165b6000 	C:\WINDOWS\System32\KERNELBASE.dll
0x00007ff918060000 - 0x00007ff918101000 	C:\WINDOWS\System32\ADVAPI32.dll
0x00007ff917ce0000 - 0x00007ff917d7d000 	C:\WINDOWS\System32\msvcrt.dll
0x00007ff917c80000 - 0x00007ff917cdb000 	C:\WINDOWS\System32\sechost.dll
0x00007ff917f40000 - 0x00007ff91805f000 	C:\WINDOWS\System32\RPCRT4.dll
0x00007ff918530000 - 0x00007ff9186bf000 	C:\WINDOWS\System32\USER32.dll
0x00007ff916280000 - 0x00007ff9162a0000 	C:\WINDOWS\System32\win32u.dll
0x00007ff918d20000 - 0x00007ff918d48000 	C:\WINDOWS\System32\GDI32.dll
0x00007ff9157c0000 - 0x00007ff915953000 	C:\WINDOWS\System32\gdi32full.dll
0x00007ff915620000 - 0x00007ff9156bb000 	C:\WINDOWS\System32\msvcp_win.dll
0x00007ff9156c0000 - 0x00007ff9157b6000 	C:\WINDOWS\System32\ucrtbase.dll
0x00007ff8fc2b0000 - 0x00007ff8fc519000 	C:\WINDOWS\WinSxS\amd64_microsoft.windows.common-controls_6595b64144ccf1df_6.0.16299.309_none_15cfd4c4935e6b11\COMCTL32.dll
0x00007ff918d50000 - 0x00007ff919058000 	C:\WINDOWS\System32\combase.dll
0x00007ff9155a0000 - 0x00007ff915612000 	C:\WINDOWS\System32\bcryptPrimitives.dll
0x00007ff9181e0000 - 0x00007ff91820d000 	C:\WINDOWS\System32\IMM32.DLL
0x0000000074050000 - 0x0000000074122000 	C:\Program Files\Java\jre1.8.0_131\bin\msvcr100.dll
0x00000000728e0000 - 0x000000007317c000 	C:\Program Files\Java\jre1.8.0_131\bin\server\jvm.dll
0x00007ff917c70000 - 0x00007ff917c78000 	C:\WINDOWS\System32\PSAPI.DLL
0x00007ff8ff750000 - 0x00007ff8ff759000 	C:\WINDOWS\SYSTEM32\WSOCK32.dll
0x00007ff917ed0000 - 0x00007ff917f3c000 	C:\WINDOWS\System32\WS2_32.dll
0x00007ff90fce0000 - 0x00007ff90fd03000 	C:\WINDOWS\SYSTEM32\WINMM.dll
0x00007ff90f8f0000 - 0x00007ff90f8fa000 	C:\WINDOWS\SYSTEM32\VERSION.dll
0x00007ff90f9d0000 - 0x00007ff90f9fa000 	C:\WINDOWS\SYSTEM32\WINMMBASE.dll
0x00007ff9154f0000 - 0x00007ff91553a000 	C:\WINDOWS\System32\cfgmgr32.dll
0x00000000728d0000 - 0x00000000728df000 	C:\Program Files\Java\jre1.8.0_131\bin\verify.dll
0x00000000728a0000 - 0x00000000728c9000 	C:\Program Files\Java\jre1.8.0_131\bin\java.dll
0x0000000072880000 - 0x0000000072896000 	C:\Program Files\Java\jre1.8.0_131\bin\zip.dll
0x00007ff9165e0000 - 0x00007ff917a16000 	C:\WINDOWS\System32\SHELL32.dll
0x00007ff918210000 - 0x00007ff9182b6000 	C:\WINDOWS\System32\shcore.dll
0x00007ff915960000 - 0x00007ff9160a7000 	C:\WINDOWS\System32\windows.storage.dll
0x00007ff918cc0000 - 0x00007ff918d11000 	C:\WINDOWS\System32\shlwapi.dll
0x00007ff9154b0000 - 0x00007ff9154c1000 	C:\WINDOWS\System32\kernel.appcore.dll
0x00007ff915460000 - 0x00007ff9154ac000 	C:\WINDOWS\System32\powrprof.dll
0x00007ff915440000 - 0x00007ff91545b000 	C:\WINDOWS\System32\profapi.dll
0x00000000725b0000 - 0x0000000072748000 	C:\Program Files\Java\jre1.8.0_131\bin\awt.dll
0x00007ff918110000 - 0x00007ff9181d5000 	C:\WINDOWS\System32\OLEAUT32.dll
0x00007ff9138b0000 - 0x00007ff913938000 	C:\WINDOWS\SYSTEM32\apphelp.dll
0x00007ff913a30000 - 0x00007ff913ac5000 	C:\WINDOWS\system32\uxtheme.dll
0x00007ff9183c0000 - 0x00007ff918527000 	C:\WINDOWS\System32\MSCTF.dll
0x00007ff8eb150000 - 0x00007ff8eb1f9000 	C:\Program Files\Common Files\microsoft shared\ink\tiptsf.dll
0x00007ff913ca0000 - 0x00007ff913cca000 	C:\WINDOWS\system32\dwmapi.dll
0x00007ff917d80000 - 0x00007ff917ec9000 	C:\WINDOWS\System32\ole32.dll
0x00007ff9025b0000 - 0x00007ff9026ce000 	C:\WINDOWS\system32\opengl32.dll
0x00007ff910370000 - 0x00007ff91039c000 	C:\WINDOWS\SYSTEM32\GLU32.dll
0x0000000072560000 - 0x00000000725a7000 	C:\Program Files\Java\jre1.8.0_131\bin\fontmanager.dll
0x0000000072860000 - 0x000000007287a000 	C:\Program Files\Java\jre1.8.0_131\bin\net.dll
0x0000000180000000 - 0x000000018008c000 	C:\WINDOWS\system32\ASProxy64.dll
0x00007ff914cd0000 - 0x00007ff914d36000 	C:\WINDOWS\SYSTEM32\MSWSOCK.dll
0x00007ff914a60000 - 0x00007ff914a99000 	C:\WINDOWS\SYSTEM32\IPHLPAPI.DLL
0x00007ff915340000 - 0x00007ff915370000 	C:\WINDOWS\SYSTEM32\SspiCli.dll
0x0000000072840000 - 0x0000000072851000 	C:\Program Files\Java\jre1.8.0_131\bin\nio.dll
0x0000000072510000 - 0x0000000072552000 	C:\Program Files\Java\jre1.8.0_131\bin\t2k.dll
0x00007ff910590000 - 0x00007ff9105ce000 	C:\Users\weand\Desktop\Capstone project\CCR\GantryRobot\LeapMotion\LeapSDK\lib\x64\LeapJava.dll
0x00007ff9104e0000 - 0x00007ff910586000 	C:\Program Files\Java\jre1.8.0_131\bin\MSVCP120.dll
0x00007ff90e2f0000 - 0x00007ff90e3df000 	C:\Program Files\Java\jre1.8.0_131\bin\MSVCR120.dll
0x00007ff9026f0000 - 0x00007ff90285b000 	C:\Users\weand\Desktop\Capstone project\CCR\GantryRobot\LeapMotion\LeapSDK\lib\x64\Leap.dll
0x00007ff914570000 - 0x00007ff9145a1000 	C:\WINDOWS\SYSTEM32\ntmarta.dll
0x00007ff8dd7a0000 - 0x00007ff8de171000 	C:\Users\weand\Desktop\Capstone project\CCR\GantryRobot\OpenCV\opencv\build\java\x64\opencv_java2410.dll
0x00007ff9106d0000 - 0x00007ff9106ef000 	C:\WINDOWS\SYSTEM32\AVIFIL32.dll
0x00007ff9104c0000 - 0x00007ff9104d8000 	C:\WINDOWS\SYSTEM32\AVICAP32.dll
0x00007ff910490000 - 0x00007ff9104b9000 	C:\WINDOWS\SYSTEM32\MSVFW32.dll
0x00007ff8eea30000 - 0x00007ff8eea4c000 	C:\WINDOWS\SYSTEM32\MSACM32.dll
0x00007ff9182c0000 - 0x00007ff91835e000 	C:\WINDOWS\System32\clbcatq.dll
0x00007ff90a450000 - 0x00007ff90a5fb000 	C:\WINDOWS\SYSTEM32\WindowsCodecs.dll
0x00007ff8ec390000 - 0x00007ff8ec3df000 	C:\WINDOWS\system32\dataexchange.dll
0x00007ff913380000 - 0x00007ff9134c2000 	C:\WINDOWS\system32\dcomp.dll
0x00007ff9125c0000 - 0x00007ff9128a2000 	C:\WINDOWS\system32\d3d11.dll
0x00007ff9142a0000 - 0x00007ff91434f000 	C:\WINDOWS\system32\dxgi.dll
0x00007ff913e20000 - 0x00007ff913f9b000 	C:\WINDOWS\system32\twinapi.appcore.dll
0x00007ff913d90000 - 0x00007ff913db0000 	C:\WINDOWS\system32\RMCLIENT.dll
0x00007ff914fa0000 - 0x00007ff914fc5000 	C:\WINDOWS\system32\bcrypt.dll
0x00007ff905b90000 - 0x00007ff905c28000 	C:\WINDOWS\System32\TextInputFramework.dll
0x00007ff909fd0000 - 0x00007ff90a2be000 	C:\WINDOWS\System32\CoreUIComponents.dll
0x00007ff9132a0000 - 0x00007ff91337c000 	C:\WINDOWS\System32\CoreMessaging.dll
0x00007ff911e20000 - 0x00007ff911f56000 	C:\WINDOWS\SYSTEM32\wintypes.dll
0x00007ff904910000 - 0x00007ff904b16000 	C:\Windows\System32\uiautomationcore.dll
0x00007ff9152a0000 - 0x00007ff91533a000 	C:\WINDOWS\SYSTEM32\sxs.dll
0x00007ff8ec900000 - 0x00007ff8ec96e000 	C:\Windows\System32\OLEACC.dll
0x00007ff8f4fa0000 - 0x00007ff8f5021000 	C:\WINDOWS\SYSTEM32\twinapi.dll
0x00007ff910440000 - 0x00007ff910458000 	C:\Windows\System32\devenum.dll
0x00007ff918860000 - 0x00007ff918cae000 	C:\WINDOWS\System32\setupapi.dll
0x00007ff915250000 - 0x00007ff915277000 	C:\WINDOWS\SYSTEM32\DEVOBJ.dll
0x00007ff915540000 - 0x00007ff915598000 	C:\WINDOWS\System32\WINTRUST.dll
0x00007ff9154d0000 - 0x00007ff9154e2000 	C:\WINDOWS\System32\MSASN1.dll
0x00007ff9160b0000 - 0x00007ff91627e000 	C:\WINDOWS\System32\CRYPT32.dll
0x00007ff8f5620000 - 0x00007ff8f562a000 	C:\WINDOWS\SYSTEM32\msdmo.dll
0x00007ff910400000 - 0x00007ff910433000 	C:\Windows\System32\qcap.dll
0x00007ff901920000 - 0x00007ff901adc000 	C:\Windows\System32\quartz.dll
0x00007ff9103b0000 - 0x00007ff9103fe000 	C:\Windows\System32\mfksproxy.dll
0x00007ff9114e0000 - 0x00007ff9114fd000 	C:\Windows\System32\ATL.DLL
0x00007ff9110d0000 - 0x00007ff911106000 	C:\Windows\System32\MFSENSORGROUP.dll
0x00007ff910f10000 - 0x00007ff9110c3000 	C:\Windows\System32\MFPlat.DLL
0x00007ff910ec0000 - 0x00007ff910ef2000 	C:\Windows\System32\RTWorkQ.DLL
0x00007ff8f2b70000 - 0x00007ff8f2fb7000 	C:\Windows\System32\MFCORE.dll
0x00007ff8f5430000 - 0x00007ff8f5439000 	C:\Windows\System32\ksuser.dll
0x00007ff914eb0000 - 0x00007ff914ebb000 	C:\Windows\System32\CRYPTBASE.DLL
0x00007ff910320000 - 0x00007ff910370000 	C:\Windows\System32\FSClient.dll
0x00007ff910eb0000 - 0x00007ff910eba000 	C:\Windows\System32\AVRT.dll
0x00007ff910940000 - 0x00007ff91094c000 	C:\Windows\System32\vidcap.ax
0x00007ff9102f0000 - 0x00007ff910316000 	C:\Windows\System32\kswdmcap.ax
0x00007ff9013e0000 - 0x00007ff901545000 	C:\Windows\System32\MFC42.dll
0x00007ff8ffb30000 - 0x00007ff9000a2000 	C:\WINDOWS\system32\IntelCameraPlugin64.dll
0x00007ff9123d0000 - 0x00007ff91244a000 	C:\WINDOWS\SYSTEM32\policymanager.dll
0x00007ff912340000 - 0x00007ff9123d0000 	C:\Windows\System32\msvcp110_win.dll
0x00007ff901810000 - 0x00007ff90191a000 	C:\Windows\System32\MFReadWrite.dll
0x00007ff900280000 - 0x00007ff900320000 	C:\Windows\System32\qedit.dll
0x00007ff9186c0000 - 0x00007ff9187ca000 	C:\WINDOWS\System32\COMDLG32.dll
0x00007ff8ff1c0000 - 0x00007ff8ff35c000 	C:\WINDOWS\WinSxS\amd64_microsoft.windows.gdiplus_6595b64144ccf1df_1.1.16299.309_none_46bac7a9edf0e4df\gdiplus.dll
0x00007ff8ffa30000 - 0x00007ff8ffb26000 	C:\Windows\System32\DDRAW.dll
0x00007ff9108e0000 - 0x00007ff9108e8000 	C:\Windows\System32\DCIMAN32.dll
0x00007ff9106c0000 - 0x00007ff9106cc000 	C:\WINDOWS\SYSTEM32\msyuv.dll
0x00007ff910ca0000 - 0x00007ff910e68000 	C:\WINDOWS\SYSTEM32\dbghelp.dll

VM Arguments:
jvm_args: -Djava.library.path=C:\Users\weand\Desktop\Capstone project\CCR\GantryRobot\mfz-rxtx-2.2-20081207-win-x64;C:\Users\weand\Desktop\Capstone project\CCR\GantryRobot\OpenCV\opencv\build\java\x64;C:\Users\weand\Desktop\Capstone project\CCR\GantryRobot\LeapMotion\LeapSDK\lib\x64 -Dfile.encoding=Cp1252 
java_command: leap.RXTXGui
java_class_path (initial): C:\Users\weand\workspace\Gantry_1\bin;C:\Users\weand\Desktop\Capstone project\CCR\GantryRobot\mfz-rxtx-2.2-20081207-win-x64\RXTXcomm.jar;C:\Users\weand\Desktop\Capstone project\CCR\GantryRobot\OpenCV\opencv\build\java\opencv-2410.jar;C:\Users\weand\Desktop\Capstone project\CCR\GantryRobot\LeapMotion\LeapSDK\lib\LeapJava.jar
Launcher Type: SUN_STANDARD

Environment Variables:
PATH=C:\Users\weand\Desktop\Capstone project\CCR\GantryRobot\LeapMotion\LeapSDK\lib\x64;n;C:/Program Files/Java/jre1.8.0_131/lib/amd64;C:\ProgramData\Oracle\Java\javapath;C:\Program Files\Microsoft MPI\Bin\;C:\WINDOWS\system32;C:\WINDOWS;C:\WINDOWS\System32\Wbem;C:\WINDOWS\System32\WindowsPowerShell\v1.0\;C:\Program Files (x86)\Skype\Phone\;C:\Program Files\Microsoft SQL Server\130\Tools\Binn\;C:\Program Files\dotnet\;C:\Program Files (x86)\GtkSharp\2.12\bin;C:\Program Files\MySQL\MySQL Utilities 1.6\;C:\Program Files\Git\cmd;C:\Users\weand\AppData\Local\Microsoft\WindowsApps;C:\Program Files (x86)\Spiceworks\Nmap;;C:\Users\weand\Downloads\eclipse-java-kepler-SR1-win32-x86_64\eclipse;C:/Program Files/Java/jre1.8.0_131/bin/server;C:/Program Files/Java/jre1.8.0_131/bin;C:/Program Files/Java/jre1.8.0_131/lib/amd64;C:\ProgramData\Oracle\Java\javapath;C:\Program Files\Microsoft MPI\Bin\;C:\WINDOWS\system32;C:\WINDOWS;C:\WINDOWS\System32\Wbem;C:\WINDOWS\System32\WindowsPowerShell\v1.0\;C:\Program Files (x86)\Skype\Phone\;C:\Program Files\Microsoft SQL Server\130\Tools\Binn\;C:\Program Files\dotnet\;C:\Program Files (x86)\GtkSharp\2.12\bin;C:\Program Files\MySQL\MySQL Utilities 1.6\;C:\Program Files\Git\cmd;C:\Users\weand\AppData\Local\Microsoft\WindowsApps;C:\Program Files (x86)\Spiceworks\Nmap;;C:\Users\weand\Downloads\eclipse-java-kepler-SR1-win32-x86_64\eclipse;
USERNAME=weand
OS=Windows_NT
PROCESSOR_IDENTIFIER=Intel64 Family 6 Model 78 Stepping 3, GenuineIntel



---------------  S Y S T E M  ---------------

OS: Windows 10.0 , 64 bit Build 16299 (10.0.16299.15)

CPU:total 4 (initial active 4) (2 cores per cpu, 2 threads per core) family 6 model 78 stepping 3, cmov, cx8, fxsr, mmx, sse, sse2, sse3, ssse3, sse4.1, sse4.2, popcnt, avx, avx2, aes, clmul, erms, rtm, 3dnowpref, lzcnt, ht, tsc, tscinvbit, bmi1, bmi2, adx

Memory: 4k page, physical 8311896k(3355564k free), swap 13030488k(6592168k free)

vm_info: Java HotSpot(TM) 64-Bit Server VM (25.131-b11) for windows-amd64 JRE (1.8.0_131-b11), built on Mar 15 2017 01:23:53 by "java_re" with MS VC++ 10.0 (VS2010)

time: Sun Mar 25 06:46:30 2018
elapsed time: 11 seconds (0d 0h 0m 11s)

