#
# A fatal error has been detected by the Java Runtime Environment:
#
#  Internal Error (0xc000000d), pid=5496, tid=0x00000000000014c0
#
# JRE version: Java(TM) SE Runtime Environment (8.0_131-b11) (build 1.8.0_131-b11)
# Java VM: Java HotSpot(TM) 64-Bit Server VM (25.131-b11 mixed mode windows-amd64 compressed oops)
# Problematic frame:
# C  [ntdll.dll+0x10b2b0]
#
# Failed to write core dump. Minidumps are not enabled by default on client versions of Windows
#
# If you would like to submit a bug report, please visit:
#   http://bugreport.java.com/bugreport/crash.jsp
#

---------------  T H R E A D  ---------------

Current thread (0x0000000019707800):  VMThread [stack: 0x000000001a790000,0x000000001a890000] [id=5312]

siginfo: ExceptionCode=0xc000000d

Registers:
RAX=0x0000000004ab2050, RBX=0x0000000000000001, RCX=0x0000000019708c20, RDX=0x0000000000000001
RSP=0x000000001a88ed00, RBP=0x000000001e47e590, RSI=0x000000001e47e7c8, RDI=0x000000001e46bda0
R8 =0x0000000004ab2050, R9 =0x0000000019708c20, R10=0x0000000000000001, R11=0x0000000019708c30
R12=0x00007ff910ec6680, R13=0x0000000000000001, R14=0x000000001e460810, R15=0x000000001e460810
RIP=0x00007ff9191fb2b0, EFLAGS=0x0000000000000202

Top of Stack: (sp=0x000000001a88ed00)
0x000000001a88ed00:   0000000000000057 0000000000000001
0x000000001a88ed10:   000000001e47e7c8 000000001e46bda0
0x000000001a88ed20:   00000000c000000d 0000000000000000
0x000000001a88ed30:   00007ff9191fb2b0 0000000000000000
0x000000001a88ed40:   0000000000000000 0000000000000000
0x000000001a88ed50:   0000000000000000 0000000000000000
0x000000001a88ed60:   0000000000000000 0000000000000000
0x000000001a88ed70:   0000000000000000 0000000000000000
0x000000001a88ed80:   0000000000000000 0000000000000000
0x000000001a88ed90:   0000000000000000 0000000000000000
0x000000001a88eda0:   0000000000000000 0000000000000000
0x000000001a88edb0:   0000000000000000 0000000000000000
0x000000001a88edc0:   000094baba1936b4 000000001e46bda0
0x000000001a88edd0:   000000001e47e7c8 00007ff910ec4907
0x000000001a88ede0:   000000001e46bda0 000000001e460810
0x000000001a88edf0:   00000000f46857d4 0000000000000020 

Instructions: (pc=0x00007ff9191fb2b0)
0x00007ff9191fb290:   b7 f9 ff c7 44 24 20 0d 00 00 c0 b9 57 00 00 00
0x00007ff9191fb2a0:   e8 4b 63 f3 ff 90 48 8d 4c 24 20 e8 90 00 f1 ff
0x00007ff9191fb2b0:   eb 00 48 8b 8c 24 c0 00 00 00 48 33 cc e8 ce 57
0x00007ff9191fb2c0:   f8 ff 48 81 c4 d8 00 00 00 c3 40 55 48 83 ec 20 


Register to memory mapping:

RAX=0x0000000004ab2050 is an unknown value
RBX=0x0000000000000001 is an unknown value
RCX=0x0000000019708c20 is an unknown value
RDX=0x0000000000000001 is an unknown value
RSP=0x000000001a88ed00 is an unknown value
RBP=0x000000001e47e590 is an unknown value
RSI=0x000000001e47e7c8 is an unknown value
RDI=0x000000001e46bda0 is an unknown value
R8 =0x0000000004ab2050 is an unknown value
R9 =0x0000000019708c20 is an unknown value
R10=0x0000000000000001 is an unknown value
R11=0x0000000019708c30 is an unknown value
R12=0x00007ff910ec6680 is an unknown value
R13=0x0000000000000001 is an unknown value
R14=0x000000001e460810 is an unknown value
R15=0x000000001e460810 is an unknown value


Stack: [0x000000001a790000,0x000000001a890000],  sp=0x000000001a88ed00,  free space=1019k
Native frames: (J=compiled Java code, j=interpreted, Vv=VM code, C=native code)
C  [ntdll.dll+0x10b2b0]
C  [RTWorkQ.DLL+0x4907]
C  [RTWorkQ.DLL+0x9e46]
C  [RTWorkQ.DLL+0x7565]
C  [MFPlat.DLL+0x1d65b]
C  [MFReadWrite.dll+0x16348]
C  [MFReadWrite.dll+0xfb0d]
C  [MFReadWrite.dll+0xf863]
C  [mfksproxy.dll+0x194d0]
C  [mfksproxy.dll+0x18069]
C  [mfksproxy.dll+0x6eeb]
C  [quartz.dll+0x42e19]
C  [quartz.dll+0x553ef]
C  [quartz.dll+0x57932]
C  [quartz.dll+0x56d75]
C  [opencv_java2410.dll+0x2aaa1e]
C  [opencv_java2410.dll+0x5f43d0]
C  [opencv_java2410.dll+0x508e75]
C  [opencv_java2410.dll+0x4fc0f6]
C  [opencv_java2410.dll+0x4fc269]
C  [ntdll.dll+0x11493]
C  [ntdll.dll+0x406b5]
C  [ntdll.dll+0x40574]
C  [KERNEL32.DLL+0xf06a]
C  [msvcr100.dll+0x20ccd]
V  [jvm.dll+0x213235]
V  [jvm.dll+0x24c2a7]
V  [jvm.dll+0x24b546]
V  [jvm.dll+0x24b9e1]
V  [jvm.dll+0x24bbfe]
V  [jvm.dll+0x29cc1a]
C  [msvcr100.dll+0x21d9f]
C  [msvcr100.dll+0x21e3b]
C  [KERNEL32.DLL+0x11fe4]
C  [ntdll.dll+0x6efc1]

VM_Operation (0x000000001bd9d640): Exit, mode: safepoint, requested by thread 0x000000001b563000


---------------  P R O C E S S  ---------------

Java Threads: ( => current thread )
  0x000000001d59c800 JavaThread "Thread-3" [_thread_blocked, id=1056, stack(0x00000000269b0000,0x0000000026ab0000)]
  0x000000001d165800 JavaThread "TimerQueue" daemon [_thread_blocked, id=11068, stack(0x000000001e340000,0x000000001e440000)]
  0x0000000004ac0800 JavaThread "DestroyJavaVM" [_thread_blocked, id=13756, stack(0x00000000049a0000,0x0000000004aa0000)]
  0x000000001b563000 JavaThread "AWT-EventQueue-0" [_thread_blocked, id=10996, stack(0x000000001bca0000,0x000000001bda0000)]
  0x000000001b561000 JavaThread "AWT-Shutdown" [_thread_blocked, id=13548, stack(0x000000001b9c0000,0x000000001bac0000)]
  0x000000001b55e800 JavaThread "Java2D Disposer" daemon [_thread_blocked, id=9892, stack(0x000000001b8c0000,0x000000001b9c0000)]
  0x000000001b1a0800 JavaThread "Service Thread" daemon [_thread_blocked, id=12244, stack(0x000000001b580000,0x000000001b680000)]
  0x0000000019754800 JavaThread "C1 CompilerThread2" daemon [_thread_blocked, id=1928, stack(0x000000001b080000,0x000000001b180000)]
  0x0000000019746000 JavaThread "C2 CompilerThread1" daemon [_thread_blocked, id=15192, stack(0x000000001af80000,0x000000001b080000)]
  0x000000001973f800 JavaThread "C2 CompilerThread0" daemon [_thread_blocked, id=14912, stack(0x000000001ae80000,0x000000001af80000)]
  0x000000001973e000 JavaThread "Attach Listener" daemon [_thread_blocked, id=4416, stack(0x000000001ad80000,0x000000001ae80000)]
  0x000000001973c800 JavaThread "Signal Dispatcher" daemon [_thread_blocked, id=1284, stack(0x000000001ac80000,0x000000001ad80000)]
  0x0000000004bbb000 JavaThread "Finalizer" daemon [_thread_blocked, id=12240, stack(0x000000001a990000,0x000000001aa90000)]
  0x0000000004baf000 JavaThread "Reference Handler" daemon [_thread_blocked, id=14480, stack(0x000000001a890000,0x000000001a990000)]

Other Threads:
=>0x0000000019707800 VMThread [stack: 0x000000001a790000,0x000000001a890000] [id=5312]

VM state:at safepoint (shutting down)

VM Mutex/Monitor currently owned by a thread:  ([mutex/lock_event])
[0x0000000004abc050] Threads_lock - owner thread: 0x0000000019707800

Heap:
 PSYoungGen      total 27136K, used 7899K [0x00000000d5b80000, 0x00000000d7a00000, 0x0000000100000000)
  eden space 23040K, 25% used [0x00000000d5b80000,0x00000000d6154f60,0x00000000d7200000)
  from space 4096K, 47% used [0x00000000d7600000,0x00000000d77e2020,0x00000000d7a00000)
  to   space 4096K, 0% used [0x00000000d7200000,0x00000000d7200000,0x00000000d7600000)
 ParOldGen       total 87552K, used 20288K [0x0000000081200000, 0x0000000086780000, 0x00000000d5b80000)
  object space 87552K, 23% used [0x0000000081200000,0x00000000825d0110,0x0000000086780000)
 Metaspace       used 13451K, capacity 13716K, committed 14080K, reserved 1060864K
  class space    used 1628K, capacity 1704K, committed 1792K, reserved 1048576K

Card table byte_map: [0x0000000013f80000,0x0000000014380000] byte_map_base: 0x0000000013b77000

Marking Bits: (ParMarkBitMap*) 0x00000000730fc720
 Begin Bits: [0x0000000014a30000, 0x00000000169e8000)
 End Bits:   [0x00000000169e8000, 0x00000000189a0000)

Polling page: 0x0000000002ca0000

CodeCache: size=245760Kb used=6141Kb max_used=6186Kb free=239618Kb
 bounds [0x0000000004bc0000, 0x00000000051e0000, 0x0000000013bc0000]
 total_blobs=2395 nmethods=1712 adapters=594
 compilation: enabled

Compilation events (10 events):
Event: 185.768 Thread 0x000000001973f800 1858       4       sun.java2d.SunGraphics2D::transformShape (36 bytes)
Event: 185.770 Thread 0x000000001973f800 nmethod 1858 0x000000000515b8d0 code [0x000000000515ba60, 0x000000000515bd48]
Event: 186.777 Thread 0x0000000019746000 1859   !   4       java.awt.color.ColorSpace::getInstance (300 bytes)
Event: 186.784 Thread 0x0000000019746000 nmethod 1859 0x0000000004f8ded0 code [0x0000000004f8e120, 0x0000000004f8f270]
Event: 187.985 Thread 0x000000001973f800 1860       4       sun.awt.EventQueueDelegate::getDelegate (13 bytes)
Event: 187.986 Thread 0x000000001973f800 nmethod 1860 0x0000000004e77590 code [0x0000000004e776e0, 0x0000000004e77828]
Event: 190.304 Thread 0x0000000019754800 1861       3       javax.swing.DefaultButtonModel::isRollover (16 bytes)
Event: 190.304 Thread 0x0000000019754800 nmethod 1861 0x0000000004d59dd0 code [0x0000000004d59f20, 0x0000000004d5a0d0]
Event: 190.430 Thread 0x0000000019754800 1862       3       javax.swing.AbstractButton::getMargin (22 bytes)
Event: 190.431 Thread 0x0000000019754800 nmethod 1862 0x0000000004fb3790 code [0x0000000004fb3920, 0x0000000004fb3d78]

GC Heap History (10 events):
Event: 187.781 GC heap before
{Heap before GC invocations=136 (full 0):
 PSYoungGen      total 27648K, used 25172K [0x00000000d5b80000, 0x00000000d7b00000, 0x0000000100000000)
  eden space 23040K, 96% used [0x00000000d5b80000,0x00000000d714a1d8,0x00000000d7200000)
  from space 4608K, 62% used [0x00000000d7200000,0x00000000d74cb030,0x00000000d7680000)
  to   space 4608K, 0% used [0x00000000d7680000,0x00000000d7680000,0x00000000d7b00000)
 ParOldGen       total 87552K, used 20208K [0x0000000081200000, 0x0000000086780000, 0x00000000d5b80000)
  object space 87552K, 23% used [0x0000000081200000,0x00000000825bc110,0x0000000086780000)
 Metaspace       used 13449K, capacity 13652K, committed 13824K, reserved 1060864K
  class space    used 1628K, capacity 1704K, committed 1792K, reserved 1048576K
Event: 187.782 GC heap after
Heap after GC invocations=136 (full 0):
 PSYoungGen      total 26624K, used 2860K [0x00000000d5b80000, 0x00000000d7a00000, 0x0000000100000000)
  eden space 23040K, 0% used [0x00000000d5b80000,0x00000000d5b80000,0x00000000d7200000)
  from space 3584K, 79% used [0x00000000d7680000,0x00000000d794b030,0x00000000d7a00000)
  to   space 4096K, 0% used [0x00000000d7200000,0x00000000d7200000,0x00000000d7600000)
 ParOldGen       total 87552K, used 20224K [0x0000000081200000, 0x0000000086780000, 0x00000000d5b80000)
  object space 87552K, 23% used [0x0000000081200000,0x00000000825c0110,0x0000000086780000)
 Metaspace       used 13449K, capacity 13652K, committed 13824K, reserved 1060864K
  class space    used 1628K, capacity 1704K, committed 1792K, reserved 1048576K
}
Event: 189.090 GC heap before
{Heap before GC invocations=137 (full 0):
 PSYoungGen      total 26624K, used 25840K [0x00000000d5b80000, 0x00000000d7a00000, 0x0000000100000000)
  eden space 23040K, 99% used [0x00000000d5b80000,0x00000000d71f1088,0x00000000d7200000)
  from space 3584K, 79% used [0x00000000d7680000,0x00000000d794b030,0x00000000d7a00000)
  to   space 4096K, 0% used [0x00000000d7200000,0x00000000d7200000,0x00000000d7600000)
 ParOldGen       total 87552K, used 20224K [0x0000000081200000, 0x0000000086780000, 0x00000000d5b80000)
  object space 87552K, 23% used [0x0000000081200000,0x00000000825c0110,0x0000000086780000)
 Metaspace       used 13450K, capacity 13652K, committed 13824K, reserved 1060864K
  class space    used 1628K, capacity 1704K, committed 1792K, reserved 1048576K
Event: 189.091 GC heap after
Heap after GC invocations=137 (full 0):
 PSYoungGen      total 27136K, used 2860K [0x00000000d5b80000, 0x00000000d7a00000, 0x0000000100000000)
  eden space 23040K, 0% used [0x00000000d5b80000,0x00000000d5b80000,0x00000000d7200000)
  from space 4096K, 69% used [0x00000000d7200000,0x00000000d74cb030,0x00000000d7600000)
  to   space 4096K, 0% used [0x00000000d7600000,0x00000000d7600000,0x00000000d7a00000)
 ParOldGen       total 87552K, used 20232K [0x0000000081200000, 0x0000000086780000, 0x00000000d5b80000)
  object space 87552K, 23% used [0x0000000081200000,0x00000000825c2110,0x0000000086780000)
 Metaspace       used 13450K, capacity 13652K, committed 13824K, reserved 1060864K
  class space    used 1628K, capacity 1704K, committed 1792K, reserved 1048576K
}
Event: 190.300 GC heap before
{Heap before GC invocations=138 (full 0):
 PSYoungGen      total 27136K, used 25844K [0x00000000d5b80000, 0x00000000d7a00000, 0x0000000100000000)
  eden space 23040K, 99% used [0x00000000d5b80000,0x00000000d71f2328,0x00000000d7200000)
  from space 4096K, 69% used [0x00000000d7200000,0x00000000d74cb030,0x00000000d7600000)
  to   space 4096K, 0% used [0x00000000d7600000,0x00000000d7600000,0x00000000d7a00000)
 ParOldGen       total 87552K, used 20232K [0x0000000081200000, 0x0000000086780000, 0x00000000d5b80000)
  object space 87552K, 23% used [0x0000000081200000,0x00000000825c2110,0x0000000086780000)
 Metaspace       used 13450K, capacity 13652K, committed 13824K, reserved 1060864K
  class space    used 1628K, capacity 1704K, committed 1792K, reserved 1048576K
Event: 190.300 GC heap after
Heap after GC invocations=138 (full 0):
 PSYoungGen      total 27136K, used 2860K [0x00000000d5b80000, 0x00000000d7a00000, 0x0000000100000000)
  eden space 23040K, 0% used [0x00000000d5b80000,0x00000000d5b80000,0x00000000d7200000)
  from space 4096K, 69% used [0x00000000d7600000,0x00000000d78cb030,0x00000000d7a00000)
  to   space 4096K, 0% used [0x00000000d7200000,0x00000000d7200000,0x00000000d7600000)
 ParOldGen       total 87552K, used 20256K [0x0000000081200000, 0x0000000086780000, 0x00000000d5b80000)
  object space 87552K, 23% used [0x0000000081200000,0x00000000825c8110,0x0000000086780000)
 Metaspace       used 13450K, capacity 13652K, committed 13824K, reserved 1060864K
  class space    used 1628K, capacity 1704K, committed 1792K, reserved 1048576K
}
Event: 191.511 GC heap before
{Heap before GC invocations=139 (full 0):
 PSYoungGen      total 27136K, used 25001K [0x00000000d5b80000, 0x00000000d7a00000, 0x0000000100000000)
  eden space 23040K, 96% used [0x00000000d5b80000,0x00000000d711f7b8,0x00000000d7200000)
  from space 4096K, 69% used [0x00000000d7600000,0x00000000d78cb030,0x00000000d7a00000)
  to   space 4096K, 0% used [0x00000000d7200000,0x00000000d7200000,0x00000000d7600000)
 ParOldGen       total 87552K, used 20256K [0x0000000081200000, 0x0000000086780000, 0x00000000d5b80000)
  object space 87552K, 23% used [0x0000000081200000,0x00000000825c8110,0x0000000086780000)
 Metaspace       used 13451K, capacity 13652K, committed 13824K, reserved 1060864K
  class space    used 1628K, capacity 1704K, committed 1792K, reserved 1048576K
Event: 191.512 GC heap after
Heap after GC invocations=139 (full 0):
 PSYoungGen      total 27136K, used 2828K [0x00000000d5b80000, 0x00000000d7a00000, 0x0000000100000000)
  eden space 23040K, 0% used [0x00000000d5b80000,0x00000000d5b80000,0x00000000d7200000)
  from space 4096K, 69% used [0x00000000d7200000,0x00000000d74c3030,0x00000000d7600000)
  to   space 4096K, 0% used [0x00000000d7600000,0x00000000d7600000,0x00000000d7a00000)
 ParOldGen       total 87552K, used 20272K [0x0000000081200000, 0x0000000086780000, 0x00000000d5b80000)
  object space 87552K, 23% used [0x0000000081200000,0x00000000825cc110,0x0000000086780000)
 Metaspace       used 13451K, capacity 13652K, committed 13824K, reserved 1060864K
  class space    used 1628K, capacity 1704K, committed 1792K, reserved 1048576K
}
Event: 192.820 GC heap before
{Heap before GC invocations=140 (full 0):
 PSYoungGen      total 27136K, used 25826K [0x00000000d5b80000, 0x00000000d7a00000, 0x0000000100000000)
  eden space 23040K, 99% used [0x00000000d5b80000,0x00000000d71f5b80,0x00000000d7200000)
  from space 4096K, 69% used [0x00000000d7200000,0x00000000d74c3030,0x00000000d7600000)
  to   space 4096K, 0% used [0x00000000d7600000,0x00000000d7600000,0x00000000d7a00000)
 ParOldGen       total 87552K, used 20272K [0x0000000081200000, 0x0000000086780000, 0x00000000d5b80000)
  object space 87552K, 23% used [0x0000000081200000,0x00000000825cc110,0x0000000086780000)
 Metaspace       used 13451K, capacity 13652K, committed 13824K, reserved 1060864K
  class space    used 1628K, capacity 1704K, committed 1792K, reserved 1048576K
Event: 192.821 GC heap after
Heap after GC invocations=140 (full 0):
 PSYoungGen      total 27136K, used 1928K [0x00000000d5b80000, 0x00000000d7a00000, 0x0000000100000000)
  eden space 23040K, 0% used [0x00000000d5b80000,0x00000000d5b80000,0x00000000d7200000)
  from space 4096K, 47% used [0x00000000d7600000,0x00000000d77e2020,0x00000000d7a00000)
  to   space 4096K, 0% used [0x00000000d7200000,0x00000000d7200000,0x00000000d7600000)
 ParOldGen       total 87552K, used 20288K [0x0000000081200000, 0x0000000086780000, 0x00000000d5b80000)
  object space 87552K, 23% used [0x0000000081200000,0x00000000825d0110,0x0000000086780000)
 Metaspace       used 13451K, capacity 13652K, committed 13824K, reserved 1060864K
  class space    used 1628K, capacity 1704K, committed 1792K, reserved 1048576K
}

Deoptimization events (10 events):
Event: 154.179 Thread 0x000000001b563000 Uncommon trap: reason=class_check action=maybe_recompile pc=0x00000000050fc998 method=java.awt.Container.validate()V @ 35
Event: 154.186 Thread 0x000000001b563000 Uncommon trap: reason=unstable_if action=reinterpret pc=0x00000000050e2d04 method=java.awt.EventQueue.getPriority(Ljava/awt/AWTEvent;)I @ 71
Event: 154.189 Thread 0x000000001b563000 Uncommon trap: reason=unstable_if action=reinterpret pc=0x0000000004cd2720 method=java.awt.geom.AffineTransform.translate(DD)V @ 500
Event: 162.948 Thread 0x000000001b563000 Uncommon trap: reason=class_check action=maybe_recompile pc=0x0000000004d4d2e8 method=java.lang.String.equals(Ljava/lang/Object;)Z @ 8
Event: 162.948 Thread 0x000000001b563000 Uncommon trap: reason=class_check action=maybe_recompile pc=0x0000000004d4d2e8 method=java.lang.String.equals(Ljava/lang/Object;)Z @ 8
Event: 162.951 Thread 0x000000001b563000 Uncommon trap: reason=unstable_if action=reinterpret pc=0x0000000005052e44 method=javax.swing.SwingUtilities.computeIntersection(IIIILjava/awt/Rectangle;)Ljava/awt/Rectangle; @ 6
Event: 163.104 Thread 0x000000001b563000 Uncommon trap: reason=unstable_if action=reinterpret pc=0x0000000004e8e668 method=sun.java2d.pipe.Region.intersectsQuickCheckXYXY(IIII)Z @ 13
Event: 163.104 Thread 0x000000001b563000 Uncommon trap: reason=unstable_if action=reinterpret pc=0x0000000004cd21c0 method=sun.java2d.pipe.Region.intersectsQuickCheckXYXY(IIII)Z @ 13
Event: 171.879 Thread 0x000000001b563000 Uncommon trap: reason=class_check action=maybe_recompile pc=0x0000000004d4d2e8 method=java.lang.String.equals(Ljava/lang/Object;)Z @ 8
Event: 180.839 Thread 0x000000001b563000 Uncommon trap: reason=unstable_if action=reinterpret pc=0x000000000519bf44 method=java.awt.Container$MouseEventTargetFilter.accept(Ljava/awt/Component;)Z @ 10

Internal exceptions (10 events):
Event: 192.340 Thread 0x000000001d59c800 Implicit null exception at 0x0000000005056bc9 to 0x0000000005057dc7
Event: 192.340 Thread 0x000000001d59c800 Exception <a 'java/lang/NullPointerException'> (0x00000000d6aebd18) thrown at [C:\re\workspace\8-2-build-windows-amd64-cygwin\jdk8u131\8869\hotspot\src\share\vm\runtime\sharedRuntime.cpp, line 605]
Event: 192.340 Thread 0x000000001d59c800 Implicit null exception at 0x0000000005056bc9 to 0x0000000005057dc7
Event: 192.340 Thread 0x000000001d59c800 Exception <a 'java/lang/NullPointerException'> (0x00000000d6aec2b0) thrown at [C:\re\workspace\8-2-build-windows-amd64-cygwin\jdk8u131\8869\hotspot\src\share\vm\runtime\sharedRuntime.cpp, line 605]
Event: 192.340 Thread 0x000000001d59c800 Implicit null exception at 0x0000000005056bc9 to 0x0000000005057dc7
Event: 192.340 Thread 0x000000001d59c800 Exception <a 'java/lang/NullPointerException'> (0x00000000d6aec828) thrown at [C:\re\workspace\8-2-build-windows-amd64-cygwin\jdk8u131\8869\hotspot\src\share\vm\runtime\sharedRuntime.cpp, line 605]
Event: 192.340 Thread 0x000000001d59c800 Implicit null exception at 0x0000000005056bc9 to 0x0000000005057dc7
Event: 192.340 Thread 0x000000001d59c800 Exception <a 'java/lang/NullPointerException'> (0x00000000d6aecdb8) thrown at [C:\re\workspace\8-2-build-windows-amd64-cygwin\jdk8u131\8869\hotspot\src\share\vm\runtime\sharedRuntime.cpp, line 605]
Event: 192.340 Thread 0x000000001d59c800 Implicit null exception at 0x0000000005056bc9 to 0x0000000005057dc7
Event: 192.340 Thread 0x000000001d59c800 Exception <a 'java/lang/NullPointerException'> (0x00000000d6aed350) thrown at [C:\re\workspace\8-2-build-windows-amd64-cygwin\jdk8u131\8869\hotspot\src\share\vm\runtime\sharedRuntime.cpp, line 605]

Events (10 events):
Event: 191.511 Executing VM operation: ParallelGCFailedAllocation
Event: 191.512 Executing VM operation: ParallelGCFailedAllocation done
Event: 192.820 Executing VM operation: ParallelGCFailedAllocation
Event: 192.821 Executing VM operation: ParallelGCFailedAllocation done
Event: 193.024 Thread 0x0000000028fbf800 Thread added: 0x0000000028fbf800
Event: 193.024 Thread 0x0000000028e5c800 Thread added: 0x0000000028e5c800
Event: 193.025 Thread 0x0000000028fbf800 Thread exited: 0x0000000028fbf800
Event: 193.043 Thread 0x000000001b561800 Thread exited: 0x000000001b561800
Event: 193.126 Thread 0x0000000028e5c800 Thread exited: 0x0000000028e5c800
Event: 193.126 Executing VM operation: Exit


Dynamic libraries:
0x00007ff6440f0000 - 0x00007ff644127000 	C:\Program Files\Java\jre1.8.0_131\bin\javaw.exe
0x00007ff9190f0000 - 0x00007ff9192d0000 	C:\WINDOWS\SYSTEM32\ntdll.dll
0x00007ff917bc0000 - 0x00007ff917c6e000 	C:\WINDOWS\System32\KERNEL32.DLL
0x00007ff916350000 - 0x00007ff9165b6000 	C:\WINDOWS\System32\KERNELBASE.dll
0x00007ff918060000 - 0x00007ff918101000 	C:\WINDOWS\System32\ADVAPI32.dll
0x00007ff917ce0000 - 0x00007ff917d7d000 	C:\WINDOWS\System32\msvcrt.dll
0x00007ff917c80000 - 0x00007ff917cdb000 	C:\WINDOWS\System32\sechost.dll
0x00007ff917f40000 - 0x00007ff91805f000 	C:\WINDOWS\System32\RPCRT4.dll
0x00007ff918530000 - 0x00007ff9186bf000 	C:\WINDOWS\System32\USER32.dll
0x00007ff916280000 - 0x00007ff9162a0000 	C:\WINDOWS\System32\win32u.dll
0x00007ff918d20000 - 0x00007ff918d48000 	C:\WINDOWS\System32\GDI32.dll
0x00007ff9157c0000 - 0x00007ff915953000 	C:\WINDOWS\System32\gdi32full.dll
0x00007ff915620000 - 0x00007ff9156bb000 	C:\WINDOWS\System32\msvcp_win.dll
0x00007ff9156c0000 - 0x00007ff9157b6000 	C:\WINDOWS\System32\ucrtbase.dll
0x00007ff8fc2b0000 - 0x00007ff8fc519000 	C:\WINDOWS\WinSxS\amd64_microsoft.windows.common-controls_6595b64144ccf1df_6.0.16299.309_none_15cfd4c4935e6b11\COMCTL32.dll
0x00007ff918d50000 - 0x00007ff919058000 	C:\WINDOWS\System32\combase.dll
0x00007ff9155a0000 - 0x00007ff915612000 	C:\WINDOWS\System32\bcryptPrimitives.dll
0x00007ff9181e0000 - 0x00007ff91820d000 	C:\WINDOWS\System32\IMM32.DLL
0x0000000073f80000 - 0x0000000074052000 	C:\Program Files\Java\jre1.8.0_131\bin\msvcr100.dll
0x00000000728e0000 - 0x000000007317c000 	C:\Program Files\Java\jre1.8.0_131\bin\server\jvm.dll
0x00007ff917c70000 - 0x00007ff917c78000 	C:\WINDOWS\System32\PSAPI.DLL
0x00007ff8ff750000 - 0x00007ff8ff759000 	C:\WINDOWS\SYSTEM32\WSOCK32.dll
0x00007ff90fce0000 - 0x00007ff90fd03000 	C:\WINDOWS\SYSTEM32\WINMM.dll
0x00007ff917ed0000 - 0x00007ff917f3c000 	C:\WINDOWS\System32\WS2_32.dll
0x00007ff90f8f0000 - 0x00007ff90f8fa000 	C:\WINDOWS\SYSTEM32\VERSION.dll
0x00007ff90f9d0000 - 0x00007ff90f9fa000 	C:\WINDOWS\SYSTEM32\WINMMBASE.dll
0x00007ff9154f0000 - 0x00007ff91553a000 	C:\WINDOWS\System32\cfgmgr32.dll
0x0000000074120000 - 0x000000007412f000 	C:\Program Files\Java\jre1.8.0_131\bin\verify.dll
0x00000000740f0000 - 0x0000000074119000 	C:\Program Files\Java\jre1.8.0_131\bin\java.dll
0x00000000740d0000 - 0x00000000740e6000 	C:\Program Files\Java\jre1.8.0_131\bin\zip.dll
0x00007ff9165e0000 - 0x00007ff917a16000 	C:\WINDOWS\System32\SHELL32.dll
0x00007ff918210000 - 0x00007ff9182b6000 	C:\WINDOWS\System32\shcore.dll
0x00007ff915960000 - 0x00007ff9160a7000 	C:\WINDOWS\System32\windows.storage.dll
0x00007ff918cc0000 - 0x00007ff918d11000 	C:\WINDOWS\System32\shlwapi.dll
0x00007ff9154b0000 - 0x00007ff9154c1000 	C:\WINDOWS\System32\kernel.appcore.dll
0x00007ff915460000 - 0x00007ff9154ac000 	C:\WINDOWS\System32\powrprof.dll
0x00007ff915440000 - 0x00007ff91545b000 	C:\WINDOWS\System32\profapi.dll
0x0000000073de0000 - 0x0000000073f78000 	C:\Program Files\Java\jre1.8.0_131\bin\awt.dll
0x00007ff918110000 - 0x00007ff9181d5000 	C:\WINDOWS\System32\OLEAUT32.dll
0x00007ff9138b0000 - 0x00007ff913938000 	C:\WINDOWS\SYSTEM32\apphelp.dll
0x00007ff913a30000 - 0x00007ff913ac5000 	C:\WINDOWS\system32\uxtheme.dll
0x00007ff9183c0000 - 0x00007ff918527000 	C:\WINDOWS\System32\MSCTF.dll
0x00007ff8eb150000 - 0x00007ff8eb1f9000 	C:\Program Files\Common Files\microsoft shared\ink\tiptsf.dll
0x00007ff913ca0000 - 0x00007ff913cca000 	C:\WINDOWS\system32\dwmapi.dll
0x00007ff917d80000 - 0x00007ff917ec9000 	C:\WINDOWS\System32\ole32.dll
0x00007ff90a9b0000 - 0x00007ff90aace000 	C:\WINDOWS\system32\opengl32.dll
0x00007ff90a980000 - 0x00007ff90a9ac000 	C:\WINDOWS\SYSTEM32\GLU32.dll
0x0000000072890000 - 0x00000000728d7000 	C:\Program Files\Java\jre1.8.0_131\bin\fontmanager.dll
0x00000000740b0000 - 0x00000000740ca000 	C:\Program Files\Java\jre1.8.0_131\bin\net.dll
0x0000000180000000 - 0x000000018008c000 	C:\WINDOWS\system32\ASProxy64.dll
0x00007ff914cd0000 - 0x00007ff914d36000 	C:\WINDOWS\SYSTEM32\MSWSOCK.dll
0x00007ff914a60000 - 0x00007ff914a99000 	C:\WINDOWS\SYSTEM32\IPHLPAPI.DLL
0x00007ff915340000 - 0x00007ff915370000 	C:\WINDOWS\SYSTEM32\SspiCli.dll
0x0000000074090000 - 0x00000000740a1000 	C:\Program Files\Java\jre1.8.0_131\bin\nio.dll
0x0000000072840000 - 0x0000000072882000 	C:\Program Files\Java\jre1.8.0_131\bin\t2k.dll
0x00007ff90a940000 - 0x00007ff90a97e000 	C:\Users\weand\Desktop\Capstone project\CCR\GantryRobot\LeapMotion\LeapSDK\lib\x64\LeapJava.dll
0x00007ff8fffc0000 - 0x00007ff9000af000 	C:\Program Files\Java\jre1.8.0_131\bin\MSVCR120.dll
0x00007ff900270000 - 0x00007ff900316000 	C:\Program Files\Java\jre1.8.0_131\bin\MSVCP120.dll
0x00007ff8ff9e0000 - 0x00007ff8ffb4b000 	C:\Users\weand\Desktop\Capstone project\CCR\GantryRobot\LeapMotion\LeapSDK\lib\x64\Leap.dll
0x00007ff914570000 - 0x00007ff9145a1000 	C:\WINDOWS\SYSTEM32\ntmarta.dll
0x00007ff8cdb40000 - 0x00007ff8ce511000 	C:\Users\weand\Desktop\Capstone project\CCR\GantryRobot\OpenCV\opencv\build\java\x64\opencv_java2410.dll
0x00007ff90f870000 - 0x00007ff90f888000 	C:\WINDOWS\SYSTEM32\AVICAP32.dll
0x00007ff90a910000 - 0x00007ff90a939000 	C:\WINDOWS\SYSTEM32\MSVFW32.dll
0x00007ff9106d0000 - 0x00007ff9106ef000 	C:\WINDOWS\SYSTEM32\AVIFIL32.dll
0x00007ff8eea30000 - 0x00007ff8eea4c000 	C:\WINDOWS\SYSTEM32\MSACM32.dll
0x00007ff9182c0000 - 0x00007ff91835e000 	C:\WINDOWS\System32\clbcatq.dll
0x00007ff90a450000 - 0x00007ff90a5fb000 	C:\WINDOWS\SYSTEM32\WindowsCodecs.dll
0x00007ff8ec390000 - 0x00007ff8ec3df000 	C:\WINDOWS\system32\dataexchange.dll
0x00007ff913380000 - 0x00007ff9134c2000 	C:\WINDOWS\system32\dcomp.dll
0x00007ff9125c0000 - 0x00007ff9128a2000 	C:\WINDOWS\system32\d3d11.dll
0x00007ff9142a0000 - 0x00007ff91434f000 	C:\WINDOWS\system32\dxgi.dll
0x00007ff913e20000 - 0x00007ff913f9b000 	C:\WINDOWS\system32\twinapi.appcore.dll
0x00007ff913d90000 - 0x00007ff913db0000 	C:\WINDOWS\system32\RMCLIENT.dll
0x00007ff914fa0000 - 0x00007ff914fc5000 	C:\WINDOWS\system32\bcrypt.dll
0x00007ff905b90000 - 0x00007ff905c28000 	C:\WINDOWS\System32\TextInputFramework.dll
0x00007ff909fd0000 - 0x00007ff90a2be000 	C:\WINDOWS\System32\CoreUIComponents.dll
0x00007ff9132a0000 - 0x00007ff91337c000 	C:\WINDOWS\System32\CoreMessaging.dll
0x00007ff911e20000 - 0x00007ff911f56000 	C:\WINDOWS\SYSTEM32\wintypes.dll
0x00007ff904910000 - 0x00007ff904b16000 	C:\Windows\System32\uiautomationcore.dll
0x00007ff9152a0000 - 0x00007ff91533a000 	C:\WINDOWS\SYSTEM32\sxs.dll
0x00007ff8ec900000 - 0x00007ff8ec96e000 	C:\Windows\System32\OLEACC.dll
0x00007ff8f4fa0000 - 0x00007ff8f5021000 	C:\WINDOWS\SYSTEM32\twinapi.dll
0x00007ff90e3a0000 - 0x00007ff90e3b8000 	C:\Windows\System32\devenum.dll
0x00007ff918860000 - 0x00007ff918cae000 	C:\WINDOWS\System32\setupapi.dll
0x00007ff915250000 - 0x00007ff915277000 	C:\WINDOWS\SYSTEM32\DEVOBJ.dll
0x00007ff915540000 - 0x00007ff915598000 	C:\WINDOWS\System32\WINTRUST.dll
0x00007ff9154d0000 - 0x00007ff9154e2000 	C:\WINDOWS\System32\MSASN1.dll
0x00007ff9160b0000 - 0x00007ff91627e000 	C:\WINDOWS\System32\CRYPT32.dll
0x00007ff8f5620000 - 0x00007ff8f562a000 	C:\WINDOWS\SYSTEM32\msdmo.dll
0x00007ff90a8d0000 - 0x00007ff90a903000 	C:\Windows\System32\qcap.dll
0x00007ff8f21a0000 - 0x00007ff8f235c000 	C:\Windows\System32\quartz.dll
0x00007ff9061a0000 - 0x00007ff9061ee000 	C:\Windows\System32\mfksproxy.dll
0x00007ff9110d0000 - 0x00007ff911106000 	C:\Windows\System32\MFSENSORGROUP.dll
0x00007ff9114e0000 - 0x00007ff9114fd000 	C:\Windows\System32\ATL.DLL
0x00007ff910f10000 - 0x00007ff9110c3000 	C:\Windows\System32\MFPlat.DLL
0x00007ff910ec0000 - 0x00007ff910ef2000 	C:\Windows\System32\RTWorkQ.DLL
0x00007ff8f2b70000 - 0x00007ff8f2fb7000 	C:\Windows\System32\MFCORE.dll
0x00007ff8f5430000 - 0x00007ff8f5439000 	C:\Windows\System32\ksuser.dll
0x00007ff914eb0000 - 0x00007ff914ebb000 	C:\Windows\System32\CRYPTBASE.DLL
0x00007ff902e40000 - 0x00007ff902e90000 	C:\Windows\System32\FSClient.dll
0x00007ff910eb0000 - 0x00007ff910eba000 	C:\Windows\System32\AVRT.dll
0x00007ff910460000 - 0x00007ff91046c000 	C:\Windows\System32\vidcap.ax
0x00007ff902e10000 - 0x00007ff902e36000 	C:\Windows\System32\kswdmcap.ax
0x00007ff8f0f70000 - 0x00007ff8f10d5000 	C:\Windows\System32\MFC42.dll
0x00007ff8d3340000 - 0x00007ff8d38b2000 	C:\WINDOWS\system32\IntelCameraPlugin64.dll
0x00007ff9123d0000 - 0x00007ff91244a000 	C:\WINDOWS\SYSTEM32\policymanager.dll
0x00007ff912340000 - 0x00007ff9123d0000 	C:\Windows\System32\msvcp110_win.dll
0x00007ff8f1f90000 - 0x00007ff8f209a000 	C:\Windows\System32\MFReadWrite.dll
0x00007ff8ff940000 - 0x00007ff8ff9e0000 	C:\Windows\System32\qedit.dll
0x00007ff9186c0000 - 0x00007ff9187ca000 	C:\WINDOWS\System32\COMDLG32.dll
0x00007ff8ff1c0000 - 0x00007ff8ff35c000 	C:\WINDOWS\WinSxS\amd64_microsoft.windows.gdiplus_6595b64144ccf1df_1.1.16299.309_none_46bac7a9edf0e4df\gdiplus.dll
0x00007ff8f20a0000 - 0x00007ff8f2196000 	C:\Windows\System32\DDRAW.dll
0x00007ff90f7c0000 - 0x00007ff90f7c8000 	C:\Windows\System32\DCIMAN32.dll
0x00007ff90e2a0000 - 0x00007ff90e2ac000 	C:\WINDOWS\SYSTEM32\msyuv.dll
0x00007ff910ca0000 - 0x00007ff910e68000 	C:\WINDOWS\SYSTEM32\dbghelp.dll

VM Arguments:
jvm_args: -Djava.library.path=C:\Users\weand\Desktop\Capstone project\CCR\GantryRobot\mfz-rxtx-2.2-20081207-win-x64;C:\Users\weand\Desktop\Capstone project\CCR\GantryRobot\OpenCV\opencv\build\java\x64;C:\Users\weand\Desktop\Capstone project\CCR\GantryRobot\LeapMotion\LeapSDK\lib\x64 -Dfile.encoding=Cp1252 
java_command: leap.RXTXGui
java_class_path (initial): C:\Users\weand\workspace\Gantry_1\bin;C:\Users\weand\Desktop\Capstone project\CCR\GantryRobot\mfz-rxtx-2.2-20081207-win-x64\RXTXcomm.jar;C:\Users\weand\Desktop\Capstone project\CCR\GantryRobot\OpenCV\opencv\build\java\opencv-2410.jar;C:\Users\weand\Desktop\Capstone project\CCR\GantryRobot\LeapMotion\LeapSDK\lib\LeapJava.jar
Launcher Type: SUN_STANDARD

Environment Variables:
PATH=C:\Users\weand\Desktop\Capstone project\CCR\GantryRobot\LeapMotion\LeapSDK\lib\x64;n;C:/Program Files/Java/jre1.8.0_131/lib/amd64;C:\ProgramData\Oracle\Java\javapath;C:\Program Files\Microsoft MPI\Bin\;C:\WINDOWS\system32;C:\WINDOWS;C:\WINDOWS\System32\Wbem;C:\WINDOWS\System32\WindowsPowerShell\v1.0\;C:\Program Files (x86)\Skype\Phone\;C:\Program Files\Microsoft SQL Server\130\Tools\Binn\;C:\Program Files\dotnet\;C:\Program Files (x86)\GtkSharp\2.12\bin;C:\Program Files\MySQL\MySQL Utilities 1.6\;C:\Program Files\Git\cmd;C:\Users\weand\AppData\Local\Microsoft\WindowsApps;C:\Program Files (x86)\Spiceworks\Nmap;;C:\Users\weand\Downloads\eclipse-java-kepler-SR1-win32-x86_64\eclipse;C:/Program Files/Java/jre1.8.0_131/bin/server;C:/Program Files/Java/jre1.8.0_131/bin;C:/Program Files/Java/jre1.8.0_131/lib/amd64;C:\ProgramData\Oracle\Java\javapath;C:\Program Files\Microsoft MPI\Bin\;C:\WINDOWS\system32;C:\WINDOWS;C:\WINDOWS\System32\Wbem;C:\WINDOWS\System32\WindowsPowerShell\v1.0\;C:\Program Files (x86)\Skype\Phone\;C:\Program Files\Microsoft SQL Server\130\Tools\Binn\;C:\Program Files\dotnet\;C:\Program Files (x86)\GtkSharp\2.12\bin;C:\Program Files\MySQL\MySQL Utilities 1.6\;C:\Program Files\Git\cmd;C:\Users\weand\AppData\Local\Microsoft\WindowsApps;C:\Program Files (x86)\Spiceworks\Nmap;;C:\Users\weand\Downloads\eclipse-java-kepler-SR1-win32-x86_64\eclipse;
USERNAME=weand
OS=Windows_NT
PROCESSOR_IDENTIFIER=Intel64 Family 6 Model 78 Stepping 3, GenuineIntel



---------------  S Y S T E M  ---------------

OS: Windows 10.0 , 64 bit Build 16299 (10.0.16299.15)

CPU:total 4 (initial active 4) (2 cores per cpu, 2 threads per core) family 6 model 78 stepping 3, cmov, cx8, fxsr, mmx, sse, sse2, sse3, ssse3, sse4.1, sse4.2, popcnt, avx, avx2, aes, clmul, erms, rtm, 3dnowpref, lzcnt, ht, tsc, tscinvbit, bmi1, bmi2, adx

Memory: 4k page, physical 8311896k(3066752k free), swap 13030488k(6018656k free)

vm_info: Java HotSpot(TM) 64-Bit Server VM (25.131-b11) for windows-amd64 JRE (1.8.0_131-b11), built on Mar 15 2017 01:23:53 by "java_re" with MS VC++ 10.0 (VS2010)

time: Sun Mar 25 13:27:49 2018
elapsed time: 194 seconds (0d 0h 3m 14s)

