#
# A fatal error has been detected by the Java Runtime Environment:
#
#  Internal Error (0xc000000d), pid=1308, tid=0x00000000000019a4
#
# JRE version: Java(TM) SE Runtime Environment (8.0_131-b11) (build 1.8.0_131-b11)
# Java VM: Java HotSpot(TM) 64-Bit Server VM (25.131-b11 mixed mode windows-amd64 compressed oops)
# Problematic frame:
# C  [ntdll.dll+0x10b2b0]
#
# Failed to write core dump. Minidumps are not enabled by default on client versions of Windows
#
# If you would like to submit a bug report, please visit:
#   http://bugreport.java.com/bugreport/crash.jsp
#

---------------  T H R E A D  ---------------

Current thread (0x0000000018fd7800):  VMThread [stack: 0x000000001a060000,0x000000001a160000] [id=6564]

siginfo: ExceptionCode=0xc000000d

Registers:
RAX=0x0000000004322050, RBX=0x0000000000000001, RCX=0x00000000043d6f60, RDX=0x0000000000000001
RSP=0x000000001a15ea20, RBP=0x000000001ddafa80, RSI=0x000000001ddafcb8, RDI=0x000000001dd9b860
R8 =0x0000000004322050, R9 =0x00000000043d6f60, R10=0x0000000000000001, R11=0x00000000043d6f70
R12=0x00007ffbcd696680, R13=0x0000000000000001, R14=0x000000001dd90ea0, R15=0x000000001dd90ea0
RIP=0x00007ffbd9aeb2b0, EFLAGS=0x0000000000000206

Top of Stack: (sp=0x000000001a15ea20)
0x000000001a15ea20:   0000000000000057 0000000000000001
0x000000001a15ea30:   000000001ddafcb8 000000001dd9b860
0x000000001a15ea40:   00000000c000000d 0000000000000000
0x000000001a15ea50:   00007ffbd9aeb2b0 0000000000000000
0x000000001a15ea60:   0000000000000000 0000000000000000
0x000000001a15ea70:   0000000000000000 0000000000000000
0x000000001a15ea80:   0000000000000000 0000000000000000
0x000000001a15ea90:   0000000000000000 0000000000000000
0x000000001a15eaa0:   0000000000000000 0000000000000000
0x000000001a15eab0:   0000000000000000 0000000000000000
0x000000001a15eac0:   0000000000000000 0000000000000000
0x000000001a15ead0:   0000000000000000 0000000000000000
0x000000001a15eae0:   000080b8d5646ab5 000000001dd9b860
0x000000001a15eaf0:   000000001ddafcb8 00007ffbcd694907
0x000000001a15eb00:   000000001dd9b860 000000001dd90ea0
0x000000001a15eb10:   00000000f46857d4 0000000000000020 

Instructions: (pc=0x00007ffbd9aeb2b0)
0x00007ffbd9aeb290:   b7 f9 ff c7 44 24 20 0d 00 00 c0 b9 57 00 00 00
0x00007ffbd9aeb2a0:   e8 4b 63 f3 ff 90 48 8d 4c 24 20 e8 90 00 f1 ff
0x00007ffbd9aeb2b0:   eb 00 48 8b 8c 24 c0 00 00 00 48 33 cc e8 ce 57
0x00007ffbd9aeb2c0:   f8 ff 48 81 c4 d8 00 00 00 c3 40 55 48 83 ec 20 


Register to memory mapping:

RAX=0x0000000004322050 is an unknown value
RBX=0x0000000000000001 is an unknown value
RCX=0x00000000043d6f60 is an unknown value
RDX=0x0000000000000001 is an unknown value
RSP=0x000000001a15ea20 is an unknown value
RBP=0x000000001ddafa80 is an unknown value
RSI=0x000000001ddafcb8 is an unknown value
RDI=0x000000001dd9b860 is an unknown value
R8 =0x0000000004322050 is an unknown value
R9 =0x00000000043d6f60 is an unknown value
R10=0x0000000000000001 is an unknown value
R11=0x00000000043d6f70 is an unknown value
R12=0x00007ffbcd696680 is an unknown value
R13=0x0000000000000001 is an unknown value
R14=0x000000001dd90ea0 is an unknown value
R15=0x000000001dd90ea0 is an unknown value


Stack: [0x000000001a060000,0x000000001a160000],  sp=0x000000001a15ea20,  free space=1018k
Native frames: (J=compiled Java code, j=interpreted, Vv=VM code, C=native code)
C  [ntdll.dll+0x10b2b0]
C  [RTWorkQ.DLL+0x4907]
C  [RTWorkQ.DLL+0x9e46]
C  [RTWorkQ.DLL+0x7565]
C  [MFPlat.DLL+0x1d05b]
C  [MFReadWrite.dll+0x16348]
C  [MFReadWrite.dll+0xfb0d]
C  [MFReadWrite.dll+0xf863]
C  [mfksproxy.dll+0x194d0]
C  [mfksproxy.dll+0x18069]
C  [mfksproxy.dll+0x6eeb]
C  [quartz.dll+0x42e19]
C  [quartz.dll+0x553ef]
C  [quartz.dll+0x57932]
C  [quartz.dll+0x56d75]
C  [opencv_java2410.dll+0x2aaa1e]
C  [opencv_java2410.dll+0x5f43d0]
C  [opencv_java2410.dll+0x508e75]
C  [opencv_java2410.dll+0x4fc0f6]
C  [opencv_java2410.dll+0x4fc269]
C  [ntdll.dll+0x11493]
C  [ntdll.dll+0x406b5]
C  [ntdll.dll+0x40574]
C  [KERNEL32.DLL+0xf06a]
C  [msvcr100.dll+0x20ccd]
V  [jvm.dll+0x213235]
V  [jvm.dll+0x24c2a7]
V  [jvm.dll+0x24b546]
V  [jvm.dll+0x24b9e1]
V  [jvm.dll+0x24bbfe]
V  [jvm.dll+0x29cc1a]
C  [msvcr100.dll+0x21d9f]
C  [msvcr100.dll+0x21e3b]
C  [KERNEL32.DLL+0x11fe4]
C  [ntdll.dll+0x6efc1]

VM_Operation (0x000000001b6bd3a0): Exit, mode: safepoint, requested by thread 0x000000001adb5000


---------------  P R O C E S S  ---------------

Java Threads: ( => current thread )
  0x000000001d493800 JavaThread "TimerQueue" daemon [_thread_blocked, id=18404, stack(0x000000001dc70000,0x000000001dd70000)]
  0x0000000004390800 JavaThread "DestroyJavaVM" [_thread_blocked, id=18160, stack(0x0000000004220000,0x0000000004320000)]
  0x000000001adb5000 JavaThread "AWT-EventQueue-0" [_thread_blocked, id=16320, stack(0x000000001b5c0000,0x000000001b6c0000)]
  0x000000001adb3800 JavaThread "AWT-Shutdown" [_thread_blocked, id=11812, stack(0x000000001b290000,0x000000001b390000)]
  0x000000001ad60000 JavaThread "Java2D Disposer" daemon [_thread_blocked, id=15584, stack(0x000000001b190000,0x000000001b290000)]
  0x000000001906a000 JavaThread "Service Thread" daemon [_thread_blocked, id=13200, stack(0x000000001ae50000,0x000000001af50000)]
  0x0000000019063800 JavaThread "C1 CompilerThread2" daemon [_thread_blocked, id=18268, stack(0x000000001a950000,0x000000001aa50000)]
  0x0000000019039000 JavaThread "C2 CompilerThread1" daemon [_thread_blocked, id=18564, stack(0x000000001a850000,0x000000001a950000)]
  0x0000000019010000 JavaThread "C2 CompilerThread0" daemon [_thread_blocked, id=17204, stack(0x000000001a750000,0x000000001a850000)]
  0x000000001900f000 JavaThread "Attach Listener" daemon [_thread_blocked, id=16608, stack(0x000000001a650000,0x000000001a750000)]
  0x000000001900e000 JavaThread "Signal Dispatcher" daemon [_thread_blocked, id=12932, stack(0x000000001a550000,0x000000001a650000)]
  0x000000000448b800 JavaThread "Finalizer" daemon [_thread_blocked, id=7324, stack(0x000000001a260000,0x000000001a360000)]
  0x0000000004481000 JavaThread "Reference Handler" daemon [_thread_blocked, id=7452, stack(0x000000001a160000,0x000000001a260000)]

Other Threads:
=>0x0000000018fd7800 VMThread [stack: 0x000000001a060000,0x000000001a160000] [id=6564]

VM state:at safepoint (shutting down)

VM Mutex/Monitor currently owned by a thread:  ([mutex/lock_event])
[0x000000000432bfd0] Threads_lock - owner thread: 0x0000000018fd7800

Heap:
 PSYoungGen      total 28672K, used 11760K [0x00000000d5b80000, 0x00000000d7e00000, 0x0000000100000000)
  eden space 23040K, 33% used [0x00000000d5b80000,0x00000000d62f96b8,0x00000000d7200000)
  from space 5632K, 72% used [0x00000000d7880000,0x00000000d7c82ba0,0x00000000d7e00000)
  to   space 6144K, 0% used [0x00000000d7200000,0x00000000d7200000,0x00000000d7800000)
 ParOldGen       total 87552K, used 21410K [0x0000000081200000, 0x0000000086780000, 0x00000000d5b80000)
  object space 87552K, 24% used [0x0000000081200000,0x00000000826e8b68,0x0000000086780000)
 Metaspace       used 13570K, capacity 13780K, committed 14080K, reserved 1060864K
  class space    used 1647K, capacity 1704K, committed 1792K, reserved 1048576K

Card table byte_map: [0x0000000013850000,0x0000000013c50000] byte_map_base: 0x0000000013447000

Marking Bits: (ParMarkBitMap*) 0x0000000071edc720
 Begin Bits: [0x0000000014300000, 0x00000000162b8000)
 End Bits:   [0x00000000162b8000, 0x0000000018270000)

Polling page: 0x0000000002490000

CodeCache: size=245760Kb used=5354Kb max_used=5391Kb free=240405Kb
 bounds [0x0000000004490000, 0x00000000049e0000, 0x0000000013490000]
 total_blobs=2220 nmethods=1605 adapters=527
 compilation: enabled

Compilation events (10 events):
Event: 45.116 Thread 0x0000000019063800 nmethod 1703 0x0000000004803050 code [0x00000000048031a0, 0x0000000004803350]
Event: 45.131 Thread 0x0000000019039000 nmethod 1692% 0x00000000049c3590 code [0x00000000049c3dc0, 0x00000000049cb500]
Event: 45.141 Thread 0x0000000019010000 1706       4       java.util.IdentityHashMap::isEmpty (13 bytes)
Event: 45.141 Thread 0x0000000019010000 nmethod 1706 0x0000000004683990 code [0x0000000004683ac0, 0x0000000004683b38]
Event: 45.182 Thread 0x0000000019039000 1707       4       sun.awt.image.ByteComponentRaster::verify (566 bytes)
Event: 45.188 Thread 0x0000000019039000 nmethod 1707 0x000000000480f3d0 code [0x000000000480f540, 0x000000000480fa58]
Event: 45.435 Thread 0x0000000019010000 1708       4       javax.swing.JComponent::getY (5 bytes)
Event: 45.436 Thread 0x0000000019010000 nmethod 1708 0x00000000048184d0 code [0x0000000004818600, 0x0000000004818658]
Event: 46.395 Thread 0x0000000019039000 1709       4       sun.awt.AWTAutoShutdown::isReadyToShutdown (37 bytes)
Event: 46.397 Thread 0x0000000019039000 nmethod 1709 0x00000000046b3e10 code [0x00000000046b3f60, 0x00000000046b4018]

GC Heap History (10 events):
Event: 43.539 GC heap before
{Heap before GC invocations=52 (full 0):
 PSYoungGen      total 29184K, used 28410K [0x00000000d5b80000, 0x00000000d7e80000, 0x0000000100000000)
  eden space 23552K, 99% used [0x00000000d5b80000,0x00000000d7252b88,0x00000000d7280000)
  from space 5632K, 89% used [0x00000000d7280000,0x00000000d776bd98,0x00000000d7800000)
  to   space 6144K, 0% used [0x00000000d7880000,0x00000000d7880000,0x00000000d7e80000)
 ParOldGen       total 87552K, used 21338K [0x0000000081200000, 0x0000000086780000, 0x00000000d5b80000)
  object space 87552K, 24% used [0x0000000081200000,0x00000000826d6b68,0x0000000086780000)
 Metaspace       used 13516K, capacity 13716K, committed 14080K, reserved 1060864K
  class space    used 1645K, capacity 1704K, committed 1792K, reserved 1048576K
Event: 43.539 GC heap after
Heap after GC invocations=52 (full 0):
 PSYoungGen      total 29696K, used 3206K [0x00000000d5b80000, 0x00000000d7e80000, 0x0000000100000000)
  eden space 23552K, 0% used [0x00000000d5b80000,0x00000000d5b80000,0x00000000d7280000)
  from space 6144K, 52% used [0x00000000d7880000,0x00000000d7ba1aa8,0x00000000d7e80000)
  to   space 6144K, 0% used [0x00000000d7280000,0x00000000d7280000,0x00000000d7880000)
 ParOldGen       total 87552K, used 21354K [0x0000000081200000, 0x0000000086780000, 0x00000000d5b80000)
  object space 87552K, 24% used [0x0000000081200000,0x00000000826dab68,0x0000000086780000)
 Metaspace       used 13516K, capacity 13716K, committed 14080K, reserved 1060864K
  class space    used 1645K, capacity 1704K, committed 1792K, reserved 1048576K
}
Event: 44.160 GC heap before
{Heap before GC invocations=53 (full 0):
 PSYoungGen      total 29696K, used 26758K [0x00000000d5b80000, 0x00000000d7e80000, 0x0000000100000000)
  eden space 23552K, 100% used [0x00000000d5b80000,0x00000000d7280000,0x00000000d7280000)
  from space 6144K, 52% used [0x00000000d7880000,0x00000000d7ba1aa8,0x00000000d7e80000)
  to   space 6144K, 0% used [0x00000000d7280000,0x00000000d7280000,0x00000000d7880000)
 ParOldGen       total 87552K, used 21354K [0x0000000081200000, 0x0000000086780000, 0x00000000d5b80000)
  object space 87552K, 24% used [0x0000000081200000,0x00000000826dab68,0x0000000086780000)
 Metaspace       used 13516K, capacity 13716K, committed 14080K, reserved 1060864K
  class space    used 1645K, capacity 1704K, committed 1792K, reserved 1048576K
Event: 44.161 GC heap after
Heap after GC invocations=53 (full 0):
 PSYoungGen      total 29696K, used 5039K [0x00000000d5b80000, 0x00000000d7e80000, 0x0000000100000000)
  eden space 23552K, 0% used [0x00000000d5b80000,0x00000000d5b80000,0x00000000d7280000)
  from space 6144K, 82% used [0x00000000d7280000,0x00000000d776bf98,0x00000000d7880000)
  to   space 6144K, 0% used [0x00000000d7880000,0x00000000d7880000,0x00000000d7e80000)
 ParOldGen       total 87552K, used 21362K [0x0000000081200000, 0x0000000086780000, 0x00000000d5b80000)
  object space 87552K, 24% used [0x0000000081200000,0x00000000826dcb68,0x0000000086780000)
 Metaspace       used 13516K, capacity 13716K, committed 14080K, reserved 1060864K
  class space    used 1645K, capacity 1704K, committed 1792K, reserved 1048576K
}
Event: 44.882 GC heap before
{Heap before GC invocations=54 (full 0):
 PSYoungGen      total 29696K, used 28591K [0x00000000d5b80000, 0x00000000d7e80000, 0x0000000100000000)
  eden space 23552K, 100% used [0x00000000d5b80000,0x00000000d7280000,0x00000000d7280000)
  from space 6144K, 82% used [0x00000000d7280000,0x00000000d776bf98,0x00000000d7880000)
  to   space 6144K, 0% used [0x00000000d7880000,0x00000000d7880000,0x00000000d7e80000)
 ParOldGen       total 87552K, used 21362K [0x0000000081200000, 0x0000000086780000, 0x00000000d5b80000)
  object space 87552K, 24% used [0x0000000081200000,0x00000000826dcb68,0x0000000086780000)
 Metaspace       used 13516K, capacity 13716K, committed 14080K, reserved 1060864K
  class space    used 1645K, capacity 1704K, committed 1792K, reserved 1048576K
Event: 44.883 GC heap after
Heap after GC invocations=54 (full 0):
 PSYoungGen      total 29184K, used 5039K [0x00000000d5b80000, 0x00000000d7f80000, 0x0000000100000000)
  eden space 23040K, 0% used [0x00000000d5b80000,0x00000000d5b80000,0x00000000d7200000)
  from space 6144K, 82% used [0x00000000d7880000,0x00000000d7d6bdb0,0x00000000d7e80000)
  to   space 6656K, 0% used [0x00000000d7200000,0x00000000d7200000,0x00000000d7880000)
 ParOldGen       total 87552K, used 21370K [0x0000000081200000, 0x0000000086780000, 0x00000000d5b80000)
  object space 87552K, 24% used [0x0000000081200000,0x00000000826deb68,0x0000000086780000)
 Metaspace       used 13516K, capacity 13716K, committed 14080K, reserved 1060864K
  class space    used 1645K, capacity 1704K, committed 1792K, reserved 1048576K
}
Event: 45.559 GC heap before
{Heap before GC invocations=55 (full 0):
 PSYoungGen      total 29184K, used 27999K [0x00000000d5b80000, 0x00000000d7f80000, 0x0000000100000000)
  eden space 23040K, 99% used [0x00000000d5b80000,0x00000000d71ec008,0x00000000d7200000)
  from space 6144K, 82% used [0x00000000d7880000,0x00000000d7d6bdb0,0x00000000d7e80000)
  to   space 6656K, 0% used [0x00000000d7200000,0x00000000d7200000,0x00000000d7880000)
 ParOldGen       total 87552K, used 21370K [0x0000000081200000, 0x0000000086780000, 0x00000000d5b80000)
  object space 87552K, 24% used [0x0000000081200000,0x00000000826deb68,0x0000000086780000)
 Metaspace       used 13562K, capacity 13780K, committed 14080K, reserved 1060864K
  class space    used 1645K, capacity 1704K, committed 1792K, reserved 1048576K
Event: 45.560 GC heap after
Heap after GC invocations=55 (full 0):
 PSYoungGen      total 29696K, used 2860K [0x00000000d5b80000, 0x00000000d7f00000, 0x0000000100000000)
  eden space 23040K, 0% used [0x00000000d5b80000,0x00000000d5b80000,0x00000000d7200000)
  from space 6656K, 42% used [0x00000000d7200000,0x00000000d74cb030,0x00000000d7880000)
  to   space 6656K, 0% used [0x00000000d7880000,0x00000000d7880000,0x00000000d7f00000)
 ParOldGen       total 87552K, used 21394K [0x0000000081200000, 0x0000000086780000, 0x00000000d5b80000)
  object space 87552K, 24% used [0x0000000081200000,0x00000000826e4b68,0x0000000086780000)
 Metaspace       used 13562K, capacity 13780K, committed 14080K, reserved 1060864K
  class space    used 1645K, capacity 1704K, committed 1792K, reserved 1048576K
}
Event: 46.181 GC heap before
{Heap before GC invocations=56 (full 0):
 PSYoungGen      total 29696K, used 25900K [0x00000000d5b80000, 0x00000000d7f00000, 0x0000000100000000)
  eden space 23040K, 100% used [0x00000000d5b80000,0x00000000d7200000,0x00000000d7200000)
  from space 6656K, 42% used [0x00000000d7200000,0x00000000d74cb030,0x00000000d7880000)
  to   space 6656K, 0% used [0x00000000d7880000,0x00000000d7880000,0x00000000d7f00000)
 ParOldGen       total 87552K, used 21394K [0x0000000081200000, 0x0000000086780000, 0x00000000d5b80000)
  object space 87552K, 24% used [0x0000000081200000,0x00000000826e4b68,0x0000000086780000)
 Metaspace       used 13562K, capacity 13780K, committed 14080K, reserved 1060864K
  class space    used 1645K, capacity 1704K, committed 1792K, reserved 1048576K
Event: 46.182 GC heap after
Heap after GC invocations=56 (full 0):
 PSYoungGen      total 28672K, used 4106K [0x00000000d5b80000, 0x00000000d7e00000, 0x0000000100000000)
  eden space 23040K, 0% used [0x00000000d5b80000,0x00000000d5b80000,0x00000000d7200000)
  from space 5632K, 72% used [0x00000000d7880000,0x00000000d7c82ba0,0x00000000d7e00000)
  to   space 6144K, 0% used [0x00000000d7200000,0x00000000d7200000,0x00000000d7800000)
 ParOldGen       total 87552K, used 21410K [0x0000000081200000, 0x0000000086780000, 0x00000000d5b80000)
  object space 87552K, 24% used [0x0000000081200000,0x00000000826e8b68,0x0000000086780000)
 Metaspace       used 13562K, capacity 13780K, committed 14080K, reserved 1060864K
  class space    used 1645K, capacity 1704K, committed 1792K, reserved 1048576K
}

Deoptimization events (4 events):
Event: 0.344 Thread 0x000000001adb5000 Uncommon trap: reason=null_check action=make_not_entrant pc=0x0000000004608f5c method=java.lang.String.equals(Ljava/lang/Object;)Z @ 8
Event: 2.920 Thread 0x000000001adb5000 Uncommon trap: reason=unstable_if action=reinterpret pc=0x000000000472a254 method=java.awt.Component.inside(II)Z @ 1
Event: 2.974 Thread 0x000000001adb5000 Uncommon trap: reason=unstable_if action=reinterpret pc=0x00000000046f1824 method=leap.ImagePanel.paint(Ljava/awt/Graphics;)V @ 378
Event: 14.262 Thread 0x000000001d493800 Uncommon trap: reason=unstable_if action=reinterpret pc=0x0000000004899f20 method=java.util.concurrent.locks.ReentrantLock$Sync.nonfairTryAcquire(I)Z @ 34

Internal exceptions (10 events):
Event: 0.147 Thread 0x0000000004390800 Exception <a 'java/security/PrivilegedActionException'> (0x00000000d5c13888) thrown at [C:\re\workspace\8-2-build-windows-amd64-cygwin\jdk8u131\8869\hotspot\src\share\vm\prims\jvm.cpp, line 1390]
Event: 0.148 Thread 0x0000000004390800 Exception <a 'java/security/PrivilegedActionException'> (0x00000000d5c174f8) thrown at [C:\re\workspace\8-2-build-windows-amd64-cygwin\jdk8u131\8869\hotspot\src\share\vm\prims\jvm.cpp, line 1390]
Event: 0.148 Thread 0x0000000004390800 Exception <a 'java/security/PrivilegedActionException'> (0x00000000d5c17708) thrown at [C:\re\workspace\8-2-build-windows-amd64-cygwin\jdk8u131\8869\hotspot\src\share\vm\prims\jvm.cpp, line 1390]
Event: 0.156 Thread 0x0000000004390800 Exception <a 'java/io/FileNotFoundException'> (0x00000000d5c19c20) thrown at [C:\re\workspace\8-2-build-windows-amd64-cygwin\jdk8u131\8869\hotspot\src\share\vm\prims\jni.cpp, line 709]
Event: 0.224 Thread 0x0000000004390800 Exception <a 'java/lang/NoSuchFieldError': method resolution failed> (0x00000000d5d8e558) thrown at [C:\re\workspace\8-2-build-windows-amd64-cygwin\jdk8u131\8869\hotspot\src\share\vm\prims\methodHandles.cpp, line 1146]
Event: 0.232 Thread 0x0000000004390800 Exception <a 'java/lang/NoSuchFieldError': method resolution failed> (0x00000000d5d9b928) thrown at [C:\re\workspace\8-2-build-windows-amd64-cygwin\jdk8u131\8869\hotspot\src\share\vm\prims\methodHandles.cpp, line 1146]
Event: 0.322 Thread 0x000000001adb5000 Exception <a 'java/io/FileNotFoundException'> (0x00000000d6019af0) thrown at [C:\re\workspace\8-2-build-windows-amd64-cygwin\jdk8u131\8869\hotspot\src\share\vm\prims\jni.cpp, line 709]
Event: 0.344 Thread 0x000000001adb5000 Implicit null exception at 0x0000000004608d9b to 0x0000000004608f4d
Event: 7.674 Thread 0x000000001adb5000 Exception <a 'java/lang/Error'> (0x00000000d727b8a0) thrown at [C:\re\workspace\8-2-build-windows-amd64-cygwin\jdk8u131\8869\hotspot\src\share\vm\prims\jvm.cpp, line 1394]
Event: 7.674 Thread 0x000000001adb5000 Exception <a 'java/lang/Error'> (0x00000000d727b8a0) thrown at [C:\re\workspace\8-2-build-windows-amd64-cygwin\jdk8u131\8869\hotspot\src\share\vm\prims\jvm.cpp, line 1394]

Events (10 events):
Event: 46.359 Executing VM operation: RevokeBias
Event: 46.359 Executing VM operation: RevokeBias done
Event: 46.359 loading class java/util/WeakHashMap$KeyIterator
Event: 46.360 loading class java/util/WeakHashMap$HashIterator
Event: 46.360 loading class java/util/WeakHashMap$HashIterator done
Event: 46.360 loading class java/util/WeakHashMap$KeyIterator done
Event: 46.360 Thread 0x000000001abbc000 Thread exited: 0x000000001abbc000
Event: 46.395 Thread 0x000000001adb4000 Thread exited: 0x000000001adb4000
Event: 46.461 Thread 0x000000001903f800 Thread exited: 0x000000001903f800
Event: 46.461 Executing VM operation: Exit


Dynamic libraries:
0x00007ff7ac100000 - 0x00007ff7ac137000 	C:\Program Files\Java\jre1.8.0_131\bin\javaw.exe
0x00007ffbd99e0000 - 0x00007ffbd9bc0000 	C:\WINDOWS\SYSTEM32\ntdll.dll
0x00007ffbd71a0000 - 0x00007ffbd724e000 	C:\WINDOWS\System32\KERNEL32.DLL
0x00007ffbd5de0000 - 0x00007ffbd6046000 	C:\WINDOWS\System32\KERNELBASE.dll
0x00007ffbd9170000 - 0x00007ffbd9211000 	C:\WINDOWS\System32\ADVAPI32.dll
0x00007ffbd6eb0000 - 0x00007ffbd6f4d000 	C:\WINDOWS\System32\msvcrt.dll
0x00007ffbd8810000 - 0x00007ffbd886b000 	C:\WINDOWS\System32\sechost.dll
0x00007ffbd8f60000 - 0x00007ffbd907f000 	C:\WINDOWS\System32\RPCRT4.dll
0x00007ffbd96a0000 - 0x00007ffbd982f000 	C:\WINDOWS\System32\USER32.dll
0x00007ffbd60a0000 - 0x00007ffbd60c0000 	C:\WINDOWS\System32\win32u.dll
0x00007ffbd9830000 - 0x00007ffbd9858000 	C:\WINDOWS\System32\GDI32.dll
0x00007ffbd62e0000 - 0x00007ffbd6473000 	C:\WINDOWS\System32\gdi32full.dll
0x00007ffbd60c0000 - 0x00007ffbd615b000 	C:\WINDOWS\System32\msvcp_win.dll
0x00007ffbd6160000 - 0x00007ffbd6256000 	C:\WINDOWS\System32\ucrtbase.dll
0x00007ffbbc760000 - 0x00007ffbbc9c9000 	C:\WINDOWS\WinSxS\amd64_microsoft.windows.common-controls_6595b64144ccf1df_6.0.16299.248_none_15ced204935f55d7\COMCTL32.dll
0x00007ffbd9390000 - 0x00007ffbd9698000 	C:\WINDOWS\System32\combase.dll
0x00007ffbd6260000 - 0x00007ffbd62d2000 	C:\WINDOWS\System32\bcryptPrimitives.dll
0x00007ffbd98c0000 - 0x00007ffbd98ed000 	C:\WINDOWS\System32\IMM32.DLL
0x0000000072010000 - 0x00000000720e2000 	C:\Program Files\Java\jre1.8.0_131\bin\msvcr100.dll
0x00000000716c0000 - 0x0000000071f5c000 	C:\Program Files\Java\jre1.8.0_131\bin\server\jvm.dll
0x00007ffbd88d0000 - 0x00007ffbd88d8000 	C:\WINDOWS\System32\PSAPI.DLL
0x00007ffbbb0d0000 - 0x00007ffbbb0d9000 	C:\WINDOWS\SYSTEM32\WSOCK32.dll
0x00007ffbd2830000 - 0x00007ffbd2853000 	C:\WINDOWS\SYSTEM32\WINMM.dll
0x00007ffbd7360000 - 0x00007ffbd73cc000 	C:\WINDOWS\System32\WS2_32.dll
0x00007ffbcbe30000 - 0x00007ffbcbe3a000 	C:\WINDOWS\SYSTEM32\VERSION.dll
0x00007ffbd27d0000 - 0x00007ffbd27fa000 	C:\WINDOWS\SYSTEM32\WINMMBASE.dll
0x00007ffbd6050000 - 0x00007ffbd609a000 	C:\WINDOWS\System32\cfgmgr32.dll
0x0000000072350000 - 0x000000007235f000 	C:\Program Files\Java\jre1.8.0_131\bin\verify.dll
0x0000000072320000 - 0x0000000072349000 	C:\Program Files\Java\jre1.8.0_131\bin\java.dll
0x0000000072300000 - 0x0000000072316000 	C:\Program Files\Java\jre1.8.0_131\bin\zip.dll
0x00007ffbd73d0000 - 0x00007ffbd8806000 	C:\WINDOWS\System32\SHELL32.dll
0x00007ffbd9900000 - 0x00007ffbd99a6000 	C:\WINDOWS\System32\shcore.dll
0x00007ffbd6530000 - 0x00007ffbd6c77000 	C:\WINDOWS\System32\windows.storage.dll
0x00007ffbd8d30000 - 0x00007ffbd8d81000 	C:\WINDOWS\System32\shlwapi.dll
0x00007ffbd5d30000 - 0x00007ffbd5d41000 	C:\WINDOWS\System32\kernel.appcore.dll
0x00007ffbd5d70000 - 0x00007ffbd5dbc000 	C:\WINDOWS\System32\powrprof.dll
0x00007ffbd5dc0000 - 0x00007ffbd5ddb000 	C:\WINDOWS\System32\profapi.dll
0x00000000720f0000 - 0x0000000072288000 	C:\Program Files\Java\jre1.8.0_131\bin\awt.dll
0x00007ffbd9080000 - 0x00007ffbd9145000 	C:\WINDOWS\System32\OLEAUT32.dll
0x00007ffbd3c10000 - 0x00007ffbd3c98000 	C:\WINDOWS\SYSTEM32\apphelp.dll
0x00007ffbd3d90000 - 0x00007ffbd3e25000 	C:\WINDOWS\system32\uxtheme.dll
0x00007ffbd9220000 - 0x00007ffbd9387000 	C:\WINDOWS\System32\MSCTF.dll
0x00007ffbab640000 - 0x00007ffbab6e9000 	C:\Program Files\Common Files\microsoft shared\ink\tiptsf.dll
0x00007ffbd40e0000 - 0x00007ffbd410a000 	C:\WINDOWS\system32\dwmapi.dll
0x00007ffbd8e10000 - 0x00007ffbd8f59000 	C:\WINDOWS\System32\ole32.dll
0x00007ffbadac0000 - 0x00007ffbadbde000 	C:\WINDOWS\system32\opengl32.dll
0x00007ffbc93f0000 - 0x00007ffbc941c000 	C:\WINDOWS\SYSTEM32\GLU32.dll
0x0000000071670000 - 0x00000000716b7000 	C:\Program Files\Java\jre1.8.0_131\bin\fontmanager.dll
0x00000000722e0000 - 0x00000000722fa000 	C:\Program Files\Java\jre1.8.0_131\bin\net.dll
0x0000000180000000 - 0x000000018008c000 	C:\WINDOWS\system32\ASProxy64.dll
0x00007ffbd5350000 - 0x00007ffbd5389000 	C:\WINDOWS\SYSTEM32\IPHLPAPI.DLL
0x00007ffbd55c0000 - 0x00007ffbd5626000 	C:\WINDOWS\SYSTEM32\MSWSOCK.dll
0x00007ffbd5c60000 - 0x00007ffbd5c90000 	C:\WINDOWS\SYSTEM32\SspiCli.dll
0x00000000722c0000 - 0x00000000722d1000 	C:\Program Files\Java\jre1.8.0_131\bin\nio.dll
0x0000000071620000 - 0x0000000071662000 	C:\Program Files\Java\jre1.8.0_131\bin\t2k.dll
0x00007ffbc5920000 - 0x00007ffbc595e000 	C:\Users\weand\Desktop\Capstone project\CCR\GantryRobot\LeapMotion\LeapSDK\lib\x64\LeapJava.dll
0x00007ffba7220000 - 0x00007ffba730f000 	C:\Program Files\Java\jre1.8.0_131\bin\MSVCR120.dll
0x00007ffbbbfa0000 - 0x00007ffbbc046000 	C:\Program Files\Java\jre1.8.0_131\bin\MSVCP120.dll
0x00007ffba70b0000 - 0x00007ffba721b000 	C:\Users\weand\Desktop\Capstone project\CCR\GantryRobot\LeapMotion\LeapSDK\lib\x64\Leap.dll
0x00007ffbd4e70000 - 0x00007ffbd4ea1000 	C:\WINDOWS\SYSTEM32\ntmarta.dll
0x00007ffb8b090000 - 0x00007ffb8ba61000 	C:\Users\weand\Desktop\Capstone project\CCR\GantryRobot\OpenCV\opencv\build\java\x64\opencv_java2410.dll
0x00007ffbc8e00000 - 0x00007ffbc8e1f000 	C:\WINDOWS\SYSTEM32\AVIFIL32.dll
0x00007ffbc9420000 - 0x00007ffbc9449000 	C:\WINDOWS\SYSTEM32\MSVFW32.dll
0x00007ffbc9000000 - 0x00007ffbc9018000 	C:\WINDOWS\SYSTEM32\AVICAP32.dll
0x00007ffbcd340000 - 0x00007ffbcd35c000 	C:\WINDOWS\SYSTEM32\MSACM32.dll
0x00007ffbd6f50000 - 0x00007ffbd6fee000 	C:\WINDOWS\System32\clbcatq.dll
0x00007ffbd22d0000 - 0x00007ffbd247b000 	C:\WINDOWS\SYSTEM32\WindowsCodecs.dll
0x00007ffbb06c0000 - 0x00007ffbb070f000 	C:\WINDOWS\system32\dataexchange.dll
0x00007ffbd2d50000 - 0x00007ffbd3032000 	C:\WINDOWS\system32\d3d11.dll
0x00007ffbd36e0000 - 0x00007ffbd3822000 	C:\WINDOWS\system32\dcomp.dll
0x00007ffbd4ba0000 - 0x00007ffbd4c4f000 	C:\WINDOWS\system32\dxgi.dll
0x00007ffbd4260000 - 0x00007ffbd43db000 	C:\WINDOWS\system32\twinapi.appcore.dll
0x00007ffbd41d0000 - 0x00007ffbd41f0000 	C:\WINDOWS\system32\RMCLIENT.dll
0x00007ffbd5890000 - 0x00007ffbd58b5000 	C:\WINDOWS\system32\bcrypt.dll
0x00007ffbb5800000 - 0x00007ffbb5898000 	C:\WINDOWS\System32\TextInputFramework.dll
0x00007ffbd1ea0000 - 0x00007ffbd218e000 	C:\WINDOWS\System32\CoreUIComponents.dll
0x00007ffbd3600000 - 0x00007ffbd36dc000 	C:\WINDOWS\System32\CoreMessaging.dll
0x00007ffbd1d60000 - 0x00007ffbd1e96000 	C:\WINDOWS\SYSTEM32\wintypes.dll
0x00007ffbb3d40000 - 0x00007ffbb3f46000 	C:\Windows\System32\uiautomationcore.dll
0x00007ffbd5b90000 - 0x00007ffbd5c2a000 	C:\WINDOWS\SYSTEM32\sxs.dll
0x00007ffbb0d00000 - 0x00007ffbb0d6e000 	C:\Windows\System32\OLEACC.dll
0x00007ffbb52a0000 - 0x00007ffbb5321000 	C:\WINDOWS\SYSTEM32\twinapi.dll
0x00007ffbc5900000 - 0x00007ffbc5918000 	C:\Windows\System32\devenum.dll
0x00007ffbd88e0000 - 0x00007ffbd8d2e000 	C:\WINDOWS\System32\setupapi.dll
0x00007ffbd5b40000 - 0x00007ffbd5b67000 	C:\WINDOWS\SYSTEM32\DEVOBJ.dll
0x00007ffbd6c80000 - 0x00007ffbd6cd8000 	C:\WINDOWS\System32\WINTRUST.dll
0x00007ffbd5d50000 - 0x00007ffbd5d62000 	C:\WINDOWS\System32\MSASN1.dll
0x00007ffbd6ce0000 - 0x00007ffbd6eae000 	C:\WINDOWS\System32\CRYPT32.dll
0x00007ffbb0710000 - 0x00007ffbb071a000 	C:\WINDOWS\SYSTEM32\msdmo.dll
0x00007ffbbde60000 - 0x00007ffbbde93000 	C:\Windows\System32\qcap.dll
0x00007ffb9a620000 - 0x00007ffb9a7dc000 	C:\Windows\System32\quartz.dll
0x00007ffbbd3d0000 - 0x00007ffbbd41e000 	C:\Windows\System32\mfksproxy.dll
0x00007ffbcdb20000 - 0x00007ffbcdb3d000 	C:\Windows\System32\ATL.DLL
0x00007ffbcd890000 - 0x00007ffbcd8c6000 	C:\Windows\System32\MFSENSORGROUP.dll
0x00007ffbcd6d0000 - 0x00007ffbcd881000 	C:\Windows\System32\MFPlat.DLL
0x00007ffbcd690000 - 0x00007ffbcd6c2000 	C:\Windows\System32\RTWorkQ.DLL
0x00007ffbccc10000 - 0x00007ffbcd057000 	C:\Windows\System32\MFCORE.dll
0x00007ffbccc00000 - 0x00007ffbccc09000 	C:\Windows\System32\ksuser.dll
0x00007ffbd57a0000 - 0x00007ffbd57ab000 	C:\Windows\System32\CRYPTBASE.DLL
0x00007ffbb1890000 - 0x00007ffbb18e0000 	C:\Windows\System32\FSClient.dll
0x00007ffbd22c0000 - 0x00007ffbd22ca000 	C:\Windows\System32\AVRT.dll
0x00007ffbc9710000 - 0x00007ffbc971c000 	C:\Windows\System32\vidcap.ax
0x00007ffbbdd50000 - 0x00007ffbbdd76000 	C:\Windows\System32\kswdmcap.ax
0x00007ffb9c1a0000 - 0x00007ffb9c305000 	C:\Windows\System32\MFC42.dll
0x00007ffb99740000 - 0x00007ffb99cb2000 	C:\WINDOWS\system32\IntelCameraPlugin64.dll
0x00007ffbd1b90000 - 0x00007ffbd1c0a000 	C:\WINDOWS\SYSTEM32\policymanager.dll
0x00007ffbd1a30000 - 0x00007ffbd1ac0000 	C:\Windows\System32\msvcp110_win.dll
0x00007ffb9c7a0000 - 0x00007ffb9c8aa000 	C:\Windows\System32\MFReadWrite.dll
0x00007ffba64d0000 - 0x00007ffba6570000 	C:\Windows\System32\qedit.dll
0x00007ffbd7250000 - 0x00007ffbd735a000 	C:\WINDOWS\System32\COMDLG32.dll
0x00007ffbba4f0000 - 0x00007ffbba68c000 	C:\WINDOWS\WinSxS\amd64_microsoft.windows.gdiplus_6595b64144ccf1df_1.1.16299.248_none_46b9c4e9edf1cfa5\gdiplus.dll
0x00007ffba5770000 - 0x00007ffba5866000 	C:\Windows\System32\DDRAW.dll
0x00007ffbcda70000 - 0x00007ffbcda78000 	C:\Windows\System32\DCIMAN32.dll
0x00007ffbc94b0000 - 0x00007ffbc94bc000 	C:\WINDOWS\SYSTEM32\msyuv.dll
0x00007ffbd5780000 - 0x00007ffbd5797000 	C:\WINDOWS\SYSTEM32\CRYPTSP.dll
0x00007ffbd51d0000 - 0x00007ffbd5203000 	C:\WINDOWS\system32\rsaenh.dll
0x00007ffbd5c30000 - 0x00007ffbd5c59000 	C:\WINDOWS\SYSTEM32\USERENV.dll
0x00007ffbd6ff0000 - 0x00007ffbd6ff8000 	C:\WINDOWS\System32\NSI.dll
0x00007ffbcbc40000 - 0x00007ffbcbc56000 	C:\WINDOWS\SYSTEM32\dhcpcsvc6.DLL
0x00007ffbcbf30000 - 0x00007ffbcbf4a000 	C:\WINDOWS\SYSTEM32\dhcpcsvc.DLL
0x00007ffbd4720000 - 0x00007ffbd48e8000 	C:\WINDOWS\SYSTEM32\dbghelp.dll

VM Arguments:
jvm_args: -Djava.library.path=C:\Users\weand\Desktop\Capstone project\CCR\GantryRobot\mfz-rxtx-2.2-20081207-win-x64;C:\Users\weand\Desktop\Capstone project\CCR\GantryRobot\OpenCV\opencv\build\java\x64;C:\Users\weand\Desktop\Capstone project\CCR\GantryRobot\LeapMotion\LeapSDK\lib\x64 -Dfile.encoding=Cp1252 
java_command: leap.RXTXGui
java_class_path (initial): C:\Users\weand\workspace\Gantry_1\bin;C:\Users\weand\Desktop\Capstone project\CCR\GantryRobot\mfz-rxtx-2.2-20081207-win-x64\RXTXcomm.jar;C:\Users\weand\Desktop\Capstone project\CCR\GantryRobot\OpenCV\opencv\build\java\opencv-2410.jar;C:\Users\weand\Desktop\Capstone project\CCR\GantryRobot\LeapMotion\LeapSDK\lib\LeapJava.jar
Launcher Type: SUN_STANDARD

Environment Variables:
PATH=C:\Users\weand\Desktop\Capstone project\CCR\GantryRobot\LeapMotion\LeapSDK\lib\x64;n;C:/Program Files/Java/jre1.8.0_131/lib/amd64;C:\ProgramData\Oracle\Java\javapath;C:\Program Files\Microsoft MPI\Bin\;C:\WINDOWS\system32;C:\WINDOWS;C:\WINDOWS\System32\Wbem;C:\WINDOWS\System32\WindowsPowerShell\v1.0\;C:\Program Files (x86)\Skype\Phone\;C:\Program Files\Microsoft SQL Server\130\Tools\Binn\;C:\Program Files\dotnet\;C:\Program Files (x86)\GtkSharp\2.12\bin;C:\Program Files\MySQL\MySQL Utilities 1.6\;C:\Program Files\Git\cmd;C:\Users\weand\AppData\Local\Microsoft\WindowsApps;C:\Program Files (x86)\Spiceworks\Nmap;;C:\Users\weand\Downloads\eclipse-java-kepler-SR1-win32-x86_64\eclipse;C:/Program Files/Java/jre1.8.0_131/bin/server;C:/Program Files/Java/jre1.8.0_131/bin;C:/Program Files/Java/jre1.8.0_131/lib/amd64;C:\ProgramData\Oracle\Java\javapath;C:\Program Files\Microsoft MPI\Bin\;C:\WINDOWS\system32;C:\WINDOWS;C:\WINDOWS\System32\Wbem;C:\WINDOWS\System32\WindowsPowerShell\v1.0\;C:\Program Files (x86)\Skype\Phone\;C:\Program Files\Microsoft SQL Server\130\Tools\Binn\;C:\Program Files\dotnet\;C:\Program Files (x86)\GtkSharp\2.12\bin;C:\Program Files\MySQL\MySQL Utilities 1.6\;C:\Program Files\Git\cmd;C:\Users\weand\AppData\Local\Microsoft\WindowsApps;C:\Program Files (x86)\Spiceworks\Nmap;;C:\Users\weand\Downloads\eclipse-java-kepler-SR1-win32-x86_64\eclipse;
USERNAME=weand
OS=Windows_NT
PROCESSOR_IDENTIFIER=Intel64 Family 6 Model 78 Stepping 3, GenuineIntel



---------------  S Y S T E M  ---------------

OS: Windows 10.0 , 64 bit Build 16299 (10.0.16299.15)

CPU:total 4 (initial active 4) (2 cores per cpu, 2 threads per core) family 6 model 78 stepping 3, cmov, cx8, fxsr, mmx, sse, sse2, sse3, ssse3, sse4.1, sse4.2, popcnt, avx, avx2, aes, clmul, erms, rtm, 3dnowpref, lzcnt, ht, tsc, tscinvbit, bmi1, bmi2, adx

Memory: 4k page, physical 8311896k(1886348k free), swap 12768344k(2924124k free)

vm_info: Java HotSpot(TM) 64-Bit Server VM (25.131-b11) for windows-amd64 JRE (1.8.0_131-b11), built on Mar 15 2017 01:23:53 by "java_re" with MS VC++ 10.0 (VS2010)

time: Thu Mar 15 11:22:27 2018
elapsed time: 47 seconds (0d 0h 0m 47s)

