#
# A fatal error has been detected by the Java Runtime Environment:
#
#  Internal Error (0xc000000d), pid=20812, tid=0x00000000000060bc
#
# JRE version: Java(TM) SE Runtime Environment (8.0_131-b11) (build 1.8.0_131-b11)
# Java VM: Java HotSpot(TM) 64-Bit Server VM (25.131-b11 mixed mode windows-amd64 compressed oops)
# Problematic frame:
# C  [ntdll.dll+0x10b2c0]
#
# Failed to write core dump. Minidumps are not enabled by default on client versions of Windows
#
# If you would like to submit a bug report, please visit:
#   http://bugreport.java.com/bugreport/crash.jsp
#

---------------  T H R E A D  ---------------

Current thread (0x0000000019577800):  VMThread [stack: 0x000000001a600000,0x000000001a700000] [id=24764]

siginfo: ExceptionCode=0xc000000d

Registers:
RAX=0x0000000004a220b0, RBX=0x0000000000000001, RCX=0x0000000019578c50, RDX=0x0000000000000001
RSP=0x000000001a6fec10, RBP=0x000000001f1ded40, RSI=0x000000001f1def78, RDI=0x000000001f1cba30
R8 =0x0000000004a220b0, R9 =0x0000000019578c50, R10=0x0000000065bb2c01, R11=0x0000000019578c60
R12=0x00007ffe63d26680, R13=0x0000000000000001, R14=0x000000001f1c0690, R15=0x000000001f1c0690
RIP=0x00007ffe6d8fb2c0, EFLAGS=0x0000000000000202

Top of Stack: (sp=0x000000001a6fec10)
0x000000001a6fec10:   0000000000000057 0000000000000001
0x000000001a6fec20:   000000001f1def78 000000001f1cba30
0x000000001a6fec30:   00000000c000000d 0000000000000000
0x000000001a6fec40:   00007ffe6d8fb2c0 0000000000000000
0x000000001a6fec50:   0000000000000000 0000000000000000
0x000000001a6fec60:   0000000000000000 0000000000000000
0x000000001a6fec70:   0000000000000000 0000000000000000
0x000000001a6fec80:   0000000000000000 0000000000000000
0x000000001a6fec90:   0000000000000000 0000000000000000
0x000000001a6feca0:   0000000000000000 0000000000000000
0x000000001a6fecb0:   0000000000000000 0000000000000000
0x000000001a6fecc0:   0000000000000000 0000000000000000
0x000000001a6fecd0:   00009df7e03441ab 000000001f1cba30
0x000000001a6fece0:   000000001f1def78 00007ffe63d24907
0x000000001a6fecf0:   000000001f1cba30 000000001f1c0690
0x000000001a6fed00:   00000000f46857d4 0000000000000020 

Instructions: (pc=0x00007ffe6d8fb2c0)
0x00007ffe6d8fb2a0:   b7 f9 ff c7 44 24 20 0d 00 00 c0 b9 57 00 00 00
0x00007ffe6d8fb2b0:   e8 3b 63 f3 ff 90 48 8d 4c 24 20 e8 80 00 f1 ff
0x00007ffe6d8fb2c0:   eb 00 48 8b 8c 24 c0 00 00 00 48 33 cc e8 ae 57
0x00007ffe6d8fb2d0:   f8 ff 48 81 c4 d8 00 00 00 c3 40 55 48 83 ec 20 


Register to memory mapping:

RAX=0x0000000004a220b0 is an unknown value
RBX=0x0000000000000001 is an unknown value
RCX=0x0000000019578c50 is an unknown value
RDX=0x0000000000000001 is an unknown value
RSP=0x000000001a6fec10 is an unknown value
RBP=0x000000001f1ded40 is an unknown value
RSI=0x000000001f1def78 is an unknown value
RDI=0x000000001f1cba30 is an unknown value
R8 =0x0000000004a220b0 is an unknown value
R9 =0x0000000019578c50 is an unknown value
R10=0x0000000065bb2c01 is an unknown value
R11=0x0000000019578c60 is an unknown value
R12=0x00007ffe63d26680 is an unknown value
R13=0x0000000000000001 is an unknown value
R14=0x000000001f1c0690 is an unknown value
R15=0x000000001f1c0690 is an unknown value


Stack: [0x000000001a600000,0x000000001a700000],  sp=0x000000001a6fec10,  free space=1019k
Native frames: (J=compiled Java code, j=interpreted, Vv=VM code, C=native code)
C  [ntdll.dll+0x10b2c0]
C  [RTWorkQ.DLL+0x4907]
C  [RTWorkQ.DLL+0x9e46]
C  [RTWorkQ.DLL+0x7565]
C  [MFPlat.DLL+0x1d05b]
C  [MFReadWrite.dll+0x16348]
C  [MFReadWrite.dll+0xfb0d]
C  [MFReadWrite.dll+0xf863]
C  [mfksproxy.dll+0x194d0]
C  [mfksproxy.dll+0x18069]
C  [mfksproxy.dll+0x6eeb]
C  [quartz.dll+0x42e19]
C  [quartz.dll+0x553ef]
C  [quartz.dll+0x57932]
C  [quartz.dll+0x56d75]
C  [opencv_java2410.dll+0x2aaa1e]
C  [opencv_java2410.dll+0x5f43d0]
C  [opencv_java2410.dll+0x508e75]
C  [opencv_java2410.dll+0x4fc0f6]
C  [opencv_java2410.dll+0x4fc269]
C  [ntdll.dll+0x11493]
C  [ntdll.dll+0x406b5]
C  [ntdll.dll+0x40574]
C  [KERNEL32.DLL+0xf06a]
C  [msvcr100.dll+0x20ccd]
V  [jvm.dll+0x213235]
V  [jvm.dll+0x24c2a7]
V  [jvm.dll+0x24b546]
V  [jvm.dll+0x24b9e1]
V  [jvm.dll+0x24bbfe]
V  [jvm.dll+0x29cc1a]
C  [msvcr100.dll+0x21d9f]
C  [msvcr100.dll+0x21e3b]
C  [KERNEL32.DLL+0x11fe4]
C  [ntdll.dll+0x6efb1]

VM_Operation (0x000000001c6dcdd0): Exit, mode: safepoint, requested by thread 0x000000001b1ec800


---------------  P R O C E S S  ---------------

Java Threads: ( => current thread )
  0x000000001c781800 JavaThread "TimerQueue" daemon [_thread_blocked, id=25572, stack(0x000000001ecd0000,0x000000001edd0000)]
  0x0000000004830800 JavaThread "DestroyJavaVM" [_thread_blocked, id=21216, stack(0x0000000002f10000,0x0000000003010000)]
  0x000000001b1ec800 JavaThread "AWT-EventQueue-0" [_thread_blocked, id=17512, stack(0x000000001c5e0000,0x000000001c6e0000)]
  0x000000001b1ea000 JavaThread "AWT-Shutdown" [_thread_blocked, id=8920, stack(0x000000001b8e0000,0x000000001b9e0000)]
  0x000000001b1e8800 JavaThread "Java2D Disposer" daemon [_thread_blocked, id=20572, stack(0x000000001b7e0000,0x000000001b8e0000)]
  0x000000001960e800 JavaThread "Service Thread" daemon [_thread_blocked, id=22968, stack(0x000000001b200000,0x000000001b300000)]
  0x00000000195ba000 JavaThread "C1 CompilerThread2" daemon [_thread_blocked, id=22960, stack(0x000000001ad00000,0x000000001ae00000)]
  0x00000000195b3000 JavaThread "C2 CompilerThread1" daemon [_thread_blocked, id=17692, stack(0x000000001ac00000,0x000000001ad00000)]
  0x00000000195ae800 JavaThread "C2 CompilerThread0" daemon [_thread_blocked, id=22204, stack(0x000000001ab00000,0x000000001ac00000)]
  0x00000000195ad000 JavaThread "Attach Listener" daemon [_thread_blocked, id=20608, stack(0x000000001aa00000,0x000000001ab00000)]
  0x000000001959a800 JavaThread "Finalizer" daemon [_thread_blocked, id=2096, stack(0x000000001a800000,0x000000001a900000)]
  0x000000000491f000 JavaThread "Reference Handler" daemon [_thread_blocked, id=12596, stack(0x000000001a700000,0x000000001a800000)]

Other Threads:
=>0x0000000019577800 VMThread [stack: 0x000000001a600000,0x000000001a700000] [id=24764]

VM state:at safepoint (shutting down)

VM Mutex/Monitor currently owned by a thread:  ([mutex/lock_event])
[0x0000000004a2beb0] Threads_lock - owner thread: 0x0000000019577800

Heap:
 PSYoungGen      total 26624K, used 22901K [0x00000000d5b80000, 0x00000000d8f00000, 0x0000000100000000)
  eden space 24064K, 86% used [0x00000000d5b80000,0x00000000d6fb6418,0x00000000d7300000)
  from space 2560K, 86% used [0x00000000d7300000,0x00000000d7527260,0x00000000d7580000)
  to   space 14336K, 0% used [0x00000000d8100000,0x00000000d8100000,0x00000000d8f00000)
 ParOldGen       total 57344K, used 12551K [0x0000000081200000, 0x0000000084a00000, 0x00000000d5b80000)
  object space 57344K, 21% used [0x0000000081200000,0x0000000081e41ec0,0x0000000084a00000)
 Metaspace       used 11996K, capacity 12206K, committed 12416K, reserved 1060864K
  class space    used 1443K, capacity 1543K, committed 1664K, reserved 1048576K

Card table byte_map: [0x0000000013df0000,0x00000000141f0000] byte_map_base: 0x00000000139e7000

Marking Bits: (ParMarkBitMap*) 0x0000000065dcc720
 Begin Bits: [0x00000000148a0000, 0x0000000016858000)
 End Bits:   [0x0000000016858000, 0x0000000018810000)

Polling page: 0x0000000002a30000

CodeCache: size=245760Kb used=4688Kb max_used=4699Kb free=241071Kb
 bounds [0x0000000004a30000, 0x0000000004ed0000, 0x0000000013a30000]
 total_blobs=1964 nmethods=1373 adapters=503
 compilation: enabled

Compilation events (10 events):
Event: 41.351 Thread 0x00000000195ba000 1471       3       sun.security.provider.ByteArrayAccess::b2iBig64 (614 bytes)
Event: 41.352 Thread 0x00000000195ba000 nmethod 1471 0x0000000004ec6090 code [0x0000000004ec62a0, 0x0000000004ec7028]
Event: 41.508 Thread 0x00000000195b3000 1472       4       java.util.concurrent.locks.AbstractQueuedSynchronizer$ConditionObject::addConditionWaiter (64 bytes)
Event: 41.509 Thread 0x00000000195b3000 nmethod 1472 0x0000000004ec5d50 code [0x0000000004ec5ea0, 0x0000000004ec5fb8]
Event: 41.773 Thread 0x00000000195ae800 1473   !   4       java.util.concurrent.locks.AbstractQueuedSynchronizer::fullyRelease (54 bytes)
Event: 41.776 Thread 0x00000000195ae800 nmethod 1473 0x0000000004eca390 code [0x0000000004eca4e0, 0x0000000004eca6c8]
Event: 42.214 Thread 0x00000000195ba000 1474       3       sun.security.provider.ByteArrayAccess::i2bBig4 (111 bytes)
Event: 42.215 Thread 0x00000000195ba000 nmethod 1474 0x0000000004ec9dd0 code [0x0000000004ec9f40, 0x0000000004eca228]
Event: 42.242 Thread 0x00000000195b3000 1475       4       javax.swing.JComponent::getWidth (5 bytes)
Event: 42.242 Thread 0x00000000195b3000 nmethod 1475 0x0000000004d80c90 code [0x0000000004d80dc0, 0x0000000004d80e18]

GC Heap History (10 events):
Event: 39.380 GC heap before
{Heap before GC invocations=24 (full 1):
 PSYoungGen      total 40960K, used 29000K [0x00000000d5b80000, 0x00000000d9700000, 0x0000000100000000)
  eden space 24064K, 100% used [0x00000000d5b80000,0x00000000d7300000,0x00000000d7300000)
  from space 16896K, 29% used [0x00000000d8680000,0x00000000d8b52360,0x00000000d9700000)
  to   space 18432K, 0% used [0x00000000d7300000,0x00000000d7300000,0x00000000d8500000)
 ParOldGen       total 57344K, used 12471K [0x0000000081200000, 0x0000000084a00000, 0x00000000d5b80000)
  object space 57344K, 21% used [0x0000000081200000,0x0000000081e2dec0,0x0000000084a00000)
 Metaspace       used 11984K, capacity 12206K, committed 12416K, reserved 1060864K
  class space    used 1441K, capacity 1543K, committed 1664K, reserved 1048576K
Event: 39.381 GC heap after
Heap after GC invocations=24 (full 1):
 PSYoungGen      total 28160K, used 4068K [0x00000000d5b80000, 0x00000000d9500000, 0x0000000100000000)
  eden space 24064K, 0% used [0x00000000d5b80000,0x00000000d5b80000,0x00000000d7300000)
  from space 4096K, 99% used [0x00000000d7300000,0x00000000d76f93f0,0x00000000d7700000)
  to   space 17408K, 0% used [0x00000000d8400000,0x00000000d8400000,0x00000000d9500000)
 ParOldGen       total 57344K, used 12487K [0x0000000081200000, 0x0000000084a00000, 0x00000000d5b80000)
  object space 57344K, 21% used [0x0000000081200000,0x0000000081e31ec0,0x0000000084a00000)
 Metaspace       used 11984K, capacity 12206K, committed 12416K, reserved 1060864K
  class space    used 1441K, capacity 1543K, committed 1664K, reserved 1048576K
}
Event: 40.071 GC heap before
{Heap before GC invocations=25 (full 1):
 PSYoungGen      total 28160K, used 28132K [0x00000000d5b80000, 0x00000000d9500000, 0x0000000100000000)
  eden space 24064K, 100% used [0x00000000d5b80000,0x00000000d7300000,0x00000000d7300000)
  from space 4096K, 99% used [0x00000000d7300000,0x00000000d76f93f0,0x00000000d7700000)
  to   space 17408K, 0% used [0x00000000d8400000,0x00000000d8400000,0x00000000d9500000)
 ParOldGen       total 57344K, used 12487K [0x0000000081200000, 0x0000000084a00000, 0x00000000d5b80000)
  object space 57344K, 21% used [0x0000000081200000,0x0000000081e31ec0,0x0000000084a00000)
 Metaspace       used 11984K, capacity 12206K, committed 12416K, reserved 1060864K
  class space    used 1441K, capacity 1543K, committed 1664K, reserved 1048576K
Event: 40.073 GC heap after
Heap after GC invocations=25 (full 1):
 PSYoungGen      total 39424K, used 4968K [0x00000000d5b80000, 0x00000000d9300000, 0x0000000100000000)
  eden space 24064K, 0% used [0x00000000d5b80000,0x00000000d5b80000,0x00000000d7300000)
  from space 15360K, 32% used [0x00000000d8400000,0x00000000d88da2e8,0x00000000d9300000)
  to   space 16384K, 0% used [0x00000000d7300000,0x00000000d7300000,0x00000000d8300000)
 ParOldGen       total 57344K, used 12511K [0x0000000081200000, 0x0000000084a00000, 0x00000000d5b80000)
  object space 57344K, 21% used [0x0000000081200000,0x0000000081e37ec0,0x0000000084a00000)
 Metaspace       used 11984K, capacity 12206K, committed 12416K, reserved 1060864K
  class space    used 1441K, capacity 1543K, committed 1664K, reserved 1048576K
}
Event: 40.754 GC heap before
{Heap before GC invocations=26 (full 1):
 PSYoungGen      total 39424K, used 28196K [0x00000000d5b80000, 0x00000000d9300000, 0x0000000100000000)
  eden space 24064K, 96% used [0x00000000d5b80000,0x00000000d722f048,0x00000000d7300000)
  from space 15360K, 32% used [0x00000000d8400000,0x00000000d88da2e8,0x00000000d9300000)
  to   space 16384K, 0% used [0x00000000d7300000,0x00000000d7300000,0x00000000d8300000)
 ParOldGen       total 57344K, used 12511K [0x0000000081200000, 0x0000000084a00000, 0x00000000d5b80000)
  object space 57344K, 21% used [0x0000000081200000,0x0000000081e37ec0,0x0000000084a00000)
 Metaspace       used 11985K, capacity 12206K, committed 12416K, reserved 1060864K
  class space    used 1441K, capacity 1543K, committed 1664K, reserved 1048576K
Event: 40.755 GC heap after
Heap after GC invocations=26 (full 1):
 PSYoungGen      total 27648K, used 3104K [0x00000000d5b80000, 0x00000000d9200000, 0x0000000100000000)
  eden space 24064K, 0% used [0x00000000d5b80000,0x00000000d5b80000,0x00000000d7300000)
  from space 3584K, 86% used [0x00000000d7300000,0x00000000d7608218,0x00000000d7680000)
  to   space 15872K, 0% used [0x00000000d8280000,0x00000000d8280000,0x00000000d9200000)
 ParOldGen       total 57344K, used 12527K [0x0000000081200000, 0x0000000084a00000, 0x00000000d5b80000)
  object space 57344K, 21% used [0x0000000081200000,0x0000000081e3bec0,0x0000000084a00000)
 Metaspace       used 11985K, capacity 12206K, committed 12416K, reserved 1060864K
  class space    used 1441K, capacity 1543K, committed 1664K, reserved 1048576K
}
Event: 41.373 GC heap before
{Heap before GC invocations=27 (full 1):
 PSYoungGen      total 27648K, used 27168K [0x00000000d5b80000, 0x00000000d9200000, 0x0000000100000000)
  eden space 24064K, 100% used [0x00000000d5b80000,0x00000000d7300000,0x00000000d7300000)
  from space 3584K, 86% used [0x00000000d7300000,0x00000000d7608218,0x00000000d7680000)
  to   space 15872K, 0% used [0x00000000d8280000,0x00000000d8280000,0x00000000d9200000)
 ParOldGen       total 57344K, used 12527K [0x0000000081200000, 0x0000000084a00000, 0x00000000d5b80000)
  object space 57344K, 21% used [0x0000000081200000,0x0000000081e3bec0,0x0000000084a00000)
 Metaspace       used 11988K, capacity 12206K, committed 12416K, reserved 1060864K
  class space    used 1441K, capacity 1543K, committed 1664K, reserved 1048576K
Event: 41.375 GC heap after
Heap after GC invocations=27 (full 1):
 PSYoungGen      total 37888K, used 4936K [0x00000000d5b80000, 0x00000000d9000000, 0x0000000100000000)
  eden space 24064K, 0% used [0x00000000d5b80000,0x00000000d5b80000,0x00000000d7300000)
  from space 13824K, 35% used [0x00000000d8280000,0x00000000d8752058,0x00000000d9000000)
  to   space 14848K, 0% used [0x00000000d7300000,0x00000000d7300000,0x00000000d8180000)
 ParOldGen       total 57344K, used 12543K [0x0000000081200000, 0x0000000084a00000, 0x00000000d5b80000)
  object space 57344K, 21% used [0x0000000081200000,0x0000000081e3fec0,0x0000000084a00000)
 Metaspace       used 11988K, capacity 12206K, committed 12416K, reserved 1060864K
  class space    used 1441K, capacity 1543K, committed 1664K, reserved 1048576K
}
Event: 42.027 GC heap before
{Heap before GC invocations=28 (full 1):
 PSYoungGen      total 37888K, used 29000K [0x00000000d5b80000, 0x00000000d9000000, 0x0000000100000000)
  eden space 24064K, 100% used [0x00000000d5b80000,0x00000000d7300000,0x00000000d7300000)
  from space 13824K, 35% used [0x00000000d8280000,0x00000000d8752058,0x00000000d9000000)
  to   space 14848K, 0% used [0x00000000d7300000,0x00000000d7300000,0x00000000d8180000)
 ParOldGen       total 57344K, used 12543K [0x0000000081200000, 0x0000000084a00000, 0x00000000d5b80000)
  object space 57344K, 21% used [0x0000000081200000,0x0000000081e3fec0,0x0000000084a00000)
 Metaspace       used 11988K, capacity 12206K, committed 12416K, reserved 1060864K
  class space    used 1441K, capacity 1543K, committed 1664K, reserved 1048576K
Event: 42.028 GC heap after
Heap after GC invocations=28 (full 1):
 PSYoungGen      total 26624K, used 2204K [0x00000000d5b80000, 0x00000000d8f00000, 0x0000000100000000)
  eden space 24064K, 0% used [0x00000000d5b80000,0x00000000d5b80000,0x00000000d7300000)
  from space 2560K, 86% used [0x00000000d7300000,0x00000000d7527260,0x00000000d7580000)
  to   space 14336K, 0% used [0x00000000d8100000,0x00000000d8100000,0x00000000d8f00000)
 ParOldGen       total 57344K, used 12551K [0x0000000081200000, 0x0000000084a00000, 0x00000000d5b80000)
  object space 57344K, 21% used [0x0000000081200000,0x0000000081e41ec0,0x0000000084a00000)
 Metaspace       used 11988K, capacity 12206K, committed 12416K, reserved 1060864K
  class space    used 1441K, capacity 1543K, committed 1664K, reserved 1048576K
}

Deoptimization events (7 events):
Event: 0.355 Thread 0x000000001b1ec800 Uncommon trap: reason=null_check action=make_not_entrant pc=0x0000000004bab6dc method=java.lang.String.equals(Ljava/lang/Object;)Z @ 8
Event: 7.476 Thread 0x000000001b1ec800 Uncommon trap: reason=unstable_if action=reinterpret pc=0x0000000004d0ac04 method=java.awt.Container.findComponentAtImpl(IIZ)Ljava/awt/Component; @ 131
Event: 7.853 Thread 0x000000001b1ec800 Uncommon trap: reason=unstable_if action=reinterpret pc=0x0000000004c8721c method=java.awt.Component.inside(II)Z @ 21
Event: 18.156 Thread 0x000000001b1ea800 Uncommon trap: reason=unstable_if action=reinterpret pc=0x0000000004ce8ad4 method=java.util.concurrent.locks.ReentrantLock$NonfairSync.lock()V @ 6
Event: 20.579 Thread 0x000000001b1ec800 Uncommon trap: reason=unstable_if action=reinterpret pc=0x0000000004d01384 method=java.util.concurrent.locks.ReentrantLock$Sync.tryRelease(I)Z @ 28
Event: 20.580 Thread 0x000000001b1ec800 Uncommon trap: reason=unstable_if action=reinterpret pc=0x0000000004ca0500 method=java.util.concurrent.locks.ReentrantLock$Sync.tryRelease(I)Z @ 28
Event: 29.899 Thread 0x000000001b1ec800 Uncommon trap: reason=unstable_if action=reinterpret pc=0x0000000004d280b4 method=java.awt.Container.getMouseEventTargetImpl(IIZLjava/awt/Container$EventTargetFilter;ZZ)Ljava/awt/Component; @ 218

Internal exceptions (10 events):
Event: 0.152 Thread 0x0000000004830800 Exception <a 'java/security/PrivilegedActionException'> (0x00000000d5c0c2a8) thrown at [C:\re\workspace\8-2-build-windows-amd64-cygwin\jdk8u131\8869\hotspot\src\share\vm\prims\jvm.cpp, line 1390]
Event: 0.153 Thread 0x0000000004830800 Exception <a 'java/security/PrivilegedActionException'> (0x00000000d5c0ff18) thrown at [C:\re\workspace\8-2-build-windows-amd64-cygwin\jdk8u131\8869\hotspot\src\share\vm\prims\jvm.cpp, line 1390]
Event: 0.153 Thread 0x0000000004830800 Exception <a 'java/security/PrivilegedActionException'> (0x00000000d5c10128) thrown at [C:\re\workspace\8-2-build-windows-amd64-cygwin\jdk8u131\8869\hotspot\src\share\vm\prims\jvm.cpp, line 1390]
Event: 0.163 Thread 0x0000000004830800 Exception <a 'java/io/FileNotFoundException'> (0x00000000d5c12640) thrown at [C:\re\workspace\8-2-build-windows-amd64-cygwin\jdk8u131\8869\hotspot\src\share\vm\prims\jni.cpp, line 709]
Event: 0.218 Thread 0x0000000004830800 Exception <a 'java/lang/NoSuchFieldError': method resolution failed> (0x00000000d5d86f98) thrown at [C:\re\workspace\8-2-build-windows-amd64-cygwin\jdk8u131\8869\hotspot\src\share\vm\prims\methodHandles.cpp, line 1146]
Event: 0.229 Thread 0x0000000004830800 Exception <a 'java/lang/NoSuchFieldError': method resolution failed> (0x00000000d5d94368) thrown at [C:\re\workspace\8-2-build-windows-amd64-cygwin\jdk8u131\8869\hotspot\src\share\vm\prims\methodHandles.cpp, line 1146]
Event: 0.324 Thread 0x000000001b1ec800 Exception <a 'java/io/FileNotFoundException'> (0x00000000d60199e8) thrown at [C:\re\workspace\8-2-build-windows-amd64-cygwin\jdk8u131\8869\hotspot\src\share\vm\prims\jni.cpp, line 709]
Event: 0.355 Thread 0x000000001b1ec800 Implicit null exception at 0x0000000004bab51b to 0x0000000004bab6cd
Event: 28.427 Thread 0x000000001b1ec800 Exception <a 'java/lang/Error'> (0x00000000d78277b0) thrown at [C:\re\workspace\8-2-build-windows-amd64-cygwin\jdk8u131\8869\hotspot\src\share\vm\prims\jvm.cpp, line 1394]
Event: 28.427 Thread 0x000000001b1ec800 Exception <a 'java/lang/Error'> (0x00000000d78277b0) thrown at [C:\re\workspace\8-2-build-windows-amd64-cygwin\jdk8u131\8869\hotspot\src\share\vm\prims\jvm.cpp, line 1394]

Events (10 events):
Event: 42.585 Thread 0x000000001cad0000 Thread exited: 0x000000001cad0000
Event: 42.585 loading class java/util/WeakHashMap$KeyIterator
Event: 42.586 loading class java/util/WeakHashMap$HashIterator
Event: 42.586 loading class java/util/WeakHashMap$HashIterator done
Event: 42.586 loading class java/util/WeakHashMap$KeyIterator done
Event: 42.586 Thread 0x000000001aeb8800 Thread exited: 0x000000001aeb8800
Event: 42.605 Thread 0x000000001b1ea800 Thread exited: 0x000000001b1ea800
Event: 42.686 Thread 0x000000001cacf000 Thread exited: 0x000000001cacf000
Event: 42.687 Thread 0x00000000195ab800 Thread exited: 0x00000000195ab800
Event: 42.687 Executing VM operation: Exit


Dynamic libraries:
0x00007ff7d2d90000 - 0x00007ff7d2dc7000 	C:\Program Files\Java\jre1.8.0_131\bin\javaw.exe
0x00007ffe6d7f0000 - 0x00007ffe6d9d0000 	C:\WINDOWS\SYSTEM32\ntdll.dll
0x00007ffe6af80000 - 0x00007ffe6b02e000 	C:\WINDOWS\System32\KERNEL32.DLL
0x00007ffe6a820000 - 0x00007ffe6aa86000 	C:\WINDOWS\System32\KERNELBASE.dll
0x00007ffe6b030000 - 0x00007ffe6b0d1000 	C:\WINDOWS\System32\ADVAPI32.dll
0x00007ffe6b0e0000 - 0x00007ffe6b17d000 	C:\WINDOWS\System32\msvcrt.dll
0x00007ffe6af20000 - 0x00007ffe6af7b000 	C:\WINDOWS\System32\sechost.dll
0x00007ffe6ce30000 - 0x00007ffe6cf4f000 	C:\WINDOWS\System32\RPCRT4.dll
0x00007ffe6b240000 - 0x00007ffe6b3cf000 	C:\WINDOWS\System32\USER32.dll
0x00007ffe69cf0000 - 0x00007ffe69d10000 	C:\WINDOWS\System32\win32u.dll
0x00007ffe6cc90000 - 0x00007ffe6ccb8000 	C:\WINDOWS\System32\GDI32.dll
0x00007ffe69ee0000 - 0x00007ffe6a073000 	C:\WINDOWS\System32\gdi32full.dll
0x00007ffe69d10000 - 0x00007ffe69dab000 	C:\WINDOWS\System32\msvcp_win.dll
0x00007ffe69bf0000 - 0x00007ffe69ce6000 	C:\WINDOWS\System32\ucrtbase.dll
0x00007ffe52240000 - 0x00007ffe524a9000 	C:\WINDOWS\WinSxS\amd64_microsoft.windows.common-controls_6595b64144ccf1df_6.0.16299.192_none_15c8cdae9364c23b\COMCTL32.dll
0x00007ffe6c920000 - 0x00007ffe6cc28000 	C:\WINDOWS\System32\combase.dll
0x00007ffe69e60000 - 0x00007ffe69ed2000 	C:\WINDOWS\System32\bcryptPrimitives.dll
0x00007ffe6b190000 - 0x00007ffe6b1bd000 	C:\WINDOWS\System32\IMM32.DLL
0x0000000065220000 - 0x00000000652f2000 	C:\Program Files\Java\jre1.8.0_131\bin\msvcr100.dll
0x00000000655b0000 - 0x0000000065e4c000 	C:\Program Files\Java\jre1.8.0_131\bin\server\jvm.dll
0x00007ffe6ae30000 - 0x00007ffe6ae38000 	C:\WINDOWS\System32\PSAPI.DLL
0x00007ffe4f1d0000 - 0x00007ffe4f1d9000 	C:\WINDOWS\SYSTEM32\WSOCK32.dll
0x00007ffe5fbb0000 - 0x00007ffe5fbba000 	C:\WINDOWS\SYSTEM32\VERSION.dll
0x00007ffe666e0000 - 0x00007ffe66703000 	C:\WINDOWS\SYSTEM32\WINMM.dll
0x00007ffe6cdc0000 - 0x00007ffe6ce2c000 	C:\WINDOWS\System32\WS2_32.dll
0x00007ffe66680000 - 0x00007ffe666aa000 	C:\WINDOWS\SYSTEM32\winmmbase.dll
0x00007ffe6a080000 - 0x00007ffe6a0ca000 	C:\WINDOWS\System32\cfgmgr32.dll
0x0000000066a30000 - 0x0000000066a3f000 	C:\Program Files\Java\jre1.8.0_131\bin\verify.dll
0x0000000066900000 - 0x0000000066929000 	C:\Program Files\Java\jre1.8.0_131\bin\java.dll
0x00000000668c0000 - 0x00000000668d6000 	C:\Program Files\Java\jre1.8.0_131\bin\zip.dll
0x00007ffe6b3d0000 - 0x00007ffe6c806000 	C:\WINDOWS\System32\SHELL32.dll
0x00007ffe6cf70000 - 0x00007ffe6d016000 	C:\WINDOWS\System32\shcore.dll
0x00007ffe6a0d0000 - 0x00007ffe6a817000 	C:\WINDOWS\System32\windows.storage.dll
0x00007ffe6d760000 - 0x00007ffe6d7b1000 	C:\WINDOWS\System32\shlwapi.dll
0x00007ffe69bd0000 - 0x00007ffe69be1000 	C:\WINDOWS\System32\kernel.appcore.dll
0x00007ffe69b60000 - 0x00007ffe69bac000 	C:\WINDOWS\System32\powrprof.dll
0x00007ffe69bb0000 - 0x00007ffe69bcb000 	C:\WINDOWS\System32\profapi.dll
0x00000000653a0000 - 0x0000000065538000 	C:\Program Files\Java\jre1.8.0_131\bin\awt.dll
0x00007ffe6ae50000 - 0x00007ffe6af15000 	C:\WINDOWS\System32\OLEAUT32.dll
0x00007ffe67ac0000 - 0x00007ffe67b48000 	C:\WINDOWS\SYSTEM32\apphelp.dll
0x00007ffe67c40000 - 0x00007ffe67cd5000 	C:\WINDOWS\system32\uxtheme.dll
0x00007ffe6acc0000 - 0x00007ffe6ae27000 	C:\WINDOWS\System32\MSCTF.dll
0x00007ffe3e9f0000 - 0x00007ffe3ea99000 	C:\Program Files\Common Files\microsoft shared\ink\tiptsf.dll
0x00007ffe67d10000 - 0x00007ffe67d3a000 	C:\WINDOWS\system32\dwmapi.dll
0x00007ffe6d470000 - 0x00007ffe6d5b9000 	C:\WINDOWS\System32\ole32.dll
0x00007ffe42910000 - 0x00007ffe42a2e000 	C:\WINDOWS\system32\opengl32.dll
0x00007ffe5c8c0000 - 0x00007ffe5c8ec000 	C:\WINDOWS\SYSTEM32\GLU32.dll
0x0000000065350000 - 0x0000000065397000 	C:\Program Files\Java\jre1.8.0_131\bin\fontmanager.dll
0x0000000065590000 - 0x00000000655aa000 	C:\Program Files\Java\jre1.8.0_131\bin\net.dll
0x0000000180000000 - 0x000000018008c000 	C:\WINDOWS\system32\ASProxy64.dll
0x00007ffe693d0000 - 0x00007ffe69436000 	C:\WINDOWS\SYSTEM32\MSWSOCK.dll
0x00007ffe69160000 - 0x00007ffe69199000 	C:\WINDOWS\SYSTEM32\IPHLPAPI.DLL
0x00007ffe69a70000 - 0x00007ffe69aa0000 	C:\WINDOWS\SYSTEM32\SspiCli.dll
0x0000000065570000 - 0x0000000065581000 	C:\Program Files\Java\jre1.8.0_131\bin\nio.dll
0x0000000065300000 - 0x0000000065342000 	C:\Program Files\Java\jre1.8.0_131\bin\t2k.dll
0x00007ffe24d00000 - 0x00007ffe256d1000 	C:\Users\weand\Desktop\Capstone project\CCR\GantryRobot\OpenCV\opencv\build\java\x64\opencv_java2410.dll
0x00007ffe5a860000 - 0x00007ffe5a87f000 	C:\WINDOWS\SYSTEM32\AVIFIL32.dll
0x00007ffe5a880000 - 0x00007ffe5a8a9000 	C:\WINDOWS\SYSTEM32\MSVFW32.dll
0x00007ffe5a150000 - 0x00007ffe5a168000 	C:\WINDOWS\SYSTEM32\AVICAP32.dll
0x00007ffe5aa00000 - 0x00007ffe5aa1c000 	C:\WINDOWS\SYSTEM32\MSACM32.dll
0x00007ffe6ccc0000 - 0x00007ffe6cd5e000 	C:\WINDOWS\System32\clbcatq.dll
0x00007ffe65620000 - 0x00007ffe657cb000 	C:\WINDOWS\SYSTEM32\WindowsCodecs.dll
0x00007ffe48af0000 - 0x00007ffe48b3f000 	C:\WINDOWS\system32\dataexchange.dll
0x00007ffe67590000 - 0x00007ffe676d2000 	C:\WINDOWS\system32\dcomp.dll
0x00007ffe66c00000 - 0x00007ffe66ee1000 	C:\WINDOWS\system32\d3d11.dll
0x00007ffe689b0000 - 0x00007ffe68a5f000 	C:\WINDOWS\system32\dxgi.dll
0x00007ffe68030000 - 0x00007ffe681ab000 	C:\WINDOWS\system32\twinapi.appcore.dll
0x00007ffe67fa0000 - 0x00007ffe67fc0000 	C:\WINDOWS\system32\RMCLIENT.dll
0x00007ffe696a0000 - 0x00007ffe696c5000 	C:\WINDOWS\system32\bcrypt.dll
0x00007ffe50c50000 - 0x00007ffe50ce8000 	C:\WINDOWS\System32\TextInputFramework.dll
0x00007ffe66ef0000 - 0x00007ffe66fcc000 	C:\WINDOWS\System32\CoreMessaging.dll
0x00007ffe64ef0000 - 0x00007ffe651de000 	C:\WINDOWS\System32\CoreUIComponents.dll
0x00007ffe68c80000 - 0x00007ffe68cb1000 	C:\WINDOWS\SYSTEM32\ntmarta.dll
0x00007ffe64db0000 - 0x00007ffe64ee6000 	C:\WINDOWS\SYSTEM32\wintypes.dll
0x00007ffe4bc30000 - 0x00007ffe4be36000 	C:\Windows\System32\uiautomationcore.dll
0x00007ffe699a0000 - 0x00007ffe69a3a000 	C:\WINDOWS\SYSTEM32\sxs.dll
0x00007ffe48130000 - 0x00007ffe4819e000 	C:\Windows\System32\OLEACC.dll
0x00007ffe4cfd0000 - 0x00007ffe4d051000 	C:\WINDOWS\SYSTEM32\twinapi.dll
0x00007ffe5a0a0000 - 0x00007ffe5a0b8000 	C:\Windows\System32\devenum.dll
0x00007ffe6d020000 - 0x00007ffe6d46e000 	C:\WINDOWS\System32\setupapi.dll
0x00007ffe69950000 - 0x00007ffe69977000 	C:\WINDOWS\SYSTEM32\DEVOBJ.dll
0x00007ffe6ac60000 - 0x00007ffe6acb8000 	C:\WINDOWS\System32\WINTRUST.dll
0x00007ffe69b40000 - 0x00007ffe69b52000 	C:\WINDOWS\System32\MSASN1.dll
0x00007ffe6aa90000 - 0x00007ffe6ac5e000 	C:\WINDOWS\System32\CRYPT32.dll
0x00007ffe5ae10000 - 0x00007ffe5ae1a000 	C:\WINDOWS\SYSTEM32\msdmo.dll
0x00007ffe50ea0000 - 0x00007ffe50ed3000 	C:\Windows\System32\qcap.dll
0x00007ffe337f0000 - 0x00007ffe339ac000 	C:\Windows\System32\quartz.dll
0x00007ffe4d9b0000 - 0x00007ffe4d9fe000 	C:\Windows\System32\mfksproxy.dll
0x00007ffe640a0000 - 0x00007ffe640d6000 	C:\Windows\System32\MFSENSORGROUP.dll
0x00007ffe657e0000 - 0x00007ffe657fd000 	C:\Windows\System32\ATL.DLL
0x00007ffe63d80000 - 0x00007ffe63f31000 	C:\Windows\System32\MFPlat.DLL
0x00007ffe63d20000 - 0x00007ffe63d52000 	C:\Windows\System32\RTWorkQ.DLL
0x00007ffe26dd0000 - 0x00007ffe27211000 	C:\Windows\System32\MFCORE.dll
0x00007ffe5ea50000 - 0x00007ffe5ea59000 	C:\Windows\System32\ksuser.dll
0x00007ffe69590000 - 0x00007ffe6959b000 	C:\Windows\System32\CRYPTBASE.DLL
0x00007ffe4d3c0000 - 0x00007ffe4d410000 	C:\Windows\System32\FSClient.dll
0x00007ffe65310000 - 0x00007ffe6531a000 	C:\Windows\System32\AVRT.dll
0x00007ffe64b00000 - 0x00007ffe64b0c000 	C:\Windows\System32\vidcap.ax
0x00007ffe55690000 - 0x00007ffe556b6000 	C:\Windows\System32\kswdmcap.ax
0x00007ffe384f0000 - 0x00007ffe38655000 	C:\Windows\System32\MFC42.dll
0x00007ffe2a7b0000 - 0x00007ffe2ad22000 	C:\WINDOWS\system32\IntelCameraPlugin64.dll
0x00007ffe66180000 - 0x00007ffe661fb000 	C:\WINDOWS\SYSTEM32\policymanager.dll
0x00007ffe660e0000 - 0x00007ffe66170000 	C:\Windows\System32\msvcp110_win.dll
0x00007ffe446c0000 - 0x00007ffe447ca000 	C:\Windows\System32\MFReadWrite.dll
0x00007ffe44ab0000 - 0x00007ffe44b50000 	C:\Windows\System32\qedit.dll
0x00007ffe6c810000 - 0x00007ffe6c91a000 	C:\WINDOWS\System32\COMDLG32.dll
0x00007ffe54410000 - 0x00007ffe545ac000 	C:\WINDOWS\WinSxS\amd64_microsoft.windows.gdiplus_6595b64144ccf1df_1.1.16299.192_none_46b3c093edf73c09\gdiplus.dll
0x00007ffe41990000 - 0x00007ffe41a86000 	C:\Windows\System32\DDRAW.dll
0x00007ffe60f10000 - 0x00007ffe60f18000 	C:\Windows\System32\DCIMAN32.dll
0x00007ffe60ed0000 - 0x00007ffe60edc000 	C:\WINDOWS\SYSTEM32\msyuv.dll
0x00007ffe695a0000 - 0x00007ffe695b7000 	C:\WINDOWS\SYSTEM32\CRYPTSP.dll
0x00007ffe68fe0000 - 0x00007ffe69013000 	C:\WINDOWS\system32\rsaenh.dll
0x00007ffe69a40000 - 0x00007ffe69a69000 	C:\WINDOWS\SYSTEM32\USERENV.dll
0x00007ffe6b180000 - 0x00007ffe6b188000 	C:\WINDOWS\System32\NSI.dll
0x00007ffe5fec0000 - 0x00007ffe5fed6000 	C:\WINDOWS\SYSTEM32\dhcpcsvc6.DLL
0x00007ffe5ff80000 - 0x00007ffe5ff9a000 	C:\WINDOWS\SYSTEM32\dhcpcsvc.DLL
0x00007ffe68530000 - 0x00007ffe686f8000 	C:\WINDOWS\SYSTEM32\dbghelp.dll

VM Arguments:
jvm_args: -Djava.library.path=C:\Users\weand\Desktop\Capstone project\CCR\GantryRobot\mfz-rxtx-2.2-20081207-win-x64;C:\Users\weand\Desktop\Capstone project\CCR\GantryRobot\OpenCV\opencv\build\java\x64;C:\Users\weand\Desktop\Capstone project\CCR\GantryRobot\LeapMotion\LeapSDK\lib\x64 -Dfile.encoding=Cp1252 
java_command: GantryClaw.ClawGui
java_class_path (initial): C:\Users\weand\workspace\Gantry_1\bin;C:\Users\weand\Desktop\Capstone project\CCR\GantryRobot\mfz-rxtx-2.2-20081207-win-x64\RXTXcomm.jar;C:\Users\weand\Desktop\Capstone project\CCR\GantryRobot\OpenCV\opencv\build\java\opencv-2410.jar;C:\Users\weand\Desktop\Capstone project\CCR\GantryRobot\LeapMotion\LeapSDK\lib\LeapJava.jar
Launcher Type: SUN_STANDARD

Environment Variables:
PATH=C:/Program Files/Java/jre1.8.0_131/bin/server;C:/Program Files/Java/jre1.8.0_131/bin;C:/Program Files/Java/jre1.8.0_131/lib/amd64;C:\ProgramData\Oracle\Java\javapath;C:\Program Files\Microsoft MPI\Bin\;C:\WINDOWS\system32;C:\WINDOWS;C:\WINDOWS\System32\Wbem;C:\WINDOWS\System32\WindowsPowerShell\v1.0\;C:\Program Files (x86)\Skype\Phone\;C:\Program Files\Microsoft SQL Server\130\Tools\Binn\;C:\Program Files\dotnet\;C:\Program Files\Anaconda3;C:\Program Files\Anaconda3\Scripts;C:\Program Files\Anaconda3\Library\bin;C:\Program Files\Git\cmd;C:\Program Files (x86)\GtkSharp\2.12\bin;C:\Program Files\MySQL\MySQL Utilities 1.6\;C:\Users\weand\AppData\Local\Microsoft\WindowsApps;C:\Program Files (x86)\Spiceworks\Nmap;;C:\Users\weand\Downloads\eclipse-java-kepler-SR1-win32-x86_64\eclipse;
USERNAME=weand
OS=Windows_NT
PROCESSOR_IDENTIFIER=Intel64 Family 6 Model 78 Stepping 3, GenuineIntel



---------------  S Y S T E M  ---------------

OS: Windows 10.0 , 64 bit Build 16299 (10.0.16299.15)

CPU:total 4 (initial active 4) (2 cores per cpu, 2 threads per core) family 6 model 78 stepping 3, cmov, cx8, fxsr, mmx, sse, sse2, sse3, ssse3, sse4.1, sse4.2, popcnt, avx, avx2, aes, clmul, erms, rtm, 3dnowpref, lzcnt, ht, tsc, tscinvbit, bmi1, bmi2, adx

Memory: 4k page, physical 8311896k(1684968k free), swap 13391904k(1482012k free)

vm_info: Java HotSpot(TM) 64-Bit Server VM (25.131-b11) for windows-amd64 JRE (1.8.0_131-b11), built on Mar 15 2017 01:23:53 by "java_re" with MS VC++ 10.0 (VS2010)

time: Tue Feb 13 14:43:35 2018
elapsed time: 44 seconds (0d 0h 0m 44s)

