#
# A fatal error has been detected by the Java Runtime Environment:
#
#  Internal Error (0xc000000d), pid=1368, tid=0x0000000000000ec8
#
# JRE version: Java(TM) SE Runtime Environment (8.0_131-b11) (build 1.8.0_131-b11)
# Java VM: Java HotSpot(TM) 64-Bit Server VM (25.131-b11 mixed mode windows-amd64 compressed oops)
# Problematic frame:
# C  [ntdll.dll+0x10b2b0]
#
# Failed to write core dump. Minidumps are not enabled by default on client versions of Windows
#
# If you would like to submit a bug report, please visit:
#   http://bugreport.java.com/bugreport/crash.jsp
#

---------------  T H R E A D  ---------------

Current thread (0x0000000019987800):  VMThread [stack: 0x000000001aa10000,0x000000001ab10000] [id=3784]

siginfo: ExceptionCode=0xc000000d

Registers:
RAX=0x0000000003402050, RBX=0x0000000000000001, RCX=0x0000000019988b50, RDX=0x0000000000000001
RSP=0x000000001ab0e9b0, RBP=0x000000001e80fa80, RSI=0x000000001e80fcb8, RDI=0x000000001e7fb470
R8 =0x0000000003402050, R9 =0x0000000019988b50, R10=0x0000000000000001, R11=0x0000000019988b60
R12=0x00007ffbcd696680, R13=0x0000000000000001, R14=0x000000001e7f12c0, R15=0x000000001e7f12c0
RIP=0x00007ffbd9aeb2b0, EFLAGS=0x0000000000000202

Top of Stack: (sp=0x000000001ab0e9b0)
0x000000001ab0e9b0:   0000000000000057 0000000000000001
0x000000001ab0e9c0:   000000001e80fcb8 000000001e7fb470
0x000000001ab0e9d0:   00000000c000000d 0000000000000000
0x000000001ab0e9e0:   00007ffbd9aeb2b0 0000000000000000
0x000000001ab0e9f0:   0000000000000000 0000000000000000
0x000000001ab0ea00:   0000000000000000 0000000000000000
0x000000001ab0ea10:   0000000000000000 0000000000000000
0x000000001ab0ea20:   0000000000000000 0000000000000000
0x000000001ab0ea30:   0000000000000000 0000000000000000
0x000000001ab0ea40:   0000000000000000 0000000000000000
0x000000001ab0ea50:   0000000000000000 0000000000000000
0x000000001ab0ea60:   0000000000000000 0000000000000000
0x000000001ab0ea70:   00005bcda0efb67a 000000001e7fb470
0x000000001ab0ea80:   000000001e80fcb8 00007ffbcd694907
0x000000001ab0ea90:   000000001e7fb470 000000001e7f12c0
0x000000001ab0eaa0:   00000000f46857d4 0000000000000020 

Instructions: (pc=0x00007ffbd9aeb2b0)
0x00007ffbd9aeb290:   b7 f9 ff c7 44 24 20 0d 00 00 c0 b9 57 00 00 00
0x00007ffbd9aeb2a0:   e8 4b 63 f3 ff 90 48 8d 4c 24 20 e8 90 00 f1 ff
0x00007ffbd9aeb2b0:   eb 00 48 8b 8c 24 c0 00 00 00 48 33 cc e8 ce 57
0x00007ffbd9aeb2c0:   f8 ff 48 81 c4 d8 00 00 00 c3 40 55 48 83 ec 20 


Register to memory mapping:

RAX=0x0000000003402050 is an unknown value
RBX=0x0000000000000001 is an unknown value
RCX=0x0000000019988b50 is an unknown value
RDX=0x0000000000000001 is an unknown value
RSP=0x000000001ab0e9b0 is an unknown value
RBP=0x000000001e80fa80 is an unknown value
RSI=0x000000001e80fcb8 is an unknown value
RDI=0x000000001e7fb470 is an unknown value
R8 =0x0000000003402050 is an unknown value
R9 =0x0000000019988b50 is an unknown value
R10=0x0000000000000001 is an unknown value
R11=0x0000000019988b60 is an unknown value
R12=0x00007ffbcd696680 is an unknown value
R13=0x0000000000000001 is an unknown value
R14=0x000000001e7f12c0 is an unknown value
R15=0x000000001e7f12c0 is an unknown value


Stack: [0x000000001aa10000,0x000000001ab10000],  sp=0x000000001ab0e9b0,  free space=1018k
Native frames: (J=compiled Java code, j=interpreted, Vv=VM code, C=native code)
C  [ntdll.dll+0x10b2b0]
C  [RTWorkQ.DLL+0x4907]
C  [RTWorkQ.DLL+0x9e46]
C  [RTWorkQ.DLL+0x7565]
C  [MFPlat.DLL+0x1d05b]
C  [MFReadWrite.dll+0x16348]
C  [MFReadWrite.dll+0xfb0d]
C  [MFReadWrite.dll+0xf863]
C  [mfksproxy.dll+0x194d0]
C  [mfksproxy.dll+0x18069]
C  [mfksproxy.dll+0x6eeb]
C  [quartz.dll+0x42e19]
C  [quartz.dll+0x553ef]
C  [quartz.dll+0x57932]
C  [quartz.dll+0x56d75]
C  [opencv_java2410.dll+0x2aaa1e]
C  [opencv_java2410.dll+0x5f43d0]
C  [opencv_java2410.dll+0x508e75]
C  [opencv_java2410.dll+0x4fc0f6]
C  [opencv_java2410.dll+0x4fc269]
C  [ntdll.dll+0x11493]
C  [ntdll.dll+0x406b5]
C  [ntdll.dll+0x40574]
C  [KERNEL32.DLL+0xf06a]
C  [msvcr100.dll+0x20ccd]
V  [jvm.dll+0x213235]
V  [jvm.dll+0x24c2a7]
V  [jvm.dll+0x24b546]
V  [jvm.dll+0x24b9e1]
V  [jvm.dll+0x24bbfe]
V  [jvm.dll+0x29cc1a]
C  [msvcr100.dll+0x21d9f]
C  [msvcr100.dll+0x21e3b]
C  [KERNEL32.DLL+0x11fe4]
C  [ntdll.dll+0x6efc1]

VM_Operation (0x000000001c0bcfc0): Exit, mode: safepoint, requested by thread 0x000000001b7df800


---------------  P R O C E S S  ---------------

Java Threads: ( => current thread )
  0x000000001d590000 JavaThread "TimerQueue" daemon [_thread_blocked, id=13116, stack(0x000000001e6d0000,0x000000001e7d0000)]
  0x0000000004d40800 JavaThread "DestroyJavaVM" [_thread_blocked, id=14640, stack(0x0000000004c40000,0x0000000004d40000)]
  0x000000001b7df800 JavaThread "AWT-EventQueue-0" [_thread_blocked, id=5732, stack(0x000000001bfc0000,0x000000001c0c0000)]
  0x000000001b7dc800 JavaThread "AWT-Shutdown" [_thread_blocked, id=13920, stack(0x000000001bc40000,0x000000001bd40000)]
  0x000000001b7d9800 JavaThread "Java2D Disposer" daemon [_thread_blocked, id=12080, stack(0x000000001bb40000,0x000000001bc40000)]
  0x0000000019a1c000 JavaThread "Service Thread" daemon [_thread_blocked, id=12936, stack(0x000000001b800000,0x000000001b900000)]
  0x0000000019a15800 JavaThread "C1 CompilerThread2" daemon [_thread_blocked, id=16608, stack(0x000000001b300000,0x000000001b400000)]
  0x00000000199e6000 JavaThread "C2 CompilerThread1" daemon [_thread_blocked, id=17896, stack(0x000000001b200000,0x000000001b300000)]
  0x00000000199be800 JavaThread "C2 CompilerThread0" daemon [_thread_blocked, id=13688, stack(0x000000001b100000,0x000000001b200000)]
  0x00000000199bd000 JavaThread "Attach Listener" daemon [_thread_blocked, id=11700, stack(0x000000001b000000,0x000000001b100000)]
  0x00000000199aa800 JavaThread "Finalizer" daemon [_thread_blocked, id=16020, stack(0x000000001ac10000,0x000000001ad10000)]
  0x0000000004e2f000 JavaThread "Reference Handler" daemon [_thread_blocked, id=2356, stack(0x000000001ab10000,0x000000001ac10000)]

Other Threads:
=>0x0000000019987800 VMThread [stack: 0x000000001aa10000,0x000000001ab10000] [id=3784]

VM state:at safepoint (shutting down)

VM Mutex/Monitor currently owned by a thread:  ([mutex/lock_event])
[0x000000000340c9d0] Threads_lock - owner thread: 0x0000000019987800

Heap:
 PSYoungGen      total 27648K, used 17500K [0x00000000d5b80000, 0x00000000d7a80000, 0x0000000100000000)
  eden space 23552K, 60% used [0x00000000d5b80000,0x00000000d6967348,0x00000000d7280000)
  from space 4096K, 79% used [0x00000000d7680000,0x00000000d79affe8,0x00000000d7a80000)
  to   space 4096K, 0% used [0x00000000d7280000,0x00000000d7280000,0x00000000d7680000)
 ParOldGen       total 87552K, used 19834K [0x0000000081200000, 0x0000000086780000, 0x00000000d5b80000)
  object space 87552K, 22% used [0x0000000081200000,0x000000008255e838,0x0000000086780000)
 Metaspace       used 13759K, capacity 13940K, committed 14080K, reserved 1060864K
  class space    used 1657K, capacity 1736K, committed 1792K, reserved 1048576K

Card table byte_map: [0x0000000014200000,0x0000000014600000] byte_map_base: 0x0000000013df7000

Marking Bits: (ParMarkBitMap*) 0x0000000071edc720
 Begin Bits: [0x0000000014cb0000, 0x0000000016c68000)
 End Bits:   [0x0000000016c68000, 0x0000000018c20000)

Polling page: 0x0000000002f30000

CodeCache: size=245760Kb used=5885Kb max_used=5897Kb free=239874Kb
 bounds [0x0000000004e40000, 0x0000000005410000, 0x0000000013e40000]
 total_blobs=2391 nmethods=1694 adapters=609
 compilation: enabled

Compilation events (10 events):
Event: 61.005 Thread 0x00000000199be800 1808       4       java.util.HashMap::keySet (25 bytes)
Event: 61.006 Thread 0x00000000199be800 nmethod 1808 0x0000000005203dd0 code [0x0000000005203f20, 0x0000000005204018]
Event: 61.050 Thread 0x00000000199e6000 1809       4       java.util.HashMap$KeySet::iterator (12 bytes)
Event: 61.055 Thread 0x00000000199e6000 nmethod 1809 0x0000000005203750 code [0x00000000052038a0, 0x0000000005203bd8]
Event: 61.301 Thread 0x00000000199be800 1810       4       java.util.HashSet::iterator (13 bytes)
Event: 61.309 Thread 0x00000000199be800 nmethod 1810 0x0000000005406290 code [0x0000000005406400, 0x0000000005406818]
Event: 62.092 Thread 0x00000000199e6000 1811       4       java.lang.Integer::valueOf (32 bytes)
Event: 62.093 Thread 0x00000000199e6000 nmethod 1811 0x0000000005406b50 code [0x0000000005406ca0, 0x0000000005406d98]
Event: 62.260 Thread 0x00000000199be800 1812       4       java.util.concurrent.locks.AbstractQueuedSynchronizer::acquire (27 bytes)
Event: 62.262 Thread 0x00000000199be800 nmethod 1812 0x0000000005405dd0 code [0x0000000005405f40, 0x00000000054060c8]

GC Heap History (10 events):
Event: 59.255 GC heap before
{Heap before GC invocations=68 (full 0):
 PSYoungGen      total 28160K, used 26194K [0x00000000d5b80000, 0x00000000d7b80000, 0x0000000100000000)
  eden space 23552K, 97% used [0x00000000d5b80000,0x00000000d71dcb70,0x00000000d7280000)
  from space 4608K, 71% used [0x00000000d7280000,0x00000000d75b8088,0x00000000d7700000)
  to   space 4608K, 0% used [0x00000000d7700000,0x00000000d7700000,0x00000000d7b80000)
 ParOldGen       total 87552K, used 19770K [0x0000000081200000, 0x0000000086780000, 0x00000000d5b80000)
  object space 87552K, 22% used [0x0000000081200000,0x000000008254e838,0x0000000086780000)
 Metaspace       used 13747K, capacity 13940K, committed 14080K, reserved 1060864K
  class space    used 1655K, capacity 1736K, committed 1792K, reserved 1048576K
Event: 59.256 GC heap after
Heap after GC invocations=68 (full 0):
 PSYoungGen      total 28160K, used 3264K [0x00000000d5b80000, 0x00000000d7b80000, 0x0000000100000000)
  eden space 23552K, 0% used [0x00000000d5b80000,0x00000000d5b80000,0x00000000d7280000)
  from space 4608K, 70% used [0x00000000d7700000,0x00000000d7a30188,0x00000000d7b80000)
  to   space 4608K, 0% used [0x00000000d7280000,0x00000000d7280000,0x00000000d7700000)
 ParOldGen       total 87552K, used 19786K [0x0000000081200000, 0x0000000086780000, 0x00000000d5b80000)
  object space 87552K, 22% used [0x0000000081200000,0x0000000082552838,0x0000000086780000)
 Metaspace       used 13747K, capacity 13940K, committed 14080K, reserved 1060864K
  class space    used 1655K, capacity 1736K, committed 1792K, reserved 1048576K
}
Event: 59.925 GC heap before
{Heap before GC invocations=69 (full 0):
 PSYoungGen      total 28160K, used 26159K [0x00000000d5b80000, 0x00000000d7b80000, 0x0000000100000000)
  eden space 23552K, 97% used [0x00000000d5b80000,0x00000000d71dbe68,0x00000000d7280000)
  from space 4608K, 70% used [0x00000000d7700000,0x00000000d7a30188,0x00000000d7b80000)
  to   space 4608K, 0% used [0x00000000d7280000,0x00000000d7280000,0x00000000d7700000)
 ParOldGen       total 87552K, used 19786K [0x0000000081200000, 0x0000000086780000, 0x00000000d5b80000)
  object space 87552K, 22% used [0x0000000081200000,0x0000000082552838,0x0000000086780000)
 Metaspace       used 13747K, capacity 13940K, committed 14080K, reserved 1060864K
  class space    used 1655K, capacity 1736K, committed 1792K, reserved 1048576K
Event: 59.926 GC heap after
Heap after GC invocations=69 (full 0):
 PSYoungGen      total 28160K, used 3263K [0x00000000d5b80000, 0x00000000d7b80000, 0x0000000100000000)
  eden space 23552K, 0% used [0x00000000d5b80000,0x00000000d5b80000,0x00000000d7280000)
  from space 4608K, 70% used [0x00000000d7280000,0x00000000d75afee8,0x00000000d7700000)
  to   space 4608K, 0% used [0x00000000d7700000,0x00000000d7700000,0x00000000d7b80000)
 ParOldGen       total 87552K, used 19794K [0x0000000081200000, 0x0000000086780000, 0x00000000d5b80000)
  object space 87552K, 22% used [0x0000000081200000,0x0000000082554838,0x0000000086780000)
 Metaspace       used 13747K, capacity 13940K, committed 14080K, reserved 1060864K
  class space    used 1655K, capacity 1736K, committed 1792K, reserved 1048576K
}
Event: 60.622 GC heap before
{Heap before GC invocations=70 (full 0):
 PSYoungGen      total 28160K, used 26147K [0x00000000d5b80000, 0x00000000d7b80000, 0x0000000100000000)
  eden space 23552K, 97% used [0x00000000d5b80000,0x00000000d71d8fa0,0x00000000d7280000)
  from space 4608K, 70% used [0x00000000d7280000,0x00000000d75afee8,0x00000000d7700000)
  to   space 4608K, 0% used [0x00000000d7700000,0x00000000d7700000,0x00000000d7b80000)
 ParOldGen       total 87552K, used 19794K [0x0000000081200000, 0x0000000086780000, 0x00000000d5b80000)
  object space 87552K, 22% used [0x0000000081200000,0x0000000082554838,0x0000000086780000)
 Metaspace       used 13752K, capacity 13940K, committed 14080K, reserved 1060864K
  class space    used 1655K, capacity 1736K, committed 1792K, reserved 1048576K
Event: 60.623 GC heap after
Heap after GC invocations=70 (full 0):
 PSYoungGen      total 28160K, used 3263K [0x00000000d5b80000, 0x00000000d7b80000, 0x0000000100000000)
  eden space 23552K, 0% used [0x00000000d5b80000,0x00000000d5b80000,0x00000000d7280000)
  from space 4608K, 70% used [0x00000000d7700000,0x00000000d7a2fe10,0x00000000d7b80000)
  to   space 4608K, 0% used [0x00000000d7280000,0x00000000d7280000,0x00000000d7700000)
 ParOldGen       total 87552K, used 19810K [0x0000000081200000, 0x0000000086780000, 0x00000000d5b80000)
  object space 87552K, 22% used [0x0000000081200000,0x0000000082558838,0x0000000086780000)
 Metaspace       used 13752K, capacity 13940K, committed 14080K, reserved 1060864K
  class space    used 1655K, capacity 1736K, committed 1792K, reserved 1048576K
}
Event: 61.303 GC heap before
{Heap before GC invocations=71 (full 0):
 PSYoungGen      total 28160K, used 26163K [0x00000000d5b80000, 0x00000000d7b80000, 0x0000000100000000)
  eden space 23552K, 97% used [0x00000000d5b80000,0x00000000d71dcf20,0x00000000d7280000)
  from space 4608K, 70% used [0x00000000d7700000,0x00000000d7a2fe10,0x00000000d7b80000)
  to   space 4608K, 0% used [0x00000000d7280000,0x00000000d7280000,0x00000000d7700000)
 ParOldGen       total 87552K, used 19810K [0x0000000081200000, 0x0000000086780000, 0x00000000d5b80000)
  object space 87552K, 22% used [0x0000000081200000,0x0000000082558838,0x0000000086780000)
 Metaspace       used 13752K, capacity 13940K, committed 14080K, reserved 1060864K
  class space    used 1655K, capacity 1736K, committed 1792K, reserved 1048576K
Event: 61.304 GC heap after
Heap after GC invocations=71 (full 0):
 PSYoungGen      total 27136K, used 3263K [0x00000000d5b80000, 0x00000000d7a80000, 0x0000000100000000)
  eden space 23552K, 0% used [0x00000000d5b80000,0x00000000d5b80000,0x00000000d7280000)
  from space 3584K, 91% used [0x00000000d7280000,0x00000000d75aff00,0x00000000d7600000)
  to   space 4096K, 0% used [0x00000000d7680000,0x00000000d7680000,0x00000000d7a80000)
 ParOldGen       total 87552K, used 19826K [0x0000000081200000, 0x0000000086780000, 0x00000000d5b80000)
  object space 87552K, 22% used [0x0000000081200000,0x000000008255c838,0x0000000086780000)
 Metaspace       used 13752K, capacity 13940K, committed 14080K, reserved 1060864K
  class space    used 1655K, capacity 1736K, committed 1792K, reserved 1048576K
}
Event: 61.996 GC heap before
{Heap before GC invocations=72 (full 0):
 PSYoungGen      total 27136K, used 26165K [0x00000000d5b80000, 0x00000000d7a80000, 0x0000000100000000)
  eden space 23552K, 97% used [0x00000000d5b80000,0x00000000d71dd610,0x00000000d7280000)
  from space 3584K, 91% used [0x00000000d7280000,0x00000000d75aff00,0x00000000d7600000)
  to   space 4096K, 0% used [0x00000000d7680000,0x00000000d7680000,0x00000000d7a80000)
 ParOldGen       total 87552K, used 19826K [0x0000000081200000, 0x0000000086780000, 0x00000000d5b80000)
  object space 87552K, 22% used [0x0000000081200000,0x000000008255c838,0x0000000086780000)
 Metaspace       used 13752K, capacity 13940K, committed 14080K, reserved 1060864K
  class space    used 1655K, capacity 1736K, committed 1792K, reserved 1048576K
Event: 61.997 GC heap after
Heap after GC invocations=72 (full 0):
 PSYoungGen      total 27648K, used 3263K [0x00000000d5b80000, 0x00000000d7a80000, 0x0000000100000000)
  eden space 23552K, 0% used [0x00000000d5b80000,0x00000000d5b80000,0x00000000d7280000)
  from space 4096K, 79% used [0x00000000d7680000,0x00000000d79affe8,0x00000000d7a80000)
  to   space 4096K, 0% used [0x00000000d7280000,0x00000000d7280000,0x00000000d7680000)
 ParOldGen       total 87552K, used 19834K [0x0000000081200000, 0x0000000086780000, 0x00000000d5b80000)
  object space 87552K, 22% used [0x0000000081200000,0x000000008255e838,0x0000000086780000)
 Metaspace       used 13752K, capacity 13940K, committed 14080K, reserved 1060864K
  class space    used 1655K, capacity 1736K, committed 1792K, reserved 1048576K
}

Deoptimization events (2 events):
Event: 0.339 Thread 0x000000001b7df800 Uncommon trap: reason=null_check action=make_not_entrant pc=0x0000000004fb9a5c method=java.lang.String.equals(Ljava/lang/Object;)Z @ 8
Event: 5.894 Thread 0x000000001b7df800 Uncommon trap: reason=unstable_if action=reinterpret pc=0x00000000050a6a24 method=leap.ImagePanel.paint(Ljava/awt/Graphics;)V @ 378

Internal exceptions (10 events):
Event: 0.048 Thread 0x0000000004d40800 Exception <a 'java/lang/NoSuchMethodError': Method sun.misc.Unsafe.prefetchRead(Ljava/lang/Object;J)V name or signature does not match> (0x00000000d5b87f90) thrown at [C:\re\workspace\8-2-build-windows-amd64-cygwin\jdk8u131\8869\hotspot\src\share\vm\prims
Event: 0.156 Thread 0x0000000004d40800 Exception <a 'java/security/PrivilegedActionException'> (0x00000000d5c13678) thrown at [C:\re\workspace\8-2-build-windows-amd64-cygwin\jdk8u131\8869\hotspot\src\share\vm\prims\jvm.cpp, line 1390]
Event: 0.156 Thread 0x0000000004d40800 Exception <a 'java/security/PrivilegedActionException'> (0x00000000d5c13888) thrown at [C:\re\workspace\8-2-build-windows-amd64-cygwin\jdk8u131\8869\hotspot\src\share\vm\prims\jvm.cpp, line 1390]
Event: 0.157 Thread 0x0000000004d40800 Exception <a 'java/security/PrivilegedActionException'> (0x00000000d5c174f8) thrown at [C:\re\workspace\8-2-build-windows-amd64-cygwin\jdk8u131\8869\hotspot\src\share\vm\prims\jvm.cpp, line 1390]
Event: 0.157 Thread 0x0000000004d40800 Exception <a 'java/security/PrivilegedActionException'> (0x00000000d5c17708) thrown at [C:\re\workspace\8-2-build-windows-amd64-cygwin\jdk8u131\8869\hotspot\src\share\vm\prims\jvm.cpp, line 1390]
Event: 0.164 Thread 0x0000000004d40800 Exception <a 'java/io/FileNotFoundException'> (0x00000000d5c19c20) thrown at [C:\re\workspace\8-2-build-windows-amd64-cygwin\jdk8u131\8869\hotspot\src\share\vm\prims\jni.cpp, line 709]
Event: 0.216 Thread 0x0000000004d40800 Exception <a 'java/lang/NoSuchFieldError': method resolution failed> (0x00000000d5d8e558) thrown at [C:\re\workspace\8-2-build-windows-amd64-cygwin\jdk8u131\8869\hotspot\src\share\vm\prims\methodHandles.cpp, line 1146]
Event: 0.227 Thread 0x0000000004d40800 Exception <a 'java/lang/NoSuchFieldError': method resolution failed> (0x00000000d5d9b928) thrown at [C:\re\workspace\8-2-build-windows-amd64-cygwin\jdk8u131\8869\hotspot\src\share\vm\prims\methodHandles.cpp, line 1146]
Event: 0.318 Thread 0x000000001b7df800 Exception <a 'java/io/FileNotFoundException'> (0x00000000d5f73318) thrown at [C:\re\workspace\8-2-build-windows-amd64-cygwin\jdk8u131\8869\hotspot\src\share\vm\prims\jni.cpp, line 709]
Event: 0.339 Thread 0x000000001b7df800 Implicit null exception at 0x0000000004fb989b to 0x0000000004fb9a4d

Events (10 events):
Event: 62.373 Executing VM operation: RevokeBias done
Event: 62.373 loading class java/util/WeakHashMap$KeyIterator
Event: 62.373 loading class java/util/WeakHashMap$HashIterator
Event: 62.373 loading class java/util/WeakHashMap$HashIterator done
Event: 62.373 loading class java/util/WeakHashMap$KeyIterator done
Event: 62.373 Thread 0x000000001b696000 Thread exited: 0x000000001b696000
Event: 62.391 Thread 0x000000001b7dd000 Thread exited: 0x000000001b7dd000
Event: 62.474 Thread 0x00000000209d7800 Thread exited: 0x00000000209d7800
Event: 62.474 Thread 0x00000000199bc000 Thread exited: 0x00000000199bc000
Event: 62.474 Executing VM operation: Exit


Dynamic libraries:
0x00007ff7ac100000 - 0x00007ff7ac137000 	C:\Program Files\Java\jre1.8.0_131\bin\javaw.exe
0x00007ffbd99e0000 - 0x00007ffbd9bc0000 	C:\WINDOWS\SYSTEM32\ntdll.dll
0x00007ffbd71a0000 - 0x00007ffbd724e000 	C:\WINDOWS\System32\KERNEL32.DLL
0x00007ffbd5de0000 - 0x00007ffbd6046000 	C:\WINDOWS\System32\KERNELBASE.dll
0x00007ffbd9170000 - 0x00007ffbd9211000 	C:\WINDOWS\System32\ADVAPI32.dll
0x00007ffbd6eb0000 - 0x00007ffbd6f4d000 	C:\WINDOWS\System32\msvcrt.dll
0x00007ffbd8810000 - 0x00007ffbd886b000 	C:\WINDOWS\System32\sechost.dll
0x00007ffbd8f60000 - 0x00007ffbd907f000 	C:\WINDOWS\System32\RPCRT4.dll
0x00007ffbd96a0000 - 0x00007ffbd982f000 	C:\WINDOWS\System32\USER32.dll
0x00007ffbd60a0000 - 0x00007ffbd60c0000 	C:\WINDOWS\System32\win32u.dll
0x00007ffbd9830000 - 0x00007ffbd9858000 	C:\WINDOWS\System32\GDI32.dll
0x00007ffbd62e0000 - 0x00007ffbd6473000 	C:\WINDOWS\System32\gdi32full.dll
0x00007ffbd60c0000 - 0x00007ffbd615b000 	C:\WINDOWS\System32\msvcp_win.dll
0x00007ffbd6160000 - 0x00007ffbd6256000 	C:\WINDOWS\System32\ucrtbase.dll
0x00007ffbbc760000 - 0x00007ffbbc9c9000 	C:\WINDOWS\WinSxS\amd64_microsoft.windows.common-controls_6595b64144ccf1df_6.0.16299.248_none_15ced204935f55d7\COMCTL32.dll
0x00007ffbd9390000 - 0x00007ffbd9698000 	C:\WINDOWS\System32\combase.dll
0x00007ffbd6260000 - 0x00007ffbd62d2000 	C:\WINDOWS\System32\bcryptPrimitives.dll
0x00007ffbd98c0000 - 0x00007ffbd98ed000 	C:\WINDOWS\System32\IMM32.DLL
0x0000000072010000 - 0x00000000720e2000 	C:\Program Files\Java\jre1.8.0_131\bin\msvcr100.dll
0x00000000716c0000 - 0x0000000071f5c000 	C:\Program Files\Java\jre1.8.0_131\bin\server\jvm.dll
0x00007ffbd88d0000 - 0x00007ffbd88d8000 	C:\WINDOWS\System32\PSAPI.DLL
0x00007ffbbb0d0000 - 0x00007ffbbb0d9000 	C:\WINDOWS\SYSTEM32\WSOCK32.dll
0x00007ffbd7360000 - 0x00007ffbd73cc000 	C:\WINDOWS\System32\WS2_32.dll
0x00007ffbd2830000 - 0x00007ffbd2853000 	C:\WINDOWS\SYSTEM32\WINMM.dll
0x00007ffbcbe30000 - 0x00007ffbcbe3a000 	C:\WINDOWS\SYSTEM32\VERSION.dll
0x00007ffbd27d0000 - 0x00007ffbd27fa000 	C:\WINDOWS\SYSTEM32\WINMMBASE.dll
0x00007ffbd6050000 - 0x00007ffbd609a000 	C:\WINDOWS\System32\cfgmgr32.dll
0x0000000072350000 - 0x000000007235f000 	C:\Program Files\Java\jre1.8.0_131\bin\verify.dll
0x0000000072320000 - 0x0000000072349000 	C:\Program Files\Java\jre1.8.0_131\bin\java.dll
0x0000000072300000 - 0x0000000072316000 	C:\Program Files\Java\jre1.8.0_131\bin\zip.dll
0x00007ffbd73d0000 - 0x00007ffbd8806000 	C:\WINDOWS\System32\SHELL32.dll
0x00007ffbd9900000 - 0x00007ffbd99a6000 	C:\WINDOWS\System32\shcore.dll
0x00007ffbd6530000 - 0x00007ffbd6c77000 	C:\WINDOWS\System32\windows.storage.dll
0x00007ffbd8d30000 - 0x00007ffbd8d81000 	C:\WINDOWS\System32\shlwapi.dll
0x00007ffbd5d30000 - 0x00007ffbd5d41000 	C:\WINDOWS\System32\kernel.appcore.dll
0x00007ffbd5d70000 - 0x00007ffbd5dbc000 	C:\WINDOWS\System32\powrprof.dll
0x00007ffbd5dc0000 - 0x00007ffbd5ddb000 	C:\WINDOWS\System32\profapi.dll
0x00000000720f0000 - 0x0000000072288000 	C:\Program Files\Java\jre1.8.0_131\bin\awt.dll
0x00007ffbd9080000 - 0x00007ffbd9145000 	C:\WINDOWS\System32\OLEAUT32.dll
0x00007ffbd3c10000 - 0x00007ffbd3c98000 	C:\WINDOWS\SYSTEM32\apphelp.dll
0x00007ffbd3d90000 - 0x00007ffbd3e25000 	C:\WINDOWS\system32\uxtheme.dll
0x00007ffbd9220000 - 0x00007ffbd9387000 	C:\WINDOWS\System32\MSCTF.dll
0x00007ffbab640000 - 0x00007ffbab6e9000 	C:\Program Files\Common Files\microsoft shared\ink\tiptsf.dll
0x00007ffbd40e0000 - 0x00007ffbd410a000 	C:\WINDOWS\system32\dwmapi.dll
0x00007ffbd8e10000 - 0x00007ffbd8f59000 	C:\WINDOWS\System32\ole32.dll
0x00007ffbadac0000 - 0x00007ffbadbde000 	C:\WINDOWS\system32\opengl32.dll
0x00007ffbc93f0000 - 0x00007ffbc941c000 	C:\WINDOWS\SYSTEM32\GLU32.dll
0x0000000071670000 - 0x00000000716b7000 	C:\Program Files\Java\jre1.8.0_131\bin\fontmanager.dll
0x00000000722e0000 - 0x00000000722fa000 	C:\Program Files\Java\jre1.8.0_131\bin\net.dll
0x0000000180000000 - 0x000000018008c000 	C:\WINDOWS\system32\ASProxy64.dll
0x00007ffbd5350000 - 0x00007ffbd5389000 	C:\WINDOWS\SYSTEM32\IPHLPAPI.DLL
0x00007ffbd55c0000 - 0x00007ffbd5626000 	C:\WINDOWS\SYSTEM32\MSWSOCK.dll
0x00007ffbd5c60000 - 0x00007ffbd5c90000 	C:\WINDOWS\SYSTEM32\SspiCli.dll
0x00000000722c0000 - 0x00000000722d1000 	C:\Program Files\Java\jre1.8.0_131\bin\nio.dll
0x0000000071620000 - 0x0000000071662000 	C:\Program Files\Java\jre1.8.0_131\bin\t2k.dll
0x00007ffbc5920000 - 0x00007ffbc595e000 	C:\Users\weand\Desktop\Capstone project\CCR\GantryRobot\LeapMotion\LeapSDK\lib\x64\LeapJava.dll
0x00007ffbbbfa0000 - 0x00007ffbbc046000 	C:\Program Files\Java\jre1.8.0_131\bin\MSVCP120.dll
0x00007ffba7220000 - 0x00007ffba730f000 	C:\Program Files\Java\jre1.8.0_131\bin\MSVCR120.dll
0x00007ffba70b0000 - 0x00007ffba721b000 	C:\Users\weand\Desktop\Capstone project\CCR\GantryRobot\LeapMotion\LeapSDK\lib\x64\Leap.dll
0x00007ffbd4e70000 - 0x00007ffbd4ea1000 	C:\WINDOWS\SYSTEM32\ntmarta.dll
0x00007ffb8b090000 - 0x00007ffb8ba61000 	C:\Users\weand\Desktop\Capstone project\CCR\GantryRobot\OpenCV\opencv\build\java\x64\opencv_java2410.dll
0x00007ffbc9000000 - 0x00007ffbc9018000 	C:\WINDOWS\SYSTEM32\AVICAP32.dll
0x00007ffbc9420000 - 0x00007ffbc9449000 	C:\WINDOWS\SYSTEM32\MSVFW32.dll
0x00007ffbc8e00000 - 0x00007ffbc8e1f000 	C:\WINDOWS\SYSTEM32\AVIFIL32.dll
0x00007ffbcd340000 - 0x00007ffbcd35c000 	C:\WINDOWS\SYSTEM32\MSACM32.dll
0x00007ffbd6f50000 - 0x00007ffbd6fee000 	C:\WINDOWS\System32\clbcatq.dll
0x00007ffbd22d0000 - 0x00007ffbd247b000 	C:\WINDOWS\SYSTEM32\WindowsCodecs.dll
0x00007ffbb06c0000 - 0x00007ffbb070f000 	C:\WINDOWS\system32\dataexchange.dll
0x00007ffbd2d50000 - 0x00007ffbd3032000 	C:\WINDOWS\system32\d3d11.dll
0x00007ffbd36e0000 - 0x00007ffbd3822000 	C:\WINDOWS\system32\dcomp.dll
0x00007ffbd4ba0000 - 0x00007ffbd4c4f000 	C:\WINDOWS\system32\dxgi.dll
0x00007ffbd4260000 - 0x00007ffbd43db000 	C:\WINDOWS\system32\twinapi.appcore.dll
0x00007ffbd41d0000 - 0x00007ffbd41f0000 	C:\WINDOWS\system32\RMCLIENT.dll
0x00007ffbd5890000 - 0x00007ffbd58b5000 	C:\WINDOWS\system32\bcrypt.dll
0x00007ffbb5800000 - 0x00007ffbb5898000 	C:\WINDOWS\System32\TextInputFramework.dll
0x00007ffbd1ea0000 - 0x00007ffbd218e000 	C:\WINDOWS\System32\CoreUIComponents.dll
0x00007ffbd3600000 - 0x00007ffbd36dc000 	C:\WINDOWS\System32\CoreMessaging.dll
0x00007ffbd1d60000 - 0x00007ffbd1e96000 	C:\WINDOWS\SYSTEM32\wintypes.dll
0x00007ffbb3d40000 - 0x00007ffbb3f46000 	C:\Windows\System32\uiautomationcore.dll
0x00007ffbd5b90000 - 0x00007ffbd5c2a000 	C:\WINDOWS\SYSTEM32\sxs.dll
0x00007ffbb0d00000 - 0x00007ffbb0d6e000 	C:\Windows\System32\OLEACC.dll
0x00007ffbb52a0000 - 0x00007ffbb5321000 	C:\WINDOWS\SYSTEM32\twinapi.dll
0x00007ffbc5a60000 - 0x00007ffbc5a78000 	C:\Windows\System32\devenum.dll
0x00007ffbd88e0000 - 0x00007ffbd8d2e000 	C:\WINDOWS\System32\setupapi.dll
0x00007ffbd5b40000 - 0x00007ffbd5b67000 	C:\WINDOWS\SYSTEM32\DEVOBJ.dll
0x00007ffbd6c80000 - 0x00007ffbd6cd8000 	C:\WINDOWS\System32\WINTRUST.dll
0x00007ffbd5d50000 - 0x00007ffbd5d62000 	C:\WINDOWS\System32\MSASN1.dll
0x00007ffbd6ce0000 - 0x00007ffbd6eae000 	C:\WINDOWS\System32\CRYPT32.dll
0x00007ffbb0710000 - 0x00007ffbb071a000 	C:\WINDOWS\SYSTEM32\msdmo.dll
0x00007ffbc58e0000 - 0x00007ffbc5913000 	C:\Windows\System32\qcap.dll
0x00007ffba6500000 - 0x00007ffba66bc000 	C:\Windows\System32\quartz.dll
0x00007ffbbc060000 - 0x00007ffbbc0ae000 	C:\Windows\System32\mfksproxy.dll
0x00007ffbcdb20000 - 0x00007ffbcdb3d000 	C:\Windows\System32\ATL.DLL
0x00007ffbcd890000 - 0x00007ffbcd8c6000 	C:\Windows\System32\MFSENSORGROUP.dll
0x00007ffbcd6d0000 - 0x00007ffbcd881000 	C:\Windows\System32\MFPlat.DLL
0x00007ffbcd690000 - 0x00007ffbcd6c2000 	C:\Windows\System32\RTWorkQ.DLL
0x00007ffbccc10000 - 0x00007ffbcd057000 	C:\Windows\System32\MFCORE.dll
0x00007ffbccc00000 - 0x00007ffbccc09000 	C:\Windows\System32\ksuser.dll
0x00007ffbd57a0000 - 0x00007ffbd57ab000 	C:\Windows\System32\CRYPTBASE.DLL
0x00007ffbb1890000 - 0x00007ffbb18e0000 	C:\Windows\System32\FSClient.dll
0x00007ffbd22c0000 - 0x00007ffbd22ca000 	C:\Windows\System32\AVRT.dll
0x00007ffbc9710000 - 0x00007ffbc971c000 	C:\Windows\System32\vidcap.ax
0x00007ffbbdd50000 - 0x00007ffbbdd76000 	C:\Windows\System32\kswdmcap.ax
0x00007ffb9c1a0000 - 0x00007ffb9c305000 	C:\Windows\System32\MFC42.dll
0x00007ffb99740000 - 0x00007ffb99cb2000 	C:\WINDOWS\system32\IntelCameraPlugin64.dll
0x00007ffbd1b90000 - 0x00007ffbd1c0a000 	C:\WINDOWS\SYSTEM32\policymanager.dll
0x00007ffbd1a30000 - 0x00007ffbd1ac0000 	C:\Windows\System32\msvcp110_win.dll
0x00007ffb9c7a0000 - 0x00007ffb9c8aa000 	C:\Windows\System32\MFReadWrite.dll
0x00007ffba5720000 - 0x00007ffba57c0000 	C:\Windows\System32\qedit.dll
0x00007ffbd7250000 - 0x00007ffbd735a000 	C:\WINDOWS\System32\COMDLG32.dll
0x00007ffbba4f0000 - 0x00007ffbba68c000 	C:\WINDOWS\WinSxS\amd64_microsoft.windows.gdiplus_6595b64144ccf1df_1.1.16299.248_none_46b9c4e9edf1cfa5\gdiplus.dll
0x00007ffba53f0000 - 0x00007ffba54e6000 	C:\Windows\System32\DDRAW.dll
0x00007ffbc94b0000 - 0x00007ffbc94b8000 	C:\Windows\System32\DCIMAN32.dll
0x00007ffbc8d30000 - 0x00007ffbc8d3c000 	C:\WINDOWS\SYSTEM32\msyuv.dll
0x00007ffbd5780000 - 0x00007ffbd5797000 	C:\WINDOWS\SYSTEM32\CRYPTSP.dll
0x00007ffbd51d0000 - 0x00007ffbd5203000 	C:\WINDOWS\system32\rsaenh.dll
0x00007ffbd5c30000 - 0x00007ffbd5c59000 	C:\WINDOWS\SYSTEM32\USERENV.dll
0x00007ffbd6ff0000 - 0x00007ffbd6ff8000 	C:\WINDOWS\System32\NSI.dll
0x00007ffbcbc40000 - 0x00007ffbcbc56000 	C:\WINDOWS\SYSTEM32\dhcpcsvc6.DLL
0x00007ffbcbf30000 - 0x00007ffbcbf4a000 	C:\WINDOWS\SYSTEM32\dhcpcsvc.DLL
0x00007ffbd4720000 - 0x00007ffbd48e8000 	C:\WINDOWS\SYSTEM32\dbghelp.dll

VM Arguments:
jvm_args: -Djava.library.path=C:\Users\weand\Desktop\Capstone project\CCR\GantryRobot\mfz-rxtx-2.2-20081207-win-x64;C:\Users\weand\Desktop\Capstone project\CCR\GantryRobot\OpenCV\opencv\build\java\x64;C:\Users\weand\Desktop\Capstone project\CCR\GantryRobot\LeapMotion\LeapSDK\lib\x64 -Dfile.encoding=Cp1252 
java_command: leap.RXTXGui
java_class_path (initial): C:\Users\weand\workspace\Gantry_1\bin;C:\Users\weand\Desktop\Capstone project\CCR\GantryRobot\mfz-rxtx-2.2-20081207-win-x64\RXTXcomm.jar;C:\Users\weand\Desktop\Capstone project\CCR\GantryRobot\OpenCV\opencv\build\java\opencv-2410.jar;C:\Users\weand\Desktop\Capstone project\CCR\GantryRobot\LeapMotion\LeapSDK\lib\LeapJava.jar
Launcher Type: SUN_STANDARD

Environment Variables:
PATH=C:\Users\weand\Desktop\Capstone project\CCR\GantryRobot\LeapMotion\LeapSDK\lib\x64;n;C:/Program Files/Java/jre1.8.0_131/lib/amd64;C:\ProgramData\Oracle\Java\javapath;C:\Program Files\Microsoft MPI\Bin\;C:\WINDOWS\system32;C:\WINDOWS;C:\WINDOWS\System32\Wbem;C:\WINDOWS\System32\WindowsPowerShell\v1.0\;C:\Program Files (x86)\Skype\Phone\;C:\Program Files\Microsoft SQL Server\130\Tools\Binn\;C:\Program Files\dotnet\;C:\Program Files (x86)\GtkSharp\2.12\bin;C:\Program Files\MySQL\MySQL Utilities 1.6\;C:\Program Files\Git\cmd;C:\Users\weand\AppData\Local\Microsoft\WindowsApps;C:\Program Files (x86)\Spiceworks\Nmap;;C:\Users\weand\Downloads\eclipse-java-kepler-SR1-win32-x86_64\eclipse;C:/Program Files/Java/jre1.8.0_131/bin/server;C:/Program Files/Java/jre1.8.0_131/bin;C:/Program Files/Java/jre1.8.0_131/lib/amd64;C:\ProgramData\Oracle\Java\javapath;C:\Program Files\Microsoft MPI\Bin\;C:\WINDOWS\system32;C:\WINDOWS;C:\WINDOWS\System32\Wbem;C:\WINDOWS\System32\WindowsPowerShell\v1.0\;C:\Program Files (x86)\Skype\Phone\;C:\Program Files\Microsoft SQL Server\130\Tools\Binn\;C:\Program Files\dotnet\;C:\Program Files (x86)\GtkSharp\2.12\bin;C:\Program Files\MySQL\MySQL Utilities 1.6\;C:\Program Files\Git\cmd;C:\Users\weand\AppData\Local\Microsoft\WindowsApps;C:\Program Files (x86)\Spiceworks\Nmap;;C:\Users\weand\Downloads\eclipse-java-kepler-SR1-win32-x86_64\eclipse;
USERNAME=weand
OS=Windows_NT
PROCESSOR_IDENTIFIER=Intel64 Family 6 Model 78 Stepping 3, GenuineIntel



---------------  S Y S T E M  ---------------

OS: Windows 10.0 , 64 bit Build 16299 (10.0.16299.15)

CPU:total 4 (initial active 4) (2 cores per cpu, 2 threads per core) family 6 model 78 stepping 3, cmov, cx8, fxsr, mmx, sse, sse2, sse3, ssse3, sse4.1, sse4.2, popcnt, avx, avx2, aes, clmul, erms, rtm, 3dnowpref, lzcnt, ht, tsc, tscinvbit, bmi1, bmi2, adx

Memory: 4k page, physical 8311896k(2238952k free), swap 12768344k(2599816k free)

vm_info: Java HotSpot(TM) 64-Bit Server VM (25.131-b11) for windows-amd64 JRE (1.8.0_131-b11), built on Mar 15 2017 01:23:53 by "java_re" with MS VC++ 10.0 (VS2010)

time: Thu Mar 15 12:11:35 2018
elapsed time: 63 seconds (0d 0h 1m 3s)

