#
# A fatal error has been detected by the Java Runtime Environment:
#
#  Internal Error (0xc000000d), pid=9580, tid=0x0000000000000fbc
#
# JRE version: Java(TM) SE Runtime Environment (8.0_131-b11) (build 1.8.0_131-b11)
# Java VM: Java HotSpot(TM) 64-Bit Server VM (25.131-b11 mixed mode windows-amd64 compressed oops)
# Problematic frame:
# C  [ntdll.dll+0x10b2b0]
#
# Failed to write core dump. Minidumps are not enabled by default on client versions of Windows
#
# If you would like to submit a bug report, please visit:
#   http://bugreport.java.com/bugreport/crash.jsp
#

---------------  T H R E A D  ---------------

Current thread (0x00000000198d7800):  VMThread [stack: 0x000000001a970000,0x000000001aa70000] [id=4028]

siginfo: ExceptionCode=0xc000000d

Registers:
RAX=0x00000000033a2050, RBX=0x0000000000000001, RCX=0x00000000198d8b80, RDX=0x0000000000000001
RSP=0x000000001aa6efe0, RBP=0x000000001e6fe590, RSI=0x000000001e6fe7c8, RDI=0x000000001e6ebd30
R8 =0x00000000033a2050, R9 =0x00000000198d8b80, R10=0x0000000000000001, R11=0x00000000198d8b90
R12=0x00007ff910ec6680, R13=0x0000000000000001, R14=0x000000001e6e0d90, R15=0x000000001e6e0d90
RIP=0x00007ff9191fb2b0, EFLAGS=0x0000000000000202

Top of Stack: (sp=0x000000001aa6efe0)
0x000000001aa6efe0:   0000000000000057 0000000000000001
0x000000001aa6eff0:   000000001e6fe7c8 000000001e6ebd30
0x000000001aa6f000:   00000000c000000d 0000000000000000
0x000000001aa6f010:   00007ff9191fb2b0 0000000000000000
0x000000001aa6f020:   0000000000000000 0000000000000000
0x000000001aa6f030:   0000000000000000 0000000000000000
0x000000001aa6f040:   0000000000000000 0000000000000000
0x000000001aa6f050:   0000000000000000 0000000000000000
0x000000001aa6f060:   0000000000000000 0000000000000000
0x000000001aa6f070:   0000000000000000 0000000000000000
0x000000001aa6f080:   0000000000000000 0000000000000000
0x000000001aa6f090:   0000000000000000 0000000000000000
0x000000001aa6f0a0:   0000bfc531a9dbe6 000000001e6ebd30
0x000000001aa6f0b0:   000000001e6fe7c8 00007ff910ec4907
0x000000001aa6f0c0:   000000001e6ebd30 000000001e6e0d90
0x000000001aa6f0d0:   00000000f46857d4 0000000000000020 

Instructions: (pc=0x00007ff9191fb2b0)
0x00007ff9191fb290:   b7 f9 ff c7 44 24 20 0d 00 00 c0 b9 57 00 00 00
0x00007ff9191fb2a0:   e8 4b 63 f3 ff 90 48 8d 4c 24 20 e8 90 00 f1 ff
0x00007ff9191fb2b0:   eb 00 48 8b 8c 24 c0 00 00 00 48 33 cc e8 ce 57
0x00007ff9191fb2c0:   f8 ff 48 81 c4 d8 00 00 00 c3 40 55 48 83 ec 20 


Register to memory mapping:

RAX=0x00000000033a2050 is an unknown value
RBX=0x0000000000000001 is an unknown value
RCX=0x00000000198d8b80 is an unknown value
RDX=0x0000000000000001 is an unknown value
RSP=0x000000001aa6efe0 is an unknown value
RBP=0x000000001e6fe590 is an unknown value
RSI=0x000000001e6fe7c8 is an unknown value
RDI=0x000000001e6ebd30 is an unknown value
R8 =0x00000000033a2050 is an unknown value
R9 =0x00000000198d8b80 is an unknown value
R10=0x0000000000000001 is an unknown value
R11=0x00000000198d8b90 is an unknown value
R12=0x00007ff910ec6680 is an unknown value
R13=0x0000000000000001 is an unknown value
R14=0x000000001e6e0d90 is an unknown value
R15=0x000000001e6e0d90 is an unknown value


Stack: [0x000000001a970000,0x000000001aa70000],  sp=0x000000001aa6efe0,  free space=1019k
Native frames: (J=compiled Java code, j=interpreted, Vv=VM code, C=native code)
C  [ntdll.dll+0x10b2b0]
C  [RTWorkQ.DLL+0x4907]
C  [RTWorkQ.DLL+0x9e46]
C  [RTWorkQ.DLL+0x7565]
C  [MFPlat.DLL+0x1d65b]
C  [MFReadWrite.dll+0x16348]
C  [MFReadWrite.dll+0xfb0d]
C  [MFReadWrite.dll+0xf863]
C  [mfksproxy.dll+0x194d0]
C  [mfksproxy.dll+0x18069]
C  [mfksproxy.dll+0x6eeb]
C  [quartz.dll+0x42e19]
C  [quartz.dll+0x553ef]
C  [quartz.dll+0x57932]
C  [quartz.dll+0x56d75]
C  [opencv_java2410.dll+0x2aaa1e]
C  [opencv_java2410.dll+0x5f43d0]
C  [opencv_java2410.dll+0x508e75]
C  [opencv_java2410.dll+0x4fc0f6]
C  [opencv_java2410.dll+0x4fc269]
C  [ntdll.dll+0x11493]
C  [ntdll.dll+0x406b5]
C  [ntdll.dll+0x40574]
C  [KERNEL32.DLL+0xf06a]
C  [msvcr100.dll+0x20ccd]
V  [jvm.dll+0x213235]
V  [jvm.dll+0x24c2a7]
V  [jvm.dll+0x24b546]
V  [jvm.dll+0x24b9e1]
V  [jvm.dll+0x24bbfe]
V  [jvm.dll+0x29cc1a]
C  [msvcr100.dll+0x21d9f]
C  [msvcr100.dll+0x21e3b]
C  [KERNEL32.DLL+0x11fe4]
C  [ntdll.dll+0x6efc1]

VM_Operation (0x000000001c07ce50): Exit, mode: safepoint, requested by thread 0x000000001b7e4800


---------------  P R O C E S S  ---------------

Java Threads: ( => current thread )
  0x000000001b7b7800 JavaThread "Thread-3" [_thread_blocked, id=14292, stack(0x0000000026b10000,0x0000000026c10000)]
  0x000000001d417800 JavaThread "TimerQueue" daemon [_thread_blocked, id=3172, stack(0x000000001e5c0000,0x000000001e6c0000)]
  0x0000000004c90800 JavaThread "DestroyJavaVM" [_thread_blocked, id=13612, stack(0x0000000004b90000,0x0000000004c90000)]
  0x000000001b7e4800 JavaThread "AWT-EventQueue-0" [_thread_blocked, id=11220, stack(0x000000001bf80000,0x000000001c080000)]
  0x000000001b7e0800 JavaThread "AWT-Shutdown" [_thread_blocked, id=5056, stack(0x000000001bca0000,0x000000001bda0000)]
  0x000000001b7dd800 JavaThread "Java2D Disposer" daemon [_thread_blocked, id=9796, stack(0x000000001bba0000,0x000000001bca0000)]
  0x000000001b488800 JavaThread "Service Thread" daemon [_thread_blocked, id=8956, stack(0x000000001b860000,0x000000001b960000)]
  0x000000001991a000 JavaThread "C1 CompilerThread2" daemon [_thread_blocked, id=8980, stack(0x000000001b360000,0x000000001b460000)]
  0x0000000019913000 JavaThread "C2 CompilerThread1" daemon [_thread_blocked, id=2200, stack(0x000000001b260000,0x000000001b360000)]
  0x000000001990e800 JavaThread "C2 CompilerThread0" daemon [_thread_blocked, id=6856, stack(0x000000001b160000,0x000000001b260000)]
  0x000000001990d000 JavaThread "Attach Listener" daemon [_thread_blocked, id=4980, stack(0x000000001b060000,0x000000001b160000)]
  0x00000000198fa800 JavaThread "Finalizer" daemon [_thread_blocked, id=11952, stack(0x000000001ab70000,0x000000001ac70000)]
  0x0000000004d7f000 JavaThread "Reference Handler" daemon [_thread_blocked, id=10740, stack(0x000000001aa70000,0x000000001ab70000)]

Other Threads:
=>0x00000000198d7800 VMThread [stack: 0x000000001a970000,0x000000001aa70000] [id=4028]

VM state:at safepoint (shutting down)

VM Mutex/Monitor currently owned by a thread:  ([mutex/lock_event])
[0x00000000033abfd0] Threads_lock - owner thread: 0x00000000198d7800

Heap:
 PSYoungGen      total 35840K, used 33092K [0x00000000d5b80000, 0x00000000d8480000, 0x0000000100000000)
  eden space 32768K, 91% used [0x00000000d5b80000,0x00000000d78dc268,0x00000000d7b80000)
  from space 3072K, 98% used [0x00000000d7c00000,0x00000000d7ef5020,0x00000000d7f00000)
  to   space 4608K, 0% used [0x00000000d8000000,0x00000000d8000000,0x00000000d8480000)
 ParOldGen       total 87552K, used 15335K [0x0000000081200000, 0x0000000086780000, 0x00000000d5b80000)
  object space 87552K, 17% used [0x0000000081200000,0x00000000820f9d70,0x0000000086780000)
 Metaspace       used 12770K, capacity 13036K, committed 13312K, reserved 1060864K
  class space    used 1575K, capacity 1672K, committed 1792K, reserved 1048576K

Card table byte_map: [0x0000000014150000,0x0000000014550000] byte_map_base: 0x0000000013d47000

Marking Bits: (ParMarkBitMap*) 0x00000000730fc720
 Begin Bits: [0x0000000014c00000, 0x0000000016bb8000)
 End Bits:   [0x0000000016bb8000, 0x0000000018b70000)

Polling page: 0x0000000000bf0000

CodeCache: size=245760Kb used=4038Kb max_used=4038Kb free=241721Kb
 bounds [0x0000000004d90000, 0x0000000005190000, 0x0000000013d90000]
 total_blobs=1850 nmethods=1167 adapters=595
 compilation: enabled

Compilation events (10 events):
Event: 15.648 Thread 0x000000001991a000 1161   !   3       sun.awt.image.VolatileSurfaceManager::validate (204 bytes)
Event: 15.649 Thread 0x000000001991a000 nmethod 1161 0x000000000517d310 code [0x000000000517d540, 0x000000000517e4a8]
Event: 15.670 Thread 0x000000001991a000 1162  s    3       java.lang.Throwable::fillInStackTrace (29 bytes)
Event: 15.670 Thread 0x000000001991a000 nmethod 1162 0x000000000517eb90 code [0x000000000517ed00, 0x000000000517f0a8]
Event: 15.670 Thread 0x000000001991a000 1164       1       java.lang.Throwable::getMessage (5 bytes)
Event: 15.670 Thread 0x000000001991a000 nmethod 1164 0x000000000517f150 code [0x000000000517f2a0, 0x000000000517f3b0]
Event: 16.148 Thread 0x000000001991a000 1165       3       org.opencv.core.Mat::type (10 bytes)
Event: 16.148 Thread 0x000000001991a000 nmethod 1165 0x000000000517f410 code [0x000000000517f580, 0x000000000517f708]
Event: 16.215 Thread 0x000000001991a000 1167   !   3       java.awt.KeyboardFocusManager::retargetFocusEvent (244 bytes)
Event: 16.218 Thread 0x000000001991a000 nmethod 1167 0x000000000517fb50 code [0x000000000517ffc0, 0x0000000005182f18]

GC Heap History (10 events):
Event: 7.579 GC heap before
{Heap before GC invocations=1 (full 0):
 PSYoungGen      total 38400K, used 32498K [0x00000000d5b80000, 0x00000000d8600000, 0x0000000100000000)
  eden space 33280K, 97% used [0x00000000d5b80000,0x00000000d7b3c9e0,0x00000000d7c00000)
  from space 5120K, 0% used [0x00000000d8100000,0x00000000d8100000,0x00000000d8600000)
  to   space 5120K, 0% used [0x00000000d7c00000,0x00000000d7c00000,0x00000000d8100000)
 ParOldGen       total 87552K, used 0K [0x0000000081200000, 0x0000000086780000, 0x00000000d5b80000)
  object space 87552K, 0% used [0x0000000081200000,0x0000000081200000,0x0000000086780000)
 Metaspace       used 12533K, capacity 12716K, committed 13056K, reserved 1060864K
  class space    used 1569K, capacity 1672K, committed 1792K, reserved 1048576K
Event: 7.587 GC heap after
Heap after GC invocations=1 (full 0):
 PSYoungGen      total 38400K, used 4062K [0x00000000d5b80000, 0x00000000d8600000, 0x0000000100000000)
  eden space 33280K, 0% used [0x00000000d5b80000,0x00000000d5b80000,0x00000000d7c00000)
  from space 5120K, 79% used [0x00000000d7c00000,0x00000000d7ff7a00,0x00000000d8100000)
  to   space 5120K, 0% used [0x00000000d8100000,0x00000000d8100000,0x00000000d8600000)
 ParOldGen       total 87552K, used 15311K [0x0000000081200000, 0x0000000086780000, 0x00000000d5b80000)
  object space 87552K, 17% used [0x0000000081200000,0x00000000820f3d70,0x0000000086780000)
 Metaspace       used 12533K, capacity 12716K, committed 13056K, reserved 1060864K
  class space    used 1569K, capacity 1672K, committed 1792K, reserved 1048576K
}
Event: 9.307 GC heap before
{Heap before GC invocations=2 (full 0):
 PSYoungGen      total 38400K, used 36820K [0x00000000d5b80000, 0x00000000d8600000, 0x0000000100000000)
  eden space 33280K, 98% used [0x00000000d5b80000,0x00000000d7b7d7f0,0x00000000d7c00000)
  from space 5120K, 79% used [0x00000000d7c00000,0x00000000d7ff7a00,0x00000000d8100000)
  to   space 5120K, 0% used [0x00000000d8100000,0x00000000d8100000,0x00000000d8600000)
 ParOldGen       total 87552K, used 15311K [0x0000000081200000, 0x0000000086780000, 0x00000000d5b80000)
  object space 87552K, 17% used [0x0000000081200000,0x00000000820f3d70,0x0000000086780000)
 Metaspace       used 12700K, capacity 12972K, committed 13312K, reserved 1060864K
  class space    used 1575K, capacity 1672K, committed 1792K, reserved 1048576K
Event: 9.312 GC heap after
Heap after GC invocations=2 (full 0):
 PSYoungGen      total 38400K, used 3999K [0x00000000d5b80000, 0x00000000d8600000, 0x0000000100000000)
  eden space 33280K, 0% used [0x00000000d5b80000,0x00000000d5b80000,0x00000000d7c00000)
  from space 5120K, 78% used [0x00000000d8100000,0x00000000d84e7ee8,0x00000000d8600000)
  to   space 5120K, 0% used [0x00000000d7c00000,0x00000000d7c00000,0x00000000d8100000)
 ParOldGen       total 87552K, used 15319K [0x0000000081200000, 0x0000000086780000, 0x00000000d5b80000)
  object space 87552K, 17% used [0x0000000081200000,0x00000000820f5d70,0x0000000086780000)
 Metaspace       used 12700K, capacity 12972K, committed 13312K, reserved 1060864K
  class space    used 1575K, capacity 1672K, committed 1792K, reserved 1048576K
}
Event: 11.012 GC heap before
{Heap before GC invocations=3 (full 0):
 PSYoungGen      total 38400K, used 36422K [0x00000000d5b80000, 0x00000000d8600000, 0x0000000100000000)
  eden space 33280K, 97% used [0x00000000d5b80000,0x00000000d7b29b70,0x00000000d7c00000)
  from space 5120K, 78% used [0x00000000d8100000,0x00000000d84e7ee8,0x00000000d8600000)
  to   space 5120K, 0% used [0x00000000d7c00000,0x00000000d7c00000,0x00000000d8100000)
 ParOldGen       total 87552K, used 15319K [0x0000000081200000, 0x0000000086780000, 0x00000000d5b80000)
  object space 87552K, 17% used [0x0000000081200000,0x00000000820f5d70,0x0000000086780000)
 Metaspace       used 12727K, capacity 12972K, committed 13312K, reserved 1060864K
  class space    used 1575K, capacity 1672K, committed 1792K, reserved 1048576K
Event: 11.015 GC heap after
Heap after GC invocations=3 (full 0):
 PSYoungGen      total 38400K, used 3976K [0x00000000d5b80000, 0x00000000d8600000, 0x0000000100000000)
  eden space 33280K, 0% used [0x00000000d5b80000,0x00000000d5b80000,0x00000000d7c00000)
  from space 5120K, 77% used [0x00000000d7c00000,0x00000000d7fe2020,0x00000000d8100000)
  to   space 5120K, 0% used [0x00000000d8100000,0x00000000d8100000,0x00000000d8600000)
 ParOldGen       total 87552K, used 15327K [0x0000000081200000, 0x0000000086780000, 0x00000000d5b80000)
  object space 87552K, 17% used [0x0000000081200000,0x00000000820f7d70,0x0000000086780000)
 Metaspace       used 12727K, capacity 12972K, committed 13312K, reserved 1060864K
  class space    used 1575K, capacity 1672K, committed 1792K, reserved 1048576K
}
Event: 12.820 GC heap before
{Heap before GC invocations=4 (full 0):
 PSYoungGen      total 38400K, used 36643K [0x00000000d5b80000, 0x00000000d8600000, 0x0000000100000000)
  eden space 33280K, 98% used [0x00000000d5b80000,0x00000000d7b66ea0,0x00000000d7c00000)
  from space 5120K, 77% used [0x00000000d7c00000,0x00000000d7fe2020,0x00000000d8100000)
  to   space 5120K, 0% used [0x00000000d8100000,0x00000000d8100000,0x00000000d8600000)
 ParOldGen       total 87552K, used 15327K [0x0000000081200000, 0x0000000086780000, 0x00000000d5b80000)
  object space 87552K, 17% used [0x0000000081200000,0x00000000820f7d70,0x0000000086780000)
 Metaspace       used 12736K, capacity 12972K, committed 13312K, reserved 1060864K
  class space    used 1575K, capacity 1672K, committed 1792K, reserved 1048576K
Event: 12.823 GC heap after
Heap after GC invocations=4 (full 0):
 PSYoungGen      total 38400K, used 3012K [0x00000000d5b80000, 0x00000000d8600000, 0x0000000100000000)
  eden space 33280K, 0% used [0x00000000d5b80000,0x00000000d5b80000,0x00000000d7c00000)
  from space 5120K, 58% used [0x00000000d8100000,0x00000000d83f1030,0x00000000d8600000)
  to   space 5120K, 0% used [0x00000000d7c00000,0x00000000d7c00000,0x00000000d8100000)
 ParOldGen       total 87552K, used 15335K [0x0000000081200000, 0x0000000086780000, 0x00000000d5b80000)
  object space 87552K, 17% used [0x0000000081200000,0x00000000820f9d70,0x0000000086780000)
 Metaspace       used 12736K, capacity 12972K, committed 13312K, reserved 1060864K
  class space    used 1575K, capacity 1672K, committed 1792K, reserved 1048576K
}
Event: 14.639 GC heap before
{Heap before GC invocations=5 (full 0):
 PSYoungGen      total 38400K, used 36180K [0x00000000d5b80000, 0x00000000d8600000, 0x0000000100000000)
  eden space 33280K, 99% used [0x00000000d5b80000,0x00000000d7be4268,0x00000000d7c00000)
  from space 5120K, 58% used [0x00000000d8100000,0x00000000d83f1030,0x00000000d8600000)
  to   space 5120K, 0% used [0x00000000d7c00000,0x00000000d7c00000,0x00000000d8100000)
 ParOldGen       total 87552K, used 15335K [0x0000000081200000, 0x0000000086780000, 0x00000000d5b80000)
  object space 87552K, 17% used [0x0000000081200000,0x00000000820f9d70,0x0000000086780000)
 Metaspace       used 12747K, capacity 12972K, committed 13312K, reserved 1060864K
  class space    used 1575K, capacity 1672K, committed 1792K, reserved 1048576K
Event: 14.644 GC heap after
Heap after GC invocations=5 (full 0):
 PSYoungGen      total 35840K, used 3028K [0x00000000d5b80000, 0x00000000d8480000, 0x0000000100000000)
  eden space 32768K, 0% used [0x00000000d5b80000,0x00000000d5b80000,0x00000000d7b80000)
  from space 3072K, 98% used [0x00000000d7c00000,0x00000000d7ef5020,0x00000000d7f00000)
  to   space 4608K, 0% used [0x00000000d8000000,0x00000000d8000000,0x00000000d8480000)
 ParOldGen       total 87552K, used 15335K [0x0000000081200000, 0x0000000086780000, 0x00000000d5b80000)
  object space 87552K, 17% used [0x0000000081200000,0x00000000820f9d70,0x0000000086780000)
 Metaspace       used 12747K, capacity 12972K, committed 13312K, reserved 1060864K
  class space    used 1575K, capacity 1672K, committed 1792K, reserved 1048576K
}

Deoptimization events (2 events):
Event: 0.299 Thread 0x000000001b7e4800 Uncommon trap: reason=null_check action=make_not_entrant pc=0x0000000004efc29c method=java.lang.String.equals(Ljava/lang/Object;)Z @ 8
Event: 7.277 Thread 0x000000001b7e4800 Uncommon trap: reason=unstable_if action=reinterpret pc=0x000000000511e1a0 method=GantryClaw.ClawImagePanel.matToBufferedImage(Lorg/opencv/core/Mat;)Ljava/awt/image/BufferedImage; @ 120

Internal exceptions (10 events):
Event: 15.670 Thread 0x000000001b7b7800 Exception <a 'java/lang/NullPointerException'> (0x00000000d6fe3290) thrown at [C:\re\workspace\8-2-build-windows-amd64-cygwin\jdk8u131\8869\hotspot\src\share\vm\interpreter\linkResolver.cpp, line 1197]
Event: 15.670 Thread 0x000000001b7b7800 Exception <a 'java/lang/NullPointerException'> (0x00000000d6fe3808) thrown at [C:\re\workspace\8-2-build-windows-amd64-cygwin\jdk8u131\8869\hotspot\src\share\vm\interpreter\linkResolver.cpp, line 1197]
Event: 15.670 Thread 0x000000001b7b7800 Exception <a 'java/lang/NullPointerException'> (0x00000000d6fe3d80) thrown at [C:\re\workspace\8-2-build-windows-amd64-cygwin\jdk8u131\8869\hotspot\src\share\vm\interpreter\linkResolver.cpp, line 1197]
Event: 15.670 Thread 0x000000001b7b7800 Exception <a 'java/lang/NullPointerException'> (0x00000000d6fe42f8) thrown at [C:\re\workspace\8-2-build-windows-amd64-cygwin\jdk8u131\8869\hotspot\src\share\vm\interpreter\linkResolver.cpp, line 1197]
Event: 15.670 Thread 0x000000001b7b7800 Exception <a 'java/lang/NullPointerException'> (0x00000000d6fe4870) thrown at [C:\re\workspace\8-2-build-windows-amd64-cygwin\jdk8u131\8869\hotspot\src\share\vm\interpreter\linkResolver.cpp, line 1197]
Event: 15.670 Thread 0x000000001b7b7800 Exception <a 'java/lang/NullPointerException'> (0x00000000d6fe4de8) thrown at [C:\re\workspace\8-2-build-windows-amd64-cygwin\jdk8u131\8869\hotspot\src\share\vm\interpreter\linkResolver.cpp, line 1197]
Event: 15.670 Thread 0x000000001b7b7800 Exception <a 'java/lang/NullPointerException'> (0x00000000d6fe5360) thrown at [C:\re\workspace\8-2-build-windows-amd64-cygwin\jdk8u131\8869\hotspot\src\share\vm\interpreter\linkResolver.cpp, line 1197]
Event: 15.670 Thread 0x000000001b7b7800 Exception <a 'java/lang/NullPointerException'> (0x00000000d6fe58d8) thrown at [C:\re\workspace\8-2-build-windows-amd64-cygwin\jdk8u131\8869\hotspot\src\share\vm\interpreter\linkResolver.cpp, line 1197]
Event: 15.670 Thread 0x000000001b7b7800 Exception <a 'java/lang/NullPointerException'> (0x00000000d6fe5e50) thrown at [C:\re\workspace\8-2-build-windows-amd64-cygwin\jdk8u131\8869\hotspot\src\share\vm\interpreter\linkResolver.cpp, line 1197]
Event: 15.670 Thread 0x000000001b7b7800 Exception <a 'java/lang/NullPointerException'> (0x00000000d6fe63c8) thrown at [C:\re\workspace\8-2-build-windows-amd64-cygwin\jdk8u131\8869\hotspot\src\share\vm\interpreter\linkResolver.cpp, line 1197]

Events (10 events):
Event: 12.823 Executing VM operation: ParallelGCFailedAllocation done
Event: 14.639 Executing VM operation: ParallelGCFailedAllocation
Event: 14.644 Executing VM operation: ParallelGCFailedAllocation done
Event: 16.215 Thread 0x000000001d9d7800 Thread added: 0x000000001d9d7800
Event: 16.215 Thread 0x000000001d9d8000 Thread added: 0x000000001d9d8000
Event: 16.216 Thread 0x000000001d9d7800 Thread exited: 0x000000001d9d7800
Event: 16.235 Thread 0x000000001b7e1000 Thread exited: 0x000000001b7e1000
Event: 16.317 Thread 0x000000001d9d8000 Thread exited: 0x000000001d9d8000
Event: 16.317 Thread 0x000000001990b800 Thread exited: 0x000000001990b800
Event: 16.317 Executing VM operation: Exit


Dynamic libraries:
0x00007ff6440f0000 - 0x00007ff644127000 	C:\Program Files\Java\jre1.8.0_131\bin\javaw.exe
0x00007ff9190f0000 - 0x00007ff9192d0000 	C:\WINDOWS\SYSTEM32\ntdll.dll
0x00007ff917bc0000 - 0x00007ff917c6e000 	C:\WINDOWS\System32\KERNEL32.DLL
0x00007ff916350000 - 0x00007ff9165b6000 	C:\WINDOWS\System32\KERNELBASE.dll
0x00007ff918060000 - 0x00007ff918101000 	C:\WINDOWS\System32\ADVAPI32.dll
0x00007ff917ce0000 - 0x00007ff917d7d000 	C:\WINDOWS\System32\msvcrt.dll
0x00007ff917c80000 - 0x00007ff917cdb000 	C:\WINDOWS\System32\sechost.dll
0x00007ff917f40000 - 0x00007ff91805f000 	C:\WINDOWS\System32\RPCRT4.dll
0x00007ff918530000 - 0x00007ff9186bf000 	C:\WINDOWS\System32\USER32.dll
0x00007ff916280000 - 0x00007ff9162a0000 	C:\WINDOWS\System32\win32u.dll
0x00007ff918d20000 - 0x00007ff918d48000 	C:\WINDOWS\System32\GDI32.dll
0x00007ff9157c0000 - 0x00007ff915953000 	C:\WINDOWS\System32\gdi32full.dll
0x00007ff915620000 - 0x00007ff9156bb000 	C:\WINDOWS\System32\msvcp_win.dll
0x00007ff9156c0000 - 0x00007ff9157b6000 	C:\WINDOWS\System32\ucrtbase.dll
0x00007ff8fc2b0000 - 0x00007ff8fc519000 	C:\WINDOWS\WinSxS\amd64_microsoft.windows.common-controls_6595b64144ccf1df_6.0.16299.309_none_15cfd4c4935e6b11\COMCTL32.dll
0x00007ff918d50000 - 0x00007ff919058000 	C:\WINDOWS\System32\combase.dll
0x00007ff9155a0000 - 0x00007ff915612000 	C:\WINDOWS\System32\bcryptPrimitives.dll
0x00007ff9181e0000 - 0x00007ff91820d000 	C:\WINDOWS\System32\IMM32.DLL
0x0000000073ec0000 - 0x0000000073f92000 	C:\Program Files\Java\jre1.8.0_131\bin\msvcr100.dll
0x00000000728e0000 - 0x000000007317c000 	C:\Program Files\Java\jre1.8.0_131\bin\server\jvm.dll
0x00007ff917c70000 - 0x00007ff917c78000 	C:\WINDOWS\System32\PSAPI.DLL
0x00007ff8ff750000 - 0x00007ff8ff759000 	C:\WINDOWS\SYSTEM32\WSOCK32.dll
0x00007ff917ed0000 - 0x00007ff917f3c000 	C:\WINDOWS\System32\WS2_32.dll
0x00007ff90fce0000 - 0x00007ff90fd03000 	C:\WINDOWS\SYSTEM32\WINMM.dll
0x00007ff90f8f0000 - 0x00007ff90f8fa000 	C:\WINDOWS\SYSTEM32\VERSION.dll
0x00007ff90f9d0000 - 0x00007ff90f9fa000 	C:\WINDOWS\SYSTEM32\WINMMBASE.dll
0x00007ff9154f0000 - 0x00007ff91553a000 	C:\WINDOWS\System32\cfgmgr32.dll
0x0000000074120000 - 0x000000007412f000 	C:\Program Files\Java\jre1.8.0_131\bin\verify.dll
0x00000000740f0000 - 0x0000000074119000 	C:\Program Files\Java\jre1.8.0_131\bin\java.dll
0x00000000740d0000 - 0x00000000740e6000 	C:\Program Files\Java\jre1.8.0_131\bin\zip.dll
0x00007ff9165e0000 - 0x00007ff917a16000 	C:\WINDOWS\System32\SHELL32.dll
0x00007ff918210000 - 0x00007ff9182b6000 	C:\WINDOWS\System32\shcore.dll
0x00007ff915960000 - 0x00007ff9160a7000 	C:\WINDOWS\System32\windows.storage.dll
0x00007ff918cc0000 - 0x00007ff918d11000 	C:\WINDOWS\System32\shlwapi.dll
0x00007ff9154b0000 - 0x00007ff9154c1000 	C:\WINDOWS\System32\kernel.appcore.dll
0x00007ff915460000 - 0x00007ff9154ac000 	C:\WINDOWS\System32\powrprof.dll
0x00007ff915440000 - 0x00007ff91545b000 	C:\WINDOWS\System32\profapi.dll
0x0000000072740000 - 0x00000000728d8000 	C:\Program Files\Java\jre1.8.0_131\bin\awt.dll
0x00007ff918110000 - 0x00007ff9181d5000 	C:\WINDOWS\System32\OLEAUT32.dll
0x00007ff9138b0000 - 0x00007ff913938000 	C:\WINDOWS\SYSTEM32\apphelp.dll
0x00007ff913a30000 - 0x00007ff913ac5000 	C:\WINDOWS\system32\uxtheme.dll
0x00007ff9183c0000 - 0x00007ff918527000 	C:\WINDOWS\System32\MSCTF.dll
0x00007ff8eb150000 - 0x00007ff8eb1f9000 	C:\Program Files\Common Files\microsoft shared\ink\tiptsf.dll
0x00007ff913ca0000 - 0x00007ff913cca000 	C:\WINDOWS\system32\dwmapi.dll
0x00007ff917d80000 - 0x00007ff917ec9000 	C:\WINDOWS\System32\ole32.dll
0x00007ff8ffa30000 - 0x00007ff8ffb4e000 	C:\WINDOWS\system32\opengl32.dll
0x00007ff90cc80000 - 0x00007ff90ccac000 	C:\WINDOWS\SYSTEM32\GLU32.dll
0x0000000073e70000 - 0x0000000073eb7000 	C:\Program Files\Java\jre1.8.0_131\bin\fontmanager.dll
0x00000000740b0000 - 0x00000000740ca000 	C:\Program Files\Java\jre1.8.0_131\bin\net.dll
0x0000000180000000 - 0x000000018008c000 	C:\WINDOWS\system32\ASProxy64.dll
0x00007ff914a60000 - 0x00007ff914a99000 	C:\WINDOWS\SYSTEM32\IPHLPAPI.DLL
0x00007ff914cd0000 - 0x00007ff914d36000 	C:\WINDOWS\SYSTEM32\MSWSOCK.dll
0x00007ff915340000 - 0x00007ff915370000 	C:\WINDOWS\SYSTEM32\SspiCli.dll
0x0000000074090000 - 0x00000000740a1000 	C:\Program Files\Java\jre1.8.0_131\bin\nio.dll
0x0000000073e20000 - 0x0000000073e62000 	C:\Program Files\Java\jre1.8.0_131\bin\t2k.dll
0x00007ff90ca20000 - 0x00007ff90ca5e000 	C:\Users\weand\Desktop\Capstone project\CCR\GantryRobot\LeapMotion\LeapSDK\lib\x64\LeapJava.dll
0x00007ff8ff940000 - 0x00007ff8ffa2f000 	C:\Program Files\Java\jre1.8.0_131\bin\MSVCR120.dll
0x00007ff902de0000 - 0x00007ff902e86000 	C:\Program Files\Java\jre1.8.0_131\bin\MSVCP120.dll
0x00007ff8f21f0000 - 0x00007ff8f235b000 	C:\Users\weand\Desktop\Capstone project\CCR\GantryRobot\LeapMotion\LeapSDK\lib\x64\Leap.dll
0x00007ff914570000 - 0x00007ff9145a1000 	C:\WINDOWS\SYSTEM32\ntmarta.dll
0x00007ff8c3380000 - 0x00007ff8c3d51000 	C:\Users\weand\Desktop\Capstone project\CCR\GantryRobot\OpenCV\opencv\build\java\x64\opencv_java2410.dll
0x00007ff90ca80000 - 0x00007ff90ca9f000 	C:\WINDOWS\SYSTEM32\AVIFIL32.dll
0x00007ff90aa70000 - 0x00007ff90aa99000 	C:\WINDOWS\SYSTEM32\MSVFW32.dll
0x00007ff90aa50000 - 0x00007ff90aa68000 	C:\WINDOWS\SYSTEM32\AVICAP32.dll
0x00007ff8eea30000 - 0x00007ff8eea4c000 	C:\WINDOWS\SYSTEM32\MSACM32.dll
0x00007ff9182c0000 - 0x00007ff91835e000 	C:\WINDOWS\System32\clbcatq.dll
0x00007ff90a450000 - 0x00007ff90a5fb000 	C:\WINDOWS\SYSTEM32\WindowsCodecs.dll
0x00007ff8ec390000 - 0x00007ff8ec3df000 	C:\WINDOWS\system32\dataexchange.dll
0x00007ff913380000 - 0x00007ff9134c2000 	C:\WINDOWS\system32\dcomp.dll
0x00007ff9125c0000 - 0x00007ff9128a2000 	C:\WINDOWS\system32\d3d11.dll
0x00007ff9142a0000 - 0x00007ff91434f000 	C:\WINDOWS\system32\dxgi.dll
0x00007ff913e20000 - 0x00007ff913f9b000 	C:\WINDOWS\system32\twinapi.appcore.dll
0x00007ff913d90000 - 0x00007ff913db0000 	C:\WINDOWS\system32\RMCLIENT.dll
0x00007ff914fa0000 - 0x00007ff914fc5000 	C:\WINDOWS\system32\bcrypt.dll
0x00007ff905b90000 - 0x00007ff905c28000 	C:\WINDOWS\System32\TextInputFramework.dll
0x00007ff9132a0000 - 0x00007ff91337c000 	C:\WINDOWS\System32\CoreMessaging.dll
0x00007ff909fd0000 - 0x00007ff90a2be000 	C:\WINDOWS\System32\CoreUIComponents.dll
0x00007ff911e20000 - 0x00007ff911f56000 	C:\WINDOWS\SYSTEM32\wintypes.dll
0x00007ff904910000 - 0x00007ff904b16000 	C:\Windows\System32\uiautomationcore.dll
0x00007ff9152a0000 - 0x00007ff91533a000 	C:\WINDOWS\SYSTEM32\sxs.dll
0x00007ff8ec900000 - 0x00007ff8ec96e000 	C:\Windows\System32\OLEACC.dll
0x00007ff8f4fa0000 - 0x00007ff8f5021000 	C:\WINDOWS\SYSTEM32\twinapi.dll
0x00007ff90aa30000 - 0x00007ff90aa48000 	C:\Windows\System32\devenum.dll
0x00007ff918860000 - 0x00007ff918cae000 	C:\WINDOWS\System32\setupapi.dll
0x00007ff915250000 - 0x00007ff915277000 	C:\WINDOWS\SYSTEM32\DEVOBJ.dll
0x00007ff915540000 - 0x00007ff915598000 	C:\WINDOWS\System32\WINTRUST.dll
0x00007ff9154d0000 - 0x00007ff9154e2000 	C:\WINDOWS\System32\MSASN1.dll
0x00007ff9160b0000 - 0x00007ff91627e000 	C:\WINDOWS\System32\CRYPT32.dll
0x00007ff8f5620000 - 0x00007ff8f562a000 	C:\WINDOWS\SYSTEM32\msdmo.dll
0x00007ff90a8e0000 - 0x00007ff90a913000 	C:\Windows\System32\qcap.dll
0x00007ff8e7060000 - 0x00007ff8e721c000 	C:\Windows\System32\quartz.dll
0x00007ff9061a0000 - 0x00007ff9061ee000 	C:\Windows\System32\mfksproxy.dll
0x00007ff9114e0000 - 0x00007ff9114fd000 	C:\Windows\System32\ATL.DLL
0x00007ff9110d0000 - 0x00007ff911106000 	C:\Windows\System32\MFSENSORGROUP.dll
0x00007ff910f10000 - 0x00007ff9110c3000 	C:\Windows\System32\MFPlat.DLL
0x00007ff910ec0000 - 0x00007ff910ef2000 	C:\Windows\System32\RTWorkQ.DLL
0x00007ff8f2b70000 - 0x00007ff8f2fb7000 	C:\Windows\System32\MFCORE.dll
0x00007ff8f5430000 - 0x00007ff8f5439000 	C:\Windows\System32\ksuser.dll
0x00007ff914eb0000 - 0x00007ff914ebb000 	C:\Windows\System32\CRYPTBASE.DLL
0x00007ff902640000 - 0x00007ff902690000 	C:\Windows\System32\FSClient.dll
0x00007ff910eb0000 - 0x00007ff910eba000 	C:\Windows\System32\AVRT.dll
0x00007ff9111b0000 - 0x00007ff9111bc000 	C:\Windows\System32\vidcap.ax
0x00007ff90a9b0000 - 0x00007ff90a9d6000 	C:\Windows\System32\kswdmcap.ax
0x00007ff8d83d0000 - 0x00007ff8d8535000 	C:\Windows\System32\MFC42.dll
0x00007ff8d28d0000 - 0x00007ff8d2e42000 	C:\WINDOWS\system32\IntelCameraPlugin64.dll
0x00007ff9123d0000 - 0x00007ff91244a000 	C:\WINDOWS\SYSTEM32\policymanager.dll
0x00007ff912340000 - 0x00007ff9123d0000 	C:\Windows\System32\msvcp110_win.dll
0x00007ff8f1f90000 - 0x00007ff8f209a000 	C:\Windows\System32\MFReadWrite.dll
0x00007ff8f8d80000 - 0x00007ff8f8e20000 	C:\Windows\System32\qedit.dll
0x00007ff9186c0000 - 0x00007ff9187ca000 	C:\WINDOWS\System32\COMDLG32.dll
0x00007ff8ff1c0000 - 0x00007ff8ff35c000 	C:\WINDOWS\WinSxS\amd64_microsoft.windows.gdiplus_6595b64144ccf1df_1.1.16299.309_none_46bac7a9edf0e4df\gdiplus.dll
0x00007ff8f20f0000 - 0x00007ff8f21e6000 	C:\Windows\System32\DDRAW.dll
0x00007ff910700000 - 0x00007ff910708000 	C:\Windows\System32\DCIMAN32.dll
0x00007ff90d5a0000 - 0x00007ff90d5ac000 	C:\WINDOWS\SYSTEM32\msyuv.dll
0x00007ff910ca0000 - 0x00007ff910e68000 	C:\WINDOWS\SYSTEM32\dbghelp.dll

VM Arguments:
jvm_args: -Djava.library.path=C:\Users\weand\Desktop\Capstone project\CCR\GantryRobot\mfz-rxtx-2.2-20081207-win-x64;C:\Users\weand\Desktop\Capstone project\CCR\GantryRobot\OpenCV\opencv\build\java\x64;C:\Users\weand\Desktop\Capstone project\CCR\GantryRobot\LeapMotion\LeapSDK\lib\x64 -Dfile.encoding=Cp1252 
java_command: leap.RXTXGui
java_class_path (initial): C:\Users\weand\workspace\Gantry_1\bin;C:\Users\weand\Desktop\Capstone project\CCR\GantryRobot\mfz-rxtx-2.2-20081207-win-x64\RXTXcomm.jar;C:\Users\weand\Desktop\Capstone project\CCR\GantryRobot\OpenCV\opencv\build\java\opencv-2410.jar;C:\Users\weand\Desktop\Capstone project\CCR\GantryRobot\LeapMotion\LeapSDK\lib\LeapJava.jar
Launcher Type: SUN_STANDARD

Environment Variables:
PATH=C:\Users\weand\Desktop\Capstone project\CCR\GantryRobot\LeapMotion\LeapSDK\lib\x64;n;C:/Program Files/Java/jre1.8.0_131/lib/amd64;C:\ProgramData\Oracle\Java\javapath;C:\Program Files\Microsoft MPI\Bin\;C:\WINDOWS\system32;C:\WINDOWS;C:\WINDOWS\System32\Wbem;C:\WINDOWS\System32\WindowsPowerShell\v1.0\;C:\Program Files (x86)\Skype\Phone\;C:\Program Files\Microsoft SQL Server\130\Tools\Binn\;C:\Program Files\dotnet\;C:\Program Files (x86)\GtkSharp\2.12\bin;C:\Program Files\MySQL\MySQL Utilities 1.6\;C:\Program Files\Git\cmd;C:\Users\weand\AppData\Local\Microsoft\WindowsApps;C:\Program Files (x86)\Spiceworks\Nmap;;C:\Users\weand\Downloads\eclipse-java-kepler-SR1-win32-x86_64\eclipse;C:/Program Files/Java/jre1.8.0_131/bin/server;C:/Program Files/Java/jre1.8.0_131/bin;C:/Program Files/Java/jre1.8.0_131/lib/amd64;C:\ProgramData\Oracle\Java\javapath;C:\Program Files\Microsoft MPI\Bin\;C:\WINDOWS\system32;C:\WINDOWS;C:\WINDOWS\System32\Wbem;C:\WINDOWS\System32\WindowsPowerShell\v1.0\;C:\Program Files (x86)\Skype\Phone\;C:\Program Files\Microsoft SQL Server\130\Tools\Binn\;C:\Program Files\dotnet\;C:\Program Files (x86)\GtkSharp\2.12\bin;C:\Program Files\MySQL\MySQL Utilities 1.6\;C:\Program Files\Git\cmd;C:\Users\weand\AppData\Local\Microsoft\WindowsApps;C:\Program Files (x86)\Spiceworks\Nmap;;C:\Users\weand\Downloads\eclipse-java-kepler-SR1-win32-x86_64\eclipse;
USERNAME=weand
OS=Windows_NT
PROCESSOR_IDENTIFIER=Intel64 Family 6 Model 78 Stepping 3, GenuineIntel



---------------  S Y S T E M  ---------------

OS: Windows 10.0 , 64 bit Build 16299 (10.0.16299.15)

CPU:total 4 (initial active 4) (2 cores per cpu, 2 threads per core) family 6 model 78 stepping 3, cmov, cx8, fxsr, mmx, sse, sse2, sse3, ssse3, sse4.1, sse4.2, popcnt, avx, avx2, aes, clmul, erms, rtm, 3dnowpref, lzcnt, ht, tsc, tscinvbit, bmi1, bmi2, adx

Memory: 4k page, physical 8311896k(2423764k free), swap 13030488k(5287772k free)

vm_info: Java HotSpot(TM) 64-Bit Server VM (25.131-b11) for windows-amd64 JRE (1.8.0_131-b11), built on Mar 15 2017 01:23:53 by "java_re" with MS VC++ 10.0 (VS2010)

time: Sun Mar 25 16:04:12 2018
elapsed time: 17 seconds (0d 0h 0m 17s)

