#
# A fatal error has been detected by the Java Runtime Environment:
#
#  Internal Error (0xc000000d), pid=13332, tid=0x0000000000004148
#
# JRE version: Java(TM) SE Runtime Environment (8.0_131-b11) (build 1.8.0_131-b11)
# Java VM: Java HotSpot(TM) 64-Bit Server VM (25.131-b11 mixed mode windows-amd64 compressed oops)
# Problematic frame:
# C  [ntdll.dll+0x10b2b0]
#
# Failed to write core dump. Minidumps are not enabled by default on client versions of Windows
#
# If you would like to submit a bug report, please visit:
#   http://bugreport.java.com/bugreport/crash.jsp
#

---------------  T H R E A D  ---------------

Current thread (0x0000000019d77800):  VMThread [stack: 0x000000001ae30000,0x000000001af30000] [id=16712]

siginfo: ExceptionCode=0xc000000d

Registers:
RAX=0x0000000005122050, RBX=0x0000000000000000, RCX=0x0000000019d78b80, RDX=0x0000000000000001
RSP=0x000000001af2eb10, RBP=0x000000001ef3eea0, RSI=0x000000001ef3f0d8, RDI=0x000000001ef2c0f0
R8 =0x0000000005122050, R9 =0x0000000019d78b80, R10=0x0000000000000001, R11=0x0000000019d78b90
R12=0x00007ff910ec6680, R13=0x0000000000000001, R14=0x000000001ef20a70, R15=0x000000001ef20a70
RIP=0x00007ff9191fb2b0, EFLAGS=0x0000000000000206

Top of Stack: (sp=0x000000001af2eb10)
0x000000001af2eb10:   0000000000000057 0000000000000000
0x000000001af2eb20:   000000001ef3f0d8 000000001ef2c0f0
0x000000001af2eb30:   00000000c000000d 0000000000000000
0x000000001af2eb40:   00007ff9191fb2b0 0000000000000000
0x000000001af2eb50:   0000000000000000 0000000000000000
0x000000001af2eb60:   0000000000000000 0000000000000000
0x000000001af2eb70:   0000000000000000 0000000000000000
0x000000001af2eb80:   0000000000000000 0000000000000000
0x000000001af2eb90:   0000000000000000 0000000000000000
0x000000001af2eba0:   0000000000000000 0000000000000000
0x000000001af2ebb0:   0000000000000000 0000000000000000
0x000000001af2ebc0:   0000000000000000 0000000000000000
0x000000001af2ebd0:   0000e20997ec107b 000000001ef2c0f0
0x000000001af2ebe0:   000000001ef3f0d8 00007ff910ec4907
0x000000001af2ebf0:   000000001ef2c0f0 000000001ef20a70
0x000000001af2ec00:   00000000f46857d4 0000000000000020 

Instructions: (pc=0x00007ff9191fb2b0)
0x00007ff9191fb290:   b7 f9 ff c7 44 24 20 0d 00 00 c0 b9 57 00 00 00
0x00007ff9191fb2a0:   e8 4b 63 f3 ff 90 48 8d 4c 24 20 e8 90 00 f1 ff
0x00007ff9191fb2b0:   eb 00 48 8b 8c 24 c0 00 00 00 48 33 cc e8 ce 57
0x00007ff9191fb2c0:   f8 ff 48 81 c4 d8 00 00 00 c3 40 55 48 83 ec 20 


Register to memory mapping:

RAX=0x0000000005122050 is an unknown value
RBX=0x0000000000000000 is an unknown value
RCX=0x0000000019d78b80 is an unknown value
RDX=0x0000000000000001 is an unknown value
RSP=0x000000001af2eb10 is an unknown value
RBP=0x000000001ef3eea0 is an unknown value
RSI=0x000000001ef3f0d8 is an unknown value
RDI=0x000000001ef2c0f0 is an unknown value
R8 =0x0000000005122050 is an unknown value
R9 =0x0000000019d78b80 is an unknown value
R10=0x0000000000000001 is an unknown value
R11=0x0000000019d78b90 is an unknown value
R12=0x00007ff910ec6680 is an unknown value
R13=0x0000000000000001 is an unknown value
R14=0x000000001ef20a70 is an unknown value
R15=0x000000001ef20a70 is an unknown value


Stack: [0x000000001ae30000,0x000000001af30000],  sp=0x000000001af2eb10,  free space=1018k
Native frames: (J=compiled Java code, j=interpreted, Vv=VM code, C=native code)
C  [ntdll.dll+0x10b2b0]
C  [RTWorkQ.DLL+0x4907]
C  [RTWorkQ.DLL+0x9e46]
C  [RTWorkQ.DLL+0x7565]
C  [MFPlat.DLL+0x1d65b]
C  [MFReadWrite.dll+0x16348]
C  [MFReadWrite.dll+0xfb0d]
C  [MFReadWrite.dll+0xf863]
C  [mfksproxy.dll+0x194d0]
C  [mfksproxy.dll+0x18069]
C  [mfksproxy.dll+0x6eeb]
C  [quartz.dll+0x42e19]
C  [quartz.dll+0x553ef]
C  [quartz.dll+0x57932]
C  [quartz.dll+0x56d75]
C  [opencv_java2410.dll+0x2aaa1e]
C  [opencv_java2410.dll+0x5f43d0]
C  [opencv_java2410.dll+0x508e75]
C  [opencv_java2410.dll+0x4fc0f6]
C  [opencv_java2410.dll+0x4fc269]
C  [ntdll.dll+0x11493]
C  [ntdll.dll+0x406b5]
C  [ntdll.dll+0x40574]
C  [KERNEL32.DLL+0xf06a]
C  [msvcr100.dll+0x20ccd]
V  [jvm.dll+0x213235]
V  [jvm.dll+0x24c2a7]
V  [jvm.dll+0x24b546]
V  [jvm.dll+0x24b9e1]
V  [jvm.dll+0x24bbfe]
V  [jvm.dll+0x29cc1a]
C  [msvcr100.dll+0x21d9f]
C  [msvcr100.dll+0x21e3b]
C  [KERNEL32.DLL+0x11fe4]
C  [ntdll.dll+0x6efc1]

VM_Operation (0x000000001c79d140): Exit, mode: safepoint, requested by thread 0x000000001bc08800


---------------  P R O C E S S  ---------------

Java Threads: ( => current thread )
  0x000000001b9cd000 JavaThread "Thread-3" [_thread_blocked, id=14140, stack(0x00000000271a0000,0x00000000272a0000)]
  0x000000001db5a800 JavaThread "TimerQueue" daemon [_thread_blocked, id=16512, stack(0x000000001ee00000,0x000000001ef00000)]
  0x0000000005130800 JavaThread "DestroyJavaVM" [_thread_blocked, id=5920, stack(0x0000000004fb0000,0x00000000050b0000)]
  0x000000001bc08800 JavaThread "AWT-EventQueue-0" [_thread_blocked, id=4328, stack(0x000000001c6a0000,0x000000001c7a0000)]
  0x000000001bc06000 JavaThread "AWT-Shutdown" [_thread_blocked, id=14224, stack(0x000000001c300000,0x000000001c400000)]
  0x000000001bc03800 JavaThread "Java2D Disposer" daemon [_thread_blocked, id=17068, stack(0x000000001c200000,0x000000001c300000)]
  0x0000000019e0c000 JavaThread "Service Thread" daemon [_thread_blocked, id=16884, stack(0x000000001bc20000,0x000000001bd20000)]
  0x0000000019dc2000 JavaThread "C1 CompilerThread2" daemon [_thread_blocked, id=1936, stack(0x000000001b720000,0x000000001b820000)]
  0x0000000019db3000 JavaThread "C2 CompilerThread1" daemon [_thread_blocked, id=12264, stack(0x000000001b620000,0x000000001b720000)]
  0x0000000019dae800 JavaThread "C2 CompilerThread0" daemon [_thread_blocked, id=15964, stack(0x000000001b520000,0x000000001b620000)]
  0x0000000019dad000 JavaThread "Attach Listener" daemon [_thread_blocked, id=17128, stack(0x000000001b420000,0x000000001b520000)]
  0x0000000019d9a800 JavaThread "Finalizer" daemon [_thread_blocked, id=6304, stack(0x000000001b030000,0x000000001b130000)]
  0x000000000521f000 JavaThread "Reference Handler" daemon [_thread_blocked, id=1424, stack(0x000000001af30000,0x000000001b030000)]

Other Threads:
=>0x0000000019d77800 VMThread [stack: 0x000000001ae30000,0x000000001af30000] [id=16712]

VM state:at safepoint (shutting down)

VM Mutex/Monitor currently owned by a thread:  ([mutex/lock_event])
[0x000000000512c150] Threads_lock - owner thread: 0x0000000019d77800

Heap:
 PSYoungGen      total 200192K, used 74490K [0x00000000d5b80000, 0x00000000e5900000, 0x0000000100000000)
  eden space 196096K, 36% used [0x00000000d5b80000,0x00000000da08a858,0x00000000e1b00000)
  from space 4096K, 92% used [0x00000000e5180000,0x00000000e5534040,0x00000000e5580000)
  to   space 3584K, 0% used [0x00000000e5580000,0x00000000e5580000,0x00000000e5900000)
 ParOldGen       total 87552K, used 17602K [0x0000000081200000, 0x0000000086780000, 0x00000000d5b80000)
  object space 87552K, 20% used [0x0000000081200000,0x0000000082330a00,0x0000000086780000)
 Metaspace       used 12991K, capacity 13236K, committed 13568K, reserved 1060864K
  class space    used 1576K, capacity 1672K, committed 1792K, reserved 1048576K

Card table byte_map: [0x00000000145f0000,0x00000000149f0000] byte_map_base: 0x00000000141e7000

Marking Bits: (ParMarkBitMap*) 0x00000000730fc720
 Begin Bits: [0x00000000150a0000, 0x0000000017058000)
 End Bits:   [0x0000000017058000, 0x0000000019010000)

Polling page: 0x00000000031a0000

CodeCache: size=245760Kb used=4994Kb max_used=5006Kb free=240765Kb
 bounds [0x0000000005230000, 0x0000000005720000, 0x0000000014230000]
 total_blobs=2157 nmethods=1474 adapters=595
 compilation: enabled

Compilation events (10 events):
Event: 57.006 Thread 0x0000000019dc2000 1493       1       javax.swing.AbstractButton::isBorderPainted (5 bytes)
Event: 57.006 Thread 0x0000000019dc2000 nmethod 1493 0x00000000056f6ad0 code [0x00000000056f6c20, 0x00000000056f6d30]
Event: 57.007 Thread 0x0000000019dc2000 1494       3       sun.awt.im.InputContext::dispatchEvent (173 bytes)
Event: 57.014 Thread 0x0000000019dc2000 nmethod 1494 0x0000000005710d90 code [0x00000000057110e0, 0x0000000005713428]
Event: 58.017 Thread 0x0000000019db3000 1495       4       java.awt.AWTEvent::<init> (81 bytes)
Event: 58.039 Thread 0x0000000019db3000 nmethod 1495 0x00000000056f5e50 code [0x00000000056f5fc0, 0x00000000056f6458]
Event: 58.063 Thread 0x0000000019dc2000 1496       3       java.awt.Component::areInputMethodsEnabled (39 bytes)
Event: 58.064 Thread 0x0000000019dc2000 nmethod 1496 0x00000000056f5a50 code [0x00000000056f5ba0, 0x00000000056f5df0]
Event: 58.065 Thread 0x0000000019dae800 1497       4       sun.nio.cs.SingleByte$Encoder::encode (32 bytes)
Event: 58.069 Thread 0x0000000019dae800 nmethod 1497 0x0000000005713d50 code [0x0000000005713ea0, 0x0000000005713fb8]

GC Heap History (10 events):
Event: 35.663 GC heap before
{Heap before GC invocations=11 (full 0):
 PSYoungGen      total 246784K, used 246308K [0x00000000d5b80000, 0x00000000e6580000, 0x0000000100000000)
  eden space 243712K, 99% used [0x00000000d5b80000,0x00000000e4936088,0x00000000e4980000)
  from space 3072K, 94% used [0x00000000e6280000,0x00000000e6553030,0x00000000e6580000)
  to   space 5632K, 0% used [0x00000000e5a80000,0x00000000e5a80000,0x00000000e6000000)
 ParOldGen       total 87552K, used 17474K [0x0000000081200000, 0x0000000086780000, 0x00000000d5b80000)
  object space 87552K, 19% used [0x0000000081200000,0x0000000082310a00,0x0000000086780000)
 Metaspace       used 12967K, capacity 13236K, committed 13568K, reserved 1060864K
  class space    used 1576K, capacity 1672K, committed 1792K, reserved 1048576K
Event: 35.665 GC heap after
Heap after GC invocations=11 (full 0):
 PSYoungGen      total 236544K, used 2860K [0x00000000d5b80000, 0x00000000e6300000, 0x0000000100000000)
  eden space 233472K, 0% used [0x00000000d5b80000,0x00000000d5b80000,0x00000000e3f80000)
  from space 3072K, 93% used [0x00000000e5a80000,0x00000000e5d4b030,0x00000000e5d80000)
  to   space 5632K, 0% used [0x00000000e5d80000,0x00000000e5d80000,0x00000000e6300000)
 ParOldGen       total 87552K, used 17506K [0x0000000081200000, 0x0000000086780000, 0x00000000d5b80000)
  object space 87552K, 19% used [0x0000000081200000,0x0000000082318a00,0x0000000086780000)
 Metaspace       used 12967K, capacity 13236K, committed 13568K, reserved 1060864K
  class space    used 1576K, capacity 1672K, committed 1792K, reserved 1048576K
}
Event: 40.766 GC heap before
{Heap before GC invocations=12 (full 0):
 PSYoungGen      total 236544K, used 236189K [0x00000000d5b80000, 0x00000000e6300000, 0x0000000100000000)
  eden space 233472K, 99% used [0x00000000d5b80000,0x00000000e3f5c410,0x00000000e3f80000)
  from space 3072K, 93% used [0x00000000e5a80000,0x00000000e5d4b030,0x00000000e5d80000)
  to   space 5632K, 0% used [0x00000000e5d80000,0x00000000e5d80000,0x00000000e6300000)
 ParOldGen       total 87552K, used 17506K [0x0000000081200000, 0x0000000086780000, 0x00000000d5b80000)
  object space 87552K, 19% used [0x0000000081200000,0x0000000082318a00,0x0000000086780000)
 Metaspace       used 12972K, capacity 13236K, committed 13568K, reserved 1060864K
  class space    used 1576K, capacity 1672K, committed 1792K, reserved 1048576K
Event: 40.768 GC heap after
Heap after GC invocations=12 (full 0):
 PSYoungGen      total 225792K, used 1992K [0x00000000d5b80000, 0x00000000e5f80000, 0x0000000100000000)
  eden space 223744K, 0% used [0x00000000d5b80000,0x00000000d5b80000,0x00000000e3600000)
  from space 2048K, 97% used [0x00000000e5d80000,0x00000000e5f72020,0x00000000e5f80000)
  to   space 6144K, 0% used [0x00000000e5380000,0x00000000e5380000,0x00000000e5980000)
 ParOldGen       total 87552K, used 17530K [0x0000000081200000, 0x0000000086780000, 0x00000000d5b80000)
  object space 87552K, 20% used [0x0000000081200000,0x000000008231ea00,0x0000000086780000)
 Metaspace       used 12972K, capacity 13236K, committed 13568K, reserved 1060864K
  class space    used 1576K, capacity 1672K, committed 1792K, reserved 1048576K
}
Event: 46.545 GC heap before
{Heap before GC invocations=13 (full 0):
 PSYoungGen      total 225792K, used 225404K [0x00000000d5b80000, 0x00000000e5f80000, 0x0000000100000000)
  eden space 223744K, 99% used [0x00000000d5b80000,0x00000000e35ad128,0x00000000e3600000)
  from space 2048K, 97% used [0x00000000e5d80000,0x00000000e5f72020,0x00000000e5f80000)
  to   space 6144K, 0% used [0x00000000e5380000,0x00000000e5380000,0x00000000e5980000)
 ParOldGen       total 87552K, used 17530K [0x0000000081200000, 0x0000000086780000, 0x00000000d5b80000)
  object space 87552K, 20% used [0x0000000081200000,0x000000008231ea00,0x0000000086780000)
 Metaspace       used 12981K, capacity 13236K, committed 13568K, reserved 1060864K
  class space    used 1576K, capacity 1672K, committed 1792K, reserved 1048576K
Event: 46.548 GC heap after
Heap after GC invocations=13 (full 0):
 PSYoungGen      total 218112K, used 3792K [0x00000000d5b80000, 0x00000000e5e00000, 0x0000000100000000)
  eden space 214016K, 0% used [0x00000000d5b80000,0x00000000d5b80000,0x00000000e2c80000)
  from space 4096K, 92% used [0x00000000e5380000,0x00000000e5734040,0x00000000e5780000)
  to   space 5632K, 0% used [0x00000000e5880000,0x00000000e5880000,0x00000000e5e00000)
 ParOldGen       total 87552K, used 17554K [0x0000000081200000, 0x0000000086780000, 0x00000000d5b80000)
  object space 87552K, 20% used [0x0000000081200000,0x0000000082324a00,0x0000000086780000)
 Metaspace       used 12981K, capacity 13236K, committed 13568K, reserved 1060864K
  class space    used 1576K, capacity 1672K, committed 1792K, reserved 1048576K
}
Event: 51.767 GC heap before
{Heap before GC invocations=14 (full 0):
 PSYoungGen      total 218112K, used 217073K [0x00000000d5b80000, 0x00000000e5e00000, 0x0000000100000000)
  eden space 214016K, 99% used [0x00000000d5b80000,0x00000000e2bc8638,0x00000000e2c80000)
  from space 4096K, 92% used [0x00000000e5380000,0x00000000e5734040,0x00000000e5780000)
  to   space 5632K, 0% used [0x00000000e5880000,0x00000000e5880000,0x00000000e5e00000)
 ParOldGen       total 87552K, used 17554K [0x0000000081200000, 0x0000000086780000, 0x00000000d5b80000)
  object space 87552K, 20% used [0x0000000081200000,0x0000000082324a00,0x0000000086780000)
 Metaspace       used 12982K, capacity 13236K, committed 13568K, reserved 1060864K
  class space    used 1576K, capacity 1672K, committed 1792K, reserved 1048576K
Event: 51.773 GC heap after
Heap after GC invocations=14 (full 0):
 PSYoungGen      total 208896K, used 3760K [0x00000000d5b80000, 0x00000000e5c80000, 0x0000000100000000)
  eden space 204800K, 0% used [0x00000000d5b80000,0x00000000d5b80000,0x00000000e2380000)
  from space 4096K, 91% used [0x00000000e5880000,0x00000000e5c2c040,0x00000000e5c80000)
  to   space 5632K, 0% used [0x00000000e5180000,0x00000000e5180000,0x00000000e5700000)
 ParOldGen       total 87552K, used 17586K [0x0000000081200000, 0x0000000086780000, 0x00000000d5b80000)
  object space 87552K, 20% used [0x0000000081200000,0x000000008232ca00,0x0000000086780000)
 Metaspace       used 12982K, capacity 13236K, committed 13568K, reserved 1060864K
  class space    used 1576K, capacity 1672K, committed 1792K, reserved 1048576K
}
Event: 56.941 GC heap before
{Heap before GC invocations=15 (full 0):
 PSYoungGen      total 208896K, used 208367K [0x00000000d5b80000, 0x00000000e5c80000, 0x0000000100000000)
  eden space 204800K, 99% used [0x00000000d5b80000,0x00000000e234fc68,0x00000000e2380000)
  from space 4096K, 91% used [0x00000000e5880000,0x00000000e5c2c040,0x00000000e5c80000)
  to   space 5632K, 0% used [0x00000000e5180000,0x00000000e5180000,0x00000000e5700000)
 ParOldGen       total 87552K, used 17586K [0x0000000081200000, 0x0000000086780000, 0x00000000d5b80000)
  object space 87552K, 20% used [0x0000000081200000,0x000000008232ca00,0x0000000086780000)
 Metaspace       used 12983K, capacity 13236K, committed 13568K, reserved 1060864K
  class space    used 1576K, capacity 1672K, committed 1792K, reserved 1048576K
Event: 56.943 GC heap after
Heap after GC invocations=15 (full 0):
 PSYoungGen      total 200192K, used 3792K [0x00000000d5b80000, 0x00000000e5900000, 0x0000000100000000)
  eden space 196096K, 0% used [0x00000000d5b80000,0x00000000d5b80000,0x00000000e1b00000)
  from space 4096K, 92% used [0x00000000e5180000,0x00000000e5534040,0x00000000e5580000)
  to   space 3584K, 0% used [0x00000000e5580000,0x00000000e5580000,0x00000000e5900000)
 ParOldGen       total 87552K, used 17602K [0x0000000081200000, 0x0000000086780000, 0x00000000d5b80000)
  object space 87552K, 20% used [0x0000000081200000,0x0000000082330a00,0x0000000086780000)
 Metaspace       used 12983K, capacity 13236K, committed 13568K, reserved 1060864K
  class space    used 1576K, capacity 1672K, committed 1792K, reserved 1048576K
}

Deoptimization events (2 events):
Event: 0.406 Thread 0x000000001bc08800 Uncommon trap: reason=null_check action=make_not_entrant pc=0x00000000053a3c9c method=java.lang.String.equals(Ljava/lang/Object;)Z @ 8
Event: 6.252 Thread 0x000000001bc08800 Uncommon trap: reason=unstable_if action=reinterpret pc=0x000000000552c5a0 method=GantryClaw.ClawImagePanel.matToBufferedImage(Lorg/opencv/core/Mat;)Ljava/awt/image/BufferedImage; @ 120

Internal exceptions (10 events):
Event: 58.066 Thread 0x000000001b9cd000 Implicit null exception at 0x0000000005693f09 to 0x0000000005695107
Event: 58.066 Thread 0x000000001b9cd000 Exception <a 'java/lang/NullPointerException'> (0x00000000d8370118) thrown at [C:\re\workspace\8-2-build-windows-amd64-cygwin\jdk8u131\8869\hotspot\src\share\vm\runtime\sharedRuntime.cpp, line 605]
Event: 58.067 Thread 0x000000001b9cd000 Implicit null exception at 0x0000000005693f09 to 0x0000000005695107
Event: 58.067 Thread 0x000000001b9cd000 Exception <a 'java/lang/NullPointerException'> (0x00000000d8370690) thrown at [C:\re\workspace\8-2-build-windows-amd64-cygwin\jdk8u131\8869\hotspot\src\share\vm\runtime\sharedRuntime.cpp, line 605]
Event: 58.067 Thread 0x000000001b9cd000 Implicit null exception at 0x0000000005693f09 to 0x0000000005695107
Event: 58.067 Thread 0x000000001b9cd000 Exception <a 'java/lang/NullPointerException'> (0x00000000d8370c08) thrown at [C:\re\workspace\8-2-build-windows-amd64-cygwin\jdk8u131\8869\hotspot\src\share\vm\runtime\sharedRuntime.cpp, line 605]
Event: 58.067 Thread 0x000000001b9cd000 Implicit null exception at 0x0000000005693f09 to 0x0000000005695107
Event: 58.067 Thread 0x000000001b9cd000 Exception <a 'java/lang/NullPointerException'> (0x00000000d8371180) thrown at [C:\re\workspace\8-2-build-windows-amd64-cygwin\jdk8u131\8869\hotspot\src\share\vm\runtime\sharedRuntime.cpp, line 605]
Event: 58.067 Thread 0x000000001b9cd000 Implicit null exception at 0x0000000005693f09 to 0x0000000005695107
Event: 58.067 Thread 0x000000001b9cd000 Exception <a 'java/lang/NullPointerException'> (0x00000000d83716f8) thrown at [C:\re\workspace\8-2-build-windows-amd64-cygwin\jdk8u131\8869\hotspot\src\share\vm\runtime\sharedRuntime.cpp, line 605]

Events (10 events):
Event: 51.774 Executing VM operation: ParallelGCFailedAllocation done
Event: 56.941 Executing VM operation: ParallelGCFailedAllocation
Event: 56.943 Executing VM operation: ParallelGCFailedAllocation done
Event: 58.773 Thread 0x0000000019dc4000 Thread added: 0x0000000019dc4000
Event: 58.773 Thread 0x0000000019dc5000 Thread added: 0x0000000019dc5000
Event: 58.775 Thread 0x0000000019dc4000 Thread exited: 0x0000000019dc4000
Event: 58.848 Thread 0x000000001bc06800 Thread exited: 0x000000001bc06800
Event: 58.876 Thread 0x0000000019dc5000 Thread exited: 0x0000000019dc5000
Event: 58.877 Thread 0x0000000019dac000 Thread exited: 0x0000000019dac000
Event: 58.877 Executing VM operation: Exit


Dynamic libraries:
0x00007ff6045b0000 - 0x00007ff6045e7000 	C:\Program Files\Java\jre1.8.0_131\bin\javaw.exe
0x00007ff9190f0000 - 0x00007ff9192d0000 	C:\WINDOWS\SYSTEM32\ntdll.dll
0x00007ff917bc0000 - 0x00007ff917c6e000 	C:\WINDOWS\System32\KERNEL32.DLL
0x00007ff916350000 - 0x00007ff9165b6000 	C:\WINDOWS\System32\KERNELBASE.dll
0x00007ff918060000 - 0x00007ff918101000 	C:\WINDOWS\System32\ADVAPI32.dll
0x00007ff917ce0000 - 0x00007ff917d7d000 	C:\WINDOWS\System32\msvcrt.dll
0x00007ff917c80000 - 0x00007ff917cdb000 	C:\WINDOWS\System32\sechost.dll
0x00007ff917f40000 - 0x00007ff91805f000 	C:\WINDOWS\System32\RPCRT4.dll
0x00007ff918530000 - 0x00007ff9186bf000 	C:\WINDOWS\System32\USER32.dll
0x00007ff916280000 - 0x00007ff9162a0000 	C:\WINDOWS\System32\win32u.dll
0x00007ff918d20000 - 0x00007ff918d48000 	C:\WINDOWS\System32\GDI32.dll
0x00007ff9157c0000 - 0x00007ff915953000 	C:\WINDOWS\System32\gdi32full.dll
0x00007ff915620000 - 0x00007ff9156bb000 	C:\WINDOWS\System32\msvcp_win.dll
0x00007ff9156c0000 - 0x00007ff9157b6000 	C:\WINDOWS\System32\ucrtbase.dll
0x00007ff8fc2b0000 - 0x00007ff8fc519000 	C:\WINDOWS\WinSxS\amd64_microsoft.windows.common-controls_6595b64144ccf1df_6.0.16299.309_none_15cfd4c4935e6b11\COMCTL32.dll
0x00007ff918d50000 - 0x00007ff919058000 	C:\WINDOWS\System32\combase.dll
0x00007ff9155a0000 - 0x00007ff915612000 	C:\WINDOWS\System32\bcryptPrimitives.dll
0x00007ff9181e0000 - 0x00007ff91820d000 	C:\WINDOWS\System32\IMM32.DLL
0x0000000073f80000 - 0x0000000074052000 	C:\Program Files\Java\jre1.8.0_131\bin\msvcr100.dll
0x00000000728e0000 - 0x000000007317c000 	C:\Program Files\Java\jre1.8.0_131\bin\server\jvm.dll
0x00007ff917c70000 - 0x00007ff917c78000 	C:\WINDOWS\System32\PSAPI.DLL
0x00007ff90fce0000 - 0x00007ff90fd03000 	C:\WINDOWS\SYSTEM32\WINMM.dll
0x00007ff90f8f0000 - 0x00007ff90f8fa000 	C:\WINDOWS\SYSTEM32\VERSION.dll
0x00007ff8ff750000 - 0x00007ff8ff759000 	C:\WINDOWS\SYSTEM32\WSOCK32.dll
0x00007ff90f9d0000 - 0x00007ff90f9fa000 	C:\WINDOWS\SYSTEM32\winmmbase.dll
0x00007ff917ed0000 - 0x00007ff917f3c000 	C:\WINDOWS\System32\WS2_32.dll
0x00007ff9154f0000 - 0x00007ff91553a000 	C:\WINDOWS\System32\cfgmgr32.dll
0x0000000074120000 - 0x000000007412f000 	C:\Program Files\Java\jre1.8.0_131\bin\verify.dll
0x00000000740f0000 - 0x0000000074119000 	C:\Program Files\Java\jre1.8.0_131\bin\java.dll
0x00000000740d0000 - 0x00000000740e6000 	C:\Program Files\Java\jre1.8.0_131\bin\zip.dll
0x00007ff9165e0000 - 0x00007ff917a16000 	C:\WINDOWS\System32\SHELL32.dll
0x00007ff918210000 - 0x00007ff9182b6000 	C:\WINDOWS\System32\shcore.dll
0x00007ff915960000 - 0x00007ff9160a7000 	C:\WINDOWS\System32\windows.storage.dll
0x00007ff918cc0000 - 0x00007ff918d11000 	C:\WINDOWS\System32\shlwapi.dll
0x00007ff9154b0000 - 0x00007ff9154c1000 	C:\WINDOWS\System32\kernel.appcore.dll
0x00007ff915460000 - 0x00007ff9154ac000 	C:\WINDOWS\System32\powrprof.dll
0x00007ff915440000 - 0x00007ff91545b000 	C:\WINDOWS\System32\profapi.dll
0x0000000071920000 - 0x0000000071ab8000 	C:\Program Files\Java\jre1.8.0_131\bin\awt.dll
0x00007ff918110000 - 0x00007ff9181d5000 	C:\WINDOWS\System32\OLEAUT32.dll
0x00007ff9138b0000 - 0x00007ff913938000 	C:\WINDOWS\SYSTEM32\apphelp.dll
0x00007ff913a30000 - 0x00007ff913ac5000 	C:\WINDOWS\system32\uxtheme.dll
0x00007ff9183c0000 - 0x00007ff918527000 	C:\WINDOWS\System32\MSCTF.dll
0x00007ff8eb150000 - 0x00007ff8eb1f9000 	C:\Program Files\Common Files\microsoft shared\ink\tiptsf.dll
0x00007ff913ca0000 - 0x00007ff913cca000 	C:\WINDOWS\system32\dwmapi.dll
0x00007ff917d80000 - 0x00007ff917ec9000 	C:\WINDOWS\System32\ole32.dll
0x00007ff8f2240000 - 0x00007ff8f235e000 	C:\WINDOWS\system32\opengl32.dll
0x00007ff9025f0000 - 0x00007ff90261c000 	C:\WINDOWS\SYSTEM32\GLU32.dll
0x00000000718d0000 - 0x0000000071917000 	C:\Program Files\Java\jre1.8.0_131\bin\fontmanager.dll
0x00000000740b0000 - 0x00000000740ca000 	C:\Program Files\Java\jre1.8.0_131\bin\net.dll
0x0000000180000000 - 0x000000018008c000 	C:\WINDOWS\system32\ASProxy64.dll
0x00007ff914a60000 - 0x00007ff914a99000 	C:\WINDOWS\SYSTEM32\IPHLPAPI.DLL
0x00007ff914cd0000 - 0x00007ff914d36000 	C:\WINDOWS\SYSTEM32\MSWSOCK.dll
0x00007ff915340000 - 0x00007ff915370000 	C:\WINDOWS\SYSTEM32\SspiCli.dll
0x0000000074090000 - 0x00000000740a1000 	C:\Program Files\Java\jre1.8.0_131\bin\nio.dll
0x0000000071880000 - 0x00000000718c2000 	C:\Program Files\Java\jre1.8.0_131\bin\t2k.dll
0x00007ff90a8b0000 - 0x00007ff90a8ee000 	C:\Users\weand\Desktop\Capstone project\CCR\GantryRobot\LeapMotion\LeapSDK\lib\x64\LeapJava.dll
0x00007ff8f3eb0000 - 0x00007ff8f3f9f000 	C:\Program Files\Java\jre1.8.0_131\bin\MSVCR120.dll
0x00007ff8ff9a0000 - 0x00007ff8ffa46000 	C:\Program Files\Java\jre1.8.0_131\bin\MSVCP120.dll
0x00007ff8d2c30000 - 0x00007ff8d2d9b000 	C:\Users\weand\Desktop\Capstone project\CCR\GantryRobot\LeapMotion\LeapSDK\lib\x64\Leap.dll
0x00007ff914570000 - 0x00007ff9145a1000 	C:\WINDOWS\SYSTEM32\ntmarta.dll
0x00007ff8cdb40000 - 0x00007ff8ce511000 	C:\Users\weand\Desktop\Capstone project\CCR\GantryRobot\OpenCV\opencv\build\java\x64\opencv_java2410.dll
0x00007ff9061c0000 - 0x00007ff9061e9000 	C:\WINDOWS\SYSTEM32\MSVFW32.dll
0x00007ff90a920000 - 0x00007ff90a938000 	C:\WINDOWS\SYSTEM32\AVICAP32.dll
0x00007ff9061a0000 - 0x00007ff9061bf000 	C:\WINDOWS\SYSTEM32\AVIFIL32.dll
0x00007ff8eea30000 - 0x00007ff8eea4c000 	C:\WINDOWS\SYSTEM32\MSACM32.dll
0x00007ff9182c0000 - 0x00007ff91835e000 	C:\WINDOWS\System32\clbcatq.dll
0x00007ff90a450000 - 0x00007ff90a5fb000 	C:\WINDOWS\SYSTEM32\WindowsCodecs.dll
0x00007ff8ec390000 - 0x00007ff8ec3df000 	C:\WINDOWS\system32\dataexchange.dll
0x00007ff9125c0000 - 0x00007ff9128a2000 	C:\WINDOWS\system32\d3d11.dll
0x00007ff913380000 - 0x00007ff9134c2000 	C:\WINDOWS\system32\dcomp.dll
0x00007ff9142a0000 - 0x00007ff91434f000 	C:\WINDOWS\system32\dxgi.dll
0x00007ff913e20000 - 0x00007ff913f9b000 	C:\WINDOWS\system32\twinapi.appcore.dll
0x00007ff913d90000 - 0x00007ff913db0000 	C:\WINDOWS\system32\RMCLIENT.dll
0x00007ff914fa0000 - 0x00007ff914fc5000 	C:\WINDOWS\system32\bcrypt.dll
0x00007ff905b90000 - 0x00007ff905c28000 	C:\WINDOWS\System32\TextInputFramework.dll
0x00007ff909fd0000 - 0x00007ff90a2be000 	C:\WINDOWS\System32\CoreUIComponents.dll
0x00007ff9132a0000 - 0x00007ff91337c000 	C:\WINDOWS\System32\CoreMessaging.dll
0x00007ff911e20000 - 0x00007ff911f56000 	C:\WINDOWS\SYSTEM32\wintypes.dll
0x00007ff904910000 - 0x00007ff904b16000 	C:\Windows\System32\uiautomationcore.dll
0x00007ff9152a0000 - 0x00007ff91533a000 	C:\WINDOWS\SYSTEM32\sxs.dll
0x00007ff8ec900000 - 0x00007ff8ec96e000 	C:\Windows\System32\OLEACC.dll
0x00007ff8f4fa0000 - 0x00007ff8f5021000 	C:\WINDOWS\SYSTEM32\twinapi.dll
0x00007ff900ee0000 - 0x00007ff900ef8000 	C:\Windows\System32\devenum.dll
0x00007ff918860000 - 0x00007ff918cae000 	C:\WINDOWS\System32\setupapi.dll
0x00007ff915250000 - 0x00007ff915277000 	C:\WINDOWS\SYSTEM32\DEVOBJ.dll
0x00007ff915540000 - 0x00007ff915598000 	C:\WINDOWS\System32\WINTRUST.dll
0x00007ff9154d0000 - 0x00007ff9154e2000 	C:\WINDOWS\System32\MSASN1.dll
0x00007ff9160b0000 - 0x00007ff91627e000 	C:\WINDOWS\System32\CRYPT32.dll
0x00007ff8f5620000 - 0x00007ff8f562a000 	C:\WINDOWS\SYSTEM32\msdmo.dll
0x00007ff900e10000 - 0x00007ff900e43000 	C:\Windows\System32\qcap.dll
0x00007ff8d2a70000 - 0x00007ff8d2c2c000 	C:\Windows\System32\quartz.dll
0x00007ff900060000 - 0x00007ff9000ae000 	C:\Windows\System32\mfksproxy.dll
0x00007ff9114e0000 - 0x00007ff9114fd000 	C:\Windows\System32\ATL.DLL
0x00007ff9110d0000 - 0x00007ff911106000 	C:\Windows\System32\MFSENSORGROUP.dll
0x00007ff910f10000 - 0x00007ff9110c3000 	C:\Windows\System32\MFPlat.DLL
0x00007ff910ec0000 - 0x00007ff910ef2000 	C:\Windows\System32\RTWorkQ.DLL
0x00007ff8f2b70000 - 0x00007ff8f2fb7000 	C:\Windows\System32\MFCORE.dll
0x00007ff8f5430000 - 0x00007ff8f5439000 	C:\Windows\System32\ksuser.dll
0x00007ff914eb0000 - 0x00007ff914ebb000 	C:\Windows\System32\CRYPTBASE.DLL
0x00007ff8ffb70000 - 0x00007ff8ffbc0000 	C:\Windows\System32\FSClient.dll
0x00007ff910eb0000 - 0x00007ff910eba000 	C:\Windows\System32\AVRT.dll
0x00007ff910360000 - 0x00007ff91036c000 	C:\Windows\System32\vidcap.ax
0x00007ff90ca10000 - 0x00007ff90ca36000 	C:\Windows\System32\kswdmcap.ax
0x00007ff8d80c0000 - 0x00007ff8d8225000 	C:\Windows\System32\MFC42.dll
0x00007ff8d3340000 - 0x00007ff8d38b2000 	C:\WINDOWS\system32\IntelCameraPlugin64.dll
0x00007ff9123d0000 - 0x00007ff91244a000 	C:\WINDOWS\SYSTEM32\policymanager.dll
0x00007ff912340000 - 0x00007ff9123d0000 	C:\Windows\System32\msvcp110_win.dll
0x00007ff8f1f90000 - 0x00007ff8f209a000 	C:\Windows\System32\MFReadWrite.dll
0x00007ff8f21a0000 - 0x00007ff8f2240000 	C:\Windows\System32\qedit.dll
0x00007ff9186c0000 - 0x00007ff9187ca000 	C:\WINDOWS\System32\COMDLG32.dll
0x00007ff8ff1c0000 - 0x00007ff8ff35c000 	C:\WINDOWS\WinSxS\amd64_microsoft.windows.gdiplus_6595b64144ccf1df_1.1.16299.309_none_46bac7a9edf0e4df\gdiplus.dll
0x00007ff8d7820000 - 0x00007ff8d7916000 	C:\Windows\System32\DDRAW.dll
0x00007ff90cc70000 - 0x00007ff90cc78000 	C:\Windows\System32\DCIMAN32.dll
0x00007ff90c3b0000 - 0x00007ff90c3bc000 	C:\WINDOWS\SYSTEM32\msyuv.dll
0x00007ff910ca0000 - 0x00007ff910e68000 	C:\WINDOWS\SYSTEM32\dbghelp.dll

VM Arguments:
jvm_args: -Djava.library.path=C:\Users\weand\Desktop\Capstone project\CCR\GantryRobot\mfz-rxtx-2.2-20081207-win-x64;C:\Users\weand\Desktop\Capstone project\CCR\GantryRobot\OpenCV\opencv\build\java\x64;C:\Users\weand\Desktop\Capstone project\CCR\GantryRobot\LeapMotion\LeapSDK\lib\x64 -Dfile.encoding=Cp1252 
java_command: leap.RXTXGui
java_class_path (initial): C:\Users\weand\workspace\Gantry_1\bin;C:\Users\weand\Desktop\Capstone project\CCR\GantryRobot\mfz-rxtx-2.2-20081207-win-x64\RXTXcomm.jar;C:\Users\weand\Desktop\Capstone project\CCR\GantryRobot\OpenCV\opencv\build\java\opencv-2410.jar;C:\Users\weand\Desktop\Capstone project\CCR\GantryRobot\LeapMotion\LeapSDK\lib\LeapJava.jar
Launcher Type: SUN_STANDARD

Environment Variables:
PATH=C:\Users\weand\Desktop\Capstone project\CCR\GantryRobot\LeapMotion\LeapSDK\lib\x64;n;C:/Program Files/Java/jre1.8.0_131/lib/amd64;C:\ProgramData\Oracle\Java\javapath;C:\Program Files\Microsoft MPI\Bin\;C:\WINDOWS\system32;C:\WINDOWS;C:\WINDOWS\System32\Wbem;C:\WINDOWS\System32\WindowsPowerShell\v1.0\;C:\Program Files (x86)\Skype\Phone\;C:\Program Files\Microsoft SQL Server\130\Tools\Binn\;C:\Program Files\dotnet\;C:\Program Files (x86)\GtkSharp\2.12\bin;C:\Program Files\MySQL\MySQL Utilities 1.6\;C:\Program Files\Git\cmd;C:\Users\weand\AppData\Local\Microsoft\WindowsApps;C:\Program Files (x86)\Spiceworks\Nmap;;C:\Users\weand\Downloads\eclipse-java-kepler-SR1-win32-x86_64\eclipse;C:/Program Files/Java/jre1.8.0_131/bin/server;C:/Program Files/Java/jre1.8.0_131/bin;C:/Program Files/Java/jre1.8.0_131/lib/amd64;C:\ProgramData\Oracle\Java\javapath;C:\Program Files\Microsoft MPI\Bin\;C:\WINDOWS\system32;C:\WINDOWS;C:\WINDOWS\System32\Wbem;C:\WINDOWS\System32\WindowsPowerShell\v1.0\;C:\Program Files (x86)\Skype\Phone\;C:\Program Files\Microsoft SQL Server\130\Tools\Binn\;C:\Program Files\dotnet\;C:\Program Files (x86)\GtkSharp\2.12\bin;C:\Program Files\MySQL\MySQL Utilities 1.6\;C:\Program Files\Git\cmd;C:\Users\weand\AppData\Local\Microsoft\WindowsApps;C:\Program Files (x86)\Spiceworks\Nmap;;C:\Users\weand\Downloads\eclipse-java-kepler-SR1-win32-x86_64\eclipse;
USERNAME=weand
OS=Windows_NT
PROCESSOR_IDENTIFIER=Intel64 Family 6 Model 78 Stepping 3, GenuineIntel



---------------  S Y S T E M  ---------------

OS: Windows 10.0 , 64 bit Build 16299 (10.0.16299.15)

CPU:total 4 (initial active 4) (2 cores per cpu, 2 threads per core) family 6 model 78 stepping 3, cmov, cx8, fxsr, mmx, sse, sse2, sse3, ssse3, sse4.1, sse4.2, popcnt, avx, avx2, aes, clmul, erms, rtm, 3dnowpref, lzcnt, ht, tsc, tscinvbit, bmi1, bmi2, adx

Memory: 4k page, physical 8311896k(2034172k free), swap 13030488k(4589152k free)

vm_info: Java HotSpot(TM) 64-Bit Server VM (25.131-b11) for windows-amd64 JRE (1.8.0_131-b11), built on Mar 15 2017 01:23:53 by "java_re" with MS VC++ 10.0 (VS2010)

time: Mon Mar 26 09:47:15 2018
elapsed time: 61 seconds (0d 0h 1m 1s)

